[ 2014-09-01T12:55:58+08:00 ] ::1 /gold/
INFO: [ app_init ] --START--
INFO: Run Behavior\BuildLiteBehavior [ RunTime:0.000031s ]
INFO: [ app_init ] --END-- [ RunTime:0.001086s ]
INFO: [ app_begin ] --START--
INFO: Run Behavior\ReadHtmlCacheBehavior [ RunTime:0.002217s ]
INFO: [ app_begin ] --END-- [ RunTime:0.002417s ]
SQL: SHOW COLUMNS FROM `my_category` [ RunTime:0.106874s ]
SQL: SELECT `id`,`title` FROM `my_category` ORDER BY `sort` asc,`id` asc LIMIT 15   [ RunTime:0.000451s ]
SQL: SHOW COLUMNS FROM `my_category` [ RunTime:0.006070s ]
SQL: SELECT * FROM `my_category` WHERE ( `pid` = 0 ) ORDER BY `sort` asc,`id` asc  [ RunTime:0.000644s ]
SQL: SHOW COLUMNS FROM `my_article` [ RunTime:0.066038s ]
SQL: SELECT `id`,`title` FROM `my_article` WHERE ( 1=1 AND category_id='1' ) ORDER BY sort asc,id desc LIMIT 5   [ RunTime:0.000505s ]
SQL: SELECT `id`,`title` FROM `my_article` WHERE ( 1=1 AND category_id='2' ) ORDER BY sort asc,id desc LIMIT 5   [ RunTime:0.000324s ]
SQL: SELECT `id`,`title` FROM `my_article` WHERE ( 1=1 AND category_id='3' ) ORDER BY sort asc,id desc LIMIT 5   [ RunTime:0.000296s ]
SQL: SELECT `id`,`title` FROM `my_article` WHERE ( 1=1 AND category_id='4' ) ORDER BY sort asc,id desc LIMIT 5   [ RunTime:0.000266s ]
SQL: SELECT `id`,`title` FROM `my_article` WHERE ( 1=1 AND category_id='5' ) ORDER BY sort asc,id desc LIMIT 5   [ RunTime:0.000258s ]
SQL: SELECT `id`,`title` FROM `my_article` WHERE ( 1=1 AND category_id='6' ) ORDER BY sort asc,id desc LIMIT 5   [ RunTime:0.000252s ]
SQL: SELECT `id`,`title` FROM `my_article` WHERE ( 1=1 AND category_id='7' ) ORDER BY sort asc,id desc LIMIT 5   [ RunTime:0.000256s ]
SQL: SELECT `id`,`title` FROM `my_article` WHERE ( 1=1 AND category_id='8' ) ORDER BY sort asc,id desc LIMIT 5   [ RunTime:0.000304s ]
SQL: SELECT `id`,`title` FROM `my_article` WHERE ( 1=1 AND category_id='9' ) ORDER BY sort asc,id desc LIMIT 5   [ RunTime:0.000732s ]
SQL: SELECT `id`,`title` FROM `my_article` WHERE ( 1=1 AND category_id='10' ) ORDER BY sort asc,id desc LIMIT 5   [ RunTime:0.000611s ]
SQL: SELECT `id`,`title` FROM `my_article` WHERE ( 1=1 AND category_id='11' ) ORDER BY sort asc,id desc LIMIT 5   [ RunTime:0.000537s ]
SQL: SELECT `id`,`title` FROM `my_article` WHERE ( 1=1 AND category_id='12' ) ORDER BY sort asc,id desc LIMIT 5   [ RunTime:0.000532s ]
SQL: SELECT `id`,`title` FROM `my_article` WHERE ( 1=1 AND category_id='13' ) ORDER BY sort asc,id desc LIMIT 5   [ RunTime:0.000374s ]
SQL: SELECT `id`,`title` FROM `my_article` WHERE ( 1=1 AND category_id='14' ) ORDER BY sort asc,id desc LIMIT 5   [ RunTime:0.000255s ]
SQL: SELECT `id`,`title` FROM `my_article` WHERE ( 1=1 AND category_id='15' ) ORDER BY sort asc,id desc LIMIT 5   [ RunTime:0.000253s ]
INFO: [ view_parse ] --START--
INFO: [ template_filter ] --START--
INFO: Run Behavior\ContentReplaceBehavior [ RunTime:0.000089s ]
INFO: [ template_filter ] --END-- [ RunTime:0.000228s ]
INFO: Run Behavior\ParseTemplateBehavior [ RunTime:0.230310s ]
INFO: [ view_parse ] --END-- [ RunTime:0.230444s ]
INFO: [ view_filter ] --START--
INFO: Run Behavior\WriteHtmlCacheBehavior [ RunTime:0.010058s ]
INFO: [ view_filter ] --END-- [ RunTime:0.010182s ]
INFO: [ app_end ] --START--
INFO: Run Behavior\ShowPageTraceBehavior [ RunTime:0.005883s ]
INFO: [ app_end ] --END-- [ RunTime:0.006243s ]

