[ 2014-05-21T15:25:33+08:00 ] ::1 /library/index.php/Admin/Book/update_pictitle.html
INFO: [ app_begin ] --START--
INFO: Run Behavior\ReadHtmlCacheBehavior [ RunTime:0.000931s ]
INFO: [ app_begin ] --END-- [ RunTime:0.001501s ]

[ 2014-05-21T15:26:38+08:00 ] ::1 /library/index.php/Admin/Book/update_pictitle.html
INFO: [ app_begin ] --START--
INFO: Run Behavior\ReadHtmlCacheBehavior [ RunTime:0.001512s ]
INFO: [ app_begin ] --END-- [ RunTime:0.002497s ]
SQL: SHOW COLUMNS FROM `my_book_attachment` [ RunTime:0.009240s ]
SQL: UPDATE `my_book_attachment` SET `title`='t',`description`='d' WHERE ( `id` = 1 ) [ RunTime:0.068366s ]

[ 2014-05-21T15:31:52+08:00 ] ::1 /library/index.php/Admin/Book/update_pictitle.html
INFO: [ app_begin ] --START--
INFO: Run Behavior\ReadHtmlCacheBehavior [ RunTime:0.000964s ]
INFO: [ app_begin ] --END-- [ RunTime:0.001729s ]
SQL: SHOW COLUMNS FROM `my_book_attachment` [ RunTime:0.009001s ]
SQL: UPDATE `my_book_attachment` SET `title`='520',`description`='樱桃' WHERE ( `id` = 2 ) [ RunTime:0.000559s ]

[ 2014-05-21T15:35:43+08:00 ] ::1 /library/index.php/Admin/Book/update_pictitle.html
INFO: [ app_begin ] --START--
INFO: Run Behavior\ReadHtmlCacheBehavior [ RunTime:0.000931s ]
INFO: [ app_begin ] --END-- [ RunTime:0.001466s ]
SQL: SHOW COLUMNS FROM `my_book_attachment` [ RunTime:0.010585s ]
SQL: UPDATE `my_book_attachment` SET `title`='21标题',`description`='21描述' WHERE ( `id` = 21 ) [ RunTime:0.000635s ]

[ 2014-05-21T15:37:18+08:00 ] ::1 /library/index.php/Admin/Book/update_pictitle.html
INFO: [ app_begin ] --START--
INFO: Run Behavior\ReadHtmlCacheBehavior [ RunTime:0.001272s ]
INFO: [ app_begin ] --END-- [ RunTime:0.002139s ]
SQL: SHOW COLUMNS FROM `my_book_attachment` [ RunTime:0.008975s ]
SQL: UPDATE `my_book_attachment` SET `title`='21标题',`description`='21描述' WHERE ( `id` = 21 ) [ RunTime:0.000498s ]

[ 2014-05-21T15:56:45+08:00 ] ::1 /library/index.php/Admin/Book/update_pictitle.html
INFO: [ app_begin ] --START--
INFO: Run Behavior\ReadHtmlCacheBehavior [ RunTime:0.002740s ]
INFO: [ app_begin ] --END-- [ RunTime:0.003575s ]
SQL: SHOW COLUMNS FROM `my_book_attachment` [ RunTime:0.011548s ]
SQL: UPDATE `my_book_attachment` SET `title`='new',`description`='new' WHERE ( `id` = 22 ) [ RunTime:0.000737s ]

[ 2014-05-21T16:54:32+08:00 ] ::1 /library/index.php/Admin/Book/del_pic.html
INFO: [ app_begin ] --START--
INFO: Run Behavior\ReadHtmlCacheBehavior [ RunTime:0.001274s ]
INFO: [ app_begin ] --END-- [ RunTime:0.001889s ]

[ 2014-05-21T17:04:20+08:00 ] ::1 /library/index.php/Admin/Book/update_pictitle.html
INFO: [ app_begin ] --START--
INFO: Run Behavior\ReadHtmlCacheBehavior [ RunTime:0.000852s ]
INFO: [ app_begin ] --END-- [ RunTime:0.001489s ]
SQL: SHOW COLUMNS FROM `my_book_attachment` [ RunTime:0.008737s ]
SQL: UPDATE `my_book_attachment` SET `title`='标题1',`description`='描述' WHERE ( `id` = 1 ) [ RunTime:0.000548s ]

[ 2014-05-21T17:06:42+08:00 ] ::1 /library/index.php/Admin/Book/del_pic.html
INFO: [ app_begin ] --START--
INFO: Run Behavior\ReadHtmlCacheBehavior [ RunTime:0.000963s ]
INFO: [ app_begin ] --END-- [ RunTime:0.001534s ]
SQL: SHOW COLUMNS FROM `my_book_attachment` [ RunTime:0.010140s ]
SQL: SELECT * FROM `my_book_attachment` WHERE ( `id` = 1 ) LIMIT 1   [ RunTime:0.000508s ]
SQL: DELETE FROM `my_book_attachment` WHERE ( `id` = 1 ) [ RunTime:0.150428s ]
SQL: SHOW COLUMNS FROM `my_attachment` [ RunTime:0.010505s ]
SQL: SELECT * FROM `my_attachment` WHERE ( `id` = 1 ) LIMIT 1   [ RunTime:0.000520s ]
SQL: DELETE FROM `my_attachment` WHERE ( `id` = 1 ) [ RunTime:0.000487s ]

[ 2014-05-21T20:12:07+08:00 ] ::1 /library/index.php/Admin/Book/addName.html
INFO: [ app_begin ] --START--
INFO: Run Behavior\ReadHtmlCacheBehavior [ RunTime:0.000865s ]
INFO: [ app_begin ] --END-- [ RunTime:0.001362s ]
SQL: SHOW COLUMNS FROM `my_book` [ RunTime:0.011192s ]
SQL: INSERT INTO `my_book` (`bookname`,`reg_time`) VALUES ('孟庭苇',1400674326) [ RunTime:0.104323s ]

[ 2014-05-21T20:22:16+08:00 ] ::1 /library/index.php/Admin/Book/addName.html
INFO: [ app_begin ] --START--
INFO: Run Behavior\ReadHtmlCacheBehavior [ RunTime:0.001319s ]
INFO: [ app_begin ] --END-- [ RunTime:0.002004s ]
SQL: SHOW COLUMNS FROM `my_book` [ RunTime:0.008700s ]
SQL: INSERT INTO `my_book` (`bookname`,`reg_time`) VALUES ('周慧敏',1400674936) [ RunTime:0.000648s ]

[ 2014-05-21T22:00:29+08:00 ] ::1 /library/index.php/Admin/Book/update_pictitle.html
INFO: [ app_begin ] --START--
INFO: Run Behavior\ReadHtmlCacheBehavior [ RunTime:0.000839s ]
INFO: [ app_begin ] --END-- [ RunTime:0.001262s ]
SQL: SHOW COLUMNS FROM `my_book_attachment` [ RunTime:0.015690s ]
SQL: UPDATE `my_book_attachment` SET `title`='非洲之行',`description`='慧敏非洲援助贫困小孩' WHERE ( `id` = 1 ) [ RunTime:0.000532s ]

[ 2014-05-21T22:00:56+08:00 ] ::1 /library/index.php/Admin/Book/update_pictitle.html
INFO: [ app_begin ] --START--
INFO: Run Behavior\ReadHtmlCacheBehavior [ RunTime:0.000855s ]
INFO: [ app_begin ] --END-- [ RunTime:0.001507s ]
SQL: SHOW COLUMNS FROM `my_book_attachment` [ RunTime:0.064336s ]
SQL: UPDATE `my_book_attachment` SET `title`='婚纱',`description`='婚纱描述' WHERE ( `id` = 2 ) [ RunTime:0.001344s ]

[ 2014-05-21T22:01:14+08:00 ] ::1 /library/index.php/Admin/Book/update_pictitle.html
INFO: [ app_begin ] --START--
INFO: Run Behavior\ReadHtmlCacheBehavior [ RunTime:0.000823s ]
INFO: [ app_begin ] --END-- [ RunTime:0.001309s ]
SQL: SHOW COLUMNS FROM `my_book_attachment` [ RunTime:0.007581s ]
SQL: UPDATE `my_book_attachment` SET `title`='美丽',`description`='美丽大方' WHERE ( `id` = 3 ) [ RunTime:0.000500s ]

[ 2014-05-21T22:01:43+08:00 ] ::1 /library/index.php/Admin/Book/update_pictitle.html
INFO: [ app_begin ] --START--
INFO: Run Behavior\ReadHtmlCacheBehavior [ RunTime:0.000849s ]
INFO: [ app_begin ] --END-- [ RunTime:0.001304s ]
SQL: SHOW COLUMNS FROM `my_book_attachment` [ RunTime:0.007183s ]
SQL: UPDATE `my_book_attachment` SET `title`='清新',`description`='清新靓丽' WHERE ( `id` = 4 ) [ RunTime:0.000497s ]

[ 2014-05-21T22:02:10+08:00 ] ::1 /library/index.php/Admin/Book/update_pictitle.html
INFO: [ app_begin ] --START--
INFO: Run Behavior\ReadHtmlCacheBehavior [ RunTime:0.000903s ]
INFO: [ app_begin ] --END-- [ RunTime:0.001404s ]
SQL: SHOW COLUMNS FROM `my_book_attachment` [ RunTime:0.007361s ]
SQL: UPDATE `my_book_attachment` SET `title`='大头照',`description`='美丽的大头' WHERE ( `id` = 5 ) [ RunTime:0.000442s ]

[ 2014-05-21T22:02:37+08:00 ] ::1 /library/index.php/Admin/Book/update_pictitle.html
INFO: [ app_begin ] --START--
INFO: Run Behavior\ReadHtmlCacheBehavior [ RunTime:0.000845s ]
INFO: [ app_begin ] --END-- [ RunTime:0.001381s ]
SQL: SHOW COLUMNS FROM `my_book_attachment` [ RunTime:0.007357s ]
SQL: UPDATE `my_book_attachment` SET `title`='颓废',`description`='颓废之美' WHERE ( `id` = 6 ) [ RunTime:0.000475s ]

[ 2014-05-21T22:17:50+08:00 ] ::1 /library/index.php/Admin/Book/update_pictitle.html
INFO: [ app_begin ] --START--
INFO: Run Behavior\ReadHtmlCacheBehavior [ RunTime:0.000794s ]
INFO: [ app_begin ] --END-- [ RunTime:0.001208s ]
SQL: SHOW COLUMNS FROM `my_book_attachment` [ RunTime:0.007467s ]
SQL: UPDATE `my_book_attachment` SET `title`='女神',`description`='女神风采' WHERE ( `id` = 7 ) [ RunTime:0.000567s ]

[ 2014-05-21T22:20:18+08:00 ] ::1 /library/index.php/Admin/Book/update_pictitle.html
INFO: [ app_begin ] --START--
INFO: Run Behavior\ReadHtmlCacheBehavior [ RunTime:0.000813s ]
INFO: [ app_begin ] --END-- [ RunTime:0.001383s ]
SQL: SHOW COLUMNS FROM `my_book_attachment` [ RunTime:0.075843s ]
SQL: UPDATE `my_book_attachment` SET `title`='幸福一家',`description`='祝福女神' WHERE ( `id` = 8 ) [ RunTime:0.000416s ]

[ 2014-05-21T22:20:46+08:00 ] ::1 /library/index.php/Admin/Book/update_pictitle.html
INFO: [ app_begin ] --START--
INFO: Run Behavior\ReadHtmlCacheBehavior [ RunTime:0.000872s ]
INFO: [ app_begin ] --END-- [ RunTime:0.001354s ]
SQL: SHOW COLUMNS FROM `my_book_attachment` [ RunTime:0.008965s ]
SQL: UPDATE `my_book_attachment` SET `title`='综艺',`description`='台湾综艺' WHERE ( `id` = 9 ) [ RunTime:0.000433s ]

[ 2014-05-21T22:21:16+08:00 ] ::1 /library/index.php/Admin/Book/update_pictitle.html
INFO: [ app_begin ] --START--
INFO: Run Behavior\ReadHtmlCacheBehavior [ RunTime:0.000739s ]
INFO: [ app_begin ] --END-- [ RunTime:0.001256s ]
SQL: SHOW COLUMNS FROM `my_book_attachment` [ RunTime:0.007559s ]
SQL: UPDATE `my_book_attachment` SET `title`='日本',`description`='日本访问' WHERE ( `id` = 10 ) [ RunTime:0.001361s ]

[ 2014-05-21T22:21:42+08:00 ] ::1 /library/index.php/Admin/Book/update_pictitle.html
INFO: [ app_begin ] --START--
INFO: Run Behavior\ReadHtmlCacheBehavior [ RunTime:0.000716s ]
INFO: [ app_begin ] --END-- [ RunTime:0.001171s ]
SQL: SHOW COLUMNS FROM `my_book_attachment` [ RunTime:0.007063s ]
SQL: UPDATE `my_book_attachment` SET `title`='吉他',`description`='美女与吉他' WHERE ( `id` = 11 ) [ RunTime:0.000444s ]

[ 2014-05-21T22:22:06+08:00 ] ::1 /library/index.php/Admin/Book/update_pictitle.html
INFO: [ app_begin ] --START--
INFO: Run Behavior\ReadHtmlCacheBehavior [ RunTime:0.001012s ]
INFO: [ app_begin ] --END-- [ RunTime:0.001588s ]
SQL: SHOW COLUMNS FROM `my_book_attachment` [ RunTime:0.008495s ]
SQL: UPDATE `my_book_attachment` SET `title`='现在',`description`='现在的你' WHERE ( `id` = 12 ) [ RunTime:0.000590s ]

[ 2014-05-21T22:22:28+08:00 ] ::1 /library/index.php/Admin/Book/update_pictitle.html
INFO: [ app_begin ] --START--
INFO: Run Behavior\ReadHtmlCacheBehavior [ RunTime:0.000738s ]
INFO: [ app_begin ] --END-- [ RunTime:0.001190s ]
SQL: SHOW COLUMNS FROM `my_book_attachment` [ RunTime:0.007374s ]
SQL: UPDATE `my_book_attachment` SET `title`='亲亲',`description`='亲切' WHERE ( `id` = 13 ) [ RunTime:0.000445s ]

[ 2014-05-21T22:23:09+08:00 ] ::1 /library/index.php/Admin/Book/addName.html
INFO: [ app_begin ] --START--
INFO: Run Behavior\ReadHtmlCacheBehavior [ RunTime:0.000793s ]
INFO: [ app_begin ] --END-- [ RunTime:0.001359s ]
SQL: SHOW COLUMNS FROM `my_book` [ RunTime:0.008068s ]
SQL: INSERT INTO `my_book` (`bookname`,`reg_time`) VALUES ('林逸欣',1400682189) [ RunTime:0.000454s ]

[ 2014-05-21T22:27:13+08:00 ] ::1 /library/index.php/Admin/Attachment/getRemoteImg.html?
ERR: 非法数据对象！:[uploadip=>0.0.0.0]

[ 2014-05-21T22:30:45+08:00 ] ::1 /library/index.php/Admin/Book/addName.html
INFO: [ app_begin ] --START--
INFO: Run Behavior\ReadHtmlCacheBehavior [ RunTime:0.000891s ]
INFO: [ app_begin ] --END-- [ RunTime:0.001616s ]
SQL: SHOW COLUMNS FROM `my_book` [ RunTime:0.047022s ]
SQL: INSERT INTO `my_book` (`bookname`,`reg_time`) VALUES ('汤唯',1400682645) [ RunTime:0.000400s ]

[ 2014-05-21T22:34:10+08:00 ] ::1 /library/index.php/Admin/Book/upload_pic.html
ERR: 没有可以被缩略的图像资源

[ 2014-05-21T22:34:17+08:00 ] ::1 /library/index.php/Admin/Book/upload_pic.html
ERR: 没有可以被缩略的图像资源

[ 2014-05-21T22:43:13+08:00 ] ::1 /library/index.php/home/
ERR: 模板不存在:D:\wamp\www\library/Application/Home/View/Index/index.html

[ 2014-05-21T22:53:20+08:00 ] ::1 /library/index.php/home/
ERR: Think\Model:top方法不存在！

