[ 2014-07-13T15:17:55+08:00 ] ::1 /gold/index.php/admin/
INFO: [ app_init ] --START--
INFO: Run Behavior\BuildLiteBehavior [ RunTime:0.000055s ]
INFO: [ app_init ] --END-- [ RunTime:0.033541s ]
INFO: [ app_begin ] --START--
INFO: Run Behavior\ReadHtmlCacheBehavior [ RunTime:0.026005s ]
INFO: [ app_begin ] --END-- [ RunTime:0.026201s ]
INFO: [ view_parse ] --START--
INFO: [ template_filter ] --START--
INFO: Run Behavior\ContentReplaceBehavior [ RunTime:0.000077s ]
INFO: [ template_filter ] --END-- [ RunTime:0.000203s ]
INFO: Run Behavior\ParseTemplateBehavior [ RunTime:0.181618s ]
INFO: [ view_parse ] --END-- [ RunTime:0.181778s ]
INFO: [ view_filter ] --START--
INFO: Run Behavior\WriteHtmlCacheBehavior [ RunTime:0.010360s ]
INFO: [ view_filter ] --END-- [ RunTime:0.010486s ]

[ 2014-07-13T15:17:58+08:00 ] ::1 /gold/index.php/Admin/Login/index.html
INFO: [ app_init ] --START--
INFO: Run Behavior\BuildLiteBehavior [ RunTime:0.000029s ]
INFO: [ app_init ] --END-- [ RunTime:0.000484s ]
INFO: [ app_begin ] --START--
INFO: Run Behavior\ReadHtmlCacheBehavior [ RunTime:0.000589s ]
INFO: [ app_begin ] --END-- [ RunTime:0.000697s ]
INFO: [ view_parse ] --START--
INFO: [ template_filter ] --START--
INFO: Run Behavior\ContentReplaceBehavior [ RunTime:0.000103s ]
INFO: [ template_filter ] --END-- [ RunTime:0.000226s ]
INFO: Run Behavior\ParseTemplateBehavior [ RunTime:0.030816s ]
INFO: [ view_parse ] --END-- [ RunTime:0.030956s ]
INFO: [ view_filter ] --START--
INFO: Run Behavior\WriteHtmlCacheBehavior [ RunTime:0.000327s ]
INFO: [ view_filter ] --END-- [ RunTime:0.000425s ]
INFO: [ app_end ] --START--
INFO: Run Behavior\ShowPageTraceBehavior [ RunTime:0.014121s ]
INFO: [ app_end ] --END-- [ RunTime:0.014247s ]

[ 2014-07-13T15:17:59+08:00 ] ::1 /gold/index.php/Admin/Login/verify
INFO: [ app_init ] --START--
INFO: Run Behavior\BuildLiteBehavior [ RunTime:0.000041s ]
INFO: [ app_init ] --END-- [ RunTime:0.000705s ]
INFO: [ app_begin ] --START--
INFO: Run Behavior\ReadHtmlCacheBehavior [ RunTime:0.000826s ]
INFO: [ app_begin ] --END-- [ RunTime:0.001021s ]
INFO: [ app_end ] --START--
INFO: Run Behavior\ShowPageTraceBehavior [ RunTime:0.000766s ]
INFO: [ app_end ] --END-- [ RunTime:0.000914s ]

[ 2014-07-13T15:17:59+08:00 ] ::1 /gold/index.php/Admin/Login/verify/0.8124603028983592
INFO: [ app_init ] --START--
INFO: Run Behavior\BuildLiteBehavior [ RunTime:0.000028s ]
INFO: [ app_init ] --END-- [ RunTime:0.000505s ]
INFO: [ app_begin ] --START--
INFO: Run Behavior\ReadHtmlCacheBehavior [ RunTime:0.000794s ]
INFO: [ app_begin ] --END-- [ RunTime:0.000927s ]
INFO: [ app_end ] --START--
INFO: Run Behavior\ShowPageTraceBehavior [ RunTime:0.000902s ]
INFO: [ app_end ] --END-- [ RunTime:0.001037s ]

[ 2014-07-13T15:17:59+08:00 ] ::1 /gold/index.php/Admin/Login/verify/0.29982866459810875
INFO: [ app_init ] --START--
INFO: Run Behavior\BuildLiteBehavior [ RunTime:0.000042s ]
INFO: [ app_init ] --END-- [ RunTime:0.000776s ]
INFO: [ app_begin ] --START--
INFO: Run Behavior\ReadHtmlCacheBehavior [ RunTime:0.001694s ]
INFO: [ app_begin ] --END-- [ RunTime:0.001972s ]
INFO: [ app_end ] --START--
INFO: Run Behavior\ShowPageTraceBehavior [ RunTime:0.000932s ]
INFO: [ app_end ] --END-- [ RunTime:0.001094s ]

[ 2014-07-13T15:18:12+08:00 ] ::1 /gold/index.php/Admin/Login/check.html
INFO: [ app_init ] --START--
INFO: Run Behavior\BuildLiteBehavior [ RunTime:0.000055s ]
INFO: [ app_init ] --END-- [ RunTime:0.002055s ]
INFO: [ app_begin ] --START--
INFO: Run Behavior\ReadHtmlCacheBehavior [ RunTime:0.000949s ]
INFO: [ app_begin ] --END-- [ RunTime:0.001103s ]
SQL: SHOW COLUMNS FROM `my_user` [ RunTime:0.248058s ]
SQL: SELECT `id`,`username`,`password` FROM `my_user` WHERE ( `username` = 'admin' ) LIMIT 1   [ RunTime:0.109704s ]
SQL: UPDATE `my_user` SET `logintime`=1405235891,`loginip`='0.0.0.0' WHERE ( `id` = 1 ) [ RunTime:0.064736s ]

[ 2014-07-13T15:18:12+08:00 ] ::1 /gold/index.php/admin/
INFO: [ app_init ] --START--
INFO: Run Behavior\BuildLiteBehavior [ RunTime:0.000032s ]
INFO: [ app_init ] --END-- [ RunTime:0.000812s ]
INFO: [ app_begin ] --START--
INFO: Run Behavior\ReadHtmlCacheBehavior [ RunTime:0.000793s ]
INFO: [ app_begin ] --END-- [ RunTime:0.000918s ]
INFO: [ view_parse ] --START--
INFO: [ template_filter ] --START--
INFO: Run Behavior\ContentReplaceBehavior [ RunTime:0.000100s ]
INFO: [ template_filter ] --END-- [ RunTime:0.000217s ]
INFO: Run Behavior\ParseTemplateBehavior [ RunTime:0.044675s ]
INFO: [ view_parse ] --END-- [ RunTime:0.044850s ]
INFO: [ view_filter ] --START--
INFO: Run Behavior\WriteHtmlCacheBehavior [ RunTime:0.000436s ]
INFO: [ view_filter ] --END-- [ RunTime:0.000534s ]
INFO: [ app_end ] --START--
INFO: Run Behavior\ShowPageTraceBehavior [ RunTime:0.000623s ]
INFO: [ app_end ] --END-- [ RunTime:0.000723s ]

[ 2014-07-13T15:18:15+08:00 ] ::1 /gold/index.php/Admin/Article/index.html
INFO: [ app_init ] --START--
INFO: Run Behavior\BuildLiteBehavior [ RunTime:0.000030s ]
INFO: [ app_init ] --END-- [ RunTime:0.000491s ]
INFO: [ app_begin ] --START--
INFO: Run Behavior\ReadHtmlCacheBehavior [ RunTime:0.000650s ]
INFO: [ app_begin ] --END-- [ RunTime:0.000774s ]
SQL: SHOW COLUMNS FROM `my_article` [ RunTime:0.104014s ]
SQL: SELECT COUNT(*) AS tp_count FROM `my_article` LIMIT 1   [ RunTime:0.050457s ]
SQL: SELECT `id`,`title`,`create_time`,`del`,`click`,`category_id`,`sort`,`top` FROM `my_article` ORDER BY `top` desc,`id` desc LIMIT 0,10   [ RunTime:0.010558s ]
SQL: SHOW COLUMNS FROM `my_category` [ RunTime:0.056383s ]
SQL: SELECT `id`,`title` FROM `my_category` WHERE ( 1=1 AND id='1' ) LIMIT 1   [ RunTime:0.018300s ]
SQL: SELECT `id`,`title` FROM `my_category` WHERE ( 1=1 AND id='1' ) LIMIT 1   [ RunTime:0.000449s ]
SQL: SELECT `id`,`title` FROM `my_category` WHERE ( 1=1 AND id='1' ) LIMIT 1   [ RunTime:0.000390s ]
SQL: SELECT `id`,`title` FROM `my_category` WHERE ( 1=1 AND id='1' ) LIMIT 1   [ RunTime:0.000344s ]
SQL: SELECT `id`,`title` FROM `my_category` WHERE ( 1=1 AND id='1' ) LIMIT 1   [ RunTime:0.000364s ]
SQL: SELECT `id`,`title` FROM `my_category` WHERE ( 1=1 AND id='1' ) LIMIT 1   [ RunTime:0.000389s ]
SQL: SELECT `id`,`title` FROM `my_category` WHERE ( 1=1 AND id='1' ) LIMIT 1   [ RunTime:0.000617s ]
SQL: SELECT `id`,`title` FROM `my_category` WHERE ( 1=1 AND id='1' ) LIMIT 1   [ RunTime:0.000453s ]
NOTIC: [8] Undefined offset: 3 D:\wamp\www\gold\Application\Class\Category.class.php 第 38 行.
SQL: SELECT * FROM `my_category` ORDER BY `sort` asc,`id` asc  [ RunTime:0.000859s ]
INFO: [ view_parse ] --START--
INFO: [ template_filter ] --START--
INFO: Run Behavior\ContentReplaceBehavior [ RunTime:0.000135s ]
INFO: [ template_filter ] --END-- [ RunTime:0.000253s ]
INFO: Run Behavior\ParseTemplateBehavior [ RunTime:0.073911s ]
INFO: [ view_parse ] --END-- [ RunTime:0.074070s ]
INFO: [ view_filter ] --START--
INFO: Run Behavior\WriteHtmlCacheBehavior [ RunTime:0.000564s ]
INFO: [ view_filter ] --END-- [ RunTime:0.000665s ]
INFO: [ app_end ] --START--
INFO: Run Behavior\ShowPageTraceBehavior [ RunTime:0.000623s ]
INFO: [ app_end ] --END-- [ RunTime:0.000728s ]

[ 2014-07-13T15:18:20+08:00 ] ::1 /gold/index.php/Admin/Article/edit/id/11.html
INFO: [ app_init ] --START--
INFO: Run Behavior\BuildLiteBehavior [ RunTime:0.000029s ]
INFO: [ app_init ] --END-- [ RunTime:0.000522s ]
INFO: [ app_begin ] --START--
INFO: Run Behavior\ReadHtmlCacheBehavior [ RunTime:0.000680s ]
INFO: [ app_begin ] --END-- [ RunTime:0.000847s ]
SQL: SHOW COLUMNS FROM `my_category` [ RunTime:0.007158s ]
NOTIC: [8] Undefined offset: 3 D:\wamp\www\gold\Application\Class\Category.class.php 第 38 行.
SQL: SELECT * FROM `my_category` ORDER BY `sort` asc,`id` asc  [ RunTime:0.000526s ]
SQL: SHOW COLUMNS FROM `my_article` [ RunTime:0.006679s ]
SQL: SELECT * FROM `my_article` WHERE ( `id` = 11 ) LIMIT 1   [ RunTime:0.000420s ]
INFO: [ view_parse ] --START--
INFO: [ template_filter ] --START--
INFO: Run Behavior\ContentReplaceBehavior [ RunTime:0.000176s ]
INFO: [ template_filter ] --END-- [ RunTime:0.000291s ]
INFO: Run Behavior\ParseTemplateBehavior [ RunTime:0.085892s ]
INFO: [ view_parse ] --END-- [ RunTime:0.086047s ]
INFO: [ view_filter ] --START--
INFO: Run Behavior\WriteHtmlCacheBehavior [ RunTime:0.000522s ]
INFO: [ view_filter ] --END-- [ RunTime:0.000619s ]
INFO: [ app_end ] --START--
INFO: Run Behavior\ShowPageTraceBehavior [ RunTime:0.000649s ]
INFO: [ app_end ] --END-- [ RunTime:0.000752s ]

[ 2014-07-13T15:18:20+08:00 ] ::1 /gold/index.php/Admin/Ueditor/Index.html?action=config&&noCache=1405235900787
INFO: [ app_init ] --START--
INFO: Run Behavior\BuildLiteBehavior [ RunTime:0.000030s ]
INFO: [ app_init ] --END-- [ RunTime:0.000498s ]
INFO: [ app_begin ] --START--
INFO: Run Behavior\ReadHtmlCacheBehavior [ RunTime:0.000624s ]
INFO: [ app_begin ] --END-- [ RunTime:0.000740s ]
NOTIC: [8] Undefined index: module D:\wamp\www\gold\Application\Admin\Controller\UeditorController.class.php 第 68 行.
NOTIC: [8] Undefined index: controller D:\wamp\www\gold\Application\Admin\Controller\UeditorController.class.php 第 69 行.
NOTIC: [8] Undefined index: actionname D:\wamp\www\gold\Application\Admin\Controller\UeditorController.class.php 第 70 行.
INFO: [ app_end ] --START--
INFO: Run Behavior\ShowPageTraceBehavior [ RunTime:0.000762s ]
INFO: [ app_end ] --END-- [ RunTime:0.000902s ]

[ 2014-07-13T15:19:46+08:00 ] ::1 /gold/index.php/Admin/Article/edit/id/11.html
INFO: [ app_init ] --START--
INFO: Run Behavior\BuildLiteBehavior [ RunTime:0.000028s ]
INFO: [ app_init ] --END-- [ RunTime:0.000621s ]
INFO: [ app_begin ] --START--
INFO: Run Behavior\ReadHtmlCacheBehavior [ RunTime:0.000812s ]
INFO: [ app_begin ] --END-- [ RunTime:0.000927s ]
SQL: SHOW COLUMNS FROM `my_category` [ RunTime:0.009732s ]
NOTIC: [8] Undefined offset: 3 D:\wamp\www\gold\Application\Class\Category.class.php 第 38 行.
SQL: SELECT * FROM `my_category` ORDER BY `sort` asc,`id` asc  [ RunTime:0.000650s ]
SQL: SHOW COLUMNS FROM `my_article` [ RunTime:0.007232s ]
SQL: SELECT * FROM `my_article` WHERE ( `id` = 11 ) LIMIT 1   [ RunTime:0.000332s ]
INFO: [ view_parse ] --START--
INFO: [ template_filter ] --START--
INFO: Run Behavior\ContentReplaceBehavior [ RunTime:0.000170s ]
INFO: [ template_filter ] --END-- [ RunTime:0.000286s ]
INFO: Run Behavior\ParseTemplateBehavior [ RunTime:0.036477s ]
INFO: [ view_parse ] --END-- [ RunTime:0.036610s ]
INFO: [ view_filter ] --START--
INFO: Run Behavior\WriteHtmlCacheBehavior [ RunTime:0.000496s ]
INFO: [ view_filter ] --END-- [ RunTime:0.000594s ]
INFO: [ app_end ] --START--
INFO: Run Behavior\ShowPageTraceBehavior [ RunTime:0.000730s ]
INFO: [ app_end ] --END-- [ RunTime:0.000853s ]

[ 2014-07-13T15:19:46+08:00 ] ::1 /gold/index.php/Admin/Ueditor/Index.html?action=config&&noCache=1405235986754
INFO: [ app_init ] --START--
INFO: Run Behavior\BuildLiteBehavior [ RunTime:0.000029s ]
INFO: [ app_init ] --END-- [ RunTime:0.000483s ]
INFO: [ app_begin ] --START--
INFO: Run Behavior\ReadHtmlCacheBehavior [ RunTime:0.000660s ]
INFO: [ app_begin ] --END-- [ RunTime:0.000783s ]
NOTIC: [8] Undefined index: module D:\wamp\www\gold\Application\Admin\Controller\UeditorController.class.php 第 68 行.
NOTIC: [8] Undefined index: controller D:\wamp\www\gold\Application\Admin\Controller\UeditorController.class.php 第 69 行.
NOTIC: [8] Undefined index: actionname D:\wamp\www\gold\Application\Admin\Controller\UeditorController.class.php 第 70 行.
INFO: [ app_end ] --START--
INFO: Run Behavior\ShowPageTraceBehavior [ RunTime:0.000635s ]
INFO: [ app_end ] --END-- [ RunTime:0.000756s ]

[ 2014-07-13T15:20:23+08:00 ] ::1 /gold/index.php/Admin/Article/update.html
INFO: [ app_init ] --START--
INFO: Run Behavior\BuildLiteBehavior [ RunTime:0.000029s ]
INFO: [ app_init ] --END-- [ RunTime:0.000551s ]
INFO: [ app_begin ] --START--
INFO: Run Behavior\ReadHtmlCacheBehavior [ RunTime:0.001012s ]
INFO: [ app_begin ] --END-- [ RunTime:0.001172s ]
SQL: SHOW COLUMNS FROM `my_article` [ RunTime:0.007533s ]
SQL: UPDATE `my_article` SET `title`='人造和田玉籽料的鉴别方法  ',`category_id`=1,`sort`=100,`content`='<p>abc<strong>de</strong>fg<br/></p>',`create_time`=1405236023,`top`=0 WHERE ( `id` = 11 ) [ RunTime:0.025835s ]
NOTIC: [2048] Declaration of Common\Model\AttachmentRelationModel::add() should be compatible with Think\Model::add($data = '', $options = Array, $replace = false) D:\wamp\www\gold\Application\Common\Model\AttachmentRelationModel.class.php 第 35 行.
NOTIC: [2048] Declaration of Common\Model\AttachmentRelationModel::delete() should be compatible with Think\Model::delete($options = Array) D:\wamp\www\gold\Application\Common\Model\AttachmentRelationModel.class.php 第 35 行.
SQL: SHOW COLUMNS FROM `my_attachment` [ RunTime:0.094631s ]
SQL: SHOW COLUMNS FROM `my_article_attachment` [ RunTime:0.068442s ]
SQL: SELECT `attachment_id` FROM `my_article_attachment` WHERE ( `article_id` = 1 )  [ RunTime:0.000335s ]
INFO: [ view_parse ] --START--
INFO: [ template_filter ] --START--
INFO: Run Behavior\ContentReplaceBehavior [ RunTime:0.000080s ]
INFO: [ template_filter ] --END-- [ RunTime:0.000199s ]
INFO: Run Behavior\ParseTemplateBehavior [ RunTime:0.015733s ]
INFO: [ view_parse ] --END-- [ RunTime:0.015880s ]
INFO: [ view_filter ] --START--
INFO: Run Behavior\WriteHtmlCacheBehavior [ RunTime:0.000504s ]
INFO: [ view_filter ] --END-- [ RunTime:0.000611s ]
INFO: [ app_end ] --START--
INFO: Run Behavior\ShowPageTraceBehavior [ RunTime:0.000850s ]
INFO: [ app_end ] --END-- [ RunTime:0.000962s ]

[ 2014-07-13T15:20:24+08:00 ] ::1 /gold/index.php/Admin/Article/index.html
INFO: [ app_init ] --START--
INFO: Run Behavior\BuildLiteBehavior [ RunTime:0.000060s ]
INFO: [ app_init ] --END-- [ RunTime:0.000972s ]
INFO: [ app_begin ] --START--
INFO: Run Behavior\ReadHtmlCacheBehavior [ RunTime:0.001465s ]
INFO: [ app_begin ] --END-- [ RunTime:0.001734s ]
SQL: SHOW COLUMNS FROM `my_article` [ RunTime:0.008644s ]
SQL: SELECT COUNT(*) AS tp_count FROM `my_article` LIMIT 1   [ RunTime:0.000302s ]
SQL: SELECT `id`,`title`,`create_time`,`del`,`click`,`category_id`,`sort`,`top` FROM `my_article` ORDER BY `top` desc,`id` desc LIMIT 0,10   [ RunTime:0.080868s ]
SQL: SHOW COLUMNS FROM `my_category` [ RunTime:0.007597s ]
SQL: SELECT `id`,`title` FROM `my_category` WHERE ( 1=1 AND id='1' ) LIMIT 1   [ RunTime:0.000395s ]
SQL: SELECT `id`,`title` FROM `my_category` WHERE ( 1=1 AND id='1' ) LIMIT 1   [ RunTime:0.000304s ]
SQL: SELECT `id`,`title` FROM `my_category` WHERE ( 1=1 AND id='1' ) LIMIT 1   [ RunTime:0.000258s ]
SQL: SELECT `id`,`title` FROM `my_category` WHERE ( 1=1 AND id='1' ) LIMIT 1   [ RunTime:0.000217s ]
SQL: SELECT `id`,`title` FROM `my_category` WHERE ( 1=1 AND id='1' ) LIMIT 1   [ RunTime:0.000216s ]
SQL: SELECT `id`,`title` FROM `my_category` WHERE ( 1=1 AND id='1' ) LIMIT 1   [ RunTime:0.000228s ]
SQL: SELECT `id`,`title` FROM `my_category` WHERE ( 1=1 AND id='1' ) LIMIT 1   [ RunTime:0.000213s ]
SQL: SELECT `id`,`title` FROM `my_category` WHERE ( 1=1 AND id='1' ) LIMIT 1   [ RunTime:0.000224s ]
NOTIC: [8] Undefined offset: 3 D:\wamp\www\gold\Application\Class\Category.class.php 第 38 行.
SQL: SELECT * FROM `my_category` ORDER BY `sort` asc,`id` asc  [ RunTime:0.000384s ]
INFO: [ view_parse ] --START--
INFO: [ template_filter ] --START--
INFO: Run Behavior\ContentReplaceBehavior [ RunTime:0.000193s ]
INFO: [ template_filter ] --END-- [ RunTime:0.000380s ]
INFO: Run Behavior\ParseTemplateBehavior [ RunTime:0.028329s ]
INFO: [ view_parse ] --END-- [ RunTime:0.028451s ]
INFO: [ view_filter ] --START--
INFO: Run Behavior\WriteHtmlCacheBehavior [ RunTime:0.000360s ]
INFO: [ view_filter ] --END-- [ RunTime:0.000460s ]
INFO: [ app_end ] --START--
INFO: Run Behavior\ShowPageTraceBehavior [ RunTime:0.000591s ]
INFO: [ app_end ] --END-- [ RunTime:0.000694s ]

[ 2014-07-13T15:20:27+08:00 ] ::1 /gold/index.php/Admin/Article/edit/id/11.html
INFO: [ app_init ] --START--
INFO: Run Behavior\BuildLiteBehavior [ RunTime:0.000051s ]
INFO: [ app_init ] --END-- [ RunTime:0.000676s ]
INFO: [ app_begin ] --START--
INFO: Run Behavior\ReadHtmlCacheBehavior [ RunTime:0.000869s ]
INFO: [ app_begin ] --END-- [ RunTime:0.001041s ]
SQL: SHOW COLUMNS FROM `my_category` [ RunTime:0.007542s ]
NOTIC: [8] Undefined offset: 3 D:\wamp\www\gold\Application\Class\Category.class.php 第 38 行.
SQL: SELECT * FROM `my_category` ORDER BY `sort` asc,`id` asc  [ RunTime:0.000550s ]
SQL: SHOW COLUMNS FROM `my_article` [ RunTime:0.006895s ]
SQL: SELECT * FROM `my_article` WHERE ( `id` = 11 ) LIMIT 1   [ RunTime:0.000442s ]
INFO: [ view_parse ] --START--
INFO: [ template_filter ] --START--
INFO: Run Behavior\ContentReplaceBehavior [ RunTime:0.000170s ]
INFO: [ template_filter ] --END-- [ RunTime:0.000283s ]
INFO: Run Behavior\ParseTemplateBehavior [ RunTime:0.034251s ]
INFO: [ view_parse ] --END-- [ RunTime:0.034459s ]
INFO: [ view_filter ] --START--
INFO: Run Behavior\WriteHtmlCacheBehavior [ RunTime:0.000463s ]
INFO: [ view_filter ] --END-- [ RunTime:0.000589s ]
INFO: [ app_end ] --START--
INFO: Run Behavior\ShowPageTraceBehavior [ RunTime:0.000607s ]
INFO: [ app_end ] --END-- [ RunTime:0.000705s ]

[ 2014-07-13T15:20:27+08:00 ] ::1 /gold/index.php/Admin/Ueditor/Index.html?action=config&&noCache=1405236027549
INFO: [ app_init ] --START--
INFO: Run Behavior\BuildLiteBehavior [ RunTime:0.000050s ]
INFO: [ app_init ] --END-- [ RunTime:0.000604s ]
INFO: [ app_begin ] --START--
INFO: Run Behavior\ReadHtmlCacheBehavior [ RunTime:0.000940s ]
INFO: [ app_begin ] --END-- [ RunTime:0.001137s ]
NOTIC: [8] Undefined index: module D:\wamp\www\gold\Application\Admin\Controller\UeditorController.class.php 第 68 行.
NOTIC: [8] Undefined index: controller D:\wamp\www\gold\Application\Admin\Controller\UeditorController.class.php 第 69 行.
NOTIC: [8] Undefined index: actionname D:\wamp\www\gold\Application\Admin\Controller\UeditorController.class.php 第 70 行.
INFO: [ app_end ] --START--
INFO: Run Behavior\ShowPageTraceBehavior [ RunTime:0.000890s ]
INFO: [ app_end ] --END-- [ RunTime:0.001051s ]

[ 2014-07-13T15:20:41+08:00 ] ::1 /gold/index.php/Admin/Article/edit/id/11.html
INFO: [ app_init ] --START--
INFO: Run Behavior\BuildLiteBehavior [ RunTime:0.000029s ]
INFO: [ app_init ] --END-- [ RunTime:0.000599s ]
INFO: [ app_begin ] --START--
INFO: Run Behavior\ReadHtmlCacheBehavior [ RunTime:0.000906s ]
INFO: [ app_begin ] --END-- [ RunTime:0.001200s ]
SQL: SHOW COLUMNS FROM `my_category` [ RunTime:0.010666s ]
NOTIC: [8] Undefined offset: 3 D:\wamp\www\gold\Application\Class\Category.class.php 第 38 行.
SQL: SELECT * FROM `my_category` ORDER BY `sort` asc,`id` asc  [ RunTime:0.000474s ]
SQL: SHOW COLUMNS FROM `my_article` [ RunTime:0.006226s ]
SQL: SELECT * FROM `my_article` WHERE ( `id` = 11 ) LIMIT 1   [ RunTime:0.000370s ]
INFO: [ view_parse ] --START--
INFO: [ template_filter ] --START--
INFO: Run Behavior\ContentReplaceBehavior [ RunTime:0.000233s ]
INFO: [ template_filter ] --END-- [ RunTime:0.000381s ]
INFO: Run Behavior\ParseTemplateBehavior [ RunTime:0.037537s ]
INFO: [ view_parse ] --END-- [ RunTime:0.037681s ]
INFO: [ view_filter ] --START--
INFO: Run Behavior\WriteHtmlCacheBehavior [ RunTime:0.000358s ]
INFO: [ view_filter ] --END-- [ RunTime:0.000452s ]
INFO: [ app_end ] --START--
INFO: Run Behavior\ShowPageTraceBehavior [ RunTime:0.000572s ]
INFO: [ app_end ] --END-- [ RunTime:0.000675s ]

[ 2014-07-13T15:20:41+08:00 ] ::1 /gold/index.php/Admin/Ueditor/Index.html?action=config&&noCache=1405236041660
INFO: [ app_init ] --START--
INFO: Run Behavior\BuildLiteBehavior [ RunTime:0.000035s ]
INFO: [ app_init ] --END-- [ RunTime:0.000935s ]
INFO: [ app_begin ] --START--
INFO: Run Behavior\ReadHtmlCacheBehavior [ RunTime:0.000691s ]
INFO: [ app_begin ] --END-- [ RunTime:0.000818s ]
NOTIC: [8] Undefined index: module D:\wamp\www\gold\Application\Admin\Controller\UeditorController.class.php 第 68 行.
NOTIC: [8] Undefined index: controller D:\wamp\www\gold\Application\Admin\Controller\UeditorController.class.php 第 69 行.
NOTIC: [8] Undefined index: actionname D:\wamp\www\gold\Application\Admin\Controller\UeditorController.class.php 第 70 行.
INFO: [ app_end ] --START--
INFO: Run Behavior\ShowPageTraceBehavior [ RunTime:0.000655s ]
INFO: [ app_end ] --END-- [ RunTime:0.000776s ]

