[ 2014-10-31T13:24:46+08:00 ] ::1 /gold/
INFO: [ app_init ] --START--
INFO: Run Behavior\BuildLiteBehavior [ RunTime:0.000035s ]
INFO: [ app_init ] --END-- [ RunTime:0.058750s ]
INFO: [ app_begin ] --START--
INFO: Run Behavior\ReadHtmlCacheBehavior [ RunTime:0.019770s ]
INFO: [ app_begin ] --END-- [ RunTime:0.019960s ]
SQL: SHOW COLUMNS FROM `my_category` [ RunTime:0.205659s ]
SQL: SELECT `id`,`title` FROM `my_category` ORDER BY `sort` asc,`id` asc LIMIT 15   [ RunTime:0.043397s ]
SQL: SHOW COLUMNS FROM `my_category` [ RunTime:0.009350s ]
SQL: SELECT * FROM `my_category` WHERE ( `pid` = 0 ) ORDER BY `sort` asc,`id` asc  [ RunTime:0.014804s ]
SQL: SHOW COLUMNS FROM `my_article` [ RunTime:0.077165s ]
SQL: SELECT `id`,`title` FROM `my_article` WHERE ( 1=1 AND category_id='1' ) ORDER BY sort asc,id desc LIMIT 5   [ RunTime:0.063158s ]
SQL: SELECT `id`,`title` FROM `my_article` WHERE ( 1=1 AND category_id='2' ) ORDER BY sort asc,id desc LIMIT 5   [ RunTime:0.000568s ]
SQL: SELECT `id`,`title` FROM `my_article` WHERE ( 1=1 AND category_id='3' ) ORDER BY sort asc,id desc LIMIT 5   [ RunTime:0.000729s ]
SQL: SELECT `id`,`title` FROM `my_article` WHERE ( 1=1 AND category_id='4' ) ORDER BY sort asc,id desc LIMIT 5   [ RunTime:0.000583s ]
SQL: SELECT `id`,`title` FROM `my_article` WHERE ( 1=1 AND category_id='5' ) ORDER BY sort asc,id desc LIMIT 5   [ RunTime:0.000441s ]
SQL: SELECT `id`,`title` FROM `my_article` WHERE ( 1=1 AND category_id='6' ) ORDER BY sort asc,id desc LIMIT 5   [ RunTime:0.000394s ]
SQL: SELECT `id`,`title` FROM `my_article` WHERE ( 1=1 AND category_id='7' ) ORDER BY sort asc,id desc LIMIT 5   [ RunTime:0.000308s ]
SQL: SELECT `id`,`title` FROM `my_article` WHERE ( 1=1 AND category_id='8' ) ORDER BY sort asc,id desc LIMIT 5   [ RunTime:0.000303s ]
SQL: SELECT `id`,`title` FROM `my_article` WHERE ( 1=1 AND category_id='9' ) ORDER BY sort asc,id desc LIMIT 5   [ RunTime:0.000298s ]
SQL: SELECT `id`,`title` FROM `my_article` WHERE ( 1=1 AND category_id='10' ) ORDER BY sort asc,id desc LIMIT 5   [ RunTime:0.000280s ]
SQL: SELECT `id`,`title` FROM `my_article` WHERE ( 1=1 AND category_id='11' ) ORDER BY sort asc,id desc LIMIT 5   [ RunTime:0.000241s ]
SQL: SELECT `id`,`title` FROM `my_article` WHERE ( 1=1 AND category_id='12' ) ORDER BY sort asc,id desc LIMIT 5   [ RunTime:0.000218s ]
SQL: SELECT `id`,`title` FROM `my_article` WHERE ( 1=1 AND category_id='13' ) ORDER BY sort asc,id desc LIMIT 5   [ RunTime:0.000273s ]
SQL: SELECT `id`,`title` FROM `my_article` WHERE ( 1=1 AND category_id='14' ) ORDER BY sort asc,id desc LIMIT 5   [ RunTime:0.000251s ]
SQL: SELECT `id`,`title` FROM `my_article` WHERE ( 1=1 AND category_id='15' ) ORDER BY sort asc,id desc LIMIT 5   [ RunTime:0.000226s ]
INFO: [ view_parse ] --START--
INFO: [ template_filter ] --START--
INFO: Run Behavior\ContentReplaceBehavior [ RunTime:0.000145s ]
INFO: [ template_filter ] --END-- [ RunTime:0.000363s ]
INFO: Run Behavior\ParseTemplateBehavior [ RunTime:0.354076s ]
INFO: [ view_parse ] --END-- [ RunTime:0.354279s ]
INFO: [ view_filter ] --START--
INFO: Run Behavior\WriteHtmlCacheBehavior [ RunTime:0.027887s ]
INFO: [ view_filter ] --END-- [ RunTime:0.028037s ]
INFO: [ app_end ] --START--
INFO: Run Behavior\ShowPageTraceBehavior [ RunTime:0.017463s ]
INFO: [ app_end ] --END-- [ RunTime:0.017588s ]

[ 2014-10-31T13:25:01+08:00 ] ::1 /gold/index.php/admin/login
INFO: [ app_init ] --START--
INFO: Run Behavior\BuildLiteBehavior [ RunTime:0.000030s ]
INFO: [ app_init ] --END-- [ RunTime:0.000562s ]
INFO: [ app_begin ] --START--
INFO: Run Behavior\ReadHtmlCacheBehavior [ RunTime:0.000996s ]
INFO: [ app_begin ] --END-- [ RunTime:0.001151s ]
INFO: [ view_parse ] --START--
INFO: [ template_filter ] --START--
INFO: Run Behavior\ContentReplaceBehavior [ RunTime:0.000170s ]
INFO: [ template_filter ] --END-- [ RunTime:0.000444s ]
INFO: Run Behavior\ParseTemplateBehavior [ RunTime:0.100116s ]
INFO: [ view_parse ] --END-- [ RunTime:0.100292s ]
INFO: [ view_filter ] --START--
INFO: Run Behavior\WriteHtmlCacheBehavior [ RunTime:0.000474s ]
INFO: [ view_filter ] --END-- [ RunTime:0.000583s ]
INFO: [ app_end ] --START--
INFO: Run Behavior\ShowPageTraceBehavior [ RunTime:0.001110s ]
INFO: [ app_end ] --END-- [ RunTime:0.001292s ]

[ 2014-10-31T13:25:01+08:00 ] ::1 /gold/index.php/Admin/Login/verify
INFO: [ app_init ] --START--
INFO: Run Behavior\BuildLiteBehavior [ RunTime:0.000027s ]
INFO: [ app_init ] --END-- [ RunTime:0.000452s ]
INFO: [ app_begin ] --START--
INFO: Run Behavior\ReadHtmlCacheBehavior [ RunTime:0.000625s ]
INFO: [ app_begin ] --END-- [ RunTime:0.000739s ]
INFO: [ app_end ] --START--
INFO: Run Behavior\ShowPageTraceBehavior [ RunTime:0.001324s ]
INFO: [ app_end ] --END-- [ RunTime:0.001549s ]

[ 2014-10-31T13:25:01+08:00 ] ::1 /gold/index.php/Admin/Login/verify/0.9607838007347147
INFO: [ app_init ] --START--
INFO: Run Behavior\BuildLiteBehavior [ RunTime:0.000061s ]
INFO: [ app_init ] --END-- [ RunTime:0.000909s ]
INFO: [ app_begin ] --START--
INFO: Run Behavior\ReadHtmlCacheBehavior [ RunTime:0.001427s ]
INFO: [ app_begin ] --END-- [ RunTime:0.001681s ]
INFO: [ app_end ] --START--
INFO: Run Behavior\ShowPageTraceBehavior [ RunTime:0.000819s ]
INFO: [ app_end ] --END-- [ RunTime:0.000946s ]

[ 2014-10-31T13:25:01+08:00 ] ::1 /gold/index.php/Admin/Login/verify/0.6887516557309972
INFO: [ app_init ] --START--
INFO: Run Behavior\BuildLiteBehavior [ RunTime:0.000033s ]
INFO: [ app_init ] --END-- [ RunTime:0.000619s ]
INFO: [ app_begin ] --START--
INFO: Run Behavior\ReadHtmlCacheBehavior [ RunTime:0.000910s ]
INFO: [ app_begin ] --END-- [ RunTime:0.001090s ]
INFO: [ app_end ] --START--
INFO: Run Behavior\ShowPageTraceBehavior [ RunTime:0.000806s ]
INFO: [ app_end ] --END-- [ RunTime:0.000935s ]

[ 2014-10-31T13:25:31+08:00 ] ::1 /gold/index.php/Admin/Login/check.html
INFO: [ app_init ] --START--
INFO: Run Behavior\BuildLiteBehavior [ RunTime:0.000069s ]
INFO: [ app_init ] --END-- [ RunTime:0.000956s ]
INFO: [ app_begin ] --START--
INFO: Run Behavior\ReadHtmlCacheBehavior [ RunTime:0.000733s ]
INFO: [ app_begin ] --END-- [ RunTime:0.000871s ]
SQL: SHOW COLUMNS FROM `my_user` [ RunTime:0.081670s ]
SQL: SELECT `id`,`username`,`password` FROM `my_user` WHERE ( `username` = 'admin' ) LIMIT 1   [ RunTime:0.000409s ]
INFO: [ view_parse ] --START--
INFO: [ template_filter ] --START--
INFO: Run Behavior\ContentReplaceBehavior [ RunTime:0.000078s ]
INFO: [ template_filter ] --END-- [ RunTime:0.000202s ]
INFO: Run Behavior\ParseTemplateBehavior [ RunTime:0.047458s ]
INFO: [ view_parse ] --END-- [ RunTime:0.047625s ]
INFO: [ view_filter ] --START--
INFO: Run Behavior\WriteHtmlCacheBehavior [ RunTime:0.000373s ]
INFO: [ view_filter ] --END-- [ RunTime:0.000478s ]

[ 2014-10-31T13:25:33+08:00 ] ::1 /gold/index.php/Admin/Login/verify/0.787763724232573
INFO: [ app_init ] --START--
INFO: Run Behavior\BuildLiteBehavior [ RunTime:0.000039s ]
INFO: [ app_init ] --END-- [ RunTime:0.000866s ]
INFO: [ app_begin ] --START--
INFO: Run Behavior\ReadHtmlCacheBehavior [ RunTime:0.000838s ]
INFO: [ app_begin ] --END-- [ RunTime:0.001034s ]
INFO: [ app_end ] --START--
INFO: Run Behavior\ShowPageTraceBehavior [ RunTime:0.000737s ]
INFO: [ app_end ] --END-- [ RunTime:0.000877s ]

[ 2014-10-31T13:25:39+08:00 ] ::1 /gold/index.php/Admin/Login/check.html
INFO: [ app_init ] --START--
INFO: Run Behavior\BuildLiteBehavior [ RunTime:0.000032s ]
INFO: [ app_init ] --END-- [ RunTime:0.000688s ]
INFO: [ app_begin ] --START--
INFO: Run Behavior\ReadHtmlCacheBehavior [ RunTime:0.000776s ]
INFO: [ app_begin ] --END-- [ RunTime:0.000925s ]
SQL: SHOW COLUMNS FROM `my_user` [ RunTime:0.016682s ]
SQL: SELECT `id`,`username`,`password` FROM `my_user` WHERE ( `username` = 'admin' ) LIMIT 1   [ RunTime:0.000439s ]
SQL: UPDATE `my_user` SET `logintime`=1414733139,`loginip`='0.0.0.0' WHERE ( `id` = 1 ) [ RunTime:0.069663s ]

[ 2014-10-31T13:25:39+08:00 ] ::1 /gold/index.php/Admin/Index/index.html
INFO: [ app_init ] --START--
INFO: Run Behavior\BuildLiteBehavior [ RunTime:0.000027s ]
INFO: [ app_init ] --END-- [ RunTime:0.000452s ]
INFO: [ app_begin ] --START--
INFO: Run Behavior\ReadHtmlCacheBehavior [ RunTime:0.000919s ]
INFO: [ app_begin ] --END-- [ RunTime:0.001055s ]
INFO: [ view_parse ] --START--
INFO: [ template_filter ] --START--
INFO: Run Behavior\ContentReplaceBehavior [ RunTime:0.000101s ]
INFO: [ template_filter ] --END-- [ RunTime:0.000220s ]
INFO: Run Behavior\ParseTemplateBehavior [ RunTime:0.062380s ]
INFO: [ view_parse ] --END-- [ RunTime:0.062525s ]
INFO: [ view_filter ] --START--
INFO: Run Behavior\WriteHtmlCacheBehavior [ RunTime:0.000317s ]
INFO: [ view_filter ] --END-- [ RunTime:0.000414s ]
INFO: [ app_end ] --START--
INFO: Run Behavior\ShowPageTraceBehavior [ RunTime:0.000593s ]
INFO: [ app_end ] --END-- [ RunTime:0.000692s ]

[ 2014-10-31T13:25:43+08:00 ] ::1 /gold/index.php/Admin/Category/index.html
INFO: [ app_init ] --START--
INFO: Run Behavior\BuildLiteBehavior [ RunTime:0.000049s ]
INFO: [ app_init ] --END-- [ RunTime:0.001105s ]
INFO: [ app_begin ] --START--
INFO: Run Behavior\ReadHtmlCacheBehavior [ RunTime:0.001159s ]
INFO: [ app_begin ] --END-- [ RunTime:0.001367s ]
SQL: SHOW COLUMNS FROM `my_category` [ RunTime:0.009076s ]
NOTIC: [8] Undefined offset: 3 D:\wamp\www\gold\Application\Class\Category.class.php 第 38 行.
SQL: SELECT * FROM `my_category` ORDER BY `sort` asc,`id` asc  [ RunTime:0.000511s ]
INFO: [ view_parse ] --START--
INFO: [ template_filter ] --START--
INFO: Run Behavior\ContentReplaceBehavior [ RunTime:0.000159s ]
INFO: [ template_filter ] --END-- [ RunTime:0.000303s ]
NOTIC: [8] Undefined variable: pageinfo D:\wamp\www\gold\Application\Runtime\Cache\Admin\d2404f9283eadf7d60cdded7b6b55c15.php 第 170 行.
INFO: Run Behavior\ParseTemplateBehavior [ RunTime:0.079812s ]
INFO: [ view_parse ] --END-- [ RunTime:0.079941s ]
INFO: [ view_filter ] --START--
INFO: Run Behavior\WriteHtmlCacheBehavior [ RunTime:0.000352s ]
INFO: [ view_filter ] --END-- [ RunTime:0.000449s ]
INFO: [ app_end ] --START--
INFO: Run Behavior\ShowPageTraceBehavior [ RunTime:0.000656s ]
INFO: [ app_end ] --END-- [ RunTime:0.000769s ]

[ 2014-10-31T13:27:27+08:00 ] ::1 /gold/
INFO: [ app_init ] --START--
INFO: Run Behavior\BuildLiteBehavior [ RunTime:0.000029s ]
INFO: [ app_init ] --END-- [ RunTime:0.000703s ]
INFO: [ app_begin ] --START--
INFO: Run Behavior\ReadHtmlCacheBehavior [ RunTime:0.000793s ]
INFO: [ app_begin ] --END-- [ RunTime:0.000915s ]
SQL: SHOW COLUMNS FROM `my_category` [ RunTime:0.010419s ]
SQL: SELECT `id`,`title` FROM `my_category` ORDER BY `sort` asc,`id` asc LIMIT 15   [ RunTime:0.001025s ]
SQL: SHOW COLUMNS FROM `my_category` [ RunTime:0.005512s ]
SQL: SELECT * FROM `my_category` WHERE ( `pid` = 0 ) ORDER BY `sort` asc,`id` asc  [ RunTime:0.000460s ]
SQL: SHOW COLUMNS FROM `my_article` [ RunTime:0.006526s ]
SQL: SELECT `id`,`title` FROM `my_article` WHERE ( 1=1 AND category_id='1' ) ORDER BY sort asc,id desc LIMIT 5   [ RunTime:0.000436s ]
SQL: SELECT `id`,`title` FROM `my_article` WHERE ( 1=1 AND category_id='2' ) ORDER BY sort asc,id desc LIMIT 5   [ RunTime:0.000225s ]
SQL: SELECT `id`,`title` FROM `my_article` WHERE ( 1=1 AND category_id='3' ) ORDER BY sort asc,id desc LIMIT 5   [ RunTime:0.000199s ]
SQL: SELECT `id`,`title` FROM `my_article` WHERE ( 1=1 AND category_id='4' ) ORDER BY sort asc,id desc LIMIT 5   [ RunTime:0.000200s ]
SQL: SELECT `id`,`title` FROM `my_article` WHERE ( 1=1 AND category_id='5' ) ORDER BY sort asc,id desc LIMIT 5   [ RunTime:0.000199s ]
SQL: SELECT `id`,`title` FROM `my_article` WHERE ( 1=1 AND category_id='6' ) ORDER BY sort asc,id desc LIMIT 5   [ RunTime:0.000196s ]
SQL: SELECT `id`,`title` FROM `my_article` WHERE ( 1=1 AND category_id='7' ) ORDER BY sort asc,id desc LIMIT 5   [ RunTime:0.000194s ]
SQL: SELECT `id`,`title` FROM `my_article` WHERE ( 1=1 AND category_id='8' ) ORDER BY sort asc,id desc LIMIT 5   [ RunTime:0.000195s ]
SQL: SELECT `id`,`title` FROM `my_article` WHERE ( 1=1 AND category_id='9' ) ORDER BY sort asc,id desc LIMIT 5   [ RunTime:0.000189s ]
SQL: SELECT `id`,`title` FROM `my_article` WHERE ( 1=1 AND category_id='10' ) ORDER BY sort asc,id desc LIMIT 5   [ RunTime:0.000191s ]
SQL: SELECT `id`,`title` FROM `my_article` WHERE ( 1=1 AND category_id='11' ) ORDER BY sort asc,id desc LIMIT 5   [ RunTime:0.000188s ]
SQL: SELECT `id`,`title` FROM `my_article` WHERE ( 1=1 AND category_id='12' ) ORDER BY sort asc,id desc LIMIT 5   [ RunTime:0.000236s ]
SQL: SELECT `id`,`title` FROM `my_article` WHERE ( 1=1 AND category_id='13' ) ORDER BY sort asc,id desc LIMIT 5   [ RunTime:0.000284s ]
SQL: SELECT `id`,`title` FROM `my_article` WHERE ( 1=1 AND category_id='14' ) ORDER BY sort asc,id desc LIMIT 5   [ RunTime:0.000364s ]
SQL: SELECT `id`,`title` FROM `my_article` WHERE ( 1=1 AND category_id='15' ) ORDER BY sort asc,id desc LIMIT 5   [ RunTime:0.000287s ]
INFO: [ view_parse ] --START--
INFO: [ template_filter ] --START--
INFO: Run Behavior\ContentReplaceBehavior [ RunTime:0.000091s ]
INFO: [ template_filter ] --END-- [ RunTime:0.000214s ]
INFO: Run Behavior\ParseTemplateBehavior [ RunTime:0.021940s ]
INFO: [ view_parse ] --END-- [ RunTime:0.022121s ]
INFO: [ view_filter ] --START--
INFO: Run Behavior\WriteHtmlCacheBehavior [ RunTime:0.000577s ]
INFO: [ view_filter ] --END-- [ RunTime:0.000708s ]
INFO: [ app_end ] --START--
INFO: Run Behavior\ShowPageTraceBehavior [ RunTime:0.000791s ]
INFO: [ app_end ] --END-- [ RunTime:0.000896s ]

[ 2014-10-31T13:27:30+08:00 ] ::1 /gold/index.php/Home/Index/articleList/cid/1.html
INFO: [ app_init ] --START--
INFO: Run Behavior\BuildLiteBehavior [ RunTime:0.000045s ]
INFO: [ app_init ] --END-- [ RunTime:0.000648s ]
INFO: [ app_begin ] --START--
INFO: Run Behavior\ReadHtmlCacheBehavior [ RunTime:0.000803s ]
INFO: [ app_begin ] --END-- [ RunTime:0.000939s ]
SQL: SHOW COLUMNS FROM `my_category` [ RunTime:0.009569s ]
SQL: SELECT `id`,`title` FROM `my_category` ORDER BY `sort` asc,`id` asc LIMIT 15   [ RunTime:0.000415s ]
SQL: SHOW COLUMNS FROM `my_article` [ RunTime:0.006596s ]
SQL: SELECT COUNT(*) AS tp_count FROM `my_article` WHERE ( `category_id` = 1 ) LIMIT 1   [ RunTime:0.048439s ]
SQL: SELECT * FROM `my_article` WHERE ( `category_id` = 1 ) ORDER BY `sort` asc,`id` desc LIMIT 0,15   [ RunTime:0.000562s ]
SQL: SHOW COLUMNS FROM `my_category` [ RunTime:0.004585s ]
SQL: SELECT `id`,`title` FROM `my_category` WHERE ( 1=1 AND id='1' ) LIMIT 1   [ RunTime:0.000313s ]
SQL: SELECT `id`,`title` FROM `my_category` WHERE ( 1=1 AND id='1' ) LIMIT 1   [ RunTime:0.000207s ]
SQL: SELECT `id`,`title` FROM `my_category` WHERE ( 1=1 AND id='1' ) LIMIT 1   [ RunTime:0.000190s ]
SQL: SELECT `id`,`title` FROM `my_category` WHERE ( 1=1 AND id='1' ) LIMIT 1   [ RunTime:0.000195s ]
SQL: SELECT `id`,`title` FROM `my_category` WHERE ( 1=1 AND id='1' ) LIMIT 1   [ RunTime:0.000198s ]
SQL: SELECT `id`,`title` FROM `my_category` WHERE ( 1=1 AND id='1' ) LIMIT 1   [ RunTime:0.000262s ]
SQL: SELECT `id`,`title` FROM `my_category` WHERE ( 1=1 AND id='1' ) LIMIT 1   [ RunTime:0.000215s ]
SQL: SELECT `id`,`title` FROM `my_category` WHERE ( 1=1 AND id='1' ) LIMIT 1   [ RunTime:0.000198s ]
SQL: SELECT `title` FROM `my_category` WHERE ( `id` = 1 ) LIMIT 1   [ RunTime:0.000232s ]
INFO: [ view_parse ] --START--
INFO: [ template_filter ] --START--
INFO: Run Behavior\ContentReplaceBehavior [ RunTime:0.000084s ]
INFO: [ template_filter ] --END-- [ RunTime:0.000206s ]
INFO: Run Behavior\ParseTemplateBehavior [ RunTime:0.061492s ]
INFO: [ view_parse ] --END-- [ RunTime:0.061666s ]
INFO: [ view_filter ] --START--
INFO: Run Behavior\WriteHtmlCacheBehavior [ RunTime:0.000435s ]
INFO: [ view_filter ] --END-- [ RunTime:0.000547s ]
INFO: [ app_end ] --START--
INFO: Run Behavior\ShowPageTraceBehavior [ RunTime:0.000599s ]
INFO: [ app_end ] --END-- [ RunTime:0.000699s ]

[ 2014-10-31T13:27:38+08:00 ] ::1 /gold/index.php/Home/Index/article/id/11.html
INFO: [ app_init ] --START--
INFO: Run Behavior\BuildLiteBehavior [ RunTime:0.000029s ]
INFO: [ app_init ] --END-- [ RunTime:0.000539s ]
INFO: [ app_begin ] --START--
INFO: Run Behavior\ReadHtmlCacheBehavior [ RunTime:0.000787s ]
INFO: [ app_begin ] --END-- [ RunTime:0.000937s ]
SQL: SHOW COLUMNS FROM `my_category` [ RunTime:0.010761s ]
SQL: SELECT `id`,`title` FROM `my_category` ORDER BY `sort` asc,`id` asc LIMIT 15   [ RunTime:0.000552s ]
SQL: SHOW COLUMNS FROM `my_article` [ RunTime:0.007999s ]
SQL: SELECT * FROM `my_article` WHERE ( `id` = 11 ) LIMIT 1   [ RunTime:0.000383s ]
SQL: SHOW COLUMNS FROM `my_category` [ RunTime:0.006037s ]
SQL: SELECT `id`,`title` FROM `my_category` WHERE ( 1=1 AND id='1' ) LIMIT 1   [ RunTime:0.000775s ]
INFO: [ view_parse ] --START--
INFO: [ template_filter ] --START--
INFO: Run Behavior\ContentReplaceBehavior [ RunTime:0.000139s ]
INFO: [ template_filter ] --END-- [ RunTime:0.000353s ]
INFO: Run Behavior\ParseTemplateBehavior [ RunTime:0.051243s ]
INFO: [ view_parse ] --END-- [ RunTime:0.051476s ]
INFO: [ view_filter ] --START--
INFO: Run Behavior\WriteHtmlCacheBehavior [ RunTime:0.000770s ]
INFO: [ view_filter ] --END-- [ RunTime:0.000973s ]
INFO: [ app_end ] --START--
INFO: Run Behavior\ShowPageTraceBehavior [ RunTime:0.001200s ]
INFO: [ app_end ] --END-- [ RunTime:0.001392s ]

[ 2014-10-31T14:00:20+08:00 ] ::1 /gold/index.php/Admin/User/changePWD.html
INFO: [ app_init ] --START--
INFO: Run Behavior\BuildLiteBehavior [ RunTime:0.000047s ]
INFO: [ app_init ] --END-- [ RunTime:0.001437s ]
INFO: [ app_begin ] --START--
INFO: Run Behavior\ReadHtmlCacheBehavior [ RunTime:0.001328s ]
INFO: [ app_begin ] --END-- [ RunTime:0.001491s ]
INFO: [ view_parse ] --START--
INFO: [ template_filter ] --START--
INFO: Run Behavior\ContentReplaceBehavior [ RunTime:0.000099s ]
INFO: [ template_filter ] --END-- [ RunTime:0.000259s ]
INFO: Run Behavior\ParseTemplateBehavior [ RunTime:0.346236s ]
INFO: [ view_parse ] --END-- [ RunTime:0.346507s ]
INFO: [ view_filter ] --START--
INFO: Run Behavior\WriteHtmlCacheBehavior [ RunTime:0.020208s ]
INFO: [ view_filter ] --END-- [ RunTime:0.020357s ]
INFO: [ app_end ] --START--
INFO: Run Behavior\ShowPageTraceBehavior [ RunTime:0.016554s ]
INFO: [ app_end ] --END-- [ RunTime:0.016692s ]

