[ 2014-11-12T09:46:44+08:00 ] ::1 /gold/index.php/admin/login
INFO: [ app_init ] --START--
INFO: Run Behavior\BuildLiteBehavior [ RunTime:0.000035s ]
INFO: [ app_init ] --END-- [ RunTime:0.048028s ]
INFO: [ app_begin ] --START--
INFO: Run Behavior\ReadHtmlCacheBehavior [ RunTime:0.016557s ]
INFO: [ app_begin ] --END-- [ RunTime:0.016804s ]
INFO: [ view_parse ] --START--
INFO: [ template_filter ] --START--
INFO: Run Behavior\ContentReplaceBehavior [ RunTime:0.000111s ]
INFO: [ template_filter ] --END-- [ RunTime:0.000241s ]
INFO: Run Behavior\ParseTemplateBehavior [ RunTime:0.316199s ]
INFO: [ view_parse ] --END-- [ RunTime:0.316341s ]
INFO: [ view_filter ] --START--
INFO: Run Behavior\WriteHtmlCacheBehavior [ RunTime:0.022446s ]
INFO: [ view_filter ] --END-- [ RunTime:0.022616s ]
INFO: [ app_end ] --START--
INFO: Run Behavior\ShowPageTraceBehavior [ RunTime:0.013852s ]
INFO: [ app_end ] --END-- [ RunTime:0.014004s ]

[ 2014-11-12T09:46:44+08:00 ] ::1 /gold/index.php/Admin/Login/verify
INFO: [ app_init ] --START--
INFO: Run Behavior\BuildLiteBehavior [ RunTime:0.000027s ]
INFO: [ app_init ] --END-- [ RunTime:0.000519s ]
INFO: [ app_begin ] --START--
INFO: Run Behavior\ReadHtmlCacheBehavior [ RunTime:0.001196s ]
INFO: [ app_begin ] --END-- [ RunTime:0.001344s ]
INFO: [ app_end ] --START--
INFO: Run Behavior\ShowPageTraceBehavior [ RunTime:0.001069s ]
INFO: [ app_end ] --END-- [ RunTime:0.001317s ]

[ 2014-11-12T09:46:44+08:00 ] ::1 /gold/index.php/Admin/Login/verify/0.9073405315949147
INFO: [ app_init ] --START--
INFO: Run Behavior\BuildLiteBehavior [ RunTime:0.000068s ]
INFO: [ app_init ] --END-- [ RunTime:0.000971s ]
INFO: [ app_begin ] --START--
INFO: Run Behavior\ReadHtmlCacheBehavior [ RunTime:0.001491s ]
INFO: [ app_begin ] --END-- [ RunTime:0.001844s ]
INFO: [ app_end ] --START--
INFO: Run Behavior\ShowPageTraceBehavior [ RunTime:0.001164s ]
INFO: [ app_end ] --END-- [ RunTime:0.001367s ]

[ 2014-11-12T09:46:44+08:00 ] ::1 /gold/index.php/Admin/Login/verify/0.15082409583909684
INFO: [ app_init ] --START--
INFO: Run Behavior\BuildLiteBehavior [ RunTime:0.000033s ]
INFO: [ app_init ] --END-- [ RunTime:0.000651s ]
INFO: [ app_begin ] --START--
INFO: Run Behavior\ReadHtmlCacheBehavior [ RunTime:0.001482s ]
INFO: [ app_begin ] --END-- [ RunTime:0.001921s ]
INFO: [ app_end ] --START--
INFO: Run Behavior\ShowPageTraceBehavior [ RunTime:0.000851s ]
INFO: [ app_end ] --END-- [ RunTime:0.001037s ]

[ 2014-11-12T09:46:55+08:00 ] ::1 /gold/index.php/Admin/Login/check.html
INFO: [ app_init ] --START--
INFO: Run Behavior\BuildLiteBehavior [ RunTime:0.000051s ]
INFO: [ app_init ] --END-- [ RunTime:0.000934s ]
INFO: [ app_begin ] --START--
INFO: Run Behavior\ReadHtmlCacheBehavior [ RunTime:0.001064s ]
INFO: [ app_begin ] --END-- [ RunTime:0.001293s ]
SQL: SHOW COLUMNS FROM `my_user` [ RunTime:0.136239s ]
SQL: SELECT `id`,`username`,`nickname`,`password`,`role` FROM `my_user` WHERE ( `username` = 'admin' ) LIMIT 1   [ RunTime:0.076614s ]
SQL: UPDATE `my_user` SET `logintime`=1415756814,`loginip`='0.0.0.0' WHERE ( `id` = 1 ) [ RunTime:0.036459s ]
SQL: SHOW COLUMNS FROM `my_log` [ RunTime:0.097148s ]
SQL: INSERT INTO `my_log` (`userid`,`username`,`log_time`,`log_ip`,`module`,`controller`,`action`,`event`,`auditing`,`reason`,`remark`) VALUES (1,'admin',1415756814,'0.0.0.0','Admin','Login','check','用户登录','成功','','') [ RunTime:0.032494s ]

[ 2014-11-12T09:46:55+08:00 ] ::1 /gold/index.php/Admin/Index/index.html
INFO: [ app_init ] --START--
INFO: Run Behavior\BuildLiteBehavior [ RunTime:0.000045s ]
INFO: [ app_init ] --END-- [ RunTime:0.000754s ]
INFO: [ app_begin ] --START--
INFO: Run Behavior\ReadHtmlCacheBehavior [ RunTime:0.001006s ]
INFO: [ app_begin ] --END-- [ RunTime:0.001218s ]
INFO: [ view_parse ] --START--
INFO: [ template_filter ] --START--
INFO: Run Behavior\ContentReplaceBehavior [ RunTime:0.000173s ]
INFO: [ template_filter ] --END-- [ RunTime:0.000367s ]
INFO: Run Behavior\ParseTemplateBehavior [ RunTime:0.155932s ]
INFO: [ view_parse ] --END-- [ RunTime:0.156198s ]
INFO: [ view_filter ] --START--
INFO: Run Behavior\WriteHtmlCacheBehavior [ RunTime:0.000387s ]
INFO: [ view_filter ] --END-- [ RunTime:0.000494s ]
INFO: [ app_end ] --START--
INFO: Run Behavior\ShowPageTraceBehavior [ RunTime:0.000702s ]
INFO: [ app_end ] --END-- [ RunTime:0.000812s ]

[ 2014-11-12T09:48:56+08:00 ] ::1 /gold/index.php/Admin/Category/index.html
INFO: [ app_init ] --START--
INFO: Run Behavior\BuildLiteBehavior [ RunTime:0.000028s ]
INFO: [ app_init ] --END-- [ RunTime:0.000639s ]
INFO: [ app_begin ] --START--
INFO: Run Behavior\ReadHtmlCacheBehavior [ RunTime:0.001725s ]
INFO: [ app_begin ] --END-- [ RunTime:0.001944s ]
SQL: SHOW COLUMNS FROM `my_category` [ RunTime:0.010733s ]
NOTIC: [8] Undefined offset: 3 D:\wamp\www\gold\Application\Class\Category.class.php 第 38 行.
SQL: SELECT * FROM `my_category` ORDER BY `sort` asc,`id` asc  [ RunTime:0.000689s ]
INFO: [ view_parse ] --START--
INFO: [ template_filter ] --START--
INFO: Run Behavior\ContentReplaceBehavior [ RunTime:0.000166s ]
INFO: [ template_filter ] --END-- [ RunTime:0.000291s ]
NOTIC: [8] Undefined variable: pageinfo D:\wamp\www\gold\Application\Runtime\Cache\Admin\d2404f9283eadf7d60cdded7b6b55c15.php 第 177 行.
INFO: Run Behavior\ParseTemplateBehavior [ RunTime:0.080323s ]
INFO: [ view_parse ] --END-- [ RunTime:0.080491s ]
INFO: [ view_filter ] --START--
INFO: Run Behavior\WriteHtmlCacheBehavior [ RunTime:0.001404s ]
INFO: [ view_filter ] --END-- [ RunTime:0.001619s ]
INFO: [ app_end ] --START--
INFO: Run Behavior\ShowPageTraceBehavior [ RunTime:0.001340s ]
INFO: [ app_end ] --END-- [ RunTime:0.001463s ]

[ 2014-11-12T09:52:00+08:00 ] ::1 /gold/
INFO: [ app_init ] --START--
INFO: Run Behavior\BuildLiteBehavior [ RunTime:0.000045s ]
INFO: [ app_init ] --END-- [ RunTime:0.000991s ]
INFO: [ app_begin ] --START--
INFO: Run Behavior\ReadHtmlCacheBehavior [ RunTime:0.001038s ]
INFO: [ app_begin ] --END-- [ RunTime:0.001177s ]
SQL: SHOW COLUMNS FROM `my_category` [ RunTime:0.008618s ]
SQL: SELECT `id`,`title` FROM `my_category` ORDER BY `sort` asc,`id` asc LIMIT 15   [ RunTime:0.000643s ]
NOTIC: [8] Undefined variable: cid D:\wamp\www\gold\Application\Home\Controller\CommonController.class.php 第 29 行.
SQL: SELECT `id`,`pid`,`title` FROM `my_category` WHERE ( `id` = null ) LIMIT 1   [ RunTime:0.012483s ]
NOTIC: [8] Undefined variable: cid D:\wamp\www\gold\Application\Home\Controller\CommonController.class.php 第 34 行.
SQL: SELECT `id`,`title`,`pid`,`sort` FROM `my_category` WHERE ( `pid` = null ) ORDER BY `sort` asc  [ RunTime:0.001124s ]
SQL: SHOW COLUMNS FROM `my_article` [ RunTime:0.007275s ]
SQL: SELECT `id`,`pid`,`title` FROM `my_category` WHERE ( `pid` = 0 ) ORDER BY `sort` asc,`id` asc  [ RunTime:0.000418s ]
SQL: SHOW COLUMNS FROM `my_category` [ RunTime:0.005130s ]
NOTIC: [8] Undefined offset: 3 D:\wamp\www\gold\Application\Class\Category.class.php 第 38 行.
SQL: SELECT * FROM `my_category` ORDER BY `sort` asc,`id` asc  [ RunTime:0.000508s ]
SQL: SELECT * FROM `my_article` WHERE ( `category_id` IN ('1','29','30','31','32') ) LIMIT 5   [ RunTime:0.053642s ]
SQL: SELECT * FROM `my_article` WHERE ( `category_id` IN ('2','33','34','35','36','37','38','39','40','41','42') ) LIMIT 5   [ RunTime:0.000567s ]
SQL: SELECT * FROM `my_article` WHERE ( `category_id` IN ('3','44','45') ) LIMIT 5   [ RunTime:0.000535s ]
SQL: SELECT * FROM `my_article` WHERE ( `category_id` IN ('4','46','47') ) LIMIT 5   [ RunTime:0.000465s ]
SQL: SELECT * FROM `my_article` WHERE ( `category_id` IN ('5','48','49') ) LIMIT 5   [ RunTime:0.000890s ]
SQL: SELECT * FROM `my_article` WHERE ( `category_id` IN ('6') ) LIMIT 5   [ RunTime:0.004671s ]
SQL: SELECT * FROM `my_article` WHERE ( `category_id` IN ('7') ) LIMIT 5   [ RunTime:0.000782s ]
SQL: SELECT * FROM `my_article` WHERE ( `category_id` IN ('8','50','51') ) LIMIT 5   [ RunTime:0.001453s ]
SQL: SELECT * FROM `my_article` WHERE ( `category_id` IN ('9') ) LIMIT 5   [ RunTime:0.000938s ]
SQL: SELECT * FROM `my_article` WHERE ( `category_id` IN ('10') ) LIMIT 5   [ RunTime:0.000397s ]
SQL: SELECT * FROM `my_article` WHERE ( `category_id` IN ('11') ) LIMIT 5   [ RunTime:0.000309s ]
SQL: SELECT * FROM `my_article` WHERE ( `category_id` IN ('12') ) LIMIT 5   [ RunTime:0.000291s ]
SQL: SELECT * FROM `my_article` WHERE ( `category_id` IN ('13') ) LIMIT 5   [ RunTime:0.000366s ]
INFO: [ view_parse ] --START--
INFO: [ template_filter ] --START--
INFO: Run Behavior\ContentReplaceBehavior [ RunTime:0.000097s ]
INFO: [ template_filter ] --END-- [ RunTime:0.000240s ]
INFO: Run Behavior\ParseTemplateBehavior [ RunTime:0.118400s ]
INFO: [ view_parse ] --END-- [ RunTime:0.118540s ]
INFO: [ view_filter ] --START--
INFO: Run Behavior\WriteHtmlCacheBehavior [ RunTime:0.001184s ]
INFO: [ view_filter ] --END-- [ RunTime:0.001343s ]
INFO: [ app_end ] --START--
INFO: Run Behavior\ShowPageTraceBehavior [ RunTime:0.002580s ]
INFO: [ app_end ] --END-- [ RunTime:0.002994s ]

[ 2014-11-12T09:52:25+08:00 ] ::1 /gold/index.php/Home/Index/articleList/cid/3.html
INFO: [ app_init ] --START--
INFO: Run Behavior\BuildLiteBehavior [ RunTime:0.000051s ]
INFO: [ app_init ] --END-- [ RunTime:0.001051s ]
INFO: [ app_begin ] --START--
INFO: Run Behavior\ReadHtmlCacheBehavior [ RunTime:0.001094s ]
INFO: [ app_begin ] --END-- [ RunTime:0.001237s ]
SQL: SHOW COLUMNS FROM `my_category` [ RunTime:0.007915s ]
SQL: SELECT `id`,`title` FROM `my_category` ORDER BY `sort` asc,`id` asc LIMIT 15   [ RunTime:0.000419s ]
SQL: SELECT `id`,`pid`,`title` FROM `my_category` WHERE ( `id` = 3 ) LIMIT 1   [ RunTime:0.000300s ]
SQL: SELECT `id`,`title`,`pid`,`sort` FROM `my_category` WHERE ( `pid` = 3 ) ORDER BY `sort` asc  [ RunTime:0.000316s ]
SQL: SHOW COLUMNS FROM `my_article` [ RunTime:0.007332s ]
SQL: SHOW COLUMNS FROM `my_category` [ RunTime:0.005039s ]
NOTIC: [8] Undefined offset: 3 D:\wamp\www\gold\Application\Class\Category.class.php 第 38 行.
SQL: SELECT * FROM `my_category` ORDER BY `sort` asc,`id` asc  [ RunTime:0.000509s ]
SQL: SELECT COUNT(*) AS tp_count FROM `my_article` WHERE ( `category_id` IN ('3','44','45') ) LIMIT 1   [ RunTime:0.029659s ]
NOTIC: [2] urlencode() expects parameter 1 to be string, array given D:\wamp\www\gold\Application\Home\Controller\IndexController.class.php 第 64 行.
SQL: SELECT * FROM `my_article` WHERE ( `category_id` = 3 ) ORDER BY `sort` asc,`id` desc LIMIT 0,15   [ RunTime:0.001121s ]
SQL: SELECT `title` FROM `my_category` WHERE ( `id` = 3 ) LIMIT 1   [ RunTime:0.000297s ]
INFO: [ view_parse ] --START--
INFO: [ template_filter ] --START--
INFO: Run Behavior\ContentReplaceBehavior [ RunTime:0.000104s ]
INFO: [ template_filter ] --END-- [ RunTime:0.000228s ]
INFO: Run Behavior\ParseTemplateBehavior [ RunTime:0.065113s ]
INFO: [ view_parse ] --END-- [ RunTime:0.065291s ]
INFO: [ view_filter ] --START--
INFO: Run Behavior\WriteHtmlCacheBehavior [ RunTime:0.000670s ]
INFO: [ view_filter ] --END-- [ RunTime:0.000826s ]
INFO: [ app_end ] --START--
INFO: Run Behavior\ShowPageTraceBehavior [ RunTime:0.000982s ]
INFO: [ app_end ] --END-- [ RunTime:0.001107s ]

[ 2014-11-12T09:52:27+08:00 ] ::1 /gold/index.php/Home/Index/articleList/cid/44.html
INFO: [ app_init ] --START--
INFO: Run Behavior\BuildLiteBehavior [ RunTime:0.000028s ]
INFO: [ app_init ] --END-- [ RunTime:0.000533s ]
INFO: [ app_begin ] --START--
INFO: Run Behavior\ReadHtmlCacheBehavior [ RunTime:0.000913s ]
INFO: [ app_begin ] --END-- [ RunTime:0.001031s ]
SQL: SHOW COLUMNS FROM `my_category` [ RunTime:0.007843s ]
SQL: SELECT `id`,`title` FROM `my_category` ORDER BY `sort` asc,`id` asc LIMIT 15   [ RunTime:0.001181s ]
SQL: SELECT `id`,`pid`,`title` FROM `my_category` WHERE ( `id` = 44 ) LIMIT 1   [ RunTime:0.000596s ]
SQL: SELECT `id`,`title`,`pid`,`sort` FROM `my_category` WHERE ( `pid` = 44 ) ORDER BY `sort` asc  [ RunTime:0.000554s ]
SQL: SHOW COLUMNS FROM `my_article` [ RunTime:0.006565s ]
SQL: SHOW COLUMNS FROM `my_category` [ RunTime:0.005935s ]
NOTIC: [8] Undefined offset: 3 D:\wamp\www\gold\Application\Class\Category.class.php 第 38 行.
SQL: SELECT * FROM `my_category` ORDER BY `sort` asc,`id` asc  [ RunTime:0.000598s ]
SQL: SELECT COUNT(*) AS tp_count FROM `my_article` WHERE ( `category_id` IN ('44') ) LIMIT 1   [ RunTime:0.000409s ]
NOTIC: [2] urlencode() expects parameter 1 to be string, array given D:\wamp\www\gold\Application\Home\Controller\IndexController.class.php 第 64 行.
SQL: SELECT * FROM `my_article` WHERE ( `category_id` = 44 ) ORDER BY `sort` asc,`id` desc LIMIT 0,15   [ RunTime:0.005067s ]
SQL: SELECT `id`,`title` FROM `my_category` WHERE ( 1=1 AND id='44' ) LIMIT 1   [ RunTime:0.000331s ]
SQL: SELECT `id`,`title` FROM `my_category` WHERE ( 1=1 AND id='44' ) LIMIT 1   [ RunTime:0.000258s ]
SQL: SELECT `id`,`title` FROM `my_category` WHERE ( 1=1 AND id='44' ) LIMIT 1   [ RunTime:0.000270s ]
SQL: SELECT `id`,`title` FROM `my_category` WHERE ( 1=1 AND id='44' ) LIMIT 1   [ RunTime:0.000222s ]
SQL: SELECT `id`,`title` FROM `my_category` WHERE ( 1=1 AND id='44' ) LIMIT 1   [ RunTime:0.000158s ]
SQL: SELECT `id`,`title` FROM `my_category` WHERE ( 1=1 AND id='44' ) LIMIT 1   [ RunTime:0.000251s ]
SQL: SELECT `id`,`title` FROM `my_category` WHERE ( 1=1 AND id='44' ) LIMIT 1   [ RunTime:0.000211s ]
SQL: SELECT `id`,`title` FROM `my_category` WHERE ( 1=1 AND id='44' ) LIMIT 1   [ RunTime:0.000152s ]
SQL: SELECT `id`,`title` FROM `my_category` WHERE ( 1=1 AND id='44' ) LIMIT 1   [ RunTime:0.000209s ]
SQL: SELECT `id`,`title` FROM `my_category` WHERE ( 1=1 AND id='44' ) LIMIT 1   [ RunTime:0.000297s ]
SQL: SELECT `id`,`title` FROM `my_category` WHERE ( 1=1 AND id='44' ) LIMIT 1   [ RunTime:0.000385s ]
SQL: SELECT `id`,`title` FROM `my_category` WHERE ( 1=1 AND id='44' ) LIMIT 1   [ RunTime:0.000451s ]
SQL: SELECT `id`,`title` FROM `my_category` WHERE ( 1=1 AND id='44' ) LIMIT 1   [ RunTime:0.000263s ]
SQL: SELECT `id`,`title` FROM `my_category` WHERE ( 1=1 AND id='44' ) LIMIT 1   [ RunTime:0.000212s ]
SQL: SELECT `id`,`title` FROM `my_category` WHERE ( 1=1 AND id='44' ) LIMIT 1   [ RunTime:0.000193s ]
SQL: SELECT `title` FROM `my_category` WHERE ( `id` = 44 ) LIMIT 1   [ RunTime:0.000186s ]
INFO: [ view_parse ] --START--
INFO: [ template_filter ] --START--
INFO: Run Behavior\ContentReplaceBehavior [ RunTime:0.000098s ]
INFO: [ template_filter ] --END-- [ RunTime:0.000220s ]
INFO: Run Behavior\ParseTemplateBehavior [ RunTime:0.021997s ]
INFO: [ view_parse ] --END-- [ RunTime:0.022122s ]
INFO: [ view_filter ] --START--
INFO: Run Behavior\WriteHtmlCacheBehavior [ RunTime:0.000705s ]
INFO: [ view_filter ] --END-- [ RunTime:0.000821s ]
INFO: [ app_end ] --START--
INFO: Run Behavior\ShowPageTraceBehavior [ RunTime:0.000908s ]
INFO: [ app_end ] --END-- [ RunTime:0.001011s ]

[ 2014-11-12T09:52:33+08:00 ] ::1 /gold/index.php/Home/Index/articleList/cid/3.html
INFO: [ app_init ] --START--
INFO: Run Behavior\BuildLiteBehavior [ RunTime:0.000047s ]
INFO: [ app_init ] --END-- [ RunTime:0.001453s ]
INFO: [ app_begin ] --START--
INFO: Run Behavior\ReadHtmlCacheBehavior [ RunTime:0.001158s ]
INFO: [ app_begin ] --END-- [ RunTime:0.001360s ]
SQL: SHOW COLUMNS FROM `my_category` [ RunTime:0.009718s ]
SQL: SELECT `id`,`title` FROM `my_category` ORDER BY `sort` asc,`id` asc LIMIT 15   [ RunTime:0.000668s ]
SQL: SELECT `id`,`pid`,`title` FROM `my_category` WHERE ( `id` = 3 ) LIMIT 1   [ RunTime:0.000385s ]
SQL: SELECT `id`,`title`,`pid`,`sort` FROM `my_category` WHERE ( `pid` = 3 ) ORDER BY `sort` asc  [ RunTime:0.000352s ]
SQL: SHOW COLUMNS FROM `my_article` [ RunTime:0.007066s ]
SQL: SHOW COLUMNS FROM `my_category` [ RunTime:0.004671s ]
NOTIC: [8] Undefined offset: 3 D:\wamp\www\gold\Application\Class\Category.class.php 第 38 行.
SQL: SELECT * FROM `my_category` ORDER BY `sort` asc,`id` asc  [ RunTime:0.000473s ]
SQL: SELECT COUNT(*) AS tp_count FROM `my_article` WHERE ( `category_id` IN ('3','44','45') ) LIMIT 1   [ RunTime:0.001241s ]
NOTIC: [2] urlencode() expects parameter 1 to be string, array given D:\wamp\www\gold\Application\Home\Controller\IndexController.class.php 第 64 行.
SQL: SELECT * FROM `my_article` WHERE ( `category_id` = 3 ) ORDER BY `sort` asc,`id` desc LIMIT 0,15   [ RunTime:0.000409s ]
SQL: SELECT `title` FROM `my_category` WHERE ( `id` = 3 ) LIMIT 1   [ RunTime:0.000230s ]
INFO: [ view_parse ] --START--
INFO: [ template_filter ] --START--
INFO: Run Behavior\ContentReplaceBehavior [ RunTime:0.000095s ]
INFO: [ template_filter ] --END-- [ RunTime:0.000219s ]
INFO: Run Behavior\ParseTemplateBehavior [ RunTime:0.023739s ]
INFO: [ view_parse ] --END-- [ RunTime:0.023866s ]
INFO: [ view_filter ] --START--
INFO: Run Behavior\WriteHtmlCacheBehavior [ RunTime:0.000630s ]
INFO: [ view_filter ] --END-- [ RunTime:0.000732s ]
INFO: [ app_end ] --START--
INFO: Run Behavior\ShowPageTraceBehavior [ RunTime:0.000909s ]
INFO: [ app_end ] --END-- [ RunTime:0.001012s ]

[ 2014-11-12T09:52:34+08:00 ] ::1 /gold/index.php/Home/Index/articleList/cid/45.html
INFO: [ app_init ] --START--
INFO: Run Behavior\BuildLiteBehavior [ RunTime:0.000029s ]
INFO: [ app_init ] --END-- [ RunTime:0.000655s ]
INFO: [ app_begin ] --START--
INFO: Run Behavior\ReadHtmlCacheBehavior [ RunTime:0.001015s ]
INFO: [ app_begin ] --END-- [ RunTime:0.001170s ]
SQL: SHOW COLUMNS FROM `my_category` [ RunTime:0.010302s ]
SQL: SELECT `id`,`title` FROM `my_category` ORDER BY `sort` asc,`id` asc LIMIT 15   [ RunTime:0.000573s ]
SQL: SELECT `id`,`pid`,`title` FROM `my_category` WHERE ( `id` = 45 ) LIMIT 1   [ RunTime:0.000312s ]
SQL: SELECT `id`,`title`,`pid`,`sort` FROM `my_category` WHERE ( `pid` = 45 ) ORDER BY `sort` asc  [ RunTime:0.000291s ]
SQL: SHOW COLUMNS FROM `my_article` [ RunTime:0.007675s ]
SQL: SHOW COLUMNS FROM `my_category` [ RunTime:0.006282s ]
NOTIC: [8] Undefined offset: 3 D:\wamp\www\gold\Application\Class\Category.class.php 第 38 行.
SQL: SELECT * FROM `my_category` ORDER BY `sort` asc,`id` asc  [ RunTime:0.000431s ]
SQL: SELECT COUNT(*) AS tp_count FROM `my_article` WHERE ( `category_id` IN ('45') ) LIMIT 1   [ RunTime:0.000299s ]
NOTIC: [2] urlencode() expects parameter 1 to be string, array given D:\wamp\www\gold\Application\Home\Controller\IndexController.class.php 第 64 行.
SQL: SELECT * FROM `my_article` WHERE ( `category_id` = 45 ) ORDER BY `sort` asc,`id` desc LIMIT 0,15   [ RunTime:0.004789s ]
SQL: SELECT `id`,`title` FROM `my_category` WHERE ( 1=1 AND id='45' ) LIMIT 1   [ RunTime:0.000255s ]
SQL: SELECT `id`,`title` FROM `my_category` WHERE ( 1=1 AND id='45' ) LIMIT 1   [ RunTime:0.000161s ]
SQL: SELECT `id`,`title` FROM `my_category` WHERE ( 1=1 AND id='45' ) LIMIT 1   [ RunTime:0.000151s ]
SQL: SELECT `id`,`title` FROM `my_category` WHERE ( 1=1 AND id='45' ) LIMIT 1   [ RunTime:0.000311s ]
SQL: SELECT `id`,`title` FROM `my_category` WHERE ( 1=1 AND id='45' ) LIMIT 1   [ RunTime:0.000406s ]
SQL: SELECT `id`,`title` FROM `my_category` WHERE ( 1=1 AND id='45' ) LIMIT 1   [ RunTime:0.000436s ]
SQL: SELECT `id`,`title` FROM `my_category` WHERE ( 1=1 AND id='45' ) LIMIT 1   [ RunTime:0.000276s ]
SQL: SELECT `id`,`title` FROM `my_category` WHERE ( 1=1 AND id='45' ) LIMIT 1   [ RunTime:0.000233s ]
SQL: SELECT `id`,`title` FROM `my_category` WHERE ( 1=1 AND id='45' ) LIMIT 1   [ RunTime:0.000199s ]
SQL: SELECT `id`,`title` FROM `my_category` WHERE ( 1=1 AND id='45' ) LIMIT 1   [ RunTime:0.000191s ]
SQL: SELECT `id`,`title` FROM `my_category` WHERE ( 1=1 AND id='45' ) LIMIT 1   [ RunTime:0.000177s ]
SQL: SELECT `id`,`title` FROM `my_category` WHERE ( 1=1 AND id='45' ) LIMIT 1   [ RunTime:0.000199s ]
SQL: SELECT `id`,`title` FROM `my_category` WHERE ( 1=1 AND id='45' ) LIMIT 1   [ RunTime:0.000193s ]
SQL: SELECT `id`,`title` FROM `my_category` WHERE ( 1=1 AND id='45' ) LIMIT 1   [ RunTime:0.000191s ]
SQL: SELECT `id`,`title` FROM `my_category` WHERE ( 1=1 AND id='45' ) LIMIT 1   [ RunTime:0.000187s ]
SQL: SELECT `title` FROM `my_category` WHERE ( `id` = 45 ) LIMIT 1   [ RunTime:0.000178s ]
INFO: [ view_parse ] --START--
INFO: [ template_filter ] --START--
INFO: Run Behavior\ContentReplaceBehavior [ RunTime:0.000105s ]
INFO: [ template_filter ] --END-- [ RunTime:0.000256s ]
INFO: Run Behavior\ParseTemplateBehavior [ RunTime:0.026308s ]
INFO: [ view_parse ] --END-- [ RunTime:0.026518s ]
INFO: [ view_filter ] --START--
INFO: Run Behavior\WriteHtmlCacheBehavior [ RunTime:0.000719s ]
INFO: [ view_filter ] --END-- [ RunTime:0.000853s ]
INFO: [ app_end ] --START--
INFO: Run Behavior\ShowPageTraceBehavior [ RunTime:0.000876s ]
INFO: [ app_end ] --END-- [ RunTime:0.000981s ]

[ 2014-11-12T09:52:38+08:00 ] ::1 /gold/index.php/Home/Index/articleList/cid/3.html
INFO: [ app_init ] --START--
INFO: Run Behavior\BuildLiteBehavior [ RunTime:0.000029s ]
INFO: [ app_init ] --END-- [ RunTime:0.000544s ]
INFO: [ app_begin ] --START--
INFO: Run Behavior\ReadHtmlCacheBehavior [ RunTime:0.000884s ]
INFO: [ app_begin ] --END-- [ RunTime:0.001006s ]
SQL: SHOW COLUMNS FROM `my_category` [ RunTime:0.008732s ]
SQL: SELECT `id`,`title` FROM `my_category` ORDER BY `sort` asc,`id` asc LIMIT 15   [ RunTime:0.000993s ]
SQL: SELECT `id`,`pid`,`title` FROM `my_category` WHERE ( `id` = 3 ) LIMIT 1   [ RunTime:0.000623s ]
SQL: SELECT `id`,`title`,`pid`,`sort` FROM `my_category` WHERE ( `pid` = 3 ) ORDER BY `sort` asc  [ RunTime:0.001005s ]
SQL: SHOW COLUMNS FROM `my_article` [ RunTime:0.008696s ]
SQL: SHOW COLUMNS FROM `my_category` [ RunTime:0.005543s ]
NOTIC: [8] Undefined offset: 3 D:\wamp\www\gold\Application\Class\Category.class.php 第 38 行.
SQL: SELECT * FROM `my_category` ORDER BY `sort` asc,`id` asc  [ RunTime:0.000456s ]
SQL: SELECT COUNT(*) AS tp_count FROM `my_article` WHERE ( `category_id` IN ('3','44','45') ) LIMIT 1   [ RunTime:0.000641s ]
NOTIC: [2] urlencode() expects parameter 1 to be string, array given D:\wamp\www\gold\Application\Home\Controller\IndexController.class.php 第 64 行.
SQL: SELECT * FROM `my_article` WHERE ( `category_id` = 3 ) ORDER BY `sort` asc,`id` desc LIMIT 0,15   [ RunTime:0.000411s ]
SQL: SELECT `title` FROM `my_category` WHERE ( `id` = 3 ) LIMIT 1   [ RunTime:0.000222s ]
INFO: [ view_parse ] --START--
INFO: [ template_filter ] --START--
INFO: Run Behavior\ContentReplaceBehavior [ RunTime:0.000173s ]
INFO: [ template_filter ] --END-- [ RunTime:0.000421s ]
INFO: Run Behavior\ParseTemplateBehavior [ RunTime:0.024634s ]
INFO: [ view_parse ] --END-- [ RunTime:0.024764s ]
INFO: [ view_filter ] --START--
INFO: Run Behavior\WriteHtmlCacheBehavior [ RunTime:0.000589s ]
INFO: [ view_filter ] --END-- [ RunTime:0.000700s ]
INFO: [ app_end ] --START--
INFO: Run Behavior\ShowPageTraceBehavior [ RunTime:0.001266s ]
INFO: [ app_end ] --END-- [ RunTime:0.001431s ]

[ 2014-11-12T09:52:39+08:00 ] ::1 /gold/index.php/Home/Index/articleList/cid/3.html
INFO: [ app_init ] --START--
INFO: Run Behavior\BuildLiteBehavior [ RunTime:0.000044s ]
INFO: [ app_init ] --END-- [ RunTime:0.000879s ]
INFO: [ app_begin ] --START--
INFO: Run Behavior\ReadHtmlCacheBehavior [ RunTime:0.001490s ]
INFO: [ app_begin ] --END-- [ RunTime:0.001717s ]
SQL: SHOW COLUMNS FROM `my_category` [ RunTime:0.010957s ]
SQL: SELECT `id`,`title` FROM `my_category` ORDER BY `sort` asc,`id` asc LIMIT 15   [ RunTime:0.000521s ]
SQL: SELECT `id`,`pid`,`title` FROM `my_category` WHERE ( `id` = 3 ) LIMIT 1   [ RunTime:0.000348s ]
SQL: SELECT `id`,`title`,`pid`,`sort` FROM `my_category` WHERE ( `pid` = 3 ) ORDER BY `sort` asc  [ RunTime:0.000336s ]
SQL: SHOW COLUMNS FROM `my_article` [ RunTime:0.008417s ]
SQL: SHOW COLUMNS FROM `my_category` [ RunTime:0.006003s ]
NOTIC: [8] Undefined offset: 3 D:\wamp\www\gold\Application\Class\Category.class.php 第 38 行.
SQL: SELECT * FROM `my_category` ORDER BY `sort` asc,`id` asc  [ RunTime:0.000675s ]
SQL: SELECT COUNT(*) AS tp_count FROM `my_article` WHERE ( `category_id` IN ('3','44','45') ) LIMIT 1   [ RunTime:0.000579s ]
NOTIC: [2] urlencode() expects parameter 1 to be string, array given D:\wamp\www\gold\Application\Home\Controller\IndexController.class.php 第 64 行.
SQL: SELECT * FROM `my_article` WHERE ( `category_id` = 3 ) ORDER BY `sort` asc,`id` desc LIMIT 0,15   [ RunTime:0.000360s ]
SQL: SELECT `title` FROM `my_category` WHERE ( `id` = 3 ) LIMIT 1   [ RunTime:0.000179s ]
INFO: [ view_parse ] --START--
INFO: [ template_filter ] --START--
INFO: Run Behavior\ContentReplaceBehavior [ RunTime:0.000099s ]
INFO: [ template_filter ] --END-- [ RunTime:0.000231s ]
INFO: Run Behavior\ParseTemplateBehavior [ RunTime:0.024859s ]
INFO: [ view_parse ] --END-- [ RunTime:0.024975s ]
INFO: [ view_filter ] --START--
INFO: Run Behavior\WriteHtmlCacheBehavior [ RunTime:0.000611s ]
INFO: [ view_filter ] --END-- [ RunTime:0.000710s ]
INFO: [ app_end ] --START--
INFO: Run Behavior\ShowPageTraceBehavior [ RunTime:0.001322s ]
INFO: [ app_end ] --END-- [ RunTime:0.001505s ]

[ 2014-11-12T09:52:42+08:00 ] ::1 /gold/index.php/Home/Index/articleList/cid/7.html
INFO: [ app_init ] --START--
INFO: Run Behavior\BuildLiteBehavior [ RunTime:0.000103s ]
INFO: [ app_init ] --END-- [ RunTime:0.001600s ]
INFO: [ app_begin ] --START--
INFO: Run Behavior\ReadHtmlCacheBehavior [ RunTime:0.001690s ]
INFO: [ app_begin ] --END-- [ RunTime:0.001934s ]
SQL: SHOW COLUMNS FROM `my_category` [ RunTime:0.008609s ]
SQL: SELECT `id`,`title` FROM `my_category` ORDER BY `sort` asc,`id` asc LIMIT 15   [ RunTime:0.000851s ]
SQL: SELECT `id`,`pid`,`title` FROM `my_category` WHERE ( `id` = 7 ) LIMIT 1   [ RunTime:0.000618s ]
SQL: SELECT `id`,`title`,`pid`,`sort` FROM `my_category` WHERE ( `pid` = 7 ) ORDER BY `sort` asc  [ RunTime:0.000383s ]
SQL: SHOW COLUMNS FROM `my_article` [ RunTime:0.008613s ]
SQL: SHOW COLUMNS FROM `my_category` [ RunTime:0.004659s ]
NOTIC: [8] Undefined offset: 3 D:\wamp\www\gold\Application\Class\Category.class.php 第 38 行.
SQL: SELECT * FROM `my_category` ORDER BY `sort` asc,`id` asc  [ RunTime:0.000474s ]
SQL: SELECT COUNT(*) AS tp_count FROM `my_article` WHERE ( `category_id` IN ('7') ) LIMIT 1   [ RunTime:0.000400s ]
NOTIC: [2] urlencode() expects parameter 1 to be string, array given D:\wamp\www\gold\Application\Home\Controller\IndexController.class.php 第 64 行.
SQL: SELECT * FROM `my_article` WHERE ( `category_id` = 7 ) ORDER BY `sort` asc,`id` desc LIMIT 0,15   [ RunTime:0.001590s ]
SQL: SELECT `id`,`title` FROM `my_category` WHERE ( 1=1 AND id='7' ) LIMIT 1   [ RunTime:0.000230s ]
SQL: SELECT `id`,`title` FROM `my_category` WHERE ( 1=1 AND id='7' ) LIMIT 1   [ RunTime:0.000157s ]
SQL: SELECT `id`,`title` FROM `my_category` WHERE ( 1=1 AND id='7' ) LIMIT 1   [ RunTime:0.000150s ]
SQL: SELECT `id`,`title` FROM `my_category` WHERE ( 1=1 AND id='7' ) LIMIT 1   [ RunTime:0.000150s ]
SQL: SELECT `id`,`title` FROM `my_category` WHERE ( 1=1 AND id='7' ) LIMIT 1   [ RunTime:0.000144s ]
SQL: SELECT `id`,`title` FROM `my_category` WHERE ( 1=1 AND id='7' ) LIMIT 1   [ RunTime:0.000145s ]
SQL: SELECT `id`,`title` FROM `my_category` WHERE ( 1=1 AND id='7' ) LIMIT 1   [ RunTime:0.000144s ]
SQL: SELECT `id`,`title` FROM `my_category` WHERE ( 1=1 AND id='7' ) LIMIT 1   [ RunTime:0.000144s ]
SQL: SELECT `id`,`title` FROM `my_category` WHERE ( 1=1 AND id='7' ) LIMIT 1   [ RunTime:0.000141s ]
SQL: SELECT `id`,`title` FROM `my_category` WHERE ( 1=1 AND id='7' ) LIMIT 1   [ RunTime:0.000148s ]
SQL: SELECT `id`,`title` FROM `my_category` WHERE ( 1=1 AND id='7' ) LIMIT 1   [ RunTime:0.000142s ]
SQL: SELECT `id`,`title` FROM `my_category` WHERE ( 1=1 AND id='7' ) LIMIT 1   [ RunTime:0.000228s ]
SQL: SELECT `id`,`title` FROM `my_category` WHERE ( 1=1 AND id='7' ) LIMIT 1   [ RunTime:0.000158s ]
SQL: SELECT `id`,`title` FROM `my_category` WHERE ( 1=1 AND id='7' ) LIMIT 1   [ RunTime:0.000184s ]
SQL: SELECT `id`,`title` FROM `my_category` WHERE ( 1=1 AND id='7' ) LIMIT 1   [ RunTime:0.000271s ]
SQL: SELECT `title` FROM `my_category` WHERE ( `id` = 7 ) LIMIT 1   [ RunTime:0.000163s ]
INFO: [ view_parse ] --START--
INFO: [ template_filter ] --START--
INFO: Run Behavior\ContentReplaceBehavior [ RunTime:0.000111s ]
INFO: [ template_filter ] --END-- [ RunTime:0.000275s ]
INFO: Run Behavior\ParseTemplateBehavior [ RunTime:0.027658s ]
INFO: [ view_parse ] --END-- [ RunTime:0.027785s ]
INFO: [ view_filter ] --START--
INFO: Run Behavior\WriteHtmlCacheBehavior [ RunTime:0.000618s ]
INFO: [ view_filter ] --END-- [ RunTime:0.000717s ]
INFO: [ app_end ] --START--
INFO: Run Behavior\ShowPageTraceBehavior [ RunTime:0.000908s ]
INFO: [ app_end ] --END-- [ RunTime:0.001016s ]

[ 2014-11-12T09:52:45+08:00 ] ::1 /gold/index.php/Home/Index/articleList/cid/1.html
INFO: [ app_init ] --START--
INFO: Run Behavior\BuildLiteBehavior [ RunTime:0.000042s ]
INFO: [ app_init ] --END-- [ RunTime:0.000787s ]
INFO: [ app_begin ] --START--
INFO: Run Behavior\ReadHtmlCacheBehavior [ RunTime:0.001187s ]
INFO: [ app_begin ] --END-- [ RunTime:0.001351s ]
SQL: SHOW COLUMNS FROM `my_category` [ RunTime:0.008686s ]
SQL: SELECT `id`,`title` FROM `my_category` ORDER BY `sort` asc,`id` asc LIMIT 15   [ RunTime:0.000410s ]
SQL: SELECT `id`,`pid`,`title` FROM `my_category` WHERE ( `id` = 1 ) LIMIT 1   [ RunTime:0.000276s ]
SQL: SELECT `id`,`title`,`pid`,`sort` FROM `my_category` WHERE ( `pid` = 1 ) ORDER BY `sort` asc  [ RunTime:0.000301s ]
SQL: SHOW COLUMNS FROM `my_article` [ RunTime:0.008022s ]
SQL: SHOW COLUMNS FROM `my_category` [ RunTime:0.006042s ]
NOTIC: [8] Undefined offset: 3 D:\wamp\www\gold\Application\Class\Category.class.php 第 38 行.
SQL: SELECT * FROM `my_category` ORDER BY `sort` asc,`id` asc  [ RunTime:0.001129s ]
SQL: SELECT COUNT(*) AS tp_count FROM `my_article` WHERE ( `category_id` IN ('1','29','30','31','32') ) LIMIT 1   [ RunTime:0.000916s ]
NOTIC: [2] urlencode() expects parameter 1 to be string, array given D:\wamp\www\gold\Application\Home\Controller\IndexController.class.php 第 64 行.
SQL: SELECT * FROM `my_article` WHERE ( `category_id` = 1 ) ORDER BY `sort` asc,`id` desc LIMIT 0,15   [ RunTime:0.002011s ]
SQL: SELECT `id`,`title` FROM `my_category` WHERE ( 1=1 AND id='1' ) LIMIT 1   [ RunTime:0.000473s ]
SQL: SELECT `id`,`title` FROM `my_category` WHERE ( 1=1 AND id='1' ) LIMIT 1   [ RunTime:0.000428s ]
SQL: SELECT `id`,`title` FROM `my_category` WHERE ( 1=1 AND id='1' ) LIMIT 1   [ RunTime:0.000498s ]
SQL: SELECT `id`,`title` FROM `my_category` WHERE ( 1=1 AND id='1' ) LIMIT 1   [ RunTime:0.000317s ]
SQL: SELECT `id`,`title` FROM `my_category` WHERE ( 1=1 AND id='1' ) LIMIT 1   [ RunTime:0.000370s ]
SQL: SELECT `id`,`title` FROM `my_category` WHERE ( 1=1 AND id='1' ) LIMIT 1   [ RunTime:0.000316s ]
SQL: SELECT `id`,`title` FROM `my_category` WHERE ( 1=1 AND id='1' ) LIMIT 1   [ RunTime:0.000263s ]
SQL: SELECT `id`,`title` FROM `my_category` WHERE ( 1=1 AND id='1' ) LIMIT 1   [ RunTime:0.000279s ]
SQL: SELECT `id`,`title` FROM `my_category` WHERE ( 1=1 AND id='1' ) LIMIT 1   [ RunTime:0.000282s ]
SQL: SELECT `id`,`title` FROM `my_category` WHERE ( 1=1 AND id='1' ) LIMIT 1   [ RunTime:0.000276s ]
SQL: SELECT `id`,`title` FROM `my_category` WHERE ( 1=1 AND id='1' ) LIMIT 1   [ RunTime:0.000220s ]
SQL: SELECT `id`,`title` FROM `my_category` WHERE ( 1=1 AND id='1' ) LIMIT 1   [ RunTime:0.000251s ]
SQL: SELECT `id`,`title` FROM `my_category` WHERE ( 1=1 AND id='1' ) LIMIT 1   [ RunTime:0.000191s ]
SQL: SELECT `id`,`title` FROM `my_category` WHERE ( 1=1 AND id='1' ) LIMIT 1   [ RunTime:0.000202s ]
SQL: SELECT `id`,`title` FROM `my_category` WHERE ( 1=1 AND id='1' ) LIMIT 1   [ RunTime:0.000190s ]
SQL: SELECT `title` FROM `my_category` WHERE ( `id` = 1 ) LIMIT 1   [ RunTime:0.000176s ]
INFO: [ view_parse ] --START--
INFO: [ template_filter ] --START--
INFO: Run Behavior\ContentReplaceBehavior [ RunTime:0.000124s ]
INFO: [ template_filter ] --END-- [ RunTime:0.000254s ]
INFO: Run Behavior\ParseTemplateBehavior [ RunTime:0.029915s ]
INFO: [ view_parse ] --END-- [ RunTime:0.030048s ]
INFO: [ view_filter ] --START--
INFO: Run Behavior\WriteHtmlCacheBehavior [ RunTime:0.000682s ]
INFO: [ view_filter ] --END-- [ RunTime:0.000781s ]
INFO: [ app_end ] --START--
INFO: Run Behavior\ShowPageTraceBehavior [ RunTime:0.000880s ]
INFO: [ app_end ] --END-- [ RunTime:0.000983s ]

[ 2014-11-12T09:52:48+08:00 ] ::1 /gold/index.php/Home/Index/articleList/cid/3.html
INFO: [ app_init ] --START--
INFO: Run Behavior\BuildLiteBehavior [ RunTime:0.000042s ]
INFO: [ app_init ] --END-- [ RunTime:0.000828s ]
INFO: [ app_begin ] --START--
INFO: Run Behavior\ReadHtmlCacheBehavior [ RunTime:0.001043s ]
INFO: [ app_begin ] --END-- [ RunTime:0.001199s ]
SQL: SHOW COLUMNS FROM `my_category` [ RunTime:0.010745s ]
SQL: SELECT `id`,`title` FROM `my_category` ORDER BY `sort` asc,`id` asc LIMIT 15   [ RunTime:0.000602s ]
SQL: SELECT `id`,`pid`,`title` FROM `my_category` WHERE ( `id` = 3 ) LIMIT 1   [ RunTime:0.000358s ]
SQL: SELECT `id`,`title`,`pid`,`sort` FROM `my_category` WHERE ( `pid` = 3 ) ORDER BY `sort` asc  [ RunTime:0.000280s ]
SQL: SHOW COLUMNS FROM `my_article` [ RunTime:0.007796s ]
SQL: SHOW COLUMNS FROM `my_category` [ RunTime:0.005759s ]
NOTIC: [8] Undefined offset: 3 D:\wamp\www\gold\Application\Class\Category.class.php 第 38 行.
SQL: SELECT * FROM `my_category` ORDER BY `sort` asc,`id` asc  [ RunTime:0.000517s ]
SQL: SELECT COUNT(*) AS tp_count FROM `my_article` WHERE ( `category_id` IN ('3','44','45') ) LIMIT 1   [ RunTime:0.001158s ]
NOTIC: [2] urlencode() expects parameter 1 to be string, array given D:\wamp\www\gold\Application\Home\Controller\IndexController.class.php 第 64 行.
SQL: SELECT * FROM `my_article` WHERE ( `category_id` = 3 ) ORDER BY `sort` asc,`id` desc LIMIT 0,15   [ RunTime:0.000522s ]
SQL: SELECT `title` FROM `my_category` WHERE ( `id` = 3 ) LIMIT 1   [ RunTime:0.000324s ]
INFO: [ view_parse ] --START--
INFO: [ template_filter ] --START--
INFO: Run Behavior\ContentReplaceBehavior [ RunTime:0.000108s ]
INFO: [ template_filter ] --END-- [ RunTime:0.000256s ]
INFO: Run Behavior\ParseTemplateBehavior [ RunTime:0.020896s ]
INFO: [ view_parse ] --END-- [ RunTime:0.021067s ]
INFO: [ view_filter ] --START--
INFO: Run Behavior\WriteHtmlCacheBehavior [ RunTime:0.000932s ]
INFO: [ view_filter ] --END-- [ RunTime:0.001066s ]
INFO: [ app_end ] --START--
INFO: Run Behavior\ShowPageTraceBehavior [ RunTime:0.001037s ]
INFO: [ app_end ] --END-- [ RunTime:0.001154s ]

[ 2014-11-12T09:58:21+08:00 ] ::1 /gold/index.php/Home/Index/articleList/cid/3.html
INFO: [ app_init ] --START--
INFO: Run Behavior\BuildLiteBehavior [ RunTime:0.000071s ]
INFO: [ app_init ] --END-- [ RunTime:0.001340s ]
INFO: [ app_begin ] --START--
INFO: Run Behavior\ReadHtmlCacheBehavior [ RunTime:0.001245s ]
INFO: [ app_begin ] --END-- [ RunTime:0.001415s ]
SQL: SHOW COLUMNS FROM `my_category` [ RunTime:0.013291s ]
SQL: SELECT `id`,`title` FROM `my_category` ORDER BY `sort` asc,`id` asc LIMIT 15   [ RunTime:0.000562s ]
SQL: SELECT `id`,`pid`,`title` FROM `my_category` WHERE ( `id` = 3 ) LIMIT 1   [ RunTime:0.000392s ]
SQL: SELECT `id`,`title`,`pid`,`sort` FROM `my_category` WHERE ( `pid` = 3 ) ORDER BY `sort` asc  [ RunTime:0.000544s ]
SQL: SHOW COLUMNS FROM `my_article` [ RunTime:0.011941s ]
SQL: SHOW COLUMNS FROM `my_category` [ RunTime:0.006510s ]
NOTIC: [8] Undefined offset: 3 D:\wamp\www\gold\Application\Class\Category.class.php 第 38 行.
SQL: SELECT * FROM `my_category` ORDER BY `sort` asc,`id` asc  [ RunTime:0.000630s ]
SQL: SELECT COUNT(*) AS tp_count FROM `my_article` WHERE ( `category_id` IN ('3','44','45') ) LIMIT 1   [ RunTime:0.000616s ]
NOTIC: [2] urlencode() expects parameter 1 to be string, array given D:\wamp\www\gold\Application\Home\Controller\IndexController.class.php 第 64 行.
SQL: SELECT * FROM `my_article` WHERE ( `category_id` IN ('3','44','45') ) ORDER BY `sort` asc,`id` desc LIMIT 0,15   [ RunTime:0.008185s ]
SQL: SELECT `id`,`title` FROM `my_category` WHERE ( 1=1 AND id='45' ) LIMIT 1   [ RunTime:0.000309s ]
SQL: SELECT `id`,`title` FROM `my_category` WHERE ( 1=1 AND id='45' ) LIMIT 1   [ RunTime:0.000378s ]
SQL: SELECT `id`,`title` FROM `my_category` WHERE ( 1=1 AND id='45' ) LIMIT 1   [ RunTime:0.000327s ]
SQL: SELECT `id`,`title` FROM `my_category` WHERE ( 1=1 AND id='45' ) LIMIT 1   [ RunTime:0.000330s ]
SQL: SELECT `id`,`title` FROM `my_category` WHERE ( 1=1 AND id='45' ) LIMIT 1   [ RunTime:0.000478s ]
SQL: SELECT `id`,`title` FROM `my_category` WHERE ( 1=1 AND id='45' ) LIMIT 1   [ RunTime:0.000608s ]
SQL: SELECT `id`,`title` FROM `my_category` WHERE ( 1=1 AND id='45' ) LIMIT 1   [ RunTime:0.000472s ]
SQL: SELECT `id`,`title` FROM `my_category` WHERE ( 1=1 AND id='45' ) LIMIT 1   [ RunTime:0.000402s ]
SQL: SELECT `id`,`title` FROM `my_category` WHERE ( 1=1 AND id='45' ) LIMIT 1   [ RunTime:0.000621s ]
SQL: SELECT `id`,`title` FROM `my_category` WHERE ( 1=1 AND id='45' ) LIMIT 1   [ RunTime:0.000572s ]
SQL: SELECT `id`,`title` FROM `my_category` WHERE ( 1=1 AND id='45' ) LIMIT 1   [ RunTime:0.000427s ]
SQL: SELECT `id`,`title` FROM `my_category` WHERE ( 1=1 AND id='45' ) LIMIT 1   [ RunTime:0.000427s ]
SQL: SELECT `id`,`title` FROM `my_category` WHERE ( 1=1 AND id='45' ) LIMIT 1   [ RunTime:0.000341s ]
SQL: SELECT `id`,`title` FROM `my_category` WHERE ( 1=1 AND id='45' ) LIMIT 1   [ RunTime:0.000289s ]
SQL: SELECT `id`,`title` FROM `my_category` WHERE ( 1=1 AND id='45' ) LIMIT 1   [ RunTime:0.000371s ]
SQL: SELECT `title` FROM `my_category` WHERE ( `id` = 3 ) LIMIT 1   [ RunTime:0.000380s ]
INFO: [ view_parse ] --START--
INFO: [ template_filter ] --START--
INFO: Run Behavior\ContentReplaceBehavior [ RunTime:0.000099s ]
INFO: [ template_filter ] --END-- [ RunTime:0.000228s ]
INFO: Run Behavior\ParseTemplateBehavior [ RunTime:0.407680s ]
INFO: [ view_parse ] --END-- [ RunTime:0.407884s ]
INFO: [ view_filter ] --START--
INFO: Run Behavior\WriteHtmlCacheBehavior [ RunTime:0.000774s ]
INFO: [ view_filter ] --END-- [ RunTime:0.000913s ]
INFO: [ app_end ] --START--
INFO: Run Behavior\ShowPageTraceBehavior [ RunTime:0.000976s ]
INFO: [ app_end ] --END-- [ RunTime:0.001135s ]

[ 2014-11-12T10:31:17+08:00 ] ::1 /gold/index.php/Home/Index/articleList/cid/3.html
INFO: [ app_init ] --START--
INFO: Run Behavior\BuildLiteBehavior [ RunTime:0.000034s ]
INFO: [ app_init ] --END-- [ RunTime:0.001121s ]
INFO: [ app_begin ] --START--
INFO: Run Behavior\ReadHtmlCacheBehavior [ RunTime:0.001344s ]
INFO: [ app_begin ] --END-- [ RunTime:0.001527s ]
SQL: SHOW COLUMNS FROM `my_category` [ RunTime:0.061642s ]
SQL: SELECT `id`,`title` FROM `my_category` ORDER BY `sort` asc,`id` asc LIMIT 15   [ RunTime:0.001092s ]
SQL: SELECT `id`,`pid`,`title` FROM `my_category` WHERE ( `id` = 3 ) LIMIT 1   [ RunTime:0.000532s ]
SQL: SELECT `id`,`title`,`pid`,`sort` FROM `my_category` WHERE ( `pid` = 3 ) ORDER BY `sort` asc  [ RunTime:0.000542s ]
SQL: SHOW COLUMNS FROM `my_article` [ RunTime:0.010327s ]
SQL: SHOW COLUMNS FROM `my_category` [ RunTime:0.006941s ]
NOTIC: [8] Undefined offset: 3 D:\wamp\www\gold\Application\Class\Category.class.php 第 38 行.
SQL: SELECT * FROM `my_category` ORDER BY `sort` asc,`id` asc  [ RunTime:0.000648s ]
SQL: SELECT COUNT(*) AS tp_count FROM `my_article` WHERE ( `category_id` IN ('3','44','45') ) LIMIT 1   [ RunTime:0.000670s ]
NOTIC: [2] urlencode() expects parameter 1 to be string, array given D:\wamp\www\gold\Application\Home\Controller\IndexController.class.php 第 64 行.
SQL: SELECT * FROM `my_article` WHERE ( `category_id` IN ('3','44','45') ) ORDER BY `sort` asc,`id` desc LIMIT 0,15   [ RunTime:0.669107s ]
SQL: SELECT `id`,`title` FROM `my_category` WHERE ( 1=1 AND id='45' ) LIMIT 1   [ RunTime:0.000387s ]
SQL: SELECT `id`,`title` FROM `my_category` WHERE ( 1=1 AND id='45' ) LIMIT 1   [ RunTime:0.000321s ]
SQL: SELECT `id`,`title` FROM `my_category` WHERE ( 1=1 AND id='45' ) LIMIT 1   [ RunTime:0.000318s ]
SQL: SELECT `id`,`title` FROM `my_category` WHERE ( 1=1 AND id='45' ) LIMIT 1   [ RunTime:0.000279s ]
SQL: SELECT `id`,`title` FROM `my_category` WHERE ( 1=1 AND id='45' ) LIMIT 1   [ RunTime:0.000300s ]
SQL: SELECT `id`,`title` FROM `my_category` WHERE ( 1=1 AND id='45' ) LIMIT 1   [ RunTime:0.000344s ]
SQL: SELECT `id`,`title` FROM `my_category` WHERE ( 1=1 AND id='45' ) LIMIT 1   [ RunTime:0.000258s ]
SQL: SELECT `id`,`title` FROM `my_category` WHERE ( 1=1 AND id='45' ) LIMIT 1   [ RunTime:0.000250s ]
SQL: SELECT `id`,`title` FROM `my_category` WHERE ( 1=1 AND id='45' ) LIMIT 1   [ RunTime:0.000204s ]
SQL: SELECT `id`,`title` FROM `my_category` WHERE ( 1=1 AND id='45' ) LIMIT 1   [ RunTime:0.000197s ]
SQL: SELECT `id`,`title` FROM `my_category` WHERE ( 1=1 AND id='45' ) LIMIT 1   [ RunTime:0.000200s ]
SQL: SELECT `id`,`title` FROM `my_category` WHERE ( 1=1 AND id='45' ) LIMIT 1   [ RunTime:0.000188s ]
SQL: SELECT `id`,`title` FROM `my_category` WHERE ( 1=1 AND id='45' ) LIMIT 1   [ RunTime:0.000175s ]
SQL: SELECT `id`,`title` FROM `my_category` WHERE ( 1=1 AND id='45' ) LIMIT 1   [ RunTime:0.000217s ]
SQL: SELECT `id`,`title` FROM `my_category` WHERE ( 1=1 AND id='45' ) LIMIT 1   [ RunTime:0.000203s ]
SQL: SELECT `title` FROM `my_category` WHERE ( `id` = 3 ) LIMIT 1   [ RunTime:0.000190s ]
INFO: [ view_parse ] --START--
INFO: [ template_filter ] --START--
INFO: Run Behavior\ContentReplaceBehavior [ RunTime:0.000098s ]
INFO: [ template_filter ] --END-- [ RunTime:0.000252s ]
INFO: Run Behavior\ParseTemplateBehavior [ RunTime:0.240979s ]
INFO: [ view_parse ] --END-- [ RunTime:0.241109s ]
INFO: [ view_filter ] --START--
INFO: Run Behavior\WriteHtmlCacheBehavior [ RunTime:0.040966s ]
INFO: [ view_filter ] --END-- [ RunTime:0.041100s ]
INFO: [ app_end ] --START--
INFO: Run Behavior\ShowPageTraceBehavior [ RunTime:0.016382s ]
INFO: [ app_end ] --END-- [ RunTime:0.016509s ]

[ 2014-11-12T10:31:20+08:00 ] ::1 /gold/index.php/Home/Index/article/id/7771.html
INFO: [ app_init ] --START--
INFO: Run Behavior\BuildLiteBehavior [ RunTime:0.000031s ]
INFO: [ app_init ] --END-- [ RunTime:0.000660s ]
INFO: [ app_begin ] --START--
INFO: Run Behavior\ReadHtmlCacheBehavior [ RunTime:0.001068s ]
INFO: [ app_begin ] --END-- [ RunTime:0.001294s ]
SQL: SHOW COLUMNS FROM `my_category` [ RunTime:0.076298s ]
SQL: SELECT `id`,`title` FROM `my_category` ORDER BY `sort` asc,`id` asc LIMIT 15   [ RunTime:0.000570s ]
SQL: SHOW COLUMNS FROM `my_article` [ RunTime:0.009427s ]
SQL: SELECT `Category_id` FROM `my_article` WHERE ( `id` = 7771 ) LIMIT 1   [ RunTime:0.011348s ]
SQL: SELECT `id`,`pid`,`title` FROM `my_category` WHERE ( `id` = 45 ) LIMIT 1   [ RunTime:0.000370s ]
SQL: SELECT `id`,`title`,`pid`,`sort` FROM `my_category` WHERE ( `pid` = 45 ) ORDER BY `sort` asc  [ RunTime:0.000450s ]
SQL: SHOW COLUMNS FROM `my_article` [ RunTime:0.005203s ]
SQL: SELECT * FROM `my_article` WHERE ( `id` = 7771 ) LIMIT 1   [ RunTime:0.000717s ]
SQL: SHOW COLUMNS FROM `my_category` [ RunTime:0.006521s ]
SQL: SELECT `id`,`title` FROM `my_category` WHERE ( 1=1 AND id='45' ) LIMIT 1   [ RunTime:0.000344s ]
SQL: UPDATE `my_article` SET `click`=click+1 WHERE ( `id` = 7771 ) [ RunTime:0.028726s ]
INFO: [ view_parse ] --START--
INFO: [ template_filter ] --START--
INFO: Run Behavior\ContentReplaceBehavior [ RunTime:0.000095s ]
INFO: [ template_filter ] --END-- [ RunTime:0.000227s ]
INFO: Run Behavior\ParseTemplateBehavior [ RunTime:0.058662s ]
INFO: [ view_parse ] --END-- [ RunTime:0.058848s ]
INFO: [ view_filter ] --START--
INFO: Run Behavior\WriteHtmlCacheBehavior [ RunTime:0.000498s ]
INFO: [ view_filter ] --END-- [ RunTime:0.000594s ]
INFO: [ app_end ] --START--
INFO: Run Behavior\ShowPageTraceBehavior [ RunTime:0.000760s ]
INFO: [ app_end ] --END-- [ RunTime:0.000858s ]

[ 2014-11-12T11:04:06+08:00 ] ::1 /gold/index.php/Home/Index/articleList/cid/3.html
INFO: [ app_init ] --START--
INFO: Run Behavior\BuildLiteBehavior [ RunTime:0.000030s ]
INFO: [ app_init ] --END-- [ RunTime:0.000601s ]
INFO: [ app_begin ] --START--
INFO: Run Behavior\ReadHtmlCacheBehavior [ RunTime:0.000791s ]
INFO: [ app_begin ] --END-- [ RunTime:0.000922s ]
SQL: SHOW COLUMNS FROM `my_category` [ RunTime:0.015561s ]
SQL: SELECT `id`,`title` FROM `my_category` ORDER BY `sort` asc,`id` asc LIMIT 12   [ RunTime:0.000381s ]
SQL: SELECT `id`,`pid`,`title` FROM `my_category` WHERE ( `id` = 3 ) LIMIT 1   [ RunTime:0.000260s ]
SQL: SELECT `id`,`title`,`pid`,`sort` FROM `my_category` WHERE ( `pid` = 3 ) ORDER BY `sort` asc  [ RunTime:0.000265s ]
SQL: SHOW COLUMNS FROM `my_article` [ RunTime:0.038262s ]
SQL: SHOW COLUMNS FROM `my_category` [ RunTime:0.004617s ]
NOTIC: [8] Undefined offset: 3 D:\wamp\www\gold\Application\Class\Category.class.php 第 38 行.
SQL: SELECT * FROM `my_category` ORDER BY `sort` asc,`id` asc  [ RunTime:0.000447s ]
SQL: SELECT COUNT(*) AS tp_count FROM `my_article` WHERE ( `category_id` IN ('3','44','45') ) LIMIT 1   [ RunTime:0.000659s ]
NOTIC: [2] urlencode() expects parameter 1 to be string, array given D:\wamp\www\gold\Application\Home\Controller\IndexController.class.php 第 64 行.
SQL: SELECT * FROM `my_article` WHERE ( `category_id` IN ('3','44','45') ) ORDER BY `sort` asc,`id` desc LIMIT 0,15   [ RunTime:0.009096s ]
SQL: SELECT `id`,`title` FROM `my_category` WHERE ( 1=1 AND id='45' ) LIMIT 1   [ RunTime:0.000357s ]
SQL: SELECT `id`,`title` FROM `my_category` WHERE ( 1=1 AND id='45' ) LIMIT 1   [ RunTime:0.000292s ]
SQL: SELECT `id`,`title` FROM `my_category` WHERE ( 1=1 AND id='45' ) LIMIT 1   [ RunTime:0.000286s ]
SQL: SELECT `id`,`title` FROM `my_category` WHERE ( 1=1 AND id='45' ) LIMIT 1   [ RunTime:0.000342s ]
SQL: SELECT `id`,`title` FROM `my_category` WHERE ( 1=1 AND id='45' ) LIMIT 1   [ RunTime:0.000171s ]
SQL: SELECT `id`,`title` FROM `my_category` WHERE ( 1=1 AND id='45' ) LIMIT 1   [ RunTime:0.000148s ]
SQL: SELECT `id`,`title` FROM `my_category` WHERE ( 1=1 AND id='45' ) LIMIT 1   [ RunTime:0.000143s ]
SQL: SELECT `id`,`title` FROM `my_category` WHERE ( 1=1 AND id='45' ) LIMIT 1   [ RunTime:0.000140s ]
SQL: SELECT `id`,`title` FROM `my_category` WHERE ( 1=1 AND id='45' ) LIMIT 1   [ RunTime:0.000139s ]
SQL: SELECT `id`,`title` FROM `my_category` WHERE ( 1=1 AND id='45' ) LIMIT 1   [ RunTime:0.000153s ]
SQL: SELECT `id`,`title` FROM `my_category` WHERE ( 1=1 AND id='45' ) LIMIT 1   [ RunTime:0.000141s ]
SQL: SELECT `id`,`title` FROM `my_category` WHERE ( 1=1 AND id='45' ) LIMIT 1   [ RunTime:0.000142s ]
SQL: SELECT `id`,`title` FROM `my_category` WHERE ( 1=1 AND id='45' ) LIMIT 1   [ RunTime:0.000149s ]
SQL: SELECT `id`,`title` FROM `my_category` WHERE ( 1=1 AND id='45' ) LIMIT 1   [ RunTime:0.000139s ]
SQL: SELECT `id`,`title` FROM `my_category` WHERE ( 1=1 AND id='45' ) LIMIT 1   [ RunTime:0.000201s ]
SQL: SELECT `title` FROM `my_category` WHERE ( `id` = 3 ) LIMIT 1   [ RunTime:0.000157s ]
INFO: [ view_parse ] --START--
INFO: [ template_filter ] --START--
INFO: Run Behavior\ContentReplaceBehavior [ RunTime:0.000156s ]
INFO: [ template_filter ] --END-- [ RunTime:0.000384s ]
INFO: Run Behavior\ParseTemplateBehavior [ RunTime:0.058433s ]
INFO: [ view_parse ] --END-- [ RunTime:0.058611s ]
INFO: [ view_filter ] --START--
INFO: Run Behavior\WriteHtmlCacheBehavior [ RunTime:0.001093s ]
INFO: [ view_filter ] --END-- [ RunTime:0.001291s ]
INFO: [ app_end ] --START--
INFO: Run Behavior\ShowPageTraceBehavior [ RunTime:0.002397s ]
INFO: [ app_end ] --END-- [ RunTime:0.002585s ]

[ 2014-11-12T11:05:01+08:00 ] ::1 /gold/index.php/Home/Index/articleList/cid/3.html
INFO: [ app_init ] --START--
INFO: Run Behavior\BuildLiteBehavior [ RunTime:0.000039s ]
INFO: [ app_init ] --END-- [ RunTime:0.000794s ]
INFO: [ app_begin ] --START--
INFO: Run Behavior\ReadHtmlCacheBehavior [ RunTime:0.000804s ]
INFO: [ app_begin ] --END-- [ RunTime:0.000949s ]
SQL: SHOW COLUMNS FROM `my_category` [ RunTime:0.008693s ]
SQL: SELECT `id`,`title` FROM `my_category` ORDER BY `sort` asc,`id` asc LIMIT 12   [ RunTime:0.000723s ]
SQL: SELECT `id`,`pid`,`title` FROM `my_category` WHERE ( `id` = 3 ) LIMIT 1   [ RunTime:0.001021s ]
SQL: SELECT `id`,`title`,`pid`,`sort` FROM `my_category` WHERE ( `pid` = 3 ) ORDER BY `sort` asc  [ RunTime:0.001156s ]
SQL: SHOW COLUMNS FROM `my_article` [ RunTime:0.007942s ]
SQL: SHOW COLUMNS FROM `my_category` [ RunTime:0.004639s ]
NOTIC: [8] Undefined offset: 3 D:\wamp\www\gold\Application\Class\Category.class.php 第 38 行.
SQL: SELECT * FROM `my_category` ORDER BY `sort` asc,`id` asc  [ RunTime:0.000553s ]
SQL: SELECT COUNT(*) AS tp_count FROM `my_article` WHERE ( `category_id` IN ('3','44','45') ) LIMIT 1   [ RunTime:0.001128s ]
NOTIC: [2] urlencode() expects parameter 1 to be string, array given D:\wamp\www\gold\Application\Home\Controller\IndexController.class.php 第 64 行.
SQL: SELECT * FROM `my_article` WHERE ( `category_id` IN ('3','44','45') ) ORDER BY `sort` asc,`id` desc LIMIT 0,15   [ RunTime:0.010840s ]
SQL: SELECT `id`,`title` FROM `my_category` WHERE ( 1=1 AND id='45' ) LIMIT 1   [ RunTime:0.000278s ]
SQL: SELECT `id`,`title` FROM `my_category` WHERE ( 1=1 AND id='45' ) LIMIT 1   [ RunTime:0.000190s ]
SQL: SELECT `id`,`title` FROM `my_category` WHERE ( 1=1 AND id='45' ) LIMIT 1   [ RunTime:0.000181s ]
SQL: SELECT `id`,`title` FROM `my_category` WHERE ( 1=1 AND id='45' ) LIMIT 1   [ RunTime:0.000179s ]
SQL: SELECT `id`,`title` FROM `my_category` WHERE ( 1=1 AND id='45' ) LIMIT 1   [ RunTime:0.000179s ]
SQL: SELECT `id`,`title` FROM `my_category` WHERE ( 1=1 AND id='45' ) LIMIT 1   [ RunTime:0.000178s ]
SQL: SELECT `id`,`title` FROM `my_category` WHERE ( 1=1 AND id='45' ) LIMIT 1   [ RunTime:0.000184s ]
SQL: SELECT `id`,`title` FROM `my_category` WHERE ( 1=1 AND id='45' ) LIMIT 1   [ RunTime:0.000265s ]
SQL: SELECT `id`,`title` FROM `my_category` WHERE ( 1=1 AND id='45' ) LIMIT 1   [ RunTime:0.000350s ]
SQL: SELECT `id`,`title` FROM `my_category` WHERE ( 1=1 AND id='45' ) LIMIT 1   [ RunTime:0.000239s ]
SQL: SELECT `id`,`title` FROM `my_category` WHERE ( 1=1 AND id='45' ) LIMIT 1   [ RunTime:0.000229s ]
SQL: SELECT `id`,`title` FROM `my_category` WHERE ( 1=1 AND id='45' ) LIMIT 1   [ RunTime:0.000244s ]
SQL: SELECT `id`,`title` FROM `my_category` WHERE ( 1=1 AND id='45' ) LIMIT 1   [ RunTime:0.000237s ]
SQL: SELECT `id`,`title` FROM `my_category` WHERE ( 1=1 AND id='45' ) LIMIT 1   [ RunTime:0.000671s ]
SQL: SELECT `id`,`title` FROM `my_category` WHERE ( 1=1 AND id='45' ) LIMIT 1   [ RunTime:0.000560s ]
SQL: SELECT `title` FROM `my_category` WHERE ( `id` = 3 ) LIMIT 1   [ RunTime:0.000566s ]
INFO: [ view_parse ] --START--
INFO: [ template_filter ] --START--
INFO: Run Behavior\ContentReplaceBehavior [ RunTime:0.000101s ]
INFO: [ template_filter ] --END-- [ RunTime:0.000231s ]
INFO: Run Behavior\ParseTemplateBehavior [ RunTime:0.024953s ]
INFO: [ view_parse ] --END-- [ RunTime:0.025101s ]
INFO: [ view_filter ] --START--
INFO: Run Behavior\WriteHtmlCacheBehavior [ RunTime:0.000581s ]
INFO: [ view_filter ] --END-- [ RunTime:0.000687s ]
INFO: [ app_end ] --START--
INFO: Run Behavior\ShowPageTraceBehavior [ RunTime:0.001080s ]
INFO: [ app_end ] --END-- [ RunTime:0.001236s ]

[ 2014-11-12T11:05:13+08:00 ] ::1 /gold/index.php/Home/Index/articleList/cid/3.html
INFO: [ app_init ] --START--
INFO: Run Behavior\BuildLiteBehavior [ RunTime:0.000042s ]
INFO: [ app_init ] --END-- [ RunTime:0.000750s ]
INFO: [ app_begin ] --START--
INFO: Run Behavior\ReadHtmlCacheBehavior [ RunTime:0.001145s ]
INFO: [ app_begin ] --END-- [ RunTime:0.001388s ]
SQL: SHOW COLUMNS FROM `my_category` [ RunTime:0.031964s ]
SQL: SELECT `id`,`title` FROM `my_category` ORDER BY `sort` asc,`id` asc LIMIT 12   [ RunTime:0.000363s ]
SQL: SELECT `id`,`pid`,`title` FROM `my_category` WHERE ( `id` = 3 ) LIMIT 1   [ RunTime:0.000233s ]
SQL: SELECT `id`,`title`,`pid`,`sort` FROM `my_category` WHERE ( `pid` = 3 ) ORDER BY `sort` asc  [ RunTime:0.000275s ]
SQL: SHOW COLUMNS FROM `my_article` [ RunTime:0.011086s ]
SQL: SHOW COLUMNS FROM `my_category` [ RunTime:0.007432s ]
NOTIC: [8] Undefined offset: 3 D:\wamp\www\gold\Application\Class\Category.class.php 第 38 行.
SQL: SELECT * FROM `my_category` ORDER BY `sort` asc,`id` asc  [ RunTime:0.000510s ]
SQL: SELECT COUNT(*) AS tp_count FROM `my_article` WHERE ( `category_id` IN ('3','44','45') ) LIMIT 1   [ RunTime:0.000531s ]
NOTIC: [2] urlencode() expects parameter 1 to be string, array given D:\wamp\www\gold\Application\Home\Controller\IndexController.class.php 第 64 行.
SQL: SELECT * FROM `my_article` WHERE ( `category_id` IN ('3','44','45') ) ORDER BY `sort` asc,`id` desc LIMIT 0,15   [ RunTime:0.008145s ]
SQL: SELECT `id`,`title` FROM `my_category` WHERE ( 1=1 AND id='45' ) LIMIT 1   [ RunTime:0.000429s ]
SQL: SELECT `id`,`title` FROM `my_category` WHERE ( 1=1 AND id='45' ) LIMIT 1   [ RunTime:0.000409s ]
SQL: SELECT `id`,`title` FROM `my_category` WHERE ( 1=1 AND id='45' ) LIMIT 1   [ RunTime:0.000399s ]
SQL: SELECT `id`,`title` FROM `my_category` WHERE ( 1=1 AND id='45' ) LIMIT 1   [ RunTime:0.000776s ]
SQL: SELECT `id`,`title` FROM `my_category` WHERE ( 1=1 AND id='45' ) LIMIT 1   [ RunTime:0.000512s ]
SQL: SELECT `id`,`title` FROM `my_category` WHERE ( 1=1 AND id='45' ) LIMIT 1   [ RunTime:0.001110s ]
SQL: SELECT `id`,`title` FROM `my_category` WHERE ( 1=1 AND id='45' ) LIMIT 1   [ RunTime:0.000399s ]
SQL: SELECT `id`,`title` FROM `my_category` WHERE ( 1=1 AND id='45' ) LIMIT 1   [ RunTime:0.000316s ]
SQL: SELECT `id`,`title` FROM `my_category` WHERE ( 1=1 AND id='45' ) LIMIT 1   [ RunTime:0.000306s ]
SQL: SELECT `id`,`title` FROM `my_category` WHERE ( 1=1 AND id='45' ) LIMIT 1   [ RunTime:0.000296s ]
SQL: SELECT `id`,`title` FROM `my_category` WHERE ( 1=1 AND id='45' ) LIMIT 1   [ RunTime:0.000284s ]
SQL: SELECT `id`,`title` FROM `my_category` WHERE ( 1=1 AND id='45' ) LIMIT 1   [ RunTime:0.000345s ]
SQL: SELECT `id`,`title` FROM `my_category` WHERE ( 1=1 AND id='45' ) LIMIT 1   [ RunTime:0.000363s ]
SQL: SELECT `id`,`title` FROM `my_category` WHERE ( 1=1 AND id='45' ) LIMIT 1   [ RunTime:0.000322s ]
SQL: SELECT `id`,`title` FROM `my_category` WHERE ( 1=1 AND id='45' ) LIMIT 1   [ RunTime:0.000383s ]
SQL: SELECT `title` FROM `my_category` WHERE ( `id` = 3 ) LIMIT 1   [ RunTime:0.000253s ]
INFO: [ view_parse ] --START--
INFO: [ template_filter ] --START--
INFO: Run Behavior\ContentReplaceBehavior [ RunTime:0.000095s ]
INFO: [ template_filter ] --END-- [ RunTime:0.000214s ]
INFO: Run Behavior\ParseTemplateBehavior [ RunTime:0.019557s ]
INFO: [ view_parse ] --END-- [ RunTime:0.019680s ]
INFO: [ view_filter ] --START--
INFO: Run Behavior\WriteHtmlCacheBehavior [ RunTime:0.000481s ]
INFO: [ view_filter ] --END-- [ RunTime:0.000576s ]
INFO: [ app_end ] --START--
INFO: Run Behavior\ShowPageTraceBehavior [ RunTime:0.000733s ]
INFO: [ app_end ] --END-- [ RunTime:0.000831s ]

[ 2014-11-12T11:05:33+08:00 ] ::1 /gold/index.php/Home/Index/articleList/cid/3.html
INFO: [ app_init ] --START--
INFO: Run Behavior\BuildLiteBehavior [ RunTime:0.000034s ]
INFO: [ app_init ] --END-- [ RunTime:0.000617s ]
INFO: [ app_begin ] --START--
INFO: Run Behavior\ReadHtmlCacheBehavior [ RunTime:0.001434s ]
INFO: [ app_begin ] --END-- [ RunTime:0.001629s ]
SQL: SHOW COLUMNS FROM `my_category` [ RunTime:0.008605s ]
SQL: SELECT `id`,`title` FROM `my_category` ORDER BY `sort` asc,`id` asc LIMIT 12   [ RunTime:0.000461s ]
SQL: SELECT `id`,`pid`,`title` FROM `my_category` WHERE ( `id` = 3 ) LIMIT 1   [ RunTime:0.000286s ]
SQL: SELECT `id`,`title`,`pid`,`sort` FROM `my_category` WHERE ( `pid` = 3 ) ORDER BY `sort` asc  [ RunTime:0.000346s ]
SQL: SHOW COLUMNS FROM `my_article` [ RunTime:0.010321s ]
SQL: SHOW COLUMNS FROM `my_category` [ RunTime:0.007150s ]
NOTIC: [8] Undefined offset: 3 D:\wamp\www\gold\Application\Class\Category.class.php 第 38 行.
SQL: SELECT * FROM `my_category` ORDER BY `sort` asc,`id` asc  [ RunTime:0.000660s ]
SQL: SELECT COUNT(*) AS tp_count FROM `my_article` WHERE ( `category_id` IN ('3','44','45') ) LIMIT 1   [ RunTime:0.001007s ]
NOTIC: [2] urlencode() expects parameter 1 to be string, array given D:\wamp\www\gold\Application\Home\Controller\IndexController.class.php 第 64 行.
SQL: SELECT * FROM `my_article` WHERE ( `category_id` IN ('3','44','45') ) ORDER BY `sort` asc,`id` desc LIMIT 0,15   [ RunTime:0.012711s ]
SQL: SELECT `id`,`title` FROM `my_category` WHERE ( 1=1 AND id='45' ) LIMIT 1   [ RunTime:0.001051s ]
SQL: SELECT `id`,`title` FROM `my_category` WHERE ( 1=1 AND id='45' ) LIMIT 1   [ RunTime:0.000387s ]
SQL: SELECT `id`,`title` FROM `my_category` WHERE ( 1=1 AND id='45' ) LIMIT 1   [ RunTime:0.000295s ]
SQL: SELECT `id`,`title` FROM `my_category` WHERE ( 1=1 AND id='45' ) LIMIT 1   [ RunTime:0.000306s ]
SQL: SELECT `id`,`title` FROM `my_category` WHERE ( 1=1 AND id='45' ) LIMIT 1   [ RunTime:0.000559s ]
SQL: SELECT `id`,`title` FROM `my_category` WHERE ( 1=1 AND id='45' ) LIMIT 1   [ RunTime:0.000735s ]
SQL: SELECT `id`,`title` FROM `my_category` WHERE ( 1=1 AND id='45' ) LIMIT 1   [ RunTime:0.000500s ]
SQL: SELECT `id`,`title` FROM `my_category` WHERE ( 1=1 AND id='45' ) LIMIT 1   [ RunTime:0.000893s ]
SQL: SELECT `id`,`title` FROM `my_category` WHERE ( 1=1 AND id='45' ) LIMIT 1   [ RunTime:0.000485s ]
SQL: SELECT `id`,`title` FROM `my_category` WHERE ( 1=1 AND id='45' ) LIMIT 1   [ RunTime:0.000678s ]
SQL: SELECT `id`,`title` FROM `my_category` WHERE ( 1=1 AND id='45' ) LIMIT 1   [ RunTime:0.000544s ]
SQL: SELECT `id`,`title` FROM `my_category` WHERE ( 1=1 AND id='45' ) LIMIT 1   [ RunTime:0.000708s ]
SQL: SELECT `id`,`title` FROM `my_category` WHERE ( 1=1 AND id='45' ) LIMIT 1   [ RunTime:0.000447s ]
SQL: SELECT `id`,`title` FROM `my_category` WHERE ( 1=1 AND id='45' ) LIMIT 1   [ RunTime:0.000319s ]
SQL: SELECT `id`,`title` FROM `my_category` WHERE ( 1=1 AND id='45' ) LIMIT 1   [ RunTime:0.000242s ]
SQL: SELECT `title` FROM `my_category` WHERE ( `id` = 3 ) LIMIT 1   [ RunTime:0.000203s ]
INFO: [ view_parse ] --START--
INFO: [ template_filter ] --START--
INFO: Run Behavior\ContentReplaceBehavior [ RunTime:0.000108s ]
INFO: [ template_filter ] --END-- [ RunTime:0.000264s ]
INFO: Run Behavior\ParseTemplateBehavior [ RunTime:0.029974s ]
INFO: [ view_parse ] --END-- [ RunTime:0.030131s ]
INFO: [ view_filter ] --START--
INFO: Run Behavior\WriteHtmlCacheBehavior [ RunTime:0.000740s ]
INFO: [ view_filter ] --END-- [ RunTime:0.000872s ]
INFO: [ app_end ] --START--
INFO: Run Behavior\ShowPageTraceBehavior [ RunTime:0.000885s ]
INFO: [ app_end ] --END-- [ RunTime:0.000986s ]

[ 2014-11-12T14:56:45+08:00 ] ::1 /gold/
INFO: [ app_init ] --START--
INFO: Run Behavior\BuildLiteBehavior [ RunTime:0.000066s ]
INFO: [ app_init ] --END-- [ RunTime:0.001814s ]
INFO: [ app_begin ] --START--
INFO: Run Behavior\ReadHtmlCacheBehavior [ RunTime:0.012009s ]
INFO: [ app_begin ] --END-- [ RunTime:0.012152s ]
SQL: SHOW COLUMNS FROM `my_category` [ RunTime:0.054872s ]
SQL: SELECT `id`,`title` FROM `my_category` ORDER BY `sort` asc,`id` asc LIMIT 12   [ RunTime:0.010077s ]
NOTIC: [8] Undefined variable: cid D:\wamp\www\gold\Application\Home\Controller\CommonController.class.php 第 29 行.
SQL: SELECT `id`,`pid`,`title` FROM `my_category` WHERE ( `id` = null ) LIMIT 1   [ RunTime:0.000693s ]
NOTIC: [8] Undefined variable: cid D:\wamp\www\gold\Application\Home\Controller\CommonController.class.php 第 34 行.
SQL: SELECT `id`,`title`,`pid`,`sort` FROM `my_category` WHERE ( `pid` = null ) ORDER BY `sort` asc  [ RunTime:0.001025s ]
SQL: SHOW COLUMNS FROM `my_article` [ RunTime:0.010537s ]
SQL: SELECT `id`,`pid`,`title` FROM `my_category` WHERE ( `pid` = 0 ) ORDER BY `sort` asc,`id` asc  [ RunTime:0.000512s ]
SQL: SHOW COLUMNS FROM `my_category` [ RunTime:0.004698s ]
NOTIC: [8] Undefined offset: 3 D:\wamp\www\gold\Application\Class\Category.class.php 第 38 行.
SQL: SELECT * FROM `my_category` ORDER BY `sort` asc,`id` asc  [ RunTime:0.000718s ]
SQL: SELECT * FROM `my_article` WHERE ( `category_id` IN ('1','29','30','31','32') ) LIMIT 5   [ RunTime:0.037699s ]
SQL: SELECT * FROM `my_article` WHERE ( `category_id` IN ('2','33','34','35','36','37','38','39','40','41','42') ) LIMIT 5   [ RunTime:0.004526s ]
SQL: SELECT * FROM `my_article` WHERE ( `category_id` IN ('3','44','45') ) LIMIT 5   [ RunTime:0.027461s ]
SQL: SELECT * FROM `my_article` WHERE ( `category_id` IN ('4','46','47') ) LIMIT 5   [ RunTime:0.000929s ]
SQL: SELECT * FROM `my_article` WHERE ( `category_id` IN ('5','48','49') ) LIMIT 5   [ RunTime:0.010558s ]
SQL: SELECT * FROM `my_article` WHERE ( `category_id` IN ('6') ) LIMIT 5   [ RunTime:0.010566s ]
SQL: SELECT * FROM `my_article` WHERE ( `category_id` IN ('7') ) LIMIT 5   [ RunTime:0.025619s ]
SQL: SELECT * FROM `my_article` WHERE ( `category_id` IN ('8','50','51') ) LIMIT 5   [ RunTime:0.000978s ]
SQL: SELECT * FROM `my_article` WHERE ( `category_id` IN ('9') ) LIMIT 5   [ RunTime:0.007624s ]
SQL: SELECT * FROM `my_article` WHERE ( `category_id` IN ('10') ) LIMIT 5   [ RunTime:0.018918s ]
SQL: SELECT * FROM `my_article` WHERE ( `category_id` IN ('11') ) LIMIT 5   [ RunTime:0.007623s ]
SQL: SELECT * FROM `my_article` WHERE ( `category_id` IN ('12') ) LIMIT 5   [ RunTime:0.010894s ]
SQL: SELECT * FROM `my_article` WHERE ( `category_id` IN ('13') ) LIMIT 5   [ RunTime:0.017769s ]
INFO: [ view_parse ] --START--
INFO: [ template_filter ] --START--
INFO: Run Behavior\ContentReplaceBehavior [ RunTime:0.000163s ]
INFO: [ template_filter ] --END-- [ RunTime:0.000355s ]
INFO: Run Behavior\ParseTemplateBehavior [ RunTime:0.144529s ]
INFO: [ view_parse ] --END-- [ RunTime:0.144742s ]
INFO: [ view_filter ] --START--
INFO: Run Behavior\WriteHtmlCacheBehavior [ RunTime:0.005899s ]
INFO: [ view_filter ] --END-- [ RunTime:0.006019s ]
INFO: [ app_end ] --START--
INFO: Run Behavior\ShowPageTraceBehavior [ RunTime:0.016525s ]
INFO: [ app_end ] --END-- [ RunTime:0.016656s ]

[ 2014-11-12T14:56:48+08:00 ] ::1 /gold/
INFO: [ app_init ] --START--
INFO: Run Behavior\BuildLiteBehavior [ RunTime:0.000029s ]
INFO: [ app_init ] --END-- [ RunTime:0.000510s ]
INFO: [ app_begin ] --START--
INFO: Run Behavior\ReadHtmlCacheBehavior [ RunTime:0.000884s ]
INFO: [ app_begin ] --END-- [ RunTime:0.001023s ]
SQL: SHOW COLUMNS FROM `my_category` [ RunTime:0.008776s ]
SQL: SELECT `id`,`title` FROM `my_category` ORDER BY `sort` asc,`id` asc LIMIT 12   [ RunTime:0.000434s ]
NOTIC: [8] Undefined variable: cid D:\wamp\www\gold\Application\Home\Controller\CommonController.class.php 第 29 行.
SQL: SELECT `id`,`pid`,`title` FROM `my_category` WHERE ( `id` = null ) LIMIT 1   [ RunTime:0.000288s ]
NOTIC: [8] Undefined variable: cid D:\wamp\www\gold\Application\Home\Controller\CommonController.class.php 第 34 行.
SQL: SELECT `id`,`title`,`pid`,`sort` FROM `my_category` WHERE ( `pid` = null ) ORDER BY `sort` asc  [ RunTime:0.000279s ]
SQL: SHOW COLUMNS FROM `my_article` [ RunTime:0.006524s ]
SQL: SELECT `id`,`pid`,`title` FROM `my_category` WHERE ( `pid` = 0 ) ORDER BY `sort` asc,`id` asc  [ RunTime:0.000393s ]
SQL: SHOW COLUMNS FROM `my_category` [ RunTime:0.006539s ]
NOTIC: [8] Undefined offset: 3 D:\wamp\www\gold\Application\Class\Category.class.php 第 38 行.
SQL: SELECT * FROM `my_category` ORDER BY `sort` asc,`id` asc  [ RunTime:0.000998s ]
SQL: SELECT * FROM `my_article` WHERE ( `category_id` IN ('1','29','30','31','32') ) LIMIT 5   [ RunTime:0.000753s ]
SQL: SELECT * FROM `my_article` WHERE ( `category_id` IN ('2','33','34','35','36','37','38','39','40','41','42') ) LIMIT 5   [ RunTime:0.000476s ]
SQL: SELECT * FROM `my_article` WHERE ( `category_id` IN ('3','44','45') ) LIMIT 5   [ RunTime:0.000447s ]
SQL: SELECT * FROM `my_article` WHERE ( `category_id` IN ('4','46','47') ) LIMIT 5   [ RunTime:0.000485s ]
SQL: SELECT * FROM `my_article` WHERE ( `category_id` IN ('5','48','49') ) LIMIT 5   [ RunTime:0.000445s ]
SQL: SELECT * FROM `my_article` WHERE ( `category_id` IN ('6') ) LIMIT 5   [ RunTime:0.000387s ]
SQL: SELECT * FROM `my_article` WHERE ( `category_id` IN ('7') ) LIMIT 5   [ RunTime:0.000470s ]
SQL: SELECT * FROM `my_article` WHERE ( `category_id` IN ('8','50','51') ) LIMIT 5   [ RunTime:0.000530s ]
SQL: SELECT * FROM `my_article` WHERE ( `category_id` IN ('9') ) LIMIT 5   [ RunTime:0.000686s ]
SQL: SELECT * FROM `my_article` WHERE ( `category_id` IN ('10') ) LIMIT 5   [ RunTime:0.000404s ]
SQL: SELECT * FROM `my_article` WHERE ( `category_id` IN ('11') ) LIMIT 5   [ RunTime:0.000302s ]
SQL: SELECT * FROM `my_article` WHERE ( `category_id` IN ('12') ) LIMIT 5   [ RunTime:0.000303s ]
SQL: SELECT * FROM `my_article` WHERE ( `category_id` IN ('13') ) LIMIT 5   [ RunTime:0.000338s ]
INFO: [ view_parse ] --START--
INFO: [ template_filter ] --START--
INFO: Run Behavior\ContentReplaceBehavior [ RunTime:0.000098s ]
INFO: [ template_filter ] --END-- [ RunTime:0.000226s ]
INFO: Run Behavior\ParseTemplateBehavior [ RunTime:0.041051s ]
INFO: [ view_parse ] --END-- [ RunTime:0.041194s ]
INFO: [ view_filter ] --START--
INFO: Run Behavior\WriteHtmlCacheBehavior [ RunTime:0.000540s ]
INFO: [ view_filter ] --END-- [ RunTime:0.000639s ]
INFO: [ app_end ] --START--
INFO: Run Behavior\ShowPageTraceBehavior [ RunTime:0.000755s ]
INFO: [ app_end ] --END-- [ RunTime:0.000860s ]

[ 2014-11-12T14:56:52+08:00 ] ::1 /gold/index.php/Home/Index/article/id/28.html
INFO: [ app_init ] --START--
INFO: Run Behavior\BuildLiteBehavior [ RunTime:0.000030s ]
INFO: [ app_init ] --END-- [ RunTime:0.000600s ]
INFO: [ app_begin ] --START--
INFO: Run Behavior\ReadHtmlCacheBehavior [ RunTime:0.001451s ]
INFO: [ app_begin ] --END-- [ RunTime:0.001669s ]
SQL: SHOW COLUMNS FROM `my_category` [ RunTime:0.008196s ]
SQL: SELECT `id`,`title` FROM `my_category` ORDER BY `sort` asc,`id` asc LIMIT 12   [ RunTime:0.000402s ]
SQL: SHOW COLUMNS FROM `my_article` [ RunTime:0.007933s ]
SQL: SELECT `Category_id` FROM `my_article` WHERE ( `id` = 28 ) LIMIT 1   [ RunTime:0.010692s ]
SQL: SELECT `id`,`pid`,`title` FROM `my_category` WHERE ( `id` = 1 ) LIMIT 1   [ RunTime:0.000289s ]
SQL: SELECT `id`,`title`,`pid`,`sort` FROM `my_category` WHERE ( `pid` = 1 ) ORDER BY `sort` asc  [ RunTime:0.000254s ]
SQL: SHOW COLUMNS FROM `my_article` [ RunTime:0.005552s ]
SQL: SELECT * FROM `my_article` WHERE ( `id` = 28 ) LIMIT 1   [ RunTime:0.000376s ]
SQL: SHOW COLUMNS FROM `my_category` [ RunTime:0.004575s ]
SQL: SELECT `id`,`title` FROM `my_category` WHERE ( 1=1 AND id='1' ) LIMIT 1   [ RunTime:0.000319s ]
SQL: UPDATE `my_article` SET `click`=click+1 WHERE ( `id` = 28 ) [ RunTime:0.146473s ]
INFO: [ view_parse ] --START--
INFO: [ template_filter ] --START--
INFO: Run Behavior\ContentReplaceBehavior [ RunTime:0.000188s ]
INFO: [ template_filter ] --END-- [ RunTime:0.000420s ]
INFO: Run Behavior\ParseTemplateBehavior [ RunTime:0.075201s ]
INFO: [ view_parse ] --END-- [ RunTime:0.075456s ]
INFO: [ view_filter ] --START--
INFO: Run Behavior\WriteHtmlCacheBehavior [ RunTime:0.000629s ]
INFO: [ view_filter ] --END-- [ RunTime:0.000731s ]
INFO: [ app_end ] --START--
INFO: Run Behavior\ShowPageTraceBehavior [ RunTime:0.000829s ]
INFO: [ app_end ] --END-- [ RunTime:0.000943s ]

[ 2014-11-12T14:56:54+08:00 ] ::1 /gold/
INFO: [ app_init ] --START--
INFO: Run Behavior\BuildLiteBehavior [ RunTime:0.000029s ]
INFO: [ app_init ] --END-- [ RunTime:0.000499s ]
INFO: [ app_begin ] --START--
INFO: Run Behavior\ReadHtmlCacheBehavior [ RunTime:0.000814s ]
INFO: [ app_begin ] --END-- [ RunTime:0.000935s ]
SQL: SHOW COLUMNS FROM `my_category` [ RunTime:0.017909s ]
SQL: SELECT `id`,`title` FROM `my_category` ORDER BY `sort` asc,`id` asc LIMIT 12   [ RunTime:0.000521s ]
NOTIC: [8] Undefined variable: cid D:\wamp\www\gold\Application\Home\Controller\CommonController.class.php 第 29 行.
SQL: SELECT `id`,`pid`,`title` FROM `my_category` WHERE ( `id` = null ) LIMIT 1   [ RunTime:0.000400s ]
NOTIC: [8] Undefined variable: cid D:\wamp\www\gold\Application\Home\Controller\CommonController.class.php 第 34 行.
SQL: SELECT `id`,`title`,`pid`,`sort` FROM `my_category` WHERE ( `pid` = null ) ORDER BY `sort` asc  [ RunTime:0.000502s ]
SQL: SHOW COLUMNS FROM `my_article` [ RunTime:0.008566s ]
SQL: SELECT `id`,`pid`,`title` FROM `my_category` WHERE ( `pid` = 0 ) ORDER BY `sort` asc,`id` asc  [ RunTime:0.000382s ]
SQL: SHOW COLUMNS FROM `my_category` [ RunTime:0.004958s ]
NOTIC: [8] Undefined offset: 3 D:\wamp\www\gold\Application\Class\Category.class.php 第 38 行.
SQL: SELECT * FROM `my_category` ORDER BY `sort` asc,`id` asc  [ RunTime:0.000820s ]
SQL: SELECT * FROM `my_article` WHERE ( `category_id` IN ('1','29','30','31','32') ) LIMIT 5   [ RunTime:0.000561s ]
SQL: SELECT * FROM `my_article` WHERE ( `category_id` IN ('2','33','34','35','36','37','38','39','40','41','42') ) LIMIT 5   [ RunTime:0.000345s ]
SQL: SELECT * FROM `my_article` WHERE ( `category_id` IN ('3','44','45') ) LIMIT 5   [ RunTime:0.000328s ]
SQL: SELECT * FROM `my_article` WHERE ( `category_id` IN ('4','46','47') ) LIMIT 5   [ RunTime:0.000328s ]
SQL: SELECT * FROM `my_article` WHERE ( `category_id` IN ('5','48','49') ) LIMIT 5   [ RunTime:0.000479s ]
SQL: SELECT * FROM `my_article` WHERE ( `category_id` IN ('6') ) LIMIT 5   [ RunTime:0.000416s ]
SQL: SELECT * FROM `my_article` WHERE ( `category_id` IN ('7') ) LIMIT 5   [ RunTime:0.000391s ]
SQL: SELECT * FROM `my_article` WHERE ( `category_id` IN ('8','50','51') ) LIMIT 5   [ RunTime:0.000409s ]
SQL: SELECT * FROM `my_article` WHERE ( `category_id` IN ('9') ) LIMIT 5   [ RunTime:0.000972s ]
SQL: SELECT * FROM `my_article` WHERE ( `category_id` IN ('10') ) LIMIT 5   [ RunTime:0.000611s ]
SQL: SELECT * FROM `my_article` WHERE ( `category_id` IN ('11') ) LIMIT 5   [ RunTime:0.000442s ]
SQL: SELECT * FROM `my_article` WHERE ( `category_id` IN ('12') ) LIMIT 5   [ RunTime:0.000397s ]
SQL: SELECT * FROM `my_article` WHERE ( `category_id` IN ('13') ) LIMIT 5   [ RunTime:0.000556s ]
INFO: [ view_parse ] --START--
INFO: [ template_filter ] --START--
INFO: Run Behavior\ContentReplaceBehavior [ RunTime:0.000098s ]
INFO: [ template_filter ] --END-- [ RunTime:0.000229s ]
INFO: Run Behavior\ParseTemplateBehavior [ RunTime:0.077052s ]
INFO: [ view_parse ] --END-- [ RunTime:0.077201s ]
INFO: [ view_filter ] --START--
INFO: Run Behavior\WriteHtmlCacheBehavior [ RunTime:0.000631s ]
INFO: [ view_filter ] --END-- [ RunTime:0.000738s ]
INFO: [ app_end ] --START--
INFO: Run Behavior\ShowPageTraceBehavior [ RunTime:0.000822s ]
INFO: [ app_end ] --END-- [ RunTime:0.000930s ]

[ 2014-11-12T14:56:57+08:00 ] ::1 /gold/index.php/Home/Index/article/id/30.html
INFO: [ app_init ] --START--
INFO: Run Behavior\BuildLiteBehavior [ RunTime:0.000027s ]
INFO: [ app_init ] --END-- [ RunTime:0.000491s ]
INFO: [ app_begin ] --START--
INFO: Run Behavior\ReadHtmlCacheBehavior [ RunTime:0.000769s ]
INFO: [ app_begin ] --END-- [ RunTime:0.000882s ]
SQL: SHOW COLUMNS FROM `my_category` [ RunTime:0.028793s ]
SQL: SELECT `id`,`title` FROM `my_category` ORDER BY `sort` asc,`id` asc LIMIT 12   [ RunTime:0.017247s ]
SQL: SHOW COLUMNS FROM `my_article` [ RunTime:0.006341s ]
SQL: SELECT `Category_id` FROM `my_article` WHERE ( `id` = 30 ) LIMIT 1   [ RunTime:0.000438s ]
SQL: SELECT `id`,`pid`,`title` FROM `my_category` WHERE ( `id` = 1 ) LIMIT 1   [ RunTime:0.000453s ]
SQL: SELECT `id`,`title`,`pid`,`sort` FROM `my_category` WHERE ( `pid` = 1 ) ORDER BY `sort` asc  [ RunTime:0.000706s ]
SQL: SHOW COLUMNS FROM `my_article` [ RunTime:0.016321s ]
SQL: SELECT * FROM `my_article` WHERE ( `id` = 30 ) LIMIT 1   [ RunTime:0.000380s ]
SQL: SHOW COLUMNS FROM `my_category` [ RunTime:0.004193s ]
SQL: SELECT `id`,`title` FROM `my_category` WHERE ( 1=1 AND id='1' ) LIMIT 1   [ RunTime:0.000296s ]
SQL: UPDATE `my_article` SET `click`=click+1 WHERE ( `id` = 30 ) [ RunTime:0.006300s ]
INFO: [ view_parse ] --START--
INFO: [ template_filter ] --START--
INFO: Run Behavior\ContentReplaceBehavior [ RunTime:0.000096s ]
INFO: [ template_filter ] --END-- [ RunTime:0.000220s ]
INFO: Run Behavior\ParseTemplateBehavior [ RunTime:0.020732s ]
INFO: [ view_parse ] --END-- [ RunTime:0.020860s ]
INFO: [ view_filter ] --START--
INFO: Run Behavior\WriteHtmlCacheBehavior [ RunTime:0.000531s ]
INFO: [ view_filter ] --END-- [ RunTime:0.000629s ]
INFO: [ app_end ] --START--
INFO: Run Behavior\ShowPageTraceBehavior [ RunTime:0.000812s ]
INFO: [ app_end ] --END-- [ RunTime:0.000920s ]

[ 2014-11-12T14:57:00+08:00 ] ::1 /gold/
INFO: [ app_init ] --START--
INFO: Run Behavior\BuildLiteBehavior [ RunTime:0.000031s ]
INFO: [ app_init ] --END-- [ RunTime:0.000564s ]
INFO: [ app_begin ] --START--
INFO: Run Behavior\ReadHtmlCacheBehavior [ RunTime:0.000881s ]
INFO: [ app_begin ] --END-- [ RunTime:0.001058s ]
SQL: SHOW COLUMNS FROM `my_category` [ RunTime:0.009329s ]
SQL: SELECT `id`,`title` FROM `my_category` ORDER BY `sort` asc,`id` asc LIMIT 12   [ RunTime:0.000849s ]
NOTIC: [8] Undefined variable: cid D:\wamp\www\gold\Application\Home\Controller\CommonController.class.php 第 29 行.
SQL: SELECT `id`,`pid`,`title` FROM `my_category` WHERE ( `id` = null ) LIMIT 1   [ RunTime:0.000392s ]
NOTIC: [8] Undefined variable: cid D:\wamp\www\gold\Application\Home\Controller\CommonController.class.php 第 34 行.
SQL: SELECT `id`,`title`,`pid`,`sort` FROM `my_category` WHERE ( `pid` = null ) ORDER BY `sort` asc  [ RunTime:0.000357s ]
SQL: SHOW COLUMNS FROM `my_article` [ RunTime:0.006473s ]
SQL: SELECT `id`,`pid`,`title` FROM `my_category` WHERE ( `pid` = 0 ) ORDER BY `sort` asc,`id` asc  [ RunTime:0.000726s ]
SQL: SHOW COLUMNS FROM `my_category` [ RunTime:0.005076s ]
NOTIC: [8] Undefined offset: 3 D:\wamp\www\gold\Application\Class\Category.class.php 第 38 行.
SQL: SELECT * FROM `my_category` ORDER BY `sort` asc,`id` asc  [ RunTime:0.000473s ]
SQL: SELECT * FROM `my_article` WHERE ( `category_id` IN ('1','29','30','31','32') ) LIMIT 5   [ RunTime:0.000451s ]
SQL: SELECT * FROM `my_article` WHERE ( `category_id` IN ('2','33','34','35','36','37','38','39','40','41','42') ) LIMIT 5   [ RunTime:0.000325s ]
SQL: SELECT * FROM `my_article` WHERE ( `category_id` IN ('3','44','45') ) LIMIT 5   [ RunTime:0.000332s ]
SQL: SELECT * FROM `my_article` WHERE ( `category_id` IN ('4','46','47') ) LIMIT 5   [ RunTime:0.000299s ]
SQL: SELECT * FROM `my_article` WHERE ( `category_id` IN ('5','48','49') ) LIMIT 5   [ RunTime:0.000288s ]
SQL: SELECT * FROM `my_article` WHERE ( `category_id` IN ('6') ) LIMIT 5   [ RunTime:0.000435s ]
SQL: SELECT * FROM `my_article` WHERE ( `category_id` IN ('7') ) LIMIT 5   [ RunTime:0.000599s ]
SQL: SELECT * FROM `my_article` WHERE ( `category_id` IN ('8','50','51') ) LIMIT 5   [ RunTime:0.000360s ]
SQL: SELECT * FROM `my_article` WHERE ( `category_id` IN ('9') ) LIMIT 5   [ RunTime:0.000614s ]
SQL: SELECT * FROM `my_article` WHERE ( `category_id` IN ('10') ) LIMIT 5   [ RunTime:0.000438s ]
SQL: SELECT * FROM `my_article` WHERE ( `category_id` IN ('11') ) LIMIT 5   [ RunTime:0.000724s ]
SQL: SELECT * FROM `my_article` WHERE ( `category_id` IN ('12') ) LIMIT 5   [ RunTime:0.000684s ]
SQL: SELECT * FROM `my_article` WHERE ( `category_id` IN ('13') ) LIMIT 5   [ RunTime:0.000481s ]
INFO: [ view_parse ] --START--
INFO: [ template_filter ] --START--
INFO: Run Behavior\ContentReplaceBehavior [ RunTime:0.000097s ]
INFO: [ template_filter ] --END-- [ RunTime:0.000223s ]
INFO: Run Behavior\ParseTemplateBehavior [ RunTime:0.035193s ]
INFO: [ view_parse ] --END-- [ RunTime:0.035341s ]
INFO: [ view_filter ] --START--
INFO: Run Behavior\WriteHtmlCacheBehavior [ RunTime:0.000624s ]
INFO: [ view_filter ] --END-- [ RunTime:0.000762s ]
INFO: [ app_end ] --START--
INFO: Run Behavior\ShowPageTraceBehavior [ RunTime:0.000795s ]
INFO: [ app_end ] --END-- [ RunTime:0.000901s ]

[ 2014-11-12T15:05:19+08:00 ] ::1 /gold/index.php/Home/Index/article/id/30.html
INFO: [ app_init ] --START--
INFO: Run Behavior\BuildLiteBehavior [ RunTime:0.000029s ]
INFO: [ app_init ] --END-- [ RunTime:0.000562s ]
INFO: [ app_begin ] --START--
INFO: Run Behavior\ReadHtmlCacheBehavior [ RunTime:0.000888s ]
INFO: [ app_begin ] --END-- [ RunTime:0.001022s ]
SQL: SHOW COLUMNS FROM `my_category` [ RunTime:0.015369s ]
SQL: SELECT `id`,`title` FROM `my_category` ORDER BY `sort` asc,`id` asc LIMIT 12   [ RunTime:0.000430s ]
SQL: SHOW COLUMNS FROM `my_article` [ RunTime:0.007493s ]
SQL: SELECT `Category_id` FROM `my_article` WHERE ( `id` = 30 ) LIMIT 1   [ RunTime:0.000443s ]
SQL: SELECT `id`,`pid`,`title` FROM `my_category` WHERE ( `id` = 1 ) LIMIT 1   [ RunTime:0.000241s ]
SQL: SELECT `id`,`title`,`pid`,`sort` FROM `my_category` WHERE ( `pid` = 1 ) ORDER BY `sort` asc  [ RunTime:0.000318s ]
SQL: SHOW COLUMNS FROM `my_article` [ RunTime:0.006150s ]
SQL: SELECT * FROM `my_article` WHERE ( `id` = 30 ) LIMIT 1   [ RunTime:0.000415s ]
SQL: SHOW COLUMNS FROM `my_category` [ RunTime:0.004584s ]
SQL: SELECT `id`,`title` FROM `my_category` WHERE ( 1=1 AND id='1' ) LIMIT 1   [ RunTime:0.000323s ]
SQL: UPDATE `my_article` SET `click`=click+1 WHERE ( `id` = 30 ) [ RunTime:0.000494s ]
INFO: [ view_parse ] --START--
INFO: [ template_filter ] --START--
INFO: Run Behavior\ContentReplaceBehavior [ RunTime:0.000101s ]
INFO: [ template_filter ] --END-- [ RunTime:0.000226s ]
INFO: Run Behavior\ParseTemplateBehavior [ RunTime:0.018202s ]
INFO: [ view_parse ] --END-- [ RunTime:0.018331s ]
INFO: [ view_filter ] --START--
INFO: Run Behavior\WriteHtmlCacheBehavior [ RunTime:0.000704s ]
INFO: [ view_filter ] --END-- [ RunTime:0.000887s ]
INFO: [ app_end ] --START--
INFO: Run Behavior\ShowPageTraceBehavior [ RunTime:0.001430s ]
INFO: [ app_end ] --END-- [ RunTime:0.001680s ]

[ 2014-11-12T15:06:46+08:00 ] ::1 /gold/index.php/Home/Index/article/id/30.html
INFO: [ app_init ] --START--
INFO: Run Behavior\BuildLiteBehavior [ RunTime:0.000030s ]
INFO: [ app_init ] --END-- [ RunTime:0.000734s ]
INFO: [ app_begin ] --START--
INFO: Run Behavior\ReadHtmlCacheBehavior [ RunTime:0.000986s ]
INFO: [ app_begin ] --END-- [ RunTime:0.001138s ]
SQL: SHOW COLUMNS FROM `my_category` [ RunTime:0.007943s ]
SQL: SELECT `id`,`title` FROM `my_category` ORDER BY `sort` asc,`id` asc LIMIT 12   [ RunTime:0.000505s ]
SQL: SHOW COLUMNS FROM `my_article` [ RunTime:0.006835s ]
SQL: SELECT `Category_id` FROM `my_article` WHERE ( `id` = 30 ) LIMIT 1   [ RunTime:0.000377s ]
SQL: SELECT `id`,`pid`,`title` FROM `my_category` WHERE ( `id` = 1 ) LIMIT 1   [ RunTime:0.000244s ]
SQL: SELECT `id`,`title`,`pid`,`sort` FROM `my_category` WHERE ( `pid` = 1 ) ORDER BY `sort` asc  [ RunTime:0.000258s ]
SQL: SHOW COLUMNS FROM `my_article` [ RunTime:0.004687s ]
SQL: SELECT * FROM `my_article` WHERE ( `id` = 30 ) LIMIT 1   [ RunTime:0.000401s ]
SQL: SHOW COLUMNS FROM `my_category` [ RunTime:0.011500s ]
SQL: SELECT `id`,`title` FROM `my_category` WHERE ( 1=1 AND id='1' ) LIMIT 1   [ RunTime:0.000304s ]
SQL: UPDATE `my_article` SET `click`=click+1 WHERE ( `id` = 30 ) [ RunTime:0.000329s ]
INFO: [ view_parse ] --START--
INFO: [ template_filter ] --START--
INFO: Run Behavior\ContentReplaceBehavior [ RunTime:0.000096s ]
INFO: [ template_filter ] --END-- [ RunTime:0.000244s ]
INFO: Run Behavior\ParseTemplateBehavior [ RunTime:0.019874s ]
INFO: [ view_parse ] --END-- [ RunTime:0.020044s ]
INFO: [ view_filter ] --START--
INFO: Run Behavior\WriteHtmlCacheBehavior [ RunTime:0.000542s ]
INFO: [ view_filter ] --END-- [ RunTime:0.000638s ]
INFO: [ app_end ] --START--
INFO: Run Behavior\ShowPageTraceBehavior [ RunTime:0.000844s ]
INFO: [ app_end ] --END-- [ RunTime:0.000945s ]

[ 2014-11-12T15:06:49+08:00 ] ::1 /gold/
INFO: [ app_init ] --START--
INFO: Run Behavior\BuildLiteBehavior [ RunTime:0.000047s ]
INFO: [ app_init ] --END-- [ RunTime:0.000825s ]
INFO: [ app_begin ] --START--
INFO: Run Behavior\ReadHtmlCacheBehavior [ RunTime:0.000831s ]
INFO: [ app_begin ] --END-- [ RunTime:0.000953s ]
SQL: SHOW COLUMNS FROM `my_category` [ RunTime:0.008308s ]
SQL: SELECT `id`,`title` FROM `my_category` ORDER BY `sort` asc,`id` asc LIMIT 12   [ RunTime:0.000490s ]
NOTIC: [8] Undefined variable: cid D:\wamp\www\gold\Application\Home\Controller\CommonController.class.php 第 29 行.
SQL: SELECT `id`,`pid`,`title` FROM `my_category` WHERE ( `id` = null ) LIMIT 1   [ RunTime:0.000283s ]
NOTIC: [8] Undefined variable: cid D:\wamp\www\gold\Application\Home\Controller\CommonController.class.php 第 34 行.
SQL: SELECT `id`,`title`,`pid`,`sort` FROM `my_category` WHERE ( `pid` = null ) ORDER BY `sort` asc  [ RunTime:0.000308s ]
SQL: SHOW COLUMNS FROM `my_article` [ RunTime:0.006025s ]
SQL: SELECT `id`,`pid`,`title` FROM `my_category` WHERE ( `pid` = 0 ) ORDER BY `sort` asc,`id` asc  [ RunTime:0.000396s ]
SQL: SHOW COLUMNS FROM `my_category` [ RunTime:0.004423s ]
NOTIC: [8] Undefined offset: 3 D:\wamp\www\gold\Application\Class\Category.class.php 第 38 行.
SQL: SELECT * FROM `my_category` ORDER BY `sort` asc,`id` asc  [ RunTime:0.000814s ]
SQL: SELECT * FROM `my_article` WHERE ( `category_id` IN ('1','29','30','31','32') ) LIMIT 5   [ RunTime:0.000914s ]
SQL: SELECT * FROM `my_article` WHERE ( `category_id` IN ('2','33','34','35','36','37','38','39','40','41','42') ) LIMIT 5   [ RunTime:0.000471s ]
SQL: SELECT * FROM `my_article` WHERE ( `category_id` IN ('3','44','45') ) LIMIT 5   [ RunTime:0.000354s ]
SQL: SELECT * FROM `my_article` WHERE ( `category_id` IN ('4','46','47') ) LIMIT 5   [ RunTime:0.000377s ]
SQL: SELECT * FROM `my_article` WHERE ( `category_id` IN ('5','48','49') ) LIMIT 5   [ RunTime:0.000616s ]
SQL: SELECT * FROM `my_article` WHERE ( `category_id` IN ('6') ) LIMIT 5   [ RunTime:0.000849s ]
SQL: SELECT * FROM `my_article` WHERE ( `category_id` IN ('7') ) LIMIT 5   [ RunTime:0.000471s ]
SQL: SELECT * FROM `my_article` WHERE ( `category_id` IN ('8','50','51') ) LIMIT 5   [ RunTime:0.000557s ]
SQL: SELECT * FROM `my_article` WHERE ( `category_id` IN ('9') ) LIMIT 5   [ RunTime:0.000703s ]
SQL: SELECT * FROM `my_article` WHERE ( `category_id` IN ('10') ) LIMIT 5   [ RunTime:0.000517s ]
SQL: SELECT * FROM `my_article` WHERE ( `category_id` IN ('11') ) LIMIT 5   [ RunTime:0.000587s ]
SQL: SELECT * FROM `my_article` WHERE ( `category_id` IN ('12') ) LIMIT 5   [ RunTime:0.000669s ]
SQL: SELECT * FROM `my_article` WHERE ( `category_id` IN ('13') ) LIMIT 5   [ RunTime:0.000497s ]
INFO: [ view_parse ] --START--
INFO: [ template_filter ] --START--
INFO: Run Behavior\ContentReplaceBehavior [ RunTime:0.000098s ]
INFO: [ template_filter ] --END-- [ RunTime:0.000247s ]
INFO: Run Behavior\ParseTemplateBehavior [ RunTime:0.030875s ]
INFO: [ view_parse ] --END-- [ RunTime:0.031057s ]
INFO: [ view_filter ] --START--
INFO: Run Behavior\WriteHtmlCacheBehavior [ RunTime:0.000886s ]
INFO: [ view_filter ] --END-- [ RunTime:0.001118s ]
INFO: [ app_end ] --START--
INFO: Run Behavior\ShowPageTraceBehavior [ RunTime:0.001868s ]
INFO: [ app_end ] --END-- [ RunTime:0.002083s ]

