[ 2015-05-15T15:29:19+08:00 ] ::1 /gold/index.php/admin
INFO: [ app_init ] --START--
INFO: Run Behavior\BuildLiteBehavior [ RunTime:0.000044s ]
INFO: [ app_init ] --END-- [ RunTime:0.005997s ]
INFO: [ app_begin ] --START--
INFO: Run Behavior\ReadHtmlCacheBehavior [ RunTime:0.007790s ]
INFO: [ app_begin ] --END-- [ RunTime:0.008154s ]
INFO: [ view_parse ] --START--
INFO: [ template_filter ] --START--
INFO: Run Behavior\ContentReplaceBehavior [ RunTime:0.000104s ]
INFO: [ template_filter ] --END-- [ RunTime:0.000324s ]
INFO: Run Behavior\ParseTemplateBehavior [ RunTime:0.190565s ]
INFO: [ view_parse ] --END-- [ RunTime:0.190950s ]
INFO: [ view_filter ] --START--
INFO: Run Behavior\WriteHtmlCacheBehavior [ RunTime:0.017849s ]
INFO: [ view_filter ] --END-- [ RunTime:0.018162s ]

[ 2015-05-15T15:29:22+08:00 ] ::1 /gold/index.php/Admin/Login/index.html
INFO: [ app_init ] --START--
INFO: Run Behavior\BuildLiteBehavior [ RunTime:0.000041s ]
INFO: [ app_init ] --END-- [ RunTime:0.000683s ]
INFO: [ app_begin ] --START--
INFO: Run Behavior\ReadHtmlCacheBehavior [ RunTime:0.000910s ]
INFO: [ app_begin ] --END-- [ RunTime:0.001107s ]
INFO: [ view_parse ] --START--
INFO: [ template_filter ] --START--
INFO: Run Behavior\ContentReplaceBehavior [ RunTime:0.000157s ]
INFO: [ template_filter ] --END-- [ RunTime:0.000394s ]
INFO: Run Behavior\ParseTemplateBehavior [ RunTime:0.032852s ]
INFO: [ view_parse ] --END-- [ RunTime:0.033082s ]
INFO: [ view_filter ] --START--
INFO: Run Behavior\WriteHtmlCacheBehavior [ RunTime:0.000590s ]
INFO: [ view_filter ] --END-- [ RunTime:0.000763s ]
INFO: [ app_end ] --START--
INFO: Run Behavior\ShowPageTraceBehavior [ RunTime:0.023325s ]
INFO: [ app_end ] --END-- [ RunTime:0.023529s ]

[ 2015-05-15T15:29:22+08:00 ] ::1 /gold/index.php/Admin/Login/verify
INFO: [ app_init ] --START--
INFO: Run Behavior\BuildLiteBehavior [ RunTime:0.000105s ]
INFO: [ app_init ] --END-- [ RunTime:0.001790s ]
INFO: [ app_begin ] --START--
INFO: Run Behavior\ReadHtmlCacheBehavior [ RunTime:0.001398s ]
INFO: [ app_begin ] --END-- [ RunTime:0.001780s ]
INFO: [ app_end ] --START--
INFO: Run Behavior\ShowPageTraceBehavior [ RunTime:0.000910s ]
INFO: [ app_end ] --END-- [ RunTime:0.001279s ]

[ 2015-05-15T15:29:23+08:00 ] ::1 /gold/index.php/Admin/Login/verify/0.6526180343040683
INFO: [ app_init ] --START--
INFO: Run Behavior\BuildLiteBehavior [ RunTime:0.000042s ]
INFO: [ app_init ] --END-- [ RunTime:0.000727s ]
INFO: [ app_begin ] --START--
INFO: Run Behavior\ReadHtmlCacheBehavior [ RunTime:0.000926s ]
INFO: [ app_begin ] --END-- [ RunTime:0.001198s ]
INFO: [ app_end ] --START--
INFO: Run Behavior\ShowPageTraceBehavior [ RunTime:0.000965s ]
INFO: [ app_end ] --END-- [ RunTime:0.001199s ]

[ 2015-05-15T15:29:23+08:00 ] ::1 /gold/index.php/Admin/Login/verify/0.6659534619289019
INFO: [ app_init ] --START--
INFO: Run Behavior\BuildLiteBehavior [ RunTime:0.000077s ]
INFO: [ app_init ] --END-- [ RunTime:0.001858s ]
INFO: [ app_begin ] --START--
INFO: Run Behavior\ReadHtmlCacheBehavior [ RunTime:0.001024s ]
INFO: [ app_begin ] --END-- [ RunTime:0.001238s ]
INFO: [ app_end ] --START--
INFO: Run Behavior\ShowPageTraceBehavior [ RunTime:0.000998s ]
INFO: [ app_end ] --END-- [ RunTime:0.001233s ]

[ 2015-05-15T15:29:32+08:00 ] ::1 /gold/index.php/Admin/Login/check.html
INFO: [ app_init ] --START--
INFO: Run Behavior\BuildLiteBehavior [ RunTime:0.000042s ]
INFO: [ app_init ] --END-- [ RunTime:0.000929s ]
INFO: [ app_begin ] --START--
INFO: Run Behavior\ReadHtmlCacheBehavior [ RunTime:0.001402s ]
INFO: [ app_begin ] --END-- [ RunTime:0.001824s ]
NOTIC: [8192] mysql_connect(): The mysql extension is deprecated and will be removed in the future: use mysqli or PDO instead D:\wamp\www\gold\ThinkPHP\Library\Think\Db\Driver\Mysql.class.php 第 52 行.
SQL: SHOW COLUMNS FROM `my_user` [ RunTime:0.072655s ]
SQL: SELECT `id`,`username`,`nickname`,`password`,`role` FROM `my_user` WHERE ( `username` = 'admin' ) LIMIT 1   [ RunTime:0.027794s ]
SQL: SHOW COLUMNS FROM `my_log` [ RunTime:0.063328s ]
SQL: INSERT INTO `my_log` (`userid`,`username`,`log_time`,`log_ip`,`module`,`controller`,`action`,`event`,`auditing`,`reason`,`remark`) VALUES (1,'admin',1431674972,'0.0.0.0','Admin','Login','check','用户登录','失败','密码错误','admin') [ RunTime:0.008765s ]
INFO: [ view_parse ] --START--
INFO: [ template_filter ] --START--
INFO: Run Behavior\ContentReplaceBehavior [ RunTime:0.000107s ]
INFO: [ template_filter ] --END-- [ RunTime:0.000308s ]
INFO: Run Behavior\ParseTemplateBehavior [ RunTime:0.010899s ]
INFO: [ view_parse ] --END-- [ RunTime:0.011105s ]
INFO: [ view_filter ] --START--
INFO: Run Behavior\WriteHtmlCacheBehavior [ RunTime:0.000477s ]
INFO: [ view_filter ] --END-- [ RunTime:0.000648s ]

[ 2015-05-15T15:29:35+08:00 ] ::1 /gold/index.php/Admin/Login/verify/0.7036223609963308
INFO: [ app_init ] --START--
INFO: Run Behavior\BuildLiteBehavior [ RunTime:0.000075s ]
INFO: [ app_init ] --END-- [ RunTime:0.001073s ]
INFO: [ app_begin ] --START--
INFO: Run Behavior\ReadHtmlCacheBehavior [ RunTime:0.002386s ]
INFO: [ app_begin ] --END-- [ RunTime:0.002875s ]
INFO: [ app_end ] --START--
INFO: Run Behavior\ShowPageTraceBehavior [ RunTime:0.001274s ]
INFO: [ app_end ] --END-- [ RunTime:0.001645s ]

[ 2015-05-15T15:29:43+08:00 ] ::1 /gold/index.php/Admin/Login/verify/0.7695491422026923
INFO: [ app_init ] --START--
INFO: Run Behavior\BuildLiteBehavior [ RunTime:0.000040s ]
INFO: [ app_init ] --END-- [ RunTime:0.000781s ]
INFO: [ app_begin ] --START--
INFO: Run Behavior\ReadHtmlCacheBehavior [ RunTime:0.001368s ]
INFO: [ app_begin ] --END-- [ RunTime:0.001650s ]
INFO: [ app_end ] --START--
INFO: Run Behavior\ShowPageTraceBehavior [ RunTime:0.000928s ]
INFO: [ app_end ] --END-- [ RunTime:0.001147s ]

[ 2015-05-15T15:29:50+08:00 ] ::1 /gold/index.php/Admin/Login/check.html
INFO: [ app_init ] --START--
INFO: Run Behavior\BuildLiteBehavior [ RunTime:0.000041s ]
INFO: [ app_init ] --END-- [ RunTime:0.000881s ]
INFO: [ app_begin ] --START--
INFO: Run Behavior\ReadHtmlCacheBehavior [ RunTime:0.001393s ]
INFO: [ app_begin ] --END-- [ RunTime:0.001696s ]
NOTIC: [8192] mysql_connect(): The mysql extension is deprecated and will be removed in the future: use mysqli or PDO instead D:\wamp\www\gold\ThinkPHP\Library\Think\Db\Driver\Mysql.class.php 第 52 行.
SQL: SHOW COLUMNS FROM `my_user` [ RunTime:0.012640s ]
SQL: SELECT `id`,`username`,`nickname`,`password`,`role` FROM `my_user` WHERE ( `username` = 'admin' ) LIMIT 1   [ RunTime:0.000426s ]
SQL: SHOW COLUMNS FROM `my_log` [ RunTime:0.008876s ]
SQL: INSERT INTO `my_log` (`userid`,`username`,`log_time`,`log_ip`,`module`,`controller`,`action`,`event`,`auditing`,`reason`,`remark`) VALUES (1,'admin',1431674990,'0.0.0.0','Admin','Login','check','用户登录','失败','密码错误','123456') [ RunTime:0.000257s ]
INFO: [ view_parse ] --START--
INFO: [ template_filter ] --START--
INFO: Run Behavior\ContentReplaceBehavior [ RunTime:0.000196s ]
INFO: [ template_filter ] --END-- [ RunTime:0.000474s ]
INFO: Run Behavior\ParseTemplateBehavior [ RunTime:0.014612s ]
INFO: [ view_parse ] --END-- [ RunTime:0.014931s ]
INFO: [ view_filter ] --START--
INFO: Run Behavior\WriteHtmlCacheBehavior [ RunTime:0.000885s ]
INFO: [ view_filter ] --END-- [ RunTime:0.001240s ]

[ 2015-05-15T15:29:53+08:00 ] ::1 /gold/index.php/Admin/Login/verify/0.729191436326326
INFO: [ app_init ] --START--
INFO: Run Behavior\BuildLiteBehavior [ RunTime:0.000119s ]
INFO: [ app_init ] --END-- [ RunTime:0.001331s ]
INFO: [ app_begin ] --START--
INFO: Run Behavior\ReadHtmlCacheBehavior [ RunTime:0.001356s ]
INFO: [ app_begin ] --END-- [ RunTime:0.001767s ]
INFO: [ app_end ] --START--
INFO: Run Behavior\ShowPageTraceBehavior [ RunTime:0.001033s ]
INFO: [ app_end ] --END-- [ RunTime:0.001261s ]

[ 2015-05-15T15:29:58+08:00 ] ::1 /gold/index.php/Admin/Login/verify/0.966683493643384
INFO: [ app_init ] --START--
INFO: Run Behavior\BuildLiteBehavior [ RunTime:0.000067s ]
INFO: [ app_init ] --END-- [ RunTime:0.001034s ]
INFO: [ app_begin ] --START--
INFO: Run Behavior\ReadHtmlCacheBehavior [ RunTime:0.001336s ]
INFO: [ app_begin ] --END-- [ RunTime:0.001689s ]
INFO: [ app_end ] --START--
INFO: Run Behavior\ShowPageTraceBehavior [ RunTime:0.002809s ]
INFO: [ app_end ] --END-- [ RunTime:0.003606s ]

[ 2015-05-15T15:30:02+08:00 ] ::1 /gold/index.php/Admin/Login/check.html
INFO: [ app_init ] --START--
INFO: Run Behavior\BuildLiteBehavior [ RunTime:0.000072s ]
INFO: [ app_init ] --END-- [ RunTime:0.001077s ]
INFO: [ app_begin ] --START--
INFO: Run Behavior\ReadHtmlCacheBehavior [ RunTime:0.000978s ]
INFO: [ app_begin ] --END-- [ RunTime:0.001199s ]
NOTIC: [8192] mysql_connect(): The mysql extension is deprecated and will be removed in the future: use mysqli or PDO instead D:\wamp\www\gold\ThinkPHP\Library\Think\Db\Driver\Mysql.class.php 第 52 行.
SQL: SHOW COLUMNS FROM `my_user` [ RunTime:0.019513s ]
SQL: SELECT `id`,`username`,`nickname`,`password`,`role` FROM `my_user` WHERE ( `username` = 'admin' ) LIMIT 1   [ RunTime:0.000372s ]
SQL: UPDATE `my_user` SET `logintime`=1431675002,`loginip`='0.0.0.0' WHERE ( `id` = 1 ) [ RunTime:0.070587s ]
SQL: SHOW COLUMNS FROM `my_log` [ RunTime:0.007252s ]
SQL: INSERT INTO `my_log` (`userid`,`username`,`log_time`,`log_ip`,`module`,`controller`,`action`,`event`,`auditing`,`reason`,`remark`) VALUES (1,'admin',1431675002,'0.0.0.0','Admin','Login','check','用户登录','成功','','') [ RunTime:0.000353s ]

[ 2015-05-15T15:30:02+08:00 ] ::1 /gold/index.php/admin
INFO: [ app_init ] --START--
INFO: Run Behavior\BuildLiteBehavior [ RunTime:0.000037s ]
INFO: [ app_init ] --END-- [ RunTime:0.000647s ]
INFO: [ app_begin ] --START--
INFO: Run Behavior\ReadHtmlCacheBehavior [ RunTime:0.001276s ]
INFO: [ app_begin ] --END-- [ RunTime:0.001676s ]
INFO: [ view_parse ] --START--
INFO: [ template_filter ] --START--
INFO: Run Behavior\ContentReplaceBehavior [ RunTime:0.000237s ]
INFO: [ template_filter ] --END-- [ RunTime:0.000523s ]
INFO: Run Behavior\ParseTemplateBehavior [ RunTime:0.165351s ]
INFO: [ view_parse ] --END-- [ RunTime:0.165638s ]
INFO: [ view_filter ] --START--
INFO: Run Behavior\WriteHtmlCacheBehavior [ RunTime:0.000983s ]
INFO: [ view_filter ] --END-- [ RunTime:0.001252s ]
INFO: [ app_end ] --START--
INFO: Run Behavior\ShowPageTraceBehavior [ RunTime:0.001378s ]
INFO: [ app_end ] --END-- [ RunTime:0.001644s ]

[ 2015-05-15T15:30:05+08:00 ] ::1 /gold/index.php/Admin/User/index.html
INFO: [ app_init ] --START--
INFO: Run Behavior\BuildLiteBehavior [ RunTime:0.000045s ]
INFO: [ app_init ] --END-- [ RunTime:0.000652s ]
INFO: [ app_begin ] --START--
INFO: Run Behavior\ReadHtmlCacheBehavior [ RunTime:0.001026s ]
INFO: [ app_begin ] --END-- [ RunTime:0.001313s ]
NOTIC: [8192] mysql_connect(): The mysql extension is deprecated and will be removed in the future: use mysqli or PDO instead D:\wamp\www\gold\ThinkPHP\Library\Think\Db\Driver\Mysql.class.php 第 52 行.
SQL: SHOW COLUMNS FROM `my_user` [ RunTime:0.010236s ]
SQL: SELECT COUNT(*) AS tp_count FROM `my_user` LIMIT 1   [ RunTime:0.000273s ]
SQL: SELECT `id`,`username`,`nickname`,`status` FROM `my_user` ORDER BY `id` asc LIMIT 0,10   [ RunTime:0.000489s ]
INFO: [ view_parse ] --START--
INFO: [ template_filter ] --START--
INFO: Run Behavior\ContentReplaceBehavior [ RunTime:0.000162s ]
INFO: [ template_filter ] --END-- [ RunTime:0.000345s ]
INFO: Run Behavior\ParseTemplateBehavior [ RunTime:0.071036s ]
INFO: [ view_parse ] --END-- [ RunTime:0.071262s ]
INFO: [ view_filter ] --START--
INFO: Run Behavior\WriteHtmlCacheBehavior [ RunTime:0.000529s ]
INFO: [ view_filter ] --END-- [ RunTime:0.000703s ]
INFO: [ app_end ] --START--
INFO: Run Behavior\ShowPageTraceBehavior [ RunTime:0.000743s ]
INFO: [ app_end ] --END-- [ RunTime:0.000943s ]

[ 2015-05-15T15:30:11+08:00 ] ::1 /gold/index.php/Admin/User/add.html
INFO: [ app_init ] --START--
INFO: Run Behavior\BuildLiteBehavior [ RunTime:0.000041s ]
INFO: [ app_init ] --END-- [ RunTime:0.000820s ]
INFO: [ app_begin ] --START--
INFO: Run Behavior\ReadHtmlCacheBehavior [ RunTime:0.000766s ]
INFO: [ app_begin ] --END-- [ RunTime:0.000968s ]
NOTIC: [8192] mysql_connect(): The mysql extension is deprecated and will be removed in the future: use mysqli or PDO instead D:\wamp\www\gold\ThinkPHP\Library\Think\Db\Driver\Mysql.class.php 第 52 行.
SQL: SHOW COLUMNS FROM `my_category` [ RunTime:0.075519s ]
SQL: SELECT `id`,`title`,`pid` FROM `my_category` ORDER BY `id` asc  [ RunTime:0.000481s ]
INFO: [ view_parse ] --START--
INFO: [ template_filter ] --START--
INFO: Run Behavior\ContentReplaceBehavior [ RunTime:0.000306s ]
INFO: [ template_filter ] --END-- [ RunTime:0.000646s ]
INFO: Run Behavior\ParseTemplateBehavior [ RunTime:0.093345s ]
INFO: [ view_parse ] --END-- [ RunTime:0.093569s ]
INFO: [ view_filter ] --START--
INFO: Run Behavior\WriteHtmlCacheBehavior [ RunTime:0.000764s ]
INFO: [ view_filter ] --END-- [ RunTime:0.001153s ]
INFO: [ app_end ] --START--
INFO: Run Behavior\ShowPageTraceBehavior [ RunTime:0.004601s ]
INFO: [ app_end ] --END-- [ RunTime:0.005102s ]

[ 2015-05-15T15:30:30+08:00 ] ::1 /gold/index.php/Admin/Attachment/index.html
INFO: [ app_init ] --START--
INFO: Run Behavior\BuildLiteBehavior [ RunTime:0.000043s ]
INFO: [ app_init ] --END-- [ RunTime:0.000655s ]
INFO: [ app_begin ] --START--
INFO: Run Behavior\ReadHtmlCacheBehavior [ RunTime:0.000811s ]
INFO: [ app_begin ] --END-- [ RunTime:0.001040s ]
NOTIC: [8192] mysql_connect(): The mysql extension is deprecated and will be removed in the future: use mysqli or PDO instead D:\wamp\www\gold\ThinkPHP\Library\Think\Db\Driver\Mysql.class.php 第 52 行.
SQL: SHOW COLUMNS FROM `my_attachment` [ RunTime:0.052098s ]
SQL: SELECT COUNT(*) AS tp_count FROM `my_attachment` LIMIT 1   [ RunTime:0.000273s ]
NOTIC: [2048] Declaration of Common\Model\AttachmentRelationModel::add() should be compatible with Think\Model::add($data = '', $options = Array, $replace = false) D:\wamp\www\gold\Application\Common\Model\AttachmentRelationModel.class.php 第 35 行.
NOTIC: [2048] Declaration of Common\Model\AttachmentRelationModel::delete() should be compatible with Think\Model::delete($options = Array) D:\wamp\www\gold\Application\Common\Model\AttachmentRelationModel.class.php 第 35 行.
SQL: SHOW COLUMNS FROM `my_attachment` [ RunTime:0.006678s ]
SQL: SELECT * FROM `my_attachment` ORDER BY createtime desc LIMIT 0,10   [ RunTime:0.001716s ]
SQL: SHOW COLUMNS FROM `my_article` [ RunTime:0.222055s ]
NOTIC: [8] Undefined index: mapping_order D:\wamp\www\gold\ThinkPHP\Library\Think\Model\RelationModel.class.php 第 186 行.
NOTIC: [8] Undefined index: mapping_limit D:\wamp\www\gold\ThinkPHP\Library\Think\Model\RelationModel.class.php 第 187 行.
SQL: SELECT b.* FROM my_article_attachment AS a, my_article AS b WHERE a.article_id = b.id AND a. attachment_id='867' [ RunTime:0.065373s ]
NOTIC: [8] Undefined index: mapping_order D:\wamp\www\gold\ThinkPHP\Library\Think\Model\RelationModel.class.php 第 186 行.
NOTIC: [8] Undefined index: mapping_limit D:\wamp\www\gold\ThinkPHP\Library\Think\Model\RelationModel.class.php 第 187 行.
SQL: SELECT b.* FROM my_article_attachment AS a, my_article AS b WHERE a.article_id = b.id AND a. attachment_id='866' [ RunTime:0.000403s ]
NOTIC: [8] Undefined index: mapping_order D:\wamp\www\gold\ThinkPHP\Library\Think\Model\RelationModel.class.php 第 186 行.
NOTIC: [8] Undefined index: mapping_limit D:\wamp\www\gold\ThinkPHP\Library\Think\Model\RelationModel.class.php 第 187 行.
SQL: SELECT b.* FROM my_article_attachment AS a, my_article AS b WHERE a.article_id = b.id AND a. attachment_id='865' [ RunTime:0.000335s ]
NOTIC: [8] Undefined index: mapping_order D:\wamp\www\gold\ThinkPHP\Library\Think\Model\RelationModel.class.php 第 186 行.
NOTIC: [8] Undefined index: mapping_limit D:\wamp\www\gold\ThinkPHP\Library\Think\Model\RelationModel.class.php 第 187 行.
SQL: SELECT b.* FROM my_article_attachment AS a, my_article AS b WHERE a.article_id = b.id AND a. attachment_id='864' [ RunTime:0.000345s ]
NOTIC: [8] Undefined index: mapping_order D:\wamp\www\gold\ThinkPHP\Library\Think\Model\RelationModel.class.php 第 186 行.
NOTIC: [8] Undefined index: mapping_limit D:\wamp\www\gold\ThinkPHP\Library\Think\Model\RelationModel.class.php 第 187 行.
SQL: SELECT b.* FROM my_article_attachment AS a, my_article AS b WHERE a.article_id = b.id AND a. attachment_id='863' [ RunTime:0.000331s ]
NOTIC: [8] Undefined index: mapping_order D:\wamp\www\gold\ThinkPHP\Library\Think\Model\RelationModel.class.php 第 186 行.
NOTIC: [8] Undefined index: mapping_limit D:\wamp\www\gold\ThinkPHP\Library\Think\Model\RelationModel.class.php 第 187 行.
SQL: SELECT b.* FROM my_article_attachment AS a, my_article AS b WHERE a.article_id = b.id AND a. attachment_id='862' [ RunTime:0.000338s ]
NOTIC: [8] Undefined index: mapping_order D:\wamp\www\gold\ThinkPHP\Library\Think\Model\RelationModel.class.php 第 186 行.
NOTIC: [8] Undefined index: mapping_limit D:\wamp\www\gold\ThinkPHP\Library\Think\Model\RelationModel.class.php 第 187 行.
SQL: SELECT b.* FROM my_article_attachment AS a, my_article AS b WHERE a.article_id = b.id AND a. attachment_id='861' [ RunTime:0.000293s ]
NOTIC: [8] Undefined index: mapping_order D:\wamp\www\gold\ThinkPHP\Library\Think\Model\RelationModel.class.php 第 186 行.
NOTIC: [8] Undefined index: mapping_limit D:\wamp\www\gold\ThinkPHP\Library\Think\Model\RelationModel.class.php 第 187 行.
SQL: SELECT b.* FROM my_article_attachment AS a, my_article AS b WHERE a.article_id = b.id AND a. attachment_id='859' [ RunTime:0.000290s ]
NOTIC: [8] Undefined index: mapping_order D:\wamp\www\gold\ThinkPHP\Library\Think\Model\RelationModel.class.php 第 186 行.
NOTIC: [8] Undefined index: mapping_limit D:\wamp\www\gold\ThinkPHP\Library\Think\Model\RelationModel.class.php 第 187 行.
SQL: SELECT b.* FROM my_article_attachment AS a, my_article AS b WHERE a.article_id = b.id AND a. attachment_id='860' [ RunTime:0.000390s ]
NOTIC: [8] Undefined index: mapping_order D:\wamp\www\gold\ThinkPHP\Library\Think\Model\RelationModel.class.php 第 186 行.
NOTIC: [8] Undefined index: mapping_limit D:\wamp\www\gold\ThinkPHP\Library\Think\Model\RelationModel.class.php 第 187 行.
SQL: SELECT b.* FROM my_article_attachment AS a, my_article AS b WHERE a.article_id = b.id AND a. attachment_id='857' [ RunTime:0.000378s ]
INFO: [ view_parse ] --START--
INFO: [ template_filter ] --START--
INFO: Run Behavior\ContentReplaceBehavior [ RunTime:0.000209s ]
INFO: [ template_filter ] --END-- [ RunTime:0.000393s ]
INFO: Run Behavior\ParseTemplateBehavior [ RunTime:0.097135s ]
INFO: [ view_parse ] --END-- [ RunTime:0.097340s ]
INFO: [ view_filter ] --START--
INFO: Run Behavior\WriteHtmlCacheBehavior [ RunTime:0.000573s ]
INFO: [ view_filter ] --END-- [ RunTime:0.000782s ]
INFO: [ app_end ] --START--
INFO: Run Behavior\ShowPageTraceBehavior [ RunTime:0.001223s ]
INFO: [ app_end ] --END-- [ RunTime:0.001605s ]

[ 2015-05-15T15:30:32+08:00 ] ::1 /gold/index.php/Admin/Category/add.html
INFO: [ app_init ] --START--
INFO: Run Behavior\BuildLiteBehavior [ RunTime:0.000041s ]
INFO: [ app_init ] --END-- [ RunTime:0.000630s ]
INFO: [ app_begin ] --START--
INFO: Run Behavior\ReadHtmlCacheBehavior [ RunTime:0.000822s ]
INFO: [ app_begin ] --END-- [ RunTime:0.001031s ]
NOTIC: [8192] mysql_connect(): The mysql extension is deprecated and will be removed in the future: use mysqli or PDO instead D:\wamp\www\gold\ThinkPHP\Library\Think\Db\Driver\Mysql.class.php 第 52 行.
SQL: SHOW COLUMNS FROM `my_category` [ RunTime:0.011589s ]
NOTIC: [8] Undefined offset: 3 D:\wamp\www\gold\Application\Class\Category.class.php 第 38 行.
SQL: SELECT * FROM `my_category` ORDER BY `sort` asc,`id` asc  [ RunTime:0.000629s ]
INFO: [ view_parse ] --START--
INFO: [ template_filter ] --START--
INFO: Run Behavior\ContentReplaceBehavior [ RunTime:0.000166s ]
INFO: [ template_filter ] --END-- [ RunTime:0.000356s ]
INFO: Run Behavior\ParseTemplateBehavior [ RunTime:0.069218s ]
INFO: [ view_parse ] --END-- [ RunTime:0.069442s ]
INFO: [ view_filter ] --START--
INFO: Run Behavior\WriteHtmlCacheBehavior [ RunTime:0.000529s ]
INFO: [ view_filter ] --END-- [ RunTime:0.000709s ]
INFO: [ app_end ] --START--
INFO: Run Behavior\ShowPageTraceBehavior [ RunTime:0.000794s ]
INFO: [ app_end ] --END-- [ RunTime:0.001006s ]

[ 2015-05-15T15:30:33+08:00 ] ::1 /gold/index.php/Admin/User/index.html
INFO: [ app_init ] --START--
INFO: Run Behavior\BuildLiteBehavior [ RunTime:0.000048s ]
INFO: [ app_init ] --END-- [ RunTime:0.000862s ]
INFO: [ app_begin ] --START--
INFO: Run Behavior\ReadHtmlCacheBehavior [ RunTime:0.000886s ]
INFO: [ app_begin ] --END-- [ RunTime:0.001128s ]
NOTIC: [8192] mysql_connect(): The mysql extension is deprecated and will be removed in the future: use mysqli or PDO instead D:\wamp\www\gold\ThinkPHP\Library\Think\Db\Driver\Mysql.class.php 第 52 行.
SQL: SHOW COLUMNS FROM `my_user` [ RunTime:0.010462s ]
SQL: SELECT COUNT(*) AS tp_count FROM `my_user` LIMIT 1   [ RunTime:0.000343s ]
SQL: SELECT `id`,`username`,`nickname`,`status` FROM `my_user` ORDER BY `id` asc LIMIT 0,10   [ RunTime:0.000439s ]
INFO: [ view_parse ] --START--
INFO: [ template_filter ] --START--
INFO: Run Behavior\ContentReplaceBehavior [ RunTime:0.000162s ]
INFO: [ template_filter ] --END-- [ RunTime:0.000351s ]
INFO: Run Behavior\ParseTemplateBehavior [ RunTime:0.026538s ]
INFO: [ view_parse ] --END-- [ RunTime:0.026830s ]
INFO: [ view_filter ] --START--
INFO: Run Behavior\WriteHtmlCacheBehavior [ RunTime:0.000629s ]
INFO: [ view_filter ] --END-- [ RunTime:0.000870s ]
INFO: [ app_end ] --START--
INFO: Run Behavior\ShowPageTraceBehavior [ RunTime:0.000840s ]
INFO: [ app_end ] --END-- [ RunTime:0.001041s ]

[ 2015-05-15T15:30:34+08:00 ] ::1 /gold/index.php/Admin/User/add.html
INFO: [ app_init ] --START--
INFO: Run Behavior\BuildLiteBehavior [ RunTime:0.000078s ]
INFO: [ app_init ] --END-- [ RunTime:0.001094s ]
INFO: [ app_begin ] --START--
INFO: Run Behavior\ReadHtmlCacheBehavior [ RunTime:0.000796s ]
INFO: [ app_begin ] --END-- [ RunTime:0.001067s ]
NOTIC: [8192] mysql_connect(): The mysql extension is deprecated and will be removed in the future: use mysqli or PDO instead D:\wamp\www\gold\ThinkPHP\Library\Think\Db\Driver\Mysql.class.php 第 52 行.
SQL: SHOW COLUMNS FROM `my_category` [ RunTime:0.011772s ]
SQL: SELECT `id`,`title`,`pid` FROM `my_category` ORDER BY `id` asc  [ RunTime:0.000391s ]
INFO: [ view_parse ] --START--
INFO: [ template_filter ] --START--
INFO: Run Behavior\ContentReplaceBehavior [ RunTime:0.000417s ]
INFO: [ template_filter ] --END-- [ RunTime:0.000850s ]
INFO: Run Behavior\ParseTemplateBehavior [ RunTime:0.063115s ]
INFO: [ view_parse ] --END-- [ RunTime:0.063318s ]
INFO: [ view_filter ] --START--
INFO: Run Behavior\WriteHtmlCacheBehavior [ RunTime:0.000663s ]
INFO: [ view_filter ] --END-- [ RunTime:0.000913s ]
INFO: [ app_end ] --START--
INFO: Run Behavior\ShowPageTraceBehavior [ RunTime:0.002487s ]
INFO: [ app_end ] --END-- [ RunTime:0.003155s ]

[ 2015-05-15T16:52:00+08:00 ] ::1 /gold/index.php/Admin/Stat/category.html
INFO: [ app_init ] --START--
INFO: Run Behavior\BuildLiteBehavior [ RunTime:0.000045s ]
INFO: [ app_init ] --END-- [ RunTime:0.001142s ]
INFO: [ app_begin ] --START--
INFO: Run Behavior\ReadHtmlCacheBehavior [ RunTime:0.001353s ]
INFO: [ app_begin ] --END-- [ RunTime:0.001547s ]
NOTIC: [8192] mysql_connect(): The mysql extension is deprecated and will be removed in the future: use mysqli or PDO instead D:\wamp\www\gold\ThinkPHP\Library\Think\Db\Driver\Mysql.class.php 第 52 行.
SQL: SHOW COLUMNS FROM `my_category` [ RunTime:0.011073s ]
NOTIC: [8] Undefined offset: 3 D:\wamp\www\gold\Application\Class\Category.class.php 第 38 行.
SQL: SELECT * FROM `my_category` ORDER BY `sort` asc,`id` asc  [ RunTime:0.000629s ]
SQL: SHOW COLUMNS FROM `my_article` [ RunTime:0.008646s ]
SQL: SELECT SUM(click) AS tp_sum FROM `my_article` WHERE ( `category_id` IN ('1','29','30','31','32') ) LIMIT 1   [ RunTime:0.205328s ]
SQL: SELECT COUNT(*) AS tp_count FROM `my_article` WHERE ( `category_id` IN ('1','29','30','31','32') ) LIMIT 1   [ RunTime:0.001514s ]
SQL: SELECT SUM(click) AS tp_sum FROM `my_article` WHERE ( `category_id` IN ('29') ) LIMIT 1   [ RunTime:0.000488s ]
SQL: SELECT COUNT(*) AS tp_count FROM `my_article` WHERE ( `category_id` IN ('29') ) LIMIT 1   [ RunTime:0.000414s ]
SQL: SELECT SUM(click) AS tp_sum FROM `my_article` WHERE ( `category_id` IN ('30') ) LIMIT 1   [ RunTime:0.000432s ]
SQL: SELECT COUNT(*) AS tp_count FROM `my_article` WHERE ( `category_id` IN ('30') ) LIMIT 1   [ RunTime:0.000835s ]
SQL: SELECT SUM(click) AS tp_sum FROM `my_article` WHERE ( `category_id` IN ('31') ) LIMIT 1   [ RunTime:0.004504s ]
SQL: SELECT COUNT(*) AS tp_count FROM `my_article` WHERE ( `category_id` IN ('31') ) LIMIT 1   [ RunTime:0.000660s ]
SQL: SELECT SUM(click) AS tp_sum FROM `my_article` WHERE ( `category_id` IN ('32') ) LIMIT 1   [ RunTime:0.002702s ]
SQL: SELECT COUNT(*) AS tp_count FROM `my_article` WHERE ( `category_id` IN ('32') ) LIMIT 1   [ RunTime:0.000554s ]
SQL: SELECT SUM(click) AS tp_sum FROM `my_article` WHERE ( `category_id` IN ('2','33','34','35','36','37','38','39','40','41','42') ) LIMIT 1   [ RunTime:0.042719s ]
SQL: SELECT COUNT(*) AS tp_count FROM `my_article` WHERE ( `category_id` IN ('2','33','34','35','36','37','38','39','40','41','42') ) LIMIT 1   [ RunTime:0.000638s ]
SQL: SELECT SUM(click) AS tp_sum FROM `my_article` WHERE ( `category_id` IN ('33','34','35','36','37','38','39') ) LIMIT 1   [ RunTime:0.001861s ]
SQL: SELECT COUNT(*) AS tp_count FROM `my_article` WHERE ( `category_id` IN ('33','34','35','36','37','38','39') ) LIMIT 1   [ RunTime:0.000592s ]
SQL: SELECT SUM(click) AS tp_sum FROM `my_article` WHERE ( `category_id` IN ('34') ) LIMIT 1   [ RunTime:0.000487s ]
SQL: SELECT COUNT(*) AS tp_count FROM `my_article` WHERE ( `category_id` IN ('34') ) LIMIT 1   [ RunTime:0.000276s ]
SQL: SELECT SUM(click) AS tp_sum FROM `my_article` WHERE ( `category_id` IN ('35') ) LIMIT 1   [ RunTime:0.000312s ]
SQL: SELECT COUNT(*) AS tp_count FROM `my_article` WHERE ( `category_id` IN ('35') ) LIMIT 1   [ RunTime:0.000408s ]
SQL: SELECT SUM(click) AS tp_sum FROM `my_article` WHERE ( `category_id` IN ('36') ) LIMIT 1   [ RunTime:0.000386s ]
SQL: SELECT COUNT(*) AS tp_count FROM `my_article` WHERE ( `category_id` IN ('36') ) LIMIT 1   [ RunTime:0.000356s ]
SQL: SELECT SUM(click) AS tp_sum FROM `my_article` WHERE ( `category_id` IN ('37') ) LIMIT 1   [ RunTime:0.000368s ]
SQL: SELECT COUNT(*) AS tp_count FROM `my_article` WHERE ( `category_id` IN ('37') ) LIMIT 1   [ RunTime:0.000281s ]
SQL: SELECT SUM(click) AS tp_sum FROM `my_article` WHERE ( `category_id` IN ('38') ) LIMIT 1   [ RunTime:0.000268s ]
SQL: SELECT COUNT(*) AS tp_count FROM `my_article` WHERE ( `category_id` IN ('38') ) LIMIT 1   [ RunTime:0.000264s ]
SQL: SELECT SUM(click) AS tp_sum FROM `my_article` WHERE ( `category_id` IN ('39') ) LIMIT 1   [ RunTime:0.000273s ]
SQL: SELECT COUNT(*) AS tp_count FROM `my_article` WHERE ( `category_id` IN ('39') ) LIMIT 1   [ RunTime:0.000263s ]
SQL: SELECT SUM(click) AS tp_sum FROM `my_article` WHERE ( `category_id` IN ('40') ) LIMIT 1   [ RunTime:0.000311s ]
SQL: SELECT COUNT(*) AS tp_count FROM `my_article` WHERE ( `category_id` IN ('40') ) LIMIT 1   [ RunTime:0.000263s ]
SQL: SELECT SUM(click) AS tp_sum FROM `my_article` WHERE ( `category_id` IN ('41') ) LIMIT 1   [ RunTime:0.000258s ]
SQL: SELECT COUNT(*) AS tp_count FROM `my_article` WHERE ( `category_id` IN ('41') ) LIMIT 1   [ RunTime:0.000261s ]
SQL: SELECT SUM(click) AS tp_sum FROM `my_article` WHERE ( `category_id` IN ('42') ) LIMIT 1   [ RunTime:0.000262s ]
SQL: SELECT COUNT(*) AS tp_count FROM `my_article` WHERE ( `category_id` IN ('42') ) LIMIT 1   [ RunTime:0.000264s ]
SQL: SELECT SUM(click) AS tp_sum FROM `my_article` WHERE ( `category_id` IN ('3','44','45') ) LIMIT 1   [ RunTime:0.000279s ]
SQL: SELECT COUNT(*) AS tp_count FROM `my_article` WHERE ( `category_id` IN ('3','44','45') ) LIMIT 1   [ RunTime:0.000281s ]
SQL: SELECT SUM(click) AS tp_sum FROM `my_article` WHERE ( `category_id` IN ('44') ) LIMIT 1   [ RunTime:0.000426s ]
SQL: SELECT COUNT(*) AS tp_count FROM `my_article` WHERE ( `category_id` IN ('44') ) LIMIT 1   [ RunTime:0.000322s ]
SQL: SELECT SUM(click) AS tp_sum FROM `my_article` WHERE ( `category_id` IN ('45') ) LIMIT 1   [ RunTime:0.000274s ]
SQL: SELECT COUNT(*) AS tp_count FROM `my_article` WHERE ( `category_id` IN ('45') ) LIMIT 1   [ RunTime:0.000281s ]
SQL: SELECT SUM(click) AS tp_sum FROM `my_article` WHERE ( `category_id` IN ('4','46','47') ) LIMIT 1   [ RunTime:0.008934s ]
SQL: SELECT COUNT(*) AS tp_count FROM `my_article` WHERE ( `category_id` IN ('4','46','47') ) LIMIT 1   [ RunTime:0.000373s ]
SQL: SELECT SUM(click) AS tp_sum FROM `my_article` WHERE ( `category_id` IN ('46') ) LIMIT 1   [ RunTime:0.000756s ]
SQL: SELECT COUNT(*) AS tp_count FROM `my_article` WHERE ( `category_id` IN ('46') ) LIMIT 1   [ RunTime:0.000361s ]
SQL: SELECT SUM(click) AS tp_sum FROM `my_article` WHERE ( `category_id` IN ('47') ) LIMIT 1   [ RunTime:0.000278s ]
SQL: SELECT COUNT(*) AS tp_count FROM `my_article` WHERE ( `category_id` IN ('47') ) LIMIT 1   [ RunTime:0.000359s ]
SQL: SELECT SUM(click) AS tp_sum FROM `my_article` WHERE ( `category_id` IN ('5','48','49') ) LIMIT 1   [ RunTime:0.000883s ]
SQL: SELECT COUNT(*) AS tp_count FROM `my_article` WHERE ( `category_id` IN ('5','48','49') ) LIMIT 1   [ RunTime:0.000392s ]
SQL: SELECT SUM(click) AS tp_sum FROM `my_article` WHERE ( `category_id` IN ('48') ) LIMIT 1   [ RunTime:0.000299s ]
SQL: SELECT COUNT(*) AS tp_count FROM `my_article` WHERE ( `category_id` IN ('48') ) LIMIT 1   [ RunTime:0.000252s ]
SQL: SELECT SUM(click) AS tp_sum FROM `my_article` WHERE ( `category_id` IN ('49') ) LIMIT 1   [ RunTime:0.000265s ]
SQL: SELECT COUNT(*) AS tp_count FROM `my_article` WHERE ( `category_id` IN ('49') ) LIMIT 1   [ RunTime:0.000243s ]
SQL: SELECT SUM(click) AS tp_sum FROM `my_article` WHERE ( `category_id` IN ('6') ) LIMIT 1   [ RunTime:0.018188s ]
SQL: SELECT COUNT(*) AS tp_count FROM `my_article` WHERE ( `category_id` IN ('6') ) LIMIT 1   [ RunTime:0.000367s ]
SQL: SELECT SUM(click) AS tp_sum FROM `my_article` WHERE ( `category_id` IN ('7') ) LIMIT 1   [ RunTime:0.000236s ]
SQL: SELECT COUNT(*) AS tp_count FROM `my_article` WHERE ( `category_id` IN ('7') ) LIMIT 1   [ RunTime:0.000327s ]
SQL: SELECT SUM(click) AS tp_sum FROM `my_article` WHERE ( `category_id` IN ('8','50','51') ) LIMIT 1   [ RunTime:0.047697s ]
SQL: SELECT COUNT(*) AS tp_count FROM `my_article` WHERE ( `category_id` IN ('8','50','51') ) LIMIT 1   [ RunTime:0.000493s ]
SQL: SELECT SUM(click) AS tp_sum FROM `my_article` WHERE ( `category_id` IN ('50') ) LIMIT 1   [ RunTime:0.001344s ]
SQL: SELECT COUNT(*) AS tp_count FROM `my_article` WHERE ( `category_id` IN ('50') ) LIMIT 1   [ RunTime:0.000319s ]
SQL: SELECT SUM(click) AS tp_sum FROM `my_article` WHERE ( `category_id` IN ('51') ) LIMIT 1   [ RunTime:0.001485s ]
SQL: SELECT COUNT(*) AS tp_count FROM `my_article` WHERE ( `category_id` IN ('51') ) LIMIT 1   [ RunTime:0.000474s ]
SQL: SELECT SUM(click) AS tp_sum FROM `my_article` WHERE ( `category_id` IN ('9') ) LIMIT 1   [ RunTime:0.031988s ]
SQL: SELECT COUNT(*) AS tp_count FROM `my_article` WHERE ( `category_id` IN ('9') ) LIMIT 1   [ RunTime:0.000425s ]
SQL: SELECT SUM(click) AS tp_sum FROM `my_article` WHERE ( `category_id` IN ('10') ) LIMIT 1   [ RunTime:0.001077s ]
SQL: SELECT COUNT(*) AS tp_count FROM `my_article` WHERE ( `category_id` IN ('10') ) LIMIT 1   [ RunTime:0.000304s ]
SQL: SELECT SUM(click) AS tp_sum FROM `my_article` WHERE ( `category_id` IN ('11') ) LIMIT 1   [ RunTime:0.000290s ]
SQL: SELECT COUNT(*) AS tp_count FROM `my_article` WHERE ( `category_id` IN ('11') ) LIMIT 1   [ RunTime:0.000541s ]
SQL: SELECT SUM(click) AS tp_sum FROM `my_article` WHERE ( `category_id` IN ('12') ) LIMIT 1   [ RunTime:0.000606s ]
SQL: SELECT COUNT(*) AS tp_count FROM `my_article` WHERE ( `category_id` IN ('12') ) LIMIT 1   [ RunTime:0.000529s ]
SQL: SELECT SUM(click) AS tp_sum FROM `my_article` WHERE ( `category_id` IN ('13') ) LIMIT 1   [ RunTime:0.000445s ]
SQL: SELECT COUNT(*) AS tp_count FROM `my_article` WHERE ( `category_id` IN ('13') ) LIMIT 1   [ RunTime:0.000292s ]
INFO: [ view_parse ] --START--
INFO: [ template_filter ] --START--
INFO: Run Behavior\ContentReplaceBehavior [ RunTime:0.000172s ]
INFO: [ template_filter ] --END-- [ RunTime:0.000362s ]
INFO: Run Behavior\ParseTemplateBehavior [ RunTime:0.090634s ]
INFO: [ view_parse ] --END-- [ RunTime:0.090851s ]
INFO: [ view_filter ] --START--
INFO: Run Behavior\WriteHtmlCacheBehavior [ RunTime:0.031315s ]
INFO: [ view_filter ] --END-- [ RunTime:0.031512s ]
INFO: [ app_end ] --START--
INFO: Run Behavior\ShowPageTraceBehavior [ RunTime:0.018044s ]
INFO: [ app_end ] --END-- [ RunTime:0.018785s ]

[ 2015-05-15T16:52:05+08:00 ] ::1 /gold/index.php/Admin/Stat/user.html
INFO: [ app_init ] --START--
INFO: Run Behavior\BuildLiteBehavior [ RunTime:0.000072s ]
INFO: [ app_init ] --END-- [ RunTime:0.001065s ]
INFO: [ app_begin ] --START--
INFO: Run Behavior\ReadHtmlCacheBehavior [ RunTime:0.001358s ]
INFO: [ app_begin ] --END-- [ RunTime:0.001736s ]
NOTIC: [8192] mysql_connect(): The mysql extension is deprecated and will be removed in the future: use mysqli or PDO instead D:\wamp\www\gold\ThinkPHP\Library\Think\Db\Driver\Mysql.class.php 第 52 行.
SQL: SHOW COLUMNS FROM `my_user` [ RunTime:0.018384s ]
SQL: SELECT `id`,`username`,`nickname` FROM `my_user`  [ RunTime:0.000440s ]
SQL: SHOW COLUMNS FROM `my_article` [ RunTime:0.009664s ]
SQL: SELECT COUNT(*) AS tp_count FROM `my_article` WHERE ( `creator` = 1 ) LIMIT 1   [ RunTime:0.004114s ]
SQL: SELECT COUNT(*) AS tp_count FROM `my_article` WHERE ( `creator` = 1 ) AND ( `create_time` > 1431075125 ) LIMIT 1   [ RunTime:0.004190s ]
SQL: SELECT COUNT(*) AS tp_count FROM `my_article` WHERE ( `creator` = 1 ) AND ( `create_time` > 1429087925 ) LIMIT 1   [ RunTime:0.004039s ]
SQL: SELECT COUNT(*) AS tp_count FROM `my_article` WHERE ( `creator` = 2 ) LIMIT 1   [ RunTime:0.004182s ]
SQL: SELECT COUNT(*) AS tp_count FROM `my_article` WHERE ( `creator` = 2 ) AND ( `create_time` > 1431075125 ) LIMIT 1   [ RunTime:0.005841s ]
SQL: SELECT COUNT(*) AS tp_count FROM `my_article` WHERE ( `creator` = 2 ) AND ( `create_time` > 1429087925 ) LIMIT 1   [ RunTime:0.004563s ]
INFO: [ view_parse ] --START--
INFO: [ template_filter ] --START--
INFO: Run Behavior\ContentReplaceBehavior [ RunTime:0.000162s ]
INFO: [ template_filter ] --END-- [ RunTime:0.000351s ]
INFO: Run Behavior\ParseTemplateBehavior [ RunTime:0.064388s ]
INFO: [ view_parse ] --END-- [ RunTime:0.064640s ]
INFO: [ view_filter ] --START--
INFO: Run Behavior\WriteHtmlCacheBehavior [ RunTime:0.000624s ]
INFO: [ view_filter ] --END-- [ RunTime:0.000813s ]
INFO: [ app_end ] --START--
INFO: Run Behavior\ShowPageTraceBehavior [ RunTime:0.000735s ]
INFO: [ app_end ] --END-- [ RunTime:0.000926s ]

[ 2015-05-15T17:21:58+08:00 ] ::1 /gold/index.php/Admin/Login
INFO: [ app_init ] --START--
INFO: Run Behavior\BuildLiteBehavior [ RunTime:0.000041s ]
INFO: [ app_init ] --END-- [ RunTime:0.001210s ]
INFO: [ app_begin ] --START--
INFO: Run Behavior\ReadHtmlCacheBehavior [ RunTime:0.001347s ]
INFO: [ app_begin ] --END-- [ RunTime:0.001537s ]
INFO: [ view_parse ] --START--
INFO: [ template_filter ] --START--
INFO: Run Behavior\ContentReplaceBehavior [ RunTime:0.000132s ]
INFO: [ template_filter ] --END-- [ RunTime:0.000356s ]
INFO: Run Behavior\ParseTemplateBehavior [ RunTime:0.034942s ]
INFO: [ view_parse ] --END-- [ RunTime:0.035156s ]
INFO: [ view_filter ] --START--
INFO: Run Behavior\WriteHtmlCacheBehavior [ RunTime:0.000606s ]
INFO: [ view_filter ] --END-- [ RunTime:0.000788s ]
INFO: [ app_end ] --START--
INFO: Run Behavior\ShowPageTraceBehavior [ RunTime:0.000926s ]
INFO: [ app_end ] --END-- [ RunTime:0.001102s ]

[ 2015-05-15T17:21:58+08:00 ] ::1 /gold/index.php/Admin/Login/verify
INFO: [ app_init ] --START--
INFO: Run Behavior\BuildLiteBehavior [ RunTime:0.000039s ]
INFO: [ app_init ] --END-- [ RunTime:0.000708s ]
INFO: [ app_begin ] --START--
INFO: Run Behavior\ReadHtmlCacheBehavior [ RunTime:0.000959s ]
INFO: [ app_begin ] --END-- [ RunTime:0.001197s ]
INFO: [ app_end ] --START--
INFO: Run Behavior\ShowPageTraceBehavior [ RunTime:0.001456s ]
INFO: [ app_end ] --END-- [ RunTime:0.001869s ]

[ 2015-05-15T17:21:58+08:00 ] ::1 /gold/index.php/Admin/Login/verify/0.9073559881041519
INFO: [ app_init ] --START--
INFO: Run Behavior\BuildLiteBehavior [ RunTime:0.000045s ]
INFO: [ app_init ] --END-- [ RunTime:0.000614s ]
INFO: [ app_begin ] --START--
INFO: Run Behavior\ReadHtmlCacheBehavior [ RunTime:0.000927s ]
INFO: [ app_begin ] --END-- [ RunTime:0.001131s ]
INFO: [ app_end ] --START--
INFO: Run Behavior\ShowPageTraceBehavior [ RunTime:0.001396s ]
INFO: [ app_end ] --END-- [ RunTime:0.001742s ]

[ 2015-05-15T17:21:58+08:00 ] ::1 /gold/index.php/Admin/Login/verify/0.006462300970860646
INFO: [ app_init ] --START--
INFO: Run Behavior\BuildLiteBehavior [ RunTime:0.000041s ]
INFO: [ app_init ] --END-- [ RunTime:0.000683s ]
INFO: [ app_begin ] --START--
INFO: Run Behavior\ReadHtmlCacheBehavior [ RunTime:0.001407s ]
INFO: [ app_begin ] --END-- [ RunTime:0.001739s ]
INFO: [ app_end ] --START--
INFO: Run Behavior\ShowPageTraceBehavior [ RunTime:0.000960s ]
INFO: [ app_end ] --END-- [ RunTime:0.001167s ]

