[ 2015-05-16T18:27:11+08:00 ] ::1 /gold/index.php/Admin/Blog/blogAdd.html
INFO: [ app_init ] --START--
INFO: Run Behavior\BuildLiteBehavior [ RunTime:0.000042s ]
INFO: [ app_init ] --END-- [ RunTime:0.017330s ]
INFO: [ app_begin ] --START--
INFO: Run Behavior\ReadHtmlCacheBehavior [ RunTime:0.007411s ]
INFO: [ app_begin ] --END-- [ RunTime:0.007635s ]
ERR: 无法加载控制器:Blog

[ 2015-05-16T18:27:16+08:00 ] ::1 /gold/index.php/Admin/
INFO: [ app_init ] --START--
INFO: Run Behavior\BuildLiteBehavior [ RunTime:0.000038s ]
INFO: [ app_init ] --END-- [ RunTime:0.000641s ]
INFO: [ app_begin ] --START--
INFO: Run Behavior\ReadHtmlCacheBehavior [ RunTime:0.001452s ]
INFO: [ app_begin ] --END-- [ RunTime:0.001929s ]
INFO: [ view_parse ] --START--
INFO: [ template_filter ] --START--
INFO: Run Behavior\ContentReplaceBehavior [ RunTime:0.000148s ]
INFO: [ template_filter ] --END-- [ RunTime:0.000342s ]
INFO: Run Behavior\ParseTemplateBehavior [ RunTime:0.214125s ]
INFO: [ view_parse ] --END-- [ RunTime:0.214379s ]
INFO: [ view_filter ] --START--
INFO: Run Behavior\WriteHtmlCacheBehavior [ RunTime:0.017948s ]
INFO: [ view_filter ] --END-- [ RunTime:0.018153s ]
INFO: [ app_end ] --START--
INFO: Run Behavior\ShowPageTraceBehavior [ RunTime:0.037861s ]
INFO: [ app_end ] --END-- [ RunTime:0.038058s ]

[ 2015-05-16T18:27:22+08:00 ] ::1 /gold/index.php/Admin/Article/index.html
INFO: [ app_init ] --START--
INFO: Run Behavior\BuildLiteBehavior [ RunTime:0.000071s ]
INFO: [ app_init ] --END-- [ RunTime:0.001050s ]
INFO: [ app_begin ] --START--
INFO: Run Behavior\ReadHtmlCacheBehavior [ RunTime:0.000961s ]
INFO: [ app_begin ] --END-- [ RunTime:0.001201s ]
NOTIC: [8192] mysql_connect(): The mysql extension is deprecated and will be removed in the future: use mysqli or PDO instead D:\wamp\www\gold\ThinkPHP\Library\Think\Db\Driver\Mysql.class.php 第 52 行.
SQL: SHOW COLUMNS FROM `my_article` [ RunTime:0.274442s ]
SQL: SELECT COUNT(*) AS tp_count FROM `my_article` LIMIT 1   [ RunTime:0.000263s ]
SQL: SELECT `id`,`title`,`create_time`,`del`,`click`,`category_id`,`sort`,`top`,`creator`,`remark` FROM `my_article` ORDER BY `top` desc,`id` desc LIMIT 0,10   [ RunTime:0.005270s ]
SQL: SHOW COLUMNS FROM `my_category` [ RunTime:0.091644s ]
SQL: SELECT `id`,`title` FROM `my_category` WHERE ( 1=1 AND id='4' ) LIMIT 1   [ RunTime:0.000458s ]
SQL: SELECT `id`,`title` FROM `my_category` WHERE ( 1=1 AND id='4' ) LIMIT 1   [ RunTime:0.000249s ]
SQL: SELECT `id`,`title` FROM `my_category` WHERE ( 1=1 AND id='4' ) LIMIT 1   [ RunTime:0.000215s ]
SQL: SELECT `id`,`title` FROM `my_category` WHERE ( 1=1 AND id='4' ) LIMIT 1   [ RunTime:0.000239s ]
SQL: SELECT `id`,`title` FROM `my_category` WHERE ( 1=1 AND id='4' ) LIMIT 1   [ RunTime:0.000245s ]
SQL: SELECT `id`,`title` FROM `my_category` WHERE ( 1=1 AND id='4' ) LIMIT 1   [ RunTime:0.000274s ]
SQL: SELECT `id`,`title` FROM `my_category` WHERE ( 1=1 AND id='4' ) LIMIT 1   [ RunTime:0.000213s ]
SQL: SELECT `id`,`title` FROM `my_category` WHERE ( 1=1 AND id='33' ) LIMIT 1   [ RunTime:0.000335s ]
SQL: SELECT `id`,`title` FROM `my_category` WHERE ( 1=1 AND id='33' ) LIMIT 1   [ RunTime:0.000225s ]
SQL: SELECT `id`,`title` FROM `my_category` WHERE ( 1=1 AND id='46' ) LIMIT 1   [ RunTime:0.000226s ]
NOTIC: [8] Undefined offset: 3 D:\wamp\www\gold\Application\Class\Category.class.php 第 38 行.
SQL: SELECT * FROM `my_category` ORDER BY `sort` asc,`id` asc  [ RunTime:0.000549s ]
INFO: [ view_parse ] --START--
INFO: [ template_filter ] --START--
INFO: Run Behavior\ContentReplaceBehavior [ RunTime:0.000187s ]
INFO: [ template_filter ] --END-- [ RunTime:0.000373s ]
INFO: Run Behavior\ParseTemplateBehavior [ RunTime:0.103663s ]
INFO: [ view_parse ] --END-- [ RunTime:0.103872s ]
INFO: [ view_filter ] --START--
INFO: Run Behavior\WriteHtmlCacheBehavior [ RunTime:0.000736s ]
INFO: [ view_filter ] --END-- [ RunTime:0.000904s ]
INFO: [ app_end ] --START--
INFO: Run Behavior\ShowPageTraceBehavior [ RunTime:0.001351s ]
INFO: [ app_end ] --END-- [ RunTime:0.001687s ]

[ 2015-05-16T18:27:23+08:00 ] ::1 /gold/index.php/Admin/Article/add.html
INFO: [ app_init ] --START--
INFO: Run Behavior\BuildLiteBehavior [ RunTime:0.000041s ]
INFO: [ app_init ] --END-- [ RunTime:0.000880s ]
INFO: [ app_begin ] --START--
INFO: Run Behavior\ReadHtmlCacheBehavior [ RunTime:0.001424s ]
INFO: [ app_begin ] --END-- [ RunTime:0.001746s ]
NOTIC: [8192] mysql_connect(): The mysql extension is deprecated and will be removed in the future: use mysqli or PDO instead D:\wamp\www\gold\ThinkPHP\Library\Think\Db\Driver\Mysql.class.php 第 52 行.
SQL: SHOW COLUMNS FROM `my_category` [ RunTime:0.009499s ]
NOTIC: [8] Undefined offset: 3 D:\wamp\www\gold\Application\Class\Category.class.php 第 38 行.
SQL: SELECT * FROM `my_category` ORDER BY `sort` asc,`id` asc  [ RunTime:0.000578s ]
INFO: [ view_parse ] --START--
INFO: [ template_filter ] --START--
INFO: Run Behavior\ContentReplaceBehavior [ RunTime:0.000224s ]
INFO: [ template_filter ] --END-- [ RunTime:0.000428s ]
NOTIC: [8] Undefined index: category_id D:\wamp\www\gold\Application\Runtime\Cache\Admin\62d378f935dc17ff5e91ec9a5d9fcf6c.php 第 309 行.
NOTIC: [8] Undefined index: category_id D:\wamp\www\gold\Application\Runtime\Cache\Admin\62d378f935dc17ff5e91ec9a5d9fcf6c.php 第 309 行.
NOTIC: [8] Undefined index: category_id D:\wamp\www\gold\Application\Runtime\Cache\Admin\62d378f935dc17ff5e91ec9a5d9fcf6c.php 第 309 行.
NOTIC: [8] Undefined index: category_id D:\wamp\www\gold\Application\Runtime\Cache\Admin\62d378f935dc17ff5e91ec9a5d9fcf6c.php 第 309 行.
NOTIC: [8] Undefined index: category_id D:\wamp\www\gold\Application\Runtime\Cache\Admin\62d378f935dc17ff5e91ec9a5d9fcf6c.php 第 309 行.
NOTIC: [8] Undefined index: category_id D:\wamp\www\gold\Application\Runtime\Cache\Admin\62d378f935dc17ff5e91ec9a5d9fcf6c.php 第 309 行.
NOTIC: [8] Undefined index: category_id D:\wamp\www\gold\Application\Runtime\Cache\Admin\62d378f935dc17ff5e91ec9a5d9fcf6c.php 第 309 行.
NOTIC: [8] Undefined index: category_id D:\wamp\www\gold\Application\Runtime\Cache\Admin\62d378f935dc17ff5e91ec9a5d9fcf6c.php 第 309 行.
NOTIC: [8] Undefined index: category_id D:\wamp\www\gold\Application\Runtime\Cache\Admin\62d378f935dc17ff5e91ec9a5d9fcf6c.php 第 309 行.
NOTIC: [8] Undefined index: category_id D:\wamp\www\gold\Application\Runtime\Cache\Admin\62d378f935dc17ff5e91ec9a5d9fcf6c.php 第 309 行.
NOTIC: [8] Undefined index: category_id D:\wamp\www\gold\Application\Runtime\Cache\Admin\62d378f935dc17ff5e91ec9a5d9fcf6c.php 第 309 行.
NOTIC: [8] Undefined index: category_id D:\wamp\www\gold\Application\Runtime\Cache\Admin\62d378f935dc17ff5e91ec9a5d9fcf6c.php 第 309 行.
NOTIC: [8] Undefined index: category_id D:\wamp\www\gold\Application\Runtime\Cache\Admin\62d378f935dc17ff5e91ec9a5d9fcf6c.php 第 309 行.
NOTIC: [8] Undefined index: category_id D:\wamp\www\gold\Application\Runtime\Cache\Admin\62d378f935dc17ff5e91ec9a5d9fcf6c.php 第 309 行.
NOTIC: [8] Undefined index: category_id D:\wamp\www\gold\Application\Runtime\Cache\Admin\62d378f935dc17ff5e91ec9a5d9fcf6c.php 第 309 行.
NOTIC: [8] Undefined index: category_id D:\wamp\www\gold\Application\Runtime\Cache\Admin\62d378f935dc17ff5e91ec9a5d9fcf6c.php 第 309 行.
NOTIC: [8] Undefined index: category_id D:\wamp\www\gold\Application\Runtime\Cache\Admin\62d378f935dc17ff5e91ec9a5d9fcf6c.php 第 309 行.
NOTIC: [8] Undefined index: category_id D:\wamp\www\gold\Application\Runtime\Cache\Admin\62d378f935dc17ff5e91ec9a5d9fcf6c.php 第 309 行.
NOTIC: [8] Undefined index: category_id D:\wamp\www\gold\Application\Runtime\Cache\Admin\62d378f935dc17ff5e91ec9a5d9fcf6c.php 第 309 行.
NOTIC: [8] Undefined index: category_id D:\wamp\www\gold\Application\Runtime\Cache\Admin\62d378f935dc17ff5e91ec9a5d9fcf6c.php 第 309 行.
NOTIC: [8] Undefined index: category_id D:\wamp\www\gold\Application\Runtime\Cache\Admin\62d378f935dc17ff5e91ec9a5d9fcf6c.php 第 309 行.
NOTIC: [8] Undefined index: category_id D:\wamp\www\gold\Application\Runtime\Cache\Admin\62d378f935dc17ff5e91ec9a5d9fcf6c.php 第 309 行.
NOTIC: [8] Undefined index: category_id D:\wamp\www\gold\Application\Runtime\Cache\Admin\62d378f935dc17ff5e91ec9a5d9fcf6c.php 第 309 行.
NOTIC: [8] Undefined index: category_id D:\wamp\www\gold\Application\Runtime\Cache\Admin\62d378f935dc17ff5e91ec9a5d9fcf6c.php 第 309 行.
NOTIC: [8] Undefined index: category_id D:\wamp\www\gold\Application\Runtime\Cache\Admin\62d378f935dc17ff5e91ec9a5d9fcf6c.php 第 309 行.
NOTIC: [8] Undefined index: category_id D:\wamp\www\gold\Application\Runtime\Cache\Admin\62d378f935dc17ff5e91ec9a5d9fcf6c.php 第 309 行.
NOTIC: [8] Undefined index: category_id D:\wamp\www\gold\Application\Runtime\Cache\Admin\62d378f935dc17ff5e91ec9a5d9fcf6c.php 第 309 行.
NOTIC: [8] Undefined index: category_id D:\wamp\www\gold\Application\Runtime\Cache\Admin\62d378f935dc17ff5e91ec9a5d9fcf6c.php 第 309 行.
NOTIC: [8] Undefined index: category_id D:\wamp\www\gold\Application\Runtime\Cache\Admin\62d378f935dc17ff5e91ec9a5d9fcf6c.php 第 309 行.
NOTIC: [8] Undefined index: category_id D:\wamp\www\gold\Application\Runtime\Cache\Admin\62d378f935dc17ff5e91ec9a5d9fcf6c.php 第 309 行.
NOTIC: [8] Undefined index: category_id D:\wamp\www\gold\Application\Runtime\Cache\Admin\62d378f935dc17ff5e91ec9a5d9fcf6c.php 第 309 行.
NOTIC: [8] Undefined index: category_id D:\wamp\www\gold\Application\Runtime\Cache\Admin\62d378f935dc17ff5e91ec9a5d9fcf6c.php 第 309 行.
NOTIC: [8] Undefined index: category_id D:\wamp\www\gold\Application\Runtime\Cache\Admin\62d378f935dc17ff5e91ec9a5d9fcf6c.php 第 309 行.
NOTIC: [8] Undefined index: category_id D:\wamp\www\gold\Application\Runtime\Cache\Admin\62d378f935dc17ff5e91ec9a5d9fcf6c.php 第 309 行.
NOTIC: [8] Undefined index: category_id D:\wamp\www\gold\Application\Runtime\Cache\Admin\62d378f935dc17ff5e91ec9a5d9fcf6c.php 第 309 行.
INFO: Run Behavior\ParseTemplateBehavior [ RunTime:0.080440s ]
INFO: [ view_parse ] --END-- [ RunTime:0.080706s ]
INFO: [ view_filter ] --START--
INFO: Run Behavior\WriteHtmlCacheBehavior [ RunTime:0.000610s ]
INFO: [ view_filter ] --END-- [ RunTime:0.000775s ]
INFO: [ app_end ] --START--
INFO: Run Behavior\ShowPageTraceBehavior [ RunTime:0.000892s ]
INFO: [ app_end ] --END-- [ RunTime:0.001078s ]

[ 2015-05-16T18:27:24+08:00 ] ::1 /gold/index.php/Admin/Ueditor/Index.html?action=config&&noCache=1431772044423
INFO: [ app_init ] --START--
INFO: Run Behavior\BuildLiteBehavior [ RunTime:0.000087s ]
INFO: [ app_init ] --END-- [ RunTime:0.001143s ]
INFO: [ app_begin ] --START--
INFO: Run Behavior\ReadHtmlCacheBehavior [ RunTime:0.001307s ]
INFO: [ app_begin ] --END-- [ RunTime:0.001645s ]
NOTIC: [8] Undefined index: module D:\wamp\www\gold\Application\Admin\Controller\UeditorController.class.php 第 68 行.
NOTIC: [8] Undefined index: controller D:\wamp\www\gold\Application\Admin\Controller\UeditorController.class.php 第 69 行.
NOTIC: [8] Undefined index: actionname D:\wamp\www\gold\Application\Admin\Controller\UeditorController.class.php 第 70 行.
INFO: [ app_end ] --START--
INFO: Run Behavior\ShowPageTraceBehavior [ RunTime:0.000976s ]
INFO: [ app_end ] --END-- [ RunTime:0.001172s ]

[ 2015-05-16T18:27:29+08:00 ] ::1 /gold/index.php/Admin/Category/index.html
INFO: [ app_init ] --START--
INFO: Run Behavior\BuildLiteBehavior [ RunTime:0.000038s ]
INFO: [ app_init ] --END-- [ RunTime:0.000600s ]
INFO: [ app_begin ] --START--
INFO: Run Behavior\ReadHtmlCacheBehavior [ RunTime:0.000661s ]
INFO: [ app_begin ] --END-- [ RunTime:0.000842s ]
NOTIC: [8192] mysql_connect(): The mysql extension is deprecated and will be removed in the future: use mysqli or PDO instead D:\wamp\www\gold\ThinkPHP\Library\Think\Db\Driver\Mysql.class.php 第 52 行.
SQL: SHOW COLUMNS FROM `my_category` [ RunTime:0.025699s ]
NOTIC: [8] Undefined offset: 3 D:\wamp\www\gold\Application\Class\Category.class.php 第 38 行.
SQL: SELECT * FROM `my_category` ORDER BY `sort` asc,`id` asc  [ RunTime:0.001007s ]
INFO: [ view_parse ] --START--
INFO: [ template_filter ] --START--
INFO: Run Behavior\ContentReplaceBehavior [ RunTime:0.000188s ]
INFO: [ template_filter ] --END-- [ RunTime:0.000401s ]
NOTIC: [8] Undefined variable: pageinfo D:\wamp\www\gold\Application\Runtime\Cache\Admin\d2404f9283eadf7d60cdded7b6b55c15.php 第 177 行.
INFO: Run Behavior\ParseTemplateBehavior [ RunTime:0.116549s ]
INFO: [ view_parse ] --END-- [ RunTime:0.116771s ]
INFO: [ view_filter ] --START--
INFO: Run Behavior\WriteHtmlCacheBehavior [ RunTime:0.000569s ]
INFO: [ view_filter ] --END-- [ RunTime:0.000769s ]
INFO: [ app_end ] --START--
INFO: Run Behavior\ShowPageTraceBehavior [ RunTime:0.001340s ]
INFO: [ app_end ] --END-- [ RunTime:0.001980s ]

[ 2015-05-16T18:27:32+08:00 ] ::1 /gold/index.php/Admin/Category/add.html
INFO: [ app_init ] --START--
INFO: Run Behavior\BuildLiteBehavior [ RunTime:0.000069s ]
INFO: [ app_init ] --END-- [ RunTime:0.000876s ]
INFO: [ app_begin ] --START--
INFO: Run Behavior\ReadHtmlCacheBehavior [ RunTime:0.000948s ]
INFO: [ app_begin ] --END-- [ RunTime:0.001334s ]
NOTIC: [8192] mysql_connect(): The mysql extension is deprecated and will be removed in the future: use mysqli or PDO instead D:\wamp\www\gold\ThinkPHP\Library\Think\Db\Driver\Mysql.class.php 第 52 行.
SQL: SHOW COLUMNS FROM `my_category` [ RunTime:0.009606s ]
NOTIC: [8] Undefined offset: 3 D:\wamp\www\gold\Application\Class\Category.class.php 第 38 行.
SQL: SELECT * FROM `my_category` ORDER BY `sort` asc,`id` asc  [ RunTime:0.000582s ]
INFO: [ view_parse ] --START--
INFO: [ template_filter ] --START--
INFO: Run Behavior\ContentReplaceBehavior [ RunTime:0.000174s ]
INFO: [ template_filter ] --END-- [ RunTime:0.000371s ]
INFO: Run Behavior\ParseTemplateBehavior [ RunTime:0.088337s ]
INFO: [ view_parse ] --END-- [ RunTime:0.088592s ]
INFO: [ view_filter ] --START--
INFO: Run Behavior\WriteHtmlCacheBehavior [ RunTime:0.000582s ]
INFO: [ view_filter ] --END-- [ RunTime:0.000841s ]
INFO: [ app_end ] --START--
INFO: Run Behavior\ShowPageTraceBehavior [ RunTime:0.000983s ]
INFO: [ app_end ] --END-- [ RunTime:0.001322s ]

[ 2015-05-16T18:27:36+08:00 ] ::1 /gold/index.php/Admin/User/index.html
INFO: [ app_init ] --START--
INFO: Run Behavior\BuildLiteBehavior [ RunTime:0.000039s ]
INFO: [ app_init ] --END-- [ RunTime:0.000567s ]
INFO: [ app_begin ] --START--
INFO: Run Behavior\ReadHtmlCacheBehavior [ RunTime:0.000968s ]
INFO: [ app_begin ] --END-- [ RunTime:0.001322s ]
NOTIC: [8192] mysql_connect(): The mysql extension is deprecated and will be removed in the future: use mysqli or PDO instead D:\wamp\www\gold\ThinkPHP\Library\Think\Db\Driver\Mysql.class.php 第 52 行.
SQL: SHOW COLUMNS FROM `my_user` [ RunTime:0.072294s ]
SQL: SELECT COUNT(*) AS tp_count FROM `my_user` LIMIT 1   [ RunTime:0.000256s ]
SQL: SELECT `id`,`username`,`nickname`,`status` FROM `my_user` ORDER BY `id` asc LIMIT 0,10   [ RunTime:0.000498s ]
INFO: [ view_parse ] --START--
INFO: [ template_filter ] --START--
INFO: Run Behavior\ContentReplaceBehavior [ RunTime:0.000251s ]
INFO: [ template_filter ] --END-- [ RunTime:0.000641s ]
INFO: Run Behavior\ParseTemplateBehavior [ RunTime:0.075404s ]
INFO: [ view_parse ] --END-- [ RunTime:0.075613s ]
INFO: [ view_filter ] --START--
INFO: Run Behavior\WriteHtmlCacheBehavior [ RunTime:0.000421s ]
INFO: [ view_filter ] --END-- [ RunTime:0.000593s ]
INFO: [ app_end ] --START--
INFO: Run Behavior\ShowPageTraceBehavior [ RunTime:0.000569s ]
INFO: [ app_end ] --END-- [ RunTime:0.000736s ]

[ 2015-05-16T18:27:38+08:00 ] ::1 /gold/index.php/Admin/Category/add.html
INFO: [ app_init ] --START--
INFO: Run Behavior\BuildLiteBehavior [ RunTime:0.000072s ]
INFO: [ app_init ] --END-- [ RunTime:0.000926s ]
INFO: [ app_begin ] --START--
INFO: Run Behavior\ReadHtmlCacheBehavior [ RunTime:0.000986s ]
INFO: [ app_begin ] --END-- [ RunTime:0.001346s ]
NOTIC: [8192] mysql_connect(): The mysql extension is deprecated and will be removed in the future: use mysqli or PDO instead D:\wamp\www\gold\ThinkPHP\Library\Think\Db\Driver\Mysql.class.php 第 52 行.
SQL: SHOW COLUMNS FROM `my_category` [ RunTime:0.011151s ]
NOTIC: [8] Undefined offset: 3 D:\wamp\www\gold\Application\Class\Category.class.php 第 38 行.
SQL: SELECT * FROM `my_category` ORDER BY `sort` asc,`id` asc  [ RunTime:0.000494s ]
INFO: [ view_parse ] --START--
INFO: [ template_filter ] --START--
INFO: Run Behavior\ContentReplaceBehavior [ RunTime:0.000171s ]
INFO: [ template_filter ] --END-- [ RunTime:0.000393s ]
INFO: Run Behavior\ParseTemplateBehavior [ RunTime:0.026673s ]
INFO: [ view_parse ] --END-- [ RunTime:0.026959s ]
INFO: [ view_filter ] --START--
INFO: Run Behavior\WriteHtmlCacheBehavior [ RunTime:0.000549s ]
INFO: [ view_filter ] --END-- [ RunTime:0.000872s ]
INFO: [ app_end ] --START--
INFO: Run Behavior\ShowPageTraceBehavior [ RunTime:0.000934s ]
INFO: [ app_end ] --END-- [ RunTime:0.001272s ]

[ 2015-05-16T18:27:40+08:00 ] ::1 /gold/index.php/Admin/User/index.html
INFO: [ app_init ] --START--
INFO: Run Behavior\BuildLiteBehavior [ RunTime:0.000039s ]
INFO: [ app_init ] --END-- [ RunTime:0.000581s ]
INFO: [ app_begin ] --START--
INFO: Run Behavior\ReadHtmlCacheBehavior [ RunTime:0.000643s ]
INFO: [ app_begin ] --END-- [ RunTime:0.000836s ]
NOTIC: [8192] mysql_connect(): The mysql extension is deprecated and will be removed in the future: use mysqli or PDO instead D:\wamp\www\gold\ThinkPHP\Library\Think\Db\Driver\Mysql.class.php 第 52 行.
SQL: SHOW COLUMNS FROM `my_user` [ RunTime:0.181435s ]
SQL: SELECT COUNT(*) AS tp_count FROM `my_user` LIMIT 1   [ RunTime:0.000274s ]
SQL: SELECT `id`,`username`,`nickname`,`status` FROM `my_user` ORDER BY `id` asc LIMIT 0,10   [ RunTime:0.000348s ]
INFO: [ view_parse ] --START--
INFO: [ template_filter ] --START--
INFO: Run Behavior\ContentReplaceBehavior [ RunTime:0.000184s ]
INFO: [ template_filter ] --END-- [ RunTime:0.000402s ]
INFO: Run Behavior\ParseTemplateBehavior [ RunTime:0.028160s ]
INFO: [ view_parse ] --END-- [ RunTime:0.028425s ]
INFO: [ view_filter ] --START--
INFO: Run Behavior\WriteHtmlCacheBehavior [ RunTime:0.000453s ]
INFO: [ view_filter ] --END-- [ RunTime:0.000712s ]
INFO: [ app_end ] --START--
INFO: Run Behavior\ShowPageTraceBehavior [ RunTime:0.000604s ]
INFO: [ app_end ] --END-- [ RunTime:0.000784s ]

[ 2015-05-16T18:27:43+08:00 ] ::1 /gold/index.php/Admin/User/add.html
INFO: [ app_init ] --START--
INFO: Run Behavior\BuildLiteBehavior [ RunTime:0.000068s ]
INFO: [ app_init ] --END-- [ RunTime:0.000938s ]
INFO: [ app_begin ] --START--
INFO: Run Behavior\ReadHtmlCacheBehavior [ RunTime:0.000668s ]
INFO: [ app_begin ] --END-- [ RunTime:0.000939s ]
NOTIC: [8192] mysql_connect(): The mysql extension is deprecated and will be removed in the future: use mysqli or PDO instead D:\wamp\www\gold\ThinkPHP\Library\Think\Db\Driver\Mysql.class.php 第 52 行.
SQL: SHOW COLUMNS FROM `my_category` [ RunTime:0.061667s ]
SQL: SELECT `id`,`title`,`pid` FROM `my_category` ORDER BY `id` asc  [ RunTime:0.000453s ]
INFO: [ view_parse ] --START--
INFO: [ template_filter ] --START--
INFO: Run Behavior\ContentReplaceBehavior [ RunTime:0.000207s ]
INFO: [ template_filter ] --END-- [ RunTime:0.000407s ]
INFO: Run Behavior\ParseTemplateBehavior [ RunTime:0.078640s ]
INFO: [ view_parse ] --END-- [ RunTime:0.078839s ]
INFO: [ view_filter ] --START--
INFO: Run Behavior\WriteHtmlCacheBehavior [ RunTime:0.000395s ]
INFO: [ view_filter ] --END-- [ RunTime:0.000572s ]
INFO: [ app_end ] --START--
INFO: Run Behavior\ShowPageTraceBehavior [ RunTime:0.000647s ]
INFO: [ app_end ] --END-- [ RunTime:0.000827s ]

[ 2015-05-16T18:27:45+08:00 ] ::1 /gold/index.php/Admin/Stat/user.html
INFO: [ app_init ] --START--
INFO: Run Behavior\BuildLiteBehavior [ RunTime:0.000063s ]
INFO: [ app_init ] --END-- [ RunTime:0.000898s ]
INFO: [ app_begin ] --START--
INFO: Run Behavior\ReadHtmlCacheBehavior [ RunTime:0.000734s ]
INFO: [ app_begin ] --END-- [ RunTime:0.001023s ]
NOTIC: [8192] mysql_connect(): The mysql extension is deprecated and will be removed in the future: use mysqli or PDO instead D:\wamp\www\gold\ThinkPHP\Library\Think\Db\Driver\Mysql.class.php 第 52 行.
SQL: SHOW COLUMNS FROM `my_user` [ RunTime:0.013011s ]
SQL: SELECT `id`,`username`,`nickname` FROM `my_user`  [ RunTime:0.000377s ]
SQL: SHOW COLUMNS FROM `my_article` [ RunTime:0.025855s ]
SQL: SELECT COUNT(*) AS tp_count FROM `my_article` WHERE ( `creator` = 1 ) LIMIT 1   [ RunTime:0.003977s ]
SQL: SELECT COUNT(*) AS tp_count FROM `my_article` WHERE ( `creator` = 1 ) AND ( `create_time` > 1431167265 ) LIMIT 1   [ RunTime:0.003579s ]
SQL: SELECT COUNT(*) AS tp_count FROM `my_article` WHERE ( `creator` = 1 ) AND ( `create_time` > 1429180065 ) LIMIT 1   [ RunTime:0.003880s ]
SQL: SELECT COUNT(*) AS tp_count FROM `my_article` WHERE ( `creator` = 2 ) LIMIT 1   [ RunTime:0.003364s ]
SQL: SELECT COUNT(*) AS tp_count FROM `my_article` WHERE ( `creator` = 2 ) AND ( `create_time` > 1431167265 ) LIMIT 1   [ RunTime:0.003225s ]
SQL: SELECT COUNT(*) AS tp_count FROM `my_article` WHERE ( `creator` = 2 ) AND ( `create_time` > 1429180065 ) LIMIT 1   [ RunTime:0.003164s ]
INFO: [ view_parse ] --START--
INFO: [ template_filter ] --START--
INFO: Run Behavior\ContentReplaceBehavior [ RunTime:0.000254s ]
INFO: [ template_filter ] --END-- [ RunTime:0.000635s ]
INFO: Run Behavior\ParseTemplateBehavior [ RunTime:0.082689s ]
INFO: [ view_parse ] --END-- [ RunTime:0.083054s ]
INFO: [ view_filter ] --START--
INFO: Run Behavior\WriteHtmlCacheBehavior [ RunTime:0.000608s ]
INFO: [ view_filter ] --END-- [ RunTime:0.000921s ]
INFO: [ app_end ] --START--
INFO: Run Behavior\ShowPageTraceBehavior [ RunTime:0.001170s ]
INFO: [ app_end ] --END-- [ RunTime:0.001530s ]

[ 2015-05-16T18:27:49+08:00 ] ::1 /gold/index.php/Admin/Attachment/index.html
INFO: [ app_init ] --START--
INFO: Run Behavior\BuildLiteBehavior [ RunTime:0.000039s ]
INFO: [ app_init ] --END-- [ RunTime:0.000563s ]
INFO: [ app_begin ] --START--
INFO: Run Behavior\ReadHtmlCacheBehavior [ RunTime:0.000594s ]
INFO: [ app_begin ] --END-- [ RunTime:0.000777s ]
NOTIC: [8192] mysql_connect(): The mysql extension is deprecated and will be removed in the future: use mysqli or PDO instead D:\wamp\www\gold\ThinkPHP\Library\Think\Db\Driver\Mysql.class.php 第 52 行.
SQL: SHOW COLUMNS FROM `my_attachment` [ RunTime:0.080671s ]
SQL: SELECT COUNT(*) AS tp_count FROM `my_attachment` LIMIT 1   [ RunTime:0.000221s ]
NOTIC: [2048] Declaration of Common\Model\AttachmentRelationModel::add() should be compatible with Think\Model::add($data = '', $options = Array, $replace = false) D:\wamp\www\gold\Application\Common\Model\AttachmentRelationModel.class.php 第 35 行.
NOTIC: [2048] Declaration of Common\Model\AttachmentRelationModel::delete() should be compatible with Think\Model::delete($options = Array) D:\wamp\www\gold\Application\Common\Model\AttachmentRelationModel.class.php 第 35 行.
SQL: SHOW COLUMNS FROM `my_attachment` [ RunTime:0.009477s ]
SQL: SELECT * FROM `my_attachment` ORDER BY createtime desc LIMIT 0,10   [ RunTime:0.002588s ]
SQL: SHOW COLUMNS FROM `my_article` [ RunTime:0.007726s ]
NOTIC: [8] Undefined index: mapping_order D:\wamp\www\gold\ThinkPHP\Library\Think\Model\RelationModel.class.php 第 186 行.
NOTIC: [8] Undefined index: mapping_limit D:\wamp\www\gold\ThinkPHP\Library\Think\Model\RelationModel.class.php 第 187 行.
SQL: SELECT b.* FROM my_article_attachment AS a, my_article AS b WHERE a.article_id = b.id AND a. attachment_id='867' [ RunTime:0.106154s ]
NOTIC: [8] Undefined index: mapping_order D:\wamp\www\gold\ThinkPHP\Library\Think\Model\RelationModel.class.php 第 186 行.
NOTIC: [8] Undefined index: mapping_limit D:\wamp\www\gold\ThinkPHP\Library\Think\Model\RelationModel.class.php 第 187 行.
SQL: SELECT b.* FROM my_article_attachment AS a, my_article AS b WHERE a.article_id = b.id AND a. attachment_id='866' [ RunTime:0.000504s ]
NOTIC: [8] Undefined index: mapping_order D:\wamp\www\gold\ThinkPHP\Library\Think\Model\RelationModel.class.php 第 186 行.
NOTIC: [8] Undefined index: mapping_limit D:\wamp\www\gold\ThinkPHP\Library\Think\Model\RelationModel.class.php 第 187 行.
SQL: SELECT b.* FROM my_article_attachment AS a, my_article AS b WHERE a.article_id = b.id AND a. attachment_id='865' [ RunTime:0.000391s ]
NOTIC: [8] Undefined index: mapping_order D:\wamp\www\gold\ThinkPHP\Library\Think\Model\RelationModel.class.php 第 186 行.
NOTIC: [8] Undefined index: mapping_limit D:\wamp\www\gold\ThinkPHP\Library\Think\Model\RelationModel.class.php 第 187 行.
SQL: SELECT b.* FROM my_article_attachment AS a, my_article AS b WHERE a.article_id = b.id AND a. attachment_id='864' [ RunTime:0.000339s ]
NOTIC: [8] Undefined index: mapping_order D:\wamp\www\gold\ThinkPHP\Library\Think\Model\RelationModel.class.php 第 186 行.
NOTIC: [8] Undefined index: mapping_limit D:\wamp\www\gold\ThinkPHP\Library\Think\Model\RelationModel.class.php 第 187 行.
SQL: SELECT b.* FROM my_article_attachment AS a, my_article AS b WHERE a.article_id = b.id AND a. attachment_id='863' [ RunTime:0.000341s ]
NOTIC: [8] Undefined index: mapping_order D:\wamp\www\gold\ThinkPHP\Library\Think\Model\RelationModel.class.php 第 186 行.
NOTIC: [8] Undefined index: mapping_limit D:\wamp\www\gold\ThinkPHP\Library\Think\Model\RelationModel.class.php 第 187 行.
SQL: SELECT b.* FROM my_article_attachment AS a, my_article AS b WHERE a.article_id = b.id AND a. attachment_id='862' [ RunTime:0.000452s ]
NOTIC: [8] Undefined index: mapping_order D:\wamp\www\gold\ThinkPHP\Library\Think\Model\RelationModel.class.php 第 186 行.
NOTIC: [8] Undefined index: mapping_limit D:\wamp\www\gold\ThinkPHP\Library\Think\Model\RelationModel.class.php 第 187 行.
SQL: SELECT b.* FROM my_article_attachment AS a, my_article AS b WHERE a.article_id = b.id AND a. attachment_id='861' [ RunTime:0.000398s ]
NOTIC: [8] Undefined index: mapping_order D:\wamp\www\gold\ThinkPHP\Library\Think\Model\RelationModel.class.php 第 186 行.
NOTIC: [8] Undefined index: mapping_limit D:\wamp\www\gold\ThinkPHP\Library\Think\Model\RelationModel.class.php 第 187 行.
SQL: SELECT b.* FROM my_article_attachment AS a, my_article AS b WHERE a.article_id = b.id AND a. attachment_id='859' [ RunTime:0.000343s ]
NOTIC: [8] Undefined index: mapping_order D:\wamp\www\gold\ThinkPHP\Library\Think\Model\RelationModel.class.php 第 186 行.
NOTIC: [8] Undefined index: mapping_limit D:\wamp\www\gold\ThinkPHP\Library\Think\Model\RelationModel.class.php 第 187 行.
SQL: SELECT b.* FROM my_article_attachment AS a, my_article AS b WHERE a.article_id = b.id AND a. attachment_id='860' [ RunTime:0.000307s ]
NOTIC: [8] Undefined index: mapping_order D:\wamp\www\gold\ThinkPHP\Library\Think\Model\RelationModel.class.php 第 186 行.
NOTIC: [8] Undefined index: mapping_limit D:\wamp\www\gold\ThinkPHP\Library\Think\Model\RelationModel.class.php 第 187 行.
SQL: SELECT b.* FROM my_article_attachment AS a, my_article AS b WHERE a.article_id = b.id AND a. attachment_id='857' [ RunTime:0.000273s ]
INFO: [ view_parse ] --START--
INFO: [ template_filter ] --START--
INFO: Run Behavior\ContentReplaceBehavior [ RunTime:0.000183s ]
INFO: [ template_filter ] --END-- [ RunTime:0.000404s ]
INFO: Run Behavior\ParseTemplateBehavior [ RunTime:0.101462s ]
INFO: [ view_parse ] --END-- [ RunTime:0.101824s ]
INFO: [ view_filter ] --START--
INFO: Run Behavior\WriteHtmlCacheBehavior [ RunTime:0.000341s ]
INFO: [ view_filter ] --END-- [ RunTime:0.000514s ]
INFO: [ app_end ] --START--
INFO: Run Behavior\ShowPageTraceBehavior [ RunTime:0.000861s ]
INFO: [ app_end ] --END-- [ RunTime:0.001168s ]

[ 2015-05-16T18:27:53+08:00 ] ::1 /gold/index.php/Admin/Stat/user.html
INFO: [ app_init ] --START--
INFO: Run Behavior\BuildLiteBehavior [ RunTime:0.000093s ]
INFO: [ app_init ] --END-- [ RunTime:0.001205s ]
INFO: [ app_begin ] --START--
INFO: Run Behavior\ReadHtmlCacheBehavior [ RunTime:0.000973s ]
INFO: [ app_begin ] --END-- [ RunTime:0.001325s ]
NOTIC: [8192] mysql_connect(): The mysql extension is deprecated and will be removed in the future: use mysqli or PDO instead D:\wamp\www\gold\ThinkPHP\Library\Think\Db\Driver\Mysql.class.php 第 52 行.
SQL: SHOW COLUMNS FROM `my_user` [ RunTime:0.009876s ]
SQL: SELECT `id`,`username`,`nickname` FROM `my_user`  [ RunTime:0.000340s ]
SQL: SHOW COLUMNS FROM `my_article` [ RunTime:0.007130s ]
SQL: SELECT COUNT(*) AS tp_count FROM `my_article` WHERE ( `creator` = 1 ) LIMIT 1   [ RunTime:0.003286s ]
SQL: SELECT COUNT(*) AS tp_count FROM `my_article` WHERE ( `creator` = 1 ) AND ( `create_time` > 1431167273 ) LIMIT 1   [ RunTime:0.005505s ]
SQL: SELECT COUNT(*) AS tp_count FROM `my_article` WHERE ( `creator` = 1 ) AND ( `create_time` > 1429180073 ) LIMIT 1   [ RunTime:0.004162s ]
SQL: SELECT COUNT(*) AS tp_count FROM `my_article` WHERE ( `creator` = 2 ) LIMIT 1   [ RunTime:0.004067s ]
SQL: SELECT COUNT(*) AS tp_count FROM `my_article` WHERE ( `creator` = 2 ) AND ( `create_time` > 1431167273 ) LIMIT 1   [ RunTime:0.003595s ]
SQL: SELECT COUNT(*) AS tp_count FROM `my_article` WHERE ( `creator` = 2 ) AND ( `create_time` > 1429180073 ) LIMIT 1   [ RunTime:0.003355s ]
INFO: [ view_parse ] --START--
INFO: [ template_filter ] --START--
INFO: Run Behavior\ContentReplaceBehavior [ RunTime:0.000165s ]
INFO: [ template_filter ] --END-- [ RunTime:0.000370s ]
INFO: Run Behavior\ParseTemplateBehavior [ RunTime:0.022063s ]
INFO: [ view_parse ] --END-- [ RunTime:0.022312s ]
INFO: [ view_filter ] --START--
INFO: Run Behavior\WriteHtmlCacheBehavior [ RunTime:0.000382s ]
INFO: [ view_filter ] --END-- [ RunTime:0.000553s ]
INFO: [ app_end ] --START--
INFO: Run Behavior\ShowPageTraceBehavior [ RunTime:0.000544s ]
INFO: [ app_end ] --END-- [ RunTime:0.000741s ]

