[ 2015-05-31T08:06:59+08:00 ] ::1 /gold/index.php/Admin/Category/add/pid/1.html
INFO: [ app_init ] --START--
INFO: Run Behavior\BuildLiteBehavior [ RunTime:0.000041s ]
INFO: [ app_init ] --END-- [ RunTime:0.001474s ]
INFO: [ app_begin ] --START--
INFO: Run Behavior\ReadHtmlCacheBehavior [ RunTime:0.001584s ]
INFO: [ app_begin ] --END-- [ RunTime:0.001815s ]
NOTIC: [8192] mysql_connect(): The mysql extension is deprecated and will be removed in the future: use mysqli or PDO instead D:\wamp\www\gold\ThinkPHP\Library\Think\Db\Driver\Mysql.class.php 第 52 行.
SQL: SHOW COLUMNS FROM `my_category` [ RunTime:0.037827s ]
NOTIC: [8] Undefined offset: 3 D:\wamp\www\gold\Application\Class\Category.class.php 第 38 行.
SQL: SELECT * FROM `my_category` ORDER BY `sort` asc,`id` asc  [ RunTime:0.001367s ]
INFO: [ view_parse ] --START--
INFO: [ template_filter ] --START--
INFO: Run Behavior\ContentReplaceBehavior [ RunTime:0.000335s ]
INFO: [ template_filter ] --END-- [ RunTime:0.000744s ]
INFO: Run Behavior\ParseTemplateBehavior [ RunTime:0.122187s ]
INFO: [ view_parse ] --END-- [ RunTime:0.122547s ]
INFO: [ view_filter ] --START--
INFO: Run Behavior\WriteHtmlCacheBehavior [ RunTime:0.058355s ]
INFO: [ view_filter ] --END-- [ RunTime:0.058647s ]
INFO: [ app_end ] --START--
INFO: Run Behavior\ShowPageTraceBehavior [ RunTime:0.013889s ]
INFO: [ app_end ] --END-- [ RunTime:0.015140s ]

