[ 2015-12-18T19:13:18+08:00 ] ::1 /gold/index.php/home/index/sign
INFO: [ app_init ] --START--
INFO: Run Behavior\BuildLiteBehavior [ RunTime:0.000046s ]
INFO: [ app_init ] --END-- [ RunTime:0.011205s ]
INFO: [ app_begin ] --START--
INFO: Run Behavior\ReadHtmlCacheBehavior [ RunTime:0.011724s ]
INFO: [ app_begin ] --END-- [ RunTime:0.012067s ]
NOTIC: [8192] mysql_connect(): The mysql extension is deprecated and will be removed in the future: use mysqli or PDO instead D:\wamp\www\gold\ThinkPHP\Library\Think\Db\Driver\Mysql.class.php 第 52 行.
SQL: SHOW COLUMNS FROM `my_category` [ RunTime:0.023012s ]
SQL: SELECT `id`,`title` FROM `my_category` ORDER BY `sort` asc,`id` asc LIMIT 12   [ RunTime:0.001089s ]
NOTIC: [8] Undefined variable: cid D:\wamp\www\gold\Application\Home\Controller\CommonController.class.php 第 29 行.
SQL: SELECT `id`,`pid`,`title` FROM `my_category` WHERE ( `id` = null ) LIMIT 1   [ RunTime:0.000436s ]
NOTIC: [8] Undefined variable: cid D:\wamp\www\gold\Application\Home\Controller\CommonController.class.php 第 34 行.
SQL: SELECT `id`,`title`,`pid`,`sort` FROM `my_category` WHERE ( `pid` = null ) ORDER BY `sort` asc  [ RunTime:0.000450s ]
INFO: [ view_parse ] --START--
INFO: [ template_filter ] --START--
INFO: Run Behavior\ContentReplaceBehavior [ RunTime:0.000108s ]
INFO: [ template_filter ] --END-- [ RunTime:0.000306s ]
INFO: Run Behavior\ParseTemplateBehavior [ RunTime:0.135929s ]
INFO: [ view_parse ] --END-- [ RunTime:0.136236s ]
INFO: [ view_filter ] --START--
INFO: Run Behavior\WriteHtmlCacheBehavior [ RunTime:0.021755s ]
INFO: [ view_filter ] --END-- [ RunTime:0.021947s ]
INFO: [ app_end ] --START--
INFO: Run Behavior\ShowPageTraceBehavior [ RunTime:0.016542s ]
INFO: [ app_end ] --END-- [ RunTime:0.016737s ]

[ 2015-12-18T19:13:30+08:00 ] ::1 /gold/index.php/home/index/sign
INFO: [ app_init ] --START--
INFO: Run Behavior\BuildLiteBehavior [ RunTime:0.000079s ]
INFO: [ app_init ] --END-- [ RunTime:0.001294s ]
INFO: [ app_begin ] --START--
INFO: Run Behavior\ReadHtmlCacheBehavior [ RunTime:0.001494s ]
INFO: [ app_begin ] --END-- [ RunTime:0.001849s ]
NOTIC: [8192] mysql_connect(): The mysql extension is deprecated and will be removed in the future: use mysqli or PDO instead D:\wamp\www\gold\ThinkPHP\Library\Think\Db\Driver\Mysql.class.php 第 52 行.
SQL: SHOW COLUMNS FROM `my_category` [ RunTime:0.011014s ]
SQL: SELECT `id`,`title` FROM `my_category` ORDER BY `sort` asc,`id` asc LIMIT 12   [ RunTime:0.000477s ]
NOTIC: [8] Undefined variable: cid D:\wamp\www\gold\Application\Home\Controller\CommonController.class.php 第 29 行.
SQL: SELECT `id`,`pid`,`title` FROM `my_category` WHERE ( `id` = null ) LIMIT 1   [ RunTime:0.000344s ]
NOTIC: [8] Undefined variable: cid D:\wamp\www\gold\Application\Home\Controller\CommonController.class.php 第 34 行.
SQL: SELECT `id`,`title`,`pid`,`sort` FROM `my_category` WHERE ( `pid` = null ) ORDER BY `sort` asc  [ RunTime:0.000393s ]
INFO: [ view_parse ] --START--
INFO: [ template_filter ] --START--
INFO: Run Behavior\ContentReplaceBehavior [ RunTime:0.000110s ]
INFO: [ template_filter ] --END-- [ RunTime:0.000312s ]
INFO: Run Behavior\ParseTemplateBehavior [ RunTime:0.018628s ]
INFO: [ view_parse ] --END-- [ RunTime:0.018914s ]
INFO: [ view_filter ] --START--
INFO: Run Behavior\WriteHtmlCacheBehavior [ RunTime:0.000955s ]
INFO: [ view_filter ] --END-- [ RunTime:0.001308s ]
INFO: [ app_end ] --START--
INFO: Run Behavior\ShowPageTraceBehavior [ RunTime:0.001041s ]
INFO: [ app_end ] --END-- [ RunTime:0.001271s ]

[ 2015-12-18T19:13:41+08:00 ] ::1 /gold/index.php/home/index/sign
INFO: [ app_init ] --START--
INFO: Run Behavior\BuildLiteBehavior [ RunTime:0.000039s ]
INFO: [ app_init ] --END-- [ RunTime:0.000665s ]
INFO: [ app_begin ] --START--
INFO: Run Behavior\ReadHtmlCacheBehavior [ RunTime:0.000894s ]
INFO: [ app_begin ] --END-- [ RunTime:0.001301s ]
NOTIC: [8192] mysql_connect(): The mysql extension is deprecated and will be removed in the future: use mysqli or PDO instead D:\wamp\www\gold\ThinkPHP\Library\Think\Db\Driver\Mysql.class.php 第 52 行.
SQL: SHOW COLUMNS FROM `my_category` [ RunTime:0.011916s ]
SQL: SELECT `id`,`title` FROM `my_category` ORDER BY `sort` asc,`id` asc LIMIT 12   [ RunTime:0.000465s ]
NOTIC: [8] Undefined variable: cid D:\wamp\www\gold\Application\Home\Controller\CommonController.class.php 第 29 行.
SQL: SELECT `id`,`pid`,`title` FROM `my_category` WHERE ( `id` = null ) LIMIT 1   [ RunTime:0.000517s ]
NOTIC: [8] Undefined variable: cid D:\wamp\www\gold\Application\Home\Controller\CommonController.class.php 第 34 行.
SQL: SELECT `id`,`title`,`pid`,`sort` FROM `my_category` WHERE ( `pid` = null ) ORDER BY `sort` asc  [ RunTime:0.000596s ]
INFO: [ view_parse ] --START--
INFO: [ template_filter ] --START--
INFO: Run Behavior\ContentReplaceBehavior [ RunTime:0.000109s ]
INFO: [ template_filter ] --END-- [ RunTime:0.000311s ]
INFO: Run Behavior\ParseTemplateBehavior [ RunTime:0.017864s ]
INFO: [ view_parse ] --END-- [ RunTime:0.018164s ]
INFO: [ view_filter ] --START--
INFO: Run Behavior\WriteHtmlCacheBehavior [ RunTime:0.000847s ]
INFO: [ view_filter ] --END-- [ RunTime:0.001147s ]
INFO: [ app_end ] --START--
INFO: Run Behavior\ShowPageTraceBehavior [ RunTime:0.001354s ]
INFO: [ app_end ] --END-- [ RunTime:0.001680s ]

[ 2015-12-18T19:13:49+08:00 ] ::1 /gold/index.php/home/index/sign
INFO: [ app_init ] --START--
INFO: Run Behavior\BuildLiteBehavior [ RunTime:0.000042s ]
INFO: [ app_init ] --END-- [ RunTime:0.000702s ]
INFO: [ app_begin ] --START--
INFO: Run Behavior\ReadHtmlCacheBehavior [ RunTime:0.000875s ]
INFO: [ app_begin ] --END-- [ RunTime:0.001122s ]
NOTIC: [8192] mysql_connect(): The mysql extension is deprecated and will be removed in the future: use mysqli or PDO instead D:\wamp\www\gold\ThinkPHP\Library\Think\Db\Driver\Mysql.class.php 第 52 行.
SQL: SHOW COLUMNS FROM `my_category` [ RunTime:0.011367s ]
SQL: SELECT `id`,`title` FROM `my_category` ORDER BY `sort` asc,`id` asc LIMIT 12   [ RunTime:0.000617s ]
NOTIC: [8] Undefined variable: cid D:\wamp\www\gold\Application\Home\Controller\CommonController.class.php 第 29 行.
SQL: SELECT `id`,`pid`,`title` FROM `my_category` WHERE ( `id` = null ) LIMIT 1   [ RunTime:0.000389s ]
NOTIC: [8] Undefined variable: cid D:\wamp\www\gold\Application\Home\Controller\CommonController.class.php 第 34 行.
SQL: SELECT `id`,`title`,`pid`,`sort` FROM `my_category` WHERE ( `pid` = null ) ORDER BY `sort` asc  [ RunTime:0.000377s ]
INFO: [ view_parse ] --START--
INFO: [ template_filter ] --START--
INFO: Run Behavior\ContentReplaceBehavior [ RunTime:0.000108s ]
INFO: [ template_filter ] --END-- [ RunTime:0.000301s ]
INFO: Run Behavior\ParseTemplateBehavior [ RunTime:0.015626s ]
INFO: [ view_parse ] --END-- [ RunTime:0.015829s ]
INFO: [ view_filter ] --START--
INFO: Run Behavior\WriteHtmlCacheBehavior [ RunTime:0.000503s ]
INFO: [ view_filter ] --END-- [ RunTime:0.000672s ]
INFO: [ app_end ] --START--
INFO: Run Behavior\ShowPageTraceBehavior [ RunTime:0.000869s ]
INFO: [ app_end ] --END-- [ RunTime:0.001046s ]

[ 2015-12-18T19:14:11+08:00 ] ::1 /gold/index.php/home/index/show
INFO: [ app_init ] --START--
INFO: Run Behavior\BuildLiteBehavior [ RunTime:0.000044s ]
INFO: [ app_init ] --END-- [ RunTime:0.000971s ]
INFO: [ app_begin ] --START--
INFO: Run Behavior\ReadHtmlCacheBehavior [ RunTime:0.001253s ]
INFO: [ app_begin ] --END-- [ RunTime:0.001463s ]
NOTIC: [8192] mysql_connect(): The mysql extension is deprecated and will be removed in the future: use mysqli or PDO instead D:\wamp\www\gold\ThinkPHP\Library\Think\Db\Driver\Mysql.class.php 第 52 行.
SQL: SHOW COLUMNS FROM `my_category` [ RunTime:0.013266s ]
SQL: SELECT `id`,`title` FROM `my_category` ORDER BY `sort` asc,`id` asc LIMIT 12   [ RunTime:0.000500s ]
NOTIC: [8] Undefined variable: cid D:\wamp\www\gold\Application\Home\Controller\CommonController.class.php 第 29 行.
SQL: SELECT `id`,`pid`,`title` FROM `my_category` WHERE ( `id` = null ) LIMIT 1   [ RunTime:0.000381s ]
NOTIC: [8] Undefined variable: cid D:\wamp\www\gold\Application\Home\Controller\CommonController.class.php 第 34 行.
SQL: SELECT `id`,`title`,`pid`,`sort` FROM `my_category` WHERE ( `pid` = null ) ORDER BY `sort` asc  [ RunTime:0.000575s ]
ERR: 非法操作:show

[ 2015-12-18T19:14:57+08:00 ] ::1 /gold/index.php/home/index/list
INFO: [ app_init ] --START--
INFO: Run Behavior\BuildLiteBehavior [ RunTime:0.000073s ]
INFO: [ app_init ] --END-- [ RunTime:0.001118s ]
INFO: [ app_begin ] --START--
INFO: Run Behavior\ReadHtmlCacheBehavior [ RunTime:0.001952s ]
INFO: [ app_begin ] --END-- [ RunTime:0.002352s ]
NOTIC: [8192] mysql_connect(): The mysql extension is deprecated and will be removed in the future: use mysqli or PDO instead D:\wamp\www\gold\ThinkPHP\Library\Think\Db\Driver\Mysql.class.php 第 52 行.
SQL: SHOW COLUMNS FROM `my_category` [ RunTime:0.012753s ]
SQL: SELECT `id`,`title` FROM `my_category` ORDER BY `sort` asc,`id` asc LIMIT 12   [ RunTime:0.000419s ]
NOTIC: [8] Undefined variable: cid D:\wamp\www\gold\Application\Home\Controller\CommonController.class.php 第 29 行.
SQL: SELECT `id`,`pid`,`title` FROM `my_category` WHERE ( `id` = null ) LIMIT 1   [ RunTime:0.000403s ]
NOTIC: [8] Undefined variable: cid D:\wamp\www\gold\Application\Home\Controller\CommonController.class.php 第 34 行.
SQL: SELECT `id`,`title`,`pid`,`sort` FROM `my_category` WHERE ( `pid` = null ) ORDER BY `sort` asc  [ RunTime:0.000513s ]
ERR: 非法操作:list

[ 2015-12-18T19:14:59+08:00 ] ::1 /gold/index.php/home/index/list
INFO: [ app_init ] --START--
INFO: Run Behavior\BuildLiteBehavior [ RunTime:0.000039s ]
INFO: [ app_init ] --END-- [ RunTime:0.000634s ]
INFO: [ app_begin ] --START--
INFO: Run Behavior\ReadHtmlCacheBehavior [ RunTime:0.000864s ]
INFO: [ app_begin ] --END-- [ RunTime:0.001090s ]
NOTIC: [8192] mysql_connect(): The mysql extension is deprecated and will be removed in the future: use mysqli or PDO instead D:\wamp\www\gold\ThinkPHP\Library\Think\Db\Driver\Mysql.class.php 第 52 行.
SQL: SHOW COLUMNS FROM `my_category` [ RunTime:0.016954s ]
SQL: SELECT `id`,`title` FROM `my_category` ORDER BY `sort` asc,`id` asc LIMIT 12   [ RunTime:0.000514s ]
NOTIC: [8] Undefined variable: cid D:\wamp\www\gold\Application\Home\Controller\CommonController.class.php 第 29 行.
SQL: SELECT `id`,`pid`,`title` FROM `my_category` WHERE ( `id` = null ) LIMIT 1   [ RunTime:0.000334s ]
NOTIC: [8] Undefined variable: cid D:\wamp\www\gold\Application\Home\Controller\CommonController.class.php 第 34 行.
SQL: SELECT `id`,`title`,`pid`,`sort` FROM `my_category` WHERE ( `pid` = null ) ORDER BY `sort` asc  [ RunTime:0.000247s ]
ERR: 非法操作:list

