[ 2015-12-17T12:21:16+08:00 ] ::1 /gold/index.php/home/
INFO: [ app_init ] --START--
INFO: Run Behavior\BuildLiteBehavior [ RunTime:0.000050s ]
INFO: [ app_init ] --END-- [ RunTime:0.001716s ]
INFO: [ app_begin ] --START--
INFO: Run Behavior\ReadHtmlCacheBehavior [ RunTime:0.008966s ]
INFO: [ app_begin ] --END-- [ RunTime:0.009179s ]
NOTIC: [8192] mysql_connect(): The mysql extension is deprecated and will be removed in the future: use mysqli or PDO instead D:\wamp\www\gold\ThinkPHP\Library\Think\Db\Driver\Mysql.class.php 第 52 行.
SQL: SHOW COLUMNS FROM `my_category` [ RunTime:0.016487s ]
SQL: SELECT `id`,`title` FROM `my_category` ORDER BY `sort` asc,`id` asc LIMIT 12   [ RunTime:0.000842s ]
NOTIC: [8] Undefined variable: cid D:\wamp\www\gold\Application\Home\Controller\CommonController.class.php 第 29 行.
SQL: SELECT `id`,`pid`,`title` FROM `my_category` WHERE ( `id` = null ) LIMIT 1   [ RunTime:0.000525s ]
NOTIC: [8] Undefined variable: cid D:\wamp\www\gold\Application\Home\Controller\CommonController.class.php 第 34 行.
SQL: SELECT `id`,`title`,`pid`,`sort` FROM `my_category` WHERE ( `pid` = null ) ORDER BY `sort` asc  [ RunTime:0.000644s ]
SQL: SHOW COLUMNS FROM `my_article` [ RunTime:0.010856s ]
SQL: SELECT `id`,`pid`,`title` FROM `my_category` WHERE ( `pid` = 0 ) ORDER BY `sort` asc,`id` asc  [ RunTime:0.000567s ]
SQL: SHOW COLUMNS FROM `my_category` [ RunTime:0.005354s ]
NOTIC: [8] Undefined offset: 3 D:\wamp\www\gold\Application\Class\Category.class.php 第 38 行.
SQL: SELECT * FROM `my_category` ORDER BY `sort` asc,`id` asc  [ RunTime:0.000849s ]
SQL: SELECT * FROM `my_article` WHERE ( `category_id` IN ('1','29','30','31','32') ) ORDER BY `top` desc,`create_time` desc LIMIT 5   [ RunTime:0.183139s ]
SQL: SELECT * FROM `my_article` WHERE ( `category_id` IN ('2','33','34','35','36','37','38','39','40','41','42') ) ORDER BY `top` desc,`create_time` desc LIMIT 5   [ RunTime:0.080099s ]
SQL: SELECT * FROM `my_article` WHERE ( `category_id` IN ('3','44','45') ) ORDER BY `top` desc,`create_time` desc LIMIT 5   [ RunTime:0.001301s ]
SQL: SELECT * FROM `my_article` WHERE ( `category_id` IN ('4','46','47') ) ORDER BY `top` desc,`create_time` desc LIMIT 5   [ RunTime:0.011741s ]
SQL: SELECT * FROM `my_article` WHERE ( `category_id` IN ('5','48','49') ) ORDER BY `top` desc,`create_time` desc LIMIT 5   [ RunTime:0.001057s ]
SQL: SELECT * FROM `my_article` WHERE ( `category_id` IN ('6') ) ORDER BY `top` desc,`create_time` desc LIMIT 5   [ RunTime:0.023278s ]
SQL: SELECT * FROM `my_article` WHERE ( `category_id` IN ('7') ) ORDER BY `top` desc,`create_time` desc LIMIT 5   [ RunTime:0.000910s ]
SQL: SELECT * FROM `my_article` WHERE ( `category_id` IN ('8','50','51') ) ORDER BY `top` desc,`create_time` desc LIMIT 5   [ RunTime:0.018936s ]
SQL: SELECT * FROM `my_article` WHERE ( `category_id` IN ('9') ) ORDER BY `top` desc,`create_time` desc LIMIT 5   [ RunTime:0.042903s ]
SQL: SELECT * FROM `my_article` WHERE ( `category_id` IN ('10') ) ORDER BY `top` desc,`create_time` desc LIMIT 5   [ RunTime:0.001546s ]
SQL: SELECT * FROM `my_article` WHERE ( `category_id` IN ('11') ) ORDER BY `top` desc,`create_time` desc LIMIT 5   [ RunTime:0.000963s ]
SQL: SELECT * FROM `my_article` WHERE ( `category_id` IN ('12') ) ORDER BY `top` desc,`create_time` desc LIMIT 5   [ RunTime:0.000893s ]
SQL: SELECT * FROM `my_article` WHERE ( `category_id` IN ('13') ) ORDER BY `top` desc,`create_time` desc LIMIT 5   [ RunTime:0.000885s ]
INFO: [ view_parse ] --START--
INFO: [ template_filter ] --START--
INFO: Run Behavior\ContentReplaceBehavior [ RunTime:0.000188s ]
INFO: [ template_filter ] --END-- [ RunTime:0.000470s ]
INFO: Run Behavior\ParseTemplateBehavior [ RunTime:0.282002s ]
INFO: [ view_parse ] --END-- [ RunTime:0.282578s ]
INFO: [ view_filter ] --START--
INFO: Run Behavior\WriteHtmlCacheBehavior [ RunTime:0.022335s ]
INFO: [ view_filter ] --END-- [ RunTime:0.022559s ]
INFO: [ app_end ] --START--
INFO: Run Behavior\ShowPageTraceBehavior [ RunTime:0.027475s ]
INFO: [ app_end ] --END-- [ RunTime:0.027758s ]

[ 2015-12-17T12:21:31+08:00 ] ::1 /gold/index.php/home/index/sign
INFO: [ app_init ] --START--
INFO: Run Behavior\BuildLiteBehavior [ RunTime:0.000042s ]
INFO: [ app_init ] --END-- [ RunTime:0.000659s ]
INFO: [ app_begin ] --START--
INFO: Run Behavior\ReadHtmlCacheBehavior [ RunTime:0.001161s ]
INFO: [ app_begin ] --END-- [ RunTime:0.001440s ]
NOTIC: [8192] mysql_connect(): The mysql extension is deprecated and will be removed in the future: use mysqli or PDO instead D:\wamp\www\gold\ThinkPHP\Library\Think\Db\Driver\Mysql.class.php 第 52 行.
SQL: SHOW COLUMNS FROM `my_category` [ RunTime:0.012424s ]
SQL: SELECT `id`,`title` FROM `my_category` ORDER BY `sort` asc,`id` asc LIMIT 12   [ RunTime:0.000483s ]
NOTIC: [8] Undefined variable: cid D:\wamp\www\gold\Application\Home\Controller\CommonController.class.php 第 29 行.
SQL: SELECT `id`,`pid`,`title` FROM `my_category` WHERE ( `id` = null ) LIMIT 1   [ RunTime:0.000333s ]
NOTIC: [8] Undefined variable: cid D:\wamp\www\gold\Application\Home\Controller\CommonController.class.php 第 34 行.
SQL: SELECT `id`,`title`,`pid`,`sort` FROM `my_category` WHERE ( `pid` = null ) ORDER BY `sort` asc  [ RunTime:0.000370s ]
INFO: [ view_parse ] --START--
INFO: [ template_filter ] --START--
INFO: Run Behavior\ContentReplaceBehavior [ RunTime:0.000106s ]
INFO: [ template_filter ] --END-- [ RunTime:0.000311s ]
INFO: Run Behavior\ParseTemplateBehavior [ RunTime:0.101824s ]
INFO: [ view_parse ] --END-- [ RunTime:0.102058s ]
INFO: [ view_filter ] --START--
INFO: Run Behavior\WriteHtmlCacheBehavior [ RunTime:0.000571s ]
INFO: [ view_filter ] --END-- [ RunTime:0.000741s ]
INFO: [ app_end ] --START--
INFO: Run Behavior\ShowPageTraceBehavior [ RunTime:0.000805s ]
INFO: [ app_end ] --END-- [ RunTime:0.000978s ]

[ 2015-12-17T16:21:50+08:00 ] ::1 /gold/index.php/home/index/sign
INFO: [ app_init ] --START--
INFO: Run Behavior\BuildLiteBehavior [ RunTime:0.000083s ]
INFO: [ app_init ] --END-- [ RunTime:0.063354s ]
INFO: [ app_begin ] --START--
INFO: Run Behavior\ReadHtmlCacheBehavior [ RunTime:0.018215s ]
INFO: [ app_begin ] --END-- [ RunTime:0.018438s ]
NOTIC: [8192] mysql_connect(): The mysql extension is deprecated and will be removed in the future: use mysqli or PDO instead D:\wamp\www\gold\ThinkPHP\Library\Think\Db\Driver\Mysql.class.php 第 52 行.
SQL: SHOW COLUMNS FROM `my_category` [ RunTime:0.208466s ]
SQL: SELECT `id`,`title` FROM `my_category` ORDER BY `sort` asc,`id` asc LIMIT 12   [ RunTime:0.021554s ]
NOTIC: [8] Undefined variable: cid D:\wamp\www\gold\Application\Home\Controller\CommonController.class.php 第 29 行.
SQL: SELECT `id`,`pid`,`title` FROM `my_category` WHERE ( `id` = null ) LIMIT 1   [ RunTime:0.024661s ]
NOTIC: [8] Undefined variable: cid D:\wamp\www\gold\Application\Home\Controller\CommonController.class.php 第 34 行.
SQL: SELECT `id`,`title`,`pid`,`sort` FROM `my_category` WHERE ( `pid` = null ) ORDER BY `sort` asc  [ RunTime:0.001178s ]
INFO: [ view_parse ] --START--
INFO: [ template_filter ] --START--
INFO: Run Behavior\ContentReplaceBehavior [ RunTime:0.000109s ]
INFO: [ template_filter ] --END-- [ RunTime:0.000303s ]
INFO: Run Behavior\ParseTemplateBehavior [ RunTime:0.230355s ]
INFO: [ view_parse ] --END-- [ RunTime:0.230965s ]
INFO: [ view_filter ] --START--
INFO: Run Behavior\WriteHtmlCacheBehavior [ RunTime:0.020239s ]
INFO: [ view_filter ] --END-- [ RunTime:0.021054s ]
INFO: [ app_end ] --START--
INFO: Run Behavior\ShowPageTraceBehavior [ RunTime:0.016768s ]
INFO: [ app_end ] --END-- [ RunTime:0.016963s ]

[ 2015-12-17T16:23:19+08:00 ] ::1 /gold/index.php/home/index/sign
INFO: [ app_init ] --START--
INFO: Run Behavior\BuildLiteBehavior [ RunTime:0.000041s ]
INFO: [ app_init ] --END-- [ RunTime:0.000645s ]
INFO: [ app_begin ] --START--
INFO: Run Behavior\ReadHtmlCacheBehavior [ RunTime:0.000871s ]
INFO: [ app_begin ] --END-- [ RunTime:0.001104s ]
NOTIC: [8192] mysql_connect(): The mysql extension is deprecated and will be removed in the future: use mysqli or PDO instead D:\wamp\www\gold\ThinkPHP\Library\Think\Db\Driver\Mysql.class.php 第 52 行.
SQL: SHOW COLUMNS FROM `my_category` [ RunTime:0.011368s ]
SQL: SELECT `id`,`title` FROM `my_category` ORDER BY `sort` asc,`id` asc LIMIT 12   [ RunTime:0.000408s ]
NOTIC: [8] Undefined variable: cid D:\wamp\www\gold\Application\Home\Controller\CommonController.class.php 第 29 行.
SQL: SELECT `id`,`pid`,`title` FROM `my_category` WHERE ( `id` = null ) LIMIT 1   [ RunTime:0.000252s ]
NOTIC: [8] Undefined variable: cid D:\wamp\www\gold\Application\Home\Controller\CommonController.class.php 第 34 行.
SQL: SELECT `id`,`title`,`pid`,`sort` FROM `my_category` WHERE ( `pid` = null ) ORDER BY `sort` asc  [ RunTime:0.000509s ]
INFO: [ view_parse ] --START--
INFO: [ template_filter ] --START--
INFO: Run Behavior\ContentReplaceBehavior [ RunTime:0.000107s ]
INFO: [ template_filter ] --END-- [ RunTime:0.000297s ]
INFO: Run Behavior\ParseTemplateBehavior [ RunTime:0.022496s ]
INFO: [ view_parse ] --END-- [ RunTime:0.022737s ]
INFO: [ view_filter ] --START--
INFO: Run Behavior\WriteHtmlCacheBehavior [ RunTime:0.000499s ]
INFO: [ view_filter ] --END-- [ RunTime:0.000670s ]
INFO: [ app_end ] --START--
INFO: Run Behavior\ShowPageTraceBehavior [ RunTime:0.000806s ]
INFO: [ app_end ] --END-- [ RunTime:0.001019s ]

[ 2015-12-17T16:23:56+08:00 ] ::1 /gold/index.php/home/index/sign
INFO: [ app_init ] --START--
INFO: Run Behavior\BuildLiteBehavior [ RunTime:0.000039s ]
INFO: [ app_init ] --END-- [ RunTime:0.000793s ]
INFO: [ app_begin ] --START--
INFO: Run Behavior\ReadHtmlCacheBehavior [ RunTime:0.000943s ]
INFO: [ app_begin ] --END-- [ RunTime:0.001149s ]
NOTIC: [8192] mysql_connect(): The mysql extension is deprecated and will be removed in the future: use mysqli or PDO instead D:\wamp\www\gold\ThinkPHP\Library\Think\Db\Driver\Mysql.class.php 第 52 行.
SQL: SHOW COLUMNS FROM `my_category` [ RunTime:0.012001s ]
SQL: SELECT `id`,`title` FROM `my_category` ORDER BY `sort` asc,`id` asc LIMIT 12   [ RunTime:0.000381s ]
NOTIC: [8] Undefined variable: cid D:\wamp\www\gold\Application\Home\Controller\CommonController.class.php 第 29 行.
SQL: SELECT `id`,`pid`,`title` FROM `my_category` WHERE ( `id` = null ) LIMIT 1   [ RunTime:0.000301s ]
NOTIC: [8] Undefined variable: cid D:\wamp\www\gold\Application\Home\Controller\CommonController.class.php 第 34 行.
SQL: SELECT `id`,`title`,`pid`,`sort` FROM `my_category` WHERE ( `pid` = null ) ORDER BY `sort` asc  [ RunTime:0.000324s ]
INFO: [ view_parse ] --START--
INFO: [ template_filter ] --START--
INFO: Run Behavior\ContentReplaceBehavior [ RunTime:0.000106s ]
INFO: [ template_filter ] --END-- [ RunTime:0.000296s ]
INFO: Run Behavior\ParseTemplateBehavior [ RunTime:0.024119s ]
INFO: [ view_parse ] --END-- [ RunTime:0.024363s ]
INFO: [ view_filter ] --START--
INFO: Run Behavior\WriteHtmlCacheBehavior [ RunTime:0.000638s ]
INFO: [ view_filter ] --END-- [ RunTime:0.000812s ]
INFO: [ app_end ] --START--
INFO: Run Behavior\ShowPageTraceBehavior [ RunTime:0.000844s ]
INFO: [ app_end ] --END-- [ RunTime:0.001019s ]

[ 2015-12-17T16:25:29+08:00 ] ::1 /gold/index.php/home/index/sign
INFO: [ app_init ] --START--
INFO: Run Behavior\BuildLiteBehavior [ RunTime:0.000040s ]
INFO: [ app_init ] --END-- [ RunTime:0.000691s ]
INFO: [ app_begin ] --START--
INFO: Run Behavior\ReadHtmlCacheBehavior [ RunTime:0.000845s ]
INFO: [ app_begin ] --END-- [ RunTime:0.001027s ]
NOTIC: [8192] mysql_connect(): The mysql extension is deprecated and will be removed in the future: use mysqli or PDO instead D:\wamp\www\gold\ThinkPHP\Library\Think\Db\Driver\Mysql.class.php 第 52 行.
SQL: SHOW COLUMNS FROM `my_category` [ RunTime:0.010841s ]
SQL: SELECT `id`,`title` FROM `my_category` ORDER BY `sort` asc,`id` asc LIMIT 12   [ RunTime:0.000510s ]
NOTIC: [8] Undefined variable: cid D:\wamp\www\gold\Application\Home\Controller\CommonController.class.php 第 29 行.
SQL: SELECT `id`,`pid`,`title` FROM `my_category` WHERE ( `id` = null ) LIMIT 1   [ RunTime:0.000415s ]
NOTIC: [8] Undefined variable: cid D:\wamp\www\gold\Application\Home\Controller\CommonController.class.php 第 34 行.
SQL: SELECT `id`,`title`,`pid`,`sort` FROM `my_category` WHERE ( `pid` = null ) ORDER BY `sort` asc  [ RunTime:0.000419s ]
INFO: [ view_parse ] --START--
INFO: [ template_filter ] --START--
INFO: Run Behavior\ContentReplaceBehavior [ RunTime:0.000108s ]
INFO: [ template_filter ] --END-- [ RunTime:0.000294s ]
INFO: Run Behavior\ParseTemplateBehavior [ RunTime:0.021161s ]
INFO: [ view_parse ] --END-- [ RunTime:0.021419s ]
INFO: [ view_filter ] --START--
INFO: Run Behavior\WriteHtmlCacheBehavior [ RunTime:0.000578s ]
INFO: [ view_filter ] --END-- [ RunTime:0.000744s ]
INFO: [ app_end ] --START--
INFO: Run Behavior\ShowPageTraceBehavior [ RunTime:0.000817s ]
INFO: [ app_end ] --END-- [ RunTime:0.000992s ]

[ 2015-12-17T16:25:48+08:00 ] ::1 /gold/index.php/home/index/sign
INFO: [ app_init ] --START--
INFO: Run Behavior\BuildLiteBehavior [ RunTime:0.000042s ]
INFO: [ app_init ] --END-- [ RunTime:0.000692s ]
INFO: [ app_begin ] --START--
INFO: Run Behavior\ReadHtmlCacheBehavior [ RunTime:0.000838s ]
INFO: [ app_begin ] --END-- [ RunTime:0.001027s ]
NOTIC: [8192] mysql_connect(): The mysql extension is deprecated and will be removed in the future: use mysqli or PDO instead D:\wamp\www\gold\ThinkPHP\Library\Think\Db\Driver\Mysql.class.php 第 52 行.
SQL: SHOW COLUMNS FROM `my_category` [ RunTime:0.010699s ]
SQL: SELECT `id`,`title` FROM `my_category` ORDER BY `sort` asc,`id` asc LIMIT 12   [ RunTime:0.000383s ]
NOTIC: [8] Undefined variable: cid D:\wamp\www\gold\Application\Home\Controller\CommonController.class.php 第 29 行.
SQL: SELECT `id`,`pid`,`title` FROM `my_category` WHERE ( `id` = null ) LIMIT 1   [ RunTime:0.000351s ]
NOTIC: [8] Undefined variable: cid D:\wamp\www\gold\Application\Home\Controller\CommonController.class.php 第 34 行.
SQL: SELECT `id`,`title`,`pid`,`sort` FROM `my_category` WHERE ( `pid` = null ) ORDER BY `sort` asc  [ RunTime:0.000402s ]
INFO: [ view_parse ] --START--
INFO: [ template_filter ] --START--
INFO: Run Behavior\ContentReplaceBehavior [ RunTime:0.000108s ]
INFO: [ template_filter ] --END-- [ RunTime:0.000291s ]
INFO: Run Behavior\ParseTemplateBehavior [ RunTime:0.010527s ]
INFO: [ view_parse ] --END-- [ RunTime:0.010724s ]
INFO: [ view_filter ] --START--
INFO: Run Behavior\WriteHtmlCacheBehavior [ RunTime:0.000567s ]
INFO: [ view_filter ] --END-- [ RunTime:0.000735s ]
INFO: [ app_end ] --START--
INFO: Run Behavior\ShowPageTraceBehavior [ RunTime:0.000827s ]
INFO: [ app_end ] --END-- [ RunTime:0.000999s ]

[ 2015-12-17T18:31:37+08:00 ] ::1 /gold/index.php/home/index/sign
INFO: [ app_init ] --START--
INFO: Run Behavior\BuildLiteBehavior [ RunTime:0.000045s ]
INFO: [ app_init ] --END-- [ RunTime:0.008620s ]
INFO: [ app_begin ] --START--
INFO: Run Behavior\ReadHtmlCacheBehavior [ RunTime:0.008886s ]
INFO: [ app_begin ] --END-- [ RunTime:0.009182s ]

[ 2015-12-17T18:32:24+08:00 ] ::1 /gold/index.php/home/index/sign
INFO: [ app_init ] --START--
INFO: Run Behavior\BuildLiteBehavior [ RunTime:0.000071s ]
INFO: [ app_init ] --END-- [ RunTime:0.000931s ]
INFO: [ app_begin ] --START--
INFO: Run Behavior\ReadHtmlCacheBehavior [ RunTime:0.001269s ]
INFO: [ app_begin ] --END-- [ RunTime:0.001550s ]
NOTIC: [8192] mysql_connect(): The mysql extension is deprecated and will be removed in the future: use mysqli or PDO instead D:\wamp\www\gold\ThinkPHP\Library\Think\Db\Driver\Mysql.class.php 第 52 行.
SQL: SHOW COLUMNS FROM `my_category` [ RunTime:0.012560s ]
SQL: SELECT `id`,`title` FROM `my_category` ORDER BY `sort` asc,`id` asc LIMIT 12   [ RunTime:0.000490s ]
NOTIC: [8] Undefined variable: cid D:\wamp\www\gold\Application\Home\Controller\CommonController.class.php 第 29 行.
SQL: SELECT `id`,`pid`,`title` FROM `my_category` WHERE ( `id` = null ) LIMIT 1   [ RunTime:0.000297s ]
NOTIC: [8] Undefined variable: cid D:\wamp\www\gold\Application\Home\Controller\CommonController.class.php 第 34 行.
SQL: SELECT `id`,`title`,`pid`,`sort` FROM `my_category` WHERE ( `pid` = null ) ORDER BY `sort` asc  [ RunTime:0.000305s ]
INFO: [ view_parse ] --START--
INFO: [ template_filter ] --START--
INFO: Run Behavior\ContentReplaceBehavior [ RunTime:0.000118s ]
INFO: [ template_filter ] --END-- [ RunTime:0.000315s ]
INFO: Run Behavior\ParseTemplateBehavior [ RunTime:0.112980s ]
INFO: [ view_parse ] --END-- [ RunTime:0.113175s ]
INFO: [ view_filter ] --START--
INFO: Run Behavior\WriteHtmlCacheBehavior [ RunTime:0.020304s ]
INFO: [ view_filter ] --END-- [ RunTime:0.020499s ]
INFO: [ app_end ] --START--
INFO: Run Behavior\ShowPageTraceBehavior [ RunTime:0.016591s ]
INFO: [ app_end ] --END-- [ RunTime:0.016788s ]

[ 2015-12-17T18:32:59+08:00 ] ::1 /gold/index.php/Home/Index/upload_pic.html
INFO: [ app_init ] --START--
INFO: Run Behavior\BuildLiteBehavior [ RunTime:0.000039s ]
INFO: [ app_init ] --END-- [ RunTime:0.000596s ]
INFO: [ app_begin ] --START--
INFO: Run Behavior\ReadHtmlCacheBehavior [ RunTime:0.000825s ]
INFO: [ app_begin ] --END-- [ RunTime:0.000975s ]
NOTIC: [8192] mysql_connect(): The mysql extension is deprecated and will be removed in the future: use mysqli or PDO instead D:\wamp\www\gold\ThinkPHP\Library\Think\Db\Driver\Mysql.class.php 第 52 行.
SQL: SHOW COLUMNS FROM `my_category` [ RunTime:0.010202s ]
SQL: SELECT `id`,`title` FROM `my_category` ORDER BY `sort` asc,`id` asc LIMIT 12   [ RunTime:0.000406s ]
NOTIC: [8] Undefined variable: cid D:\wamp\www\gold\Application\Home\Controller\CommonController.class.php 第 29 行.
SQL: SELECT `id`,`pid`,`title` FROM `my_category` WHERE ( `id` = null ) LIMIT 1   [ RunTime:0.000259s ]
NOTIC: [8] Undefined variable: cid D:\wamp\www\gold\Application\Home\Controller\CommonController.class.php 第 34 行.
SQL: SELECT `id`,`title`,`pid`,`sort` FROM `my_category` WHERE ( `pid` = null ) ORDER BY `sort` asc  [ RunTime:0.000400s ]
NOTIC: [8] Undefined index: upfile D:\wamp\www\gold\Application\Home\Controller\IndexController.class.php 第 187 行.
NOTIC: [8] Undefined index: tmp_name D:\wamp\www\gold\ThinkPHP\Library\Think\Upload.class.php 第 151 行.
NOTIC: [2] finfo_file(): Empty filename or path D:\wamp\www\gold\ThinkPHP\Library\Think\Upload.class.php 第 151 行.
NOTIC: [8] Undefined index: name D:\wamp\www\gold\ThinkPHP\Library\Think\Upload.class.php 第 155 行.
NOTIC: [8] Undefined index: error D:\wamp\www\gold\ThinkPHP\Library\Think\Upload.class.php 第 268 行.
NOTIC: [8] Undefined index: tmp_name D:\wamp\www\gold\ThinkPHP\Library\Think\Upload.class.php 第 279 行.
NOTIC: [8] Undefined variable: fname D:\wamp\www\gold\Application\Home\Controller\IndexController.class.php 第 258 行.
INFO: [ app_end ] --START--
INFO: Run Behavior\ShowPageTraceBehavior [ RunTime:0.000873s ]
INFO: [ app_end ] --END-- [ RunTime:0.001027s ]

[ 2015-12-17T18:33:00+08:00 ] ::1 /gold/
INFO: [ app_init ] --START--
INFO: Run Behavior\BuildLiteBehavior [ RunTime:0.000040s ]
INFO: [ app_init ] --END-- [ RunTime:0.000606s ]
INFO: [ app_begin ] --START--
INFO: Run Behavior\ReadHtmlCacheBehavior [ RunTime:0.000820s ]
INFO: [ app_begin ] --END-- [ RunTime:0.001013s ]
NOTIC: [8192] mysql_connect(): The mysql extension is deprecated and will be removed in the future: use mysqli or PDO instead D:\wamp\www\gold\ThinkPHP\Library\Think\Db\Driver\Mysql.class.php 第 52 行.
SQL: SHOW COLUMNS FROM `my_category` [ RunTime:0.004400s ]
SQL: SELECT `id`,`title` FROM `my_category` ORDER BY `sort` asc,`id` asc LIMIT 12   [ RunTime:0.000329s ]
NOTIC: [8] Undefined variable: cid D:\wamp\www\gold\Application\Home\Controller\CommonController.class.php 第 29 行.
SQL: SELECT `id`,`pid`,`title` FROM `my_category` WHERE ( `id` = null ) LIMIT 1   [ RunTime:0.000223s ]
NOTIC: [8] Undefined variable: cid D:\wamp\www\gold\Application\Home\Controller\CommonController.class.php 第 34 行.
SQL: SELECT `id`,`title`,`pid`,`sort` FROM `my_category` WHERE ( `pid` = null ) ORDER BY `sort` asc  [ RunTime:0.000238s ]
SQL: SHOW COLUMNS FROM `my_article` [ RunTime:0.007702s ]
SQL: SELECT `id`,`pid`,`title` FROM `my_category` WHERE ( `pid` = 0 ) ORDER BY `sort` asc,`id` asc  [ RunTime:0.000371s ]
SQL: SHOW COLUMNS FROM `my_category` [ RunTime:0.004476s ]
NOTIC: [8] Undefined offset: 3 D:\wamp\www\gold\Application\Class\Category.class.php 第 38 行.
SQL: SELECT * FROM `my_category` ORDER BY `sort` asc,`id` asc  [ RunTime:0.000920s ]
SQL: SELECT * FROM `my_article` WHERE ( `category_id` IN ('1','29','30','31','32') ) ORDER BY `top` desc,`create_time` desc LIMIT 5   [ RunTime:0.214683s ]
SQL: SELECT * FROM `my_article` WHERE ( `category_id` IN ('2','33','34','35','36','37','38','39','40','41','42') ) ORDER BY `top` desc,`create_time` desc LIMIT 5   [ RunTime:0.082662s ]
SQL: SELECT * FROM `my_article` WHERE ( `category_id` IN ('3','44','45') ) ORDER BY `top` desc,`create_time` desc LIMIT 5   [ RunTime:0.000634s ]
SQL: SELECT * FROM `my_article` WHERE ( `category_id` IN ('4','46','47') ) ORDER BY `top` desc,`create_time` desc LIMIT 5   [ RunTime:0.019234s ]
SQL: SELECT * FROM `my_article` WHERE ( `category_id` IN ('5','48','49') ) ORDER BY `top` desc,`create_time` desc LIMIT 5   [ RunTime:0.000500s ]
SQL: SELECT * FROM `my_article` WHERE ( `category_id` IN ('6') ) ORDER BY `top` desc,`create_time` desc LIMIT 5   [ RunTime:0.004272s ]
SQL: SELECT * FROM `my_article` WHERE ( `category_id` IN ('7') ) ORDER BY `top` desc,`create_time` desc LIMIT 5   [ RunTime:0.000609s ]
SQL: SELECT * FROM `my_article` WHERE ( `category_id` IN ('8','50','51') ) ORDER BY `top` desc,`create_time` desc LIMIT 5   [ RunTime:0.013554s ]
SQL: SELECT * FROM `my_article` WHERE ( `category_id` IN ('9') ) ORDER BY `top` desc,`create_time` desc LIMIT 5   [ RunTime:0.036327s ]
SQL: SELECT * FROM `my_article` WHERE ( `category_id` IN ('10') ) ORDER BY `top` desc,`create_time` desc LIMIT 5   [ RunTime:0.000834s ]
SQL: SELECT * FROM `my_article` WHERE ( `category_id` IN ('11') ) ORDER BY `top` desc,`create_time` desc LIMIT 5   [ RunTime:0.000588s ]
SQL: SELECT * FROM `my_article` WHERE ( `category_id` IN ('12') ) ORDER BY `top` desc,`create_time` desc LIMIT 5   [ RunTime:0.000512s ]
SQL: SELECT * FROM `my_article` WHERE ( `category_id` IN ('13') ) ORDER BY `top` desc,`create_time` desc LIMIT 5   [ RunTime:0.000445s ]
INFO: [ view_parse ] --START--
INFO: [ template_filter ] --START--
INFO: Run Behavior\ContentReplaceBehavior [ RunTime:0.000199s ]
INFO: [ template_filter ] --END-- [ RunTime:0.000529s ]
INFO: Run Behavior\ParseTemplateBehavior [ RunTime:0.116053s ]
INFO: [ view_parse ] --END-- [ RunTime:0.116326s ]
INFO: [ view_filter ] --START--
INFO: Run Behavior\WriteHtmlCacheBehavior [ RunTime:0.000929s ]
INFO: [ view_filter ] --END-- [ RunTime:0.001112s ]
INFO: [ app_end ] --START--
INFO: Run Behavior\ShowPageTraceBehavior [ RunTime:0.001519s ]
INFO: [ app_end ] --END-- [ RunTime:0.001862s ]

[ 2015-12-17T18:33:28+08:00 ] ::1 /gold/index.php/Home/Index/upload_pic.html
INFO: [ app_init ] --START--
INFO: Run Behavior\BuildLiteBehavior [ RunTime:0.000072s ]
INFO: [ app_init ] --END-- [ RunTime:0.001016s ]
INFO: [ app_begin ] --START--
INFO: Run Behavior\ReadHtmlCacheBehavior [ RunTime:0.001196s ]
INFO: [ app_begin ] --END-- [ RunTime:0.001438s ]
NOTIC: [8192] mysql_connect(): The mysql extension is deprecated and will be removed in the future: use mysqli or PDO instead D:\wamp\www\gold\ThinkPHP\Library\Think\Db\Driver\Mysql.class.php 第 52 行.
SQL: SHOW COLUMNS FROM `my_category` [ RunTime:0.009996s ]
SQL: SELECT `id`,`title` FROM `my_category` ORDER BY `sort` asc,`id` asc LIMIT 12   [ RunTime:0.000378s ]
NOTIC: [8] Undefined variable: cid D:\wamp\www\gold\Application\Home\Controller\CommonController.class.php 第 29 行.
SQL: SELECT `id`,`pid`,`title` FROM `my_category` WHERE ( `id` = null ) LIMIT 1   [ RunTime:0.000250s ]
NOTIC: [8] Undefined variable: cid D:\wamp\www\gold\Application\Home\Controller\CommonController.class.php 第 34 行.
SQL: SELECT `id`,`title`,`pid`,`sort` FROM `my_category` WHERE ( `pid` = null ) ORDER BY `sort` asc  [ RunTime:0.000277s ]
NOTIC: [8] Undefined index: upfile D:\wamp\www\gold\Application\Home\Controller\IndexController.class.php 第 187 行.
NOTIC: [8] Undefined index: tmp_name D:\wamp\www\gold\ThinkPHP\Library\Think\Upload.class.php 第 151 行.
NOTIC: [2] finfo_file(): Empty filename or path D:\wamp\www\gold\ThinkPHP\Library\Think\Upload.class.php 第 151 行.
NOTIC: [8] Undefined index: name D:\wamp\www\gold\ThinkPHP\Library\Think\Upload.class.php 第 155 行.
NOTIC: [8] Undefined index: error D:\wamp\www\gold\ThinkPHP\Library\Think\Upload.class.php 第 268 行.
NOTIC: [8] Undefined index: tmp_name D:\wamp\www\gold\ThinkPHP\Library\Think\Upload.class.php 第 279 行.
NOTIC: [8] Undefined variable: fname D:\wamp\www\gold\Application\Home\Controller\IndexController.class.php 第 258 行.
INFO: [ app_end ] --START--
INFO: Run Behavior\ShowPageTraceBehavior [ RunTime:0.000882s ]
INFO: [ app_end ] --END-- [ RunTime:0.001091s ]

[ 2015-12-17T18:33:28+08:00 ] ::1 /gold/
INFO: [ app_init ] --START--
INFO: Run Behavior\BuildLiteBehavior [ RunTime:0.000041s ]
INFO: [ app_init ] --END-- [ RunTime:0.000634s ]
INFO: [ app_begin ] --START--
INFO: Run Behavior\ReadHtmlCacheBehavior [ RunTime:0.001027s ]
INFO: [ app_begin ] --END-- [ RunTime:0.001237s ]
NOTIC: [8192] mysql_connect(): The mysql extension is deprecated and will be removed in the future: use mysqli or PDO instead D:\wamp\www\gold\ThinkPHP\Library\Think\Db\Driver\Mysql.class.php 第 52 行.
SQL: SHOW COLUMNS FROM `my_category` [ RunTime:0.007397s ]
SQL: SELECT `id`,`title` FROM `my_category` ORDER BY `sort` asc,`id` asc LIMIT 12   [ RunTime:0.000558s ]
NOTIC: [8] Undefined variable: cid D:\wamp\www\gold\Application\Home\Controller\CommonController.class.php 第 29 行.
SQL: SELECT `id`,`pid`,`title` FROM `my_category` WHERE ( `id` = null ) LIMIT 1   [ RunTime:0.000474s ]
NOTIC: [8] Undefined variable: cid D:\wamp\www\gold\Application\Home\Controller\CommonController.class.php 第 34 行.
SQL: SELECT `id`,`title`,`pid`,`sort` FROM `my_category` WHERE ( `pid` = null ) ORDER BY `sort` asc  [ RunTime:0.000402s ]
SQL: SHOW COLUMNS FROM `my_article` [ RunTime:0.008184s ]
SQL: SELECT `id`,`pid`,`title` FROM `my_category` WHERE ( `pid` = 0 ) ORDER BY `sort` asc,`id` asc  [ RunTime:0.000384s ]
SQL: SHOW COLUMNS FROM `my_category` [ RunTime:0.003994s ]
NOTIC: [8] Undefined offset: 3 D:\wamp\www\gold\Application\Class\Category.class.php 第 38 行.
SQL: SELECT * FROM `my_category` ORDER BY `sort` asc,`id` asc  [ RunTime:0.000459s ]
SQL: SELECT * FROM `my_article` WHERE ( `category_id` IN ('1','29','30','31','32') ) ORDER BY `top` desc,`create_time` desc LIMIT 5   [ RunTime:0.004792s ]
SQL: SELECT * FROM `my_article` WHERE ( `category_id` IN ('2','33','34','35','36','37','38','39','40','41','42') ) ORDER BY `top` desc,`create_time` desc LIMIT 5   [ RunTime:0.003740s ]
SQL: SELECT * FROM `my_article` WHERE ( `category_id` IN ('3','44','45') ) ORDER BY `top` desc,`create_time` desc LIMIT 5   [ RunTime:0.000399s ]
SQL: SELECT * FROM `my_article` WHERE ( `category_id` IN ('4','46','47') ) ORDER BY `top` desc,`create_time` desc LIMIT 5   [ RunTime:0.002820s ]
SQL: SELECT * FROM `my_article` WHERE ( `category_id` IN ('5','48','49') ) ORDER BY `top` desc,`create_time` desc LIMIT 5   [ RunTime:0.000340s ]
SQL: SELECT * FROM `my_article` WHERE ( `category_id` IN ('6') ) ORDER BY `top` desc,`create_time` desc LIMIT 5   [ RunTime:0.002225s ]
SQL: SELECT * FROM `my_article` WHERE ( `category_id` IN ('7') ) ORDER BY `top` desc,`create_time` desc LIMIT 5   [ RunTime:0.000572s ]
SQL: SELECT * FROM `my_article` WHERE ( `category_id` IN ('8','50','51') ) ORDER BY `top` desc,`create_time` desc LIMIT 5   [ RunTime:0.002919s ]
SQL: SELECT * FROM `my_article` WHERE ( `category_id` IN ('9') ) ORDER BY `top` desc,`create_time` desc LIMIT 5   [ RunTime:0.001782s ]
SQL: SELECT * FROM `my_article` WHERE ( `category_id` IN ('10') ) ORDER BY `top` desc,`create_time` desc LIMIT 5   [ RunTime:0.000468s ]
SQL: SELECT * FROM `my_article` WHERE ( `category_id` IN ('11') ) ORDER BY `top` desc,`create_time` desc LIMIT 5   [ RunTime:0.000229s ]
SQL: SELECT * FROM `my_article` WHERE ( `category_id` IN ('12') ) ORDER BY `top` desc,`create_time` desc LIMIT 5   [ RunTime:0.000203s ]
SQL: SELECT * FROM `my_article` WHERE ( `category_id` IN ('13') ) ORDER BY `top` desc,`create_time` desc LIMIT 5   [ RunTime:0.000193s ]
INFO: [ view_parse ] --START--
INFO: [ template_filter ] --START--
INFO: Run Behavior\ContentReplaceBehavior [ RunTime:0.000135s ]
INFO: [ template_filter ] --END-- [ RunTime:0.000332s ]
INFO: Run Behavior\ParseTemplateBehavior [ RunTime:0.040207s ]
INFO: [ view_parse ] --END-- [ RunTime:0.040488s ]
INFO: [ view_filter ] --START--
INFO: Run Behavior\WriteHtmlCacheBehavior [ RunTime:0.001055s ]
INFO: [ view_filter ] --END-- [ RunTime:0.001354s ]
INFO: [ app_end ] --START--
INFO: Run Behavior\ShowPageTraceBehavior [ RunTime:0.001425s ]
INFO: [ app_end ] --END-- [ RunTime:0.001843s ]

[ 2015-12-17T18:34:34+08:00 ] ::1 /gold/index.php/home/index/sign
INFO: [ app_init ] --START--
INFO: Run Behavior\BuildLiteBehavior [ RunTime:0.000039s ]
INFO: [ app_init ] --END-- [ RunTime:0.000644s ]
INFO: [ app_begin ] --START--
INFO: Run Behavior\ReadHtmlCacheBehavior [ RunTime:0.000821s ]
INFO: [ app_begin ] --END-- [ RunTime:0.001015s ]
NOTIC: [8192] mysql_connect(): The mysql extension is deprecated and will be removed in the future: use mysqli or PDO instead D:\wamp\www\gold\ThinkPHP\Library\Think\Db\Driver\Mysql.class.php 第 52 行.
SQL: SHOW COLUMNS FROM `my_category` [ RunTime:0.009400s ]
SQL: SELECT `id`,`title` FROM `my_category` ORDER BY `sort` asc,`id` asc LIMIT 12   [ RunTime:0.000459s ]
NOTIC: [8] Undefined variable: cid D:\wamp\www\gold\Application\Home\Controller\CommonController.class.php 第 29 行.
SQL: SELECT `id`,`pid`,`title` FROM `my_category` WHERE ( `id` = null ) LIMIT 1   [ RunTime:0.000257s ]
NOTIC: [8] Undefined variable: cid D:\wamp\www\gold\Application\Home\Controller\CommonController.class.php 第 34 行.
SQL: SELECT `id`,`title`,`pid`,`sort` FROM `my_category` WHERE ( `pid` = null ) ORDER BY `sort` asc  [ RunTime:0.000350s ]
INFO: [ view_parse ] --START--
INFO: [ template_filter ] --START--
INFO: Run Behavior\ContentReplaceBehavior [ RunTime:0.000108s ]
INFO: [ template_filter ] --END-- [ RunTime:0.000298s ]
INFO: Run Behavior\ParseTemplateBehavior [ RunTime:0.010943s ]
INFO: [ view_parse ] --END-- [ RunTime:0.011149s ]
INFO: [ view_filter ] --START--
INFO: Run Behavior\WriteHtmlCacheBehavior [ RunTime:0.001019s ]
INFO: [ view_filter ] --END-- [ RunTime:0.001273s ]
INFO: [ app_end ] --START--
INFO: Run Behavior\ShowPageTraceBehavior [ RunTime:0.000910s ]
INFO: [ app_end ] --END-- [ RunTime:0.001089s ]

[ 2015-12-17T18:34:37+08:00 ] ::1 /gold/index.php/Home/Index/upload_pic.html
INFO: [ app_init ] --START--
INFO: Run Behavior\BuildLiteBehavior [ RunTime:0.000074s ]
INFO: [ app_init ] --END-- [ RunTime:0.001025s ]
INFO: [ app_begin ] --START--
INFO: Run Behavior\ReadHtmlCacheBehavior [ RunTime:0.001437s ]
INFO: [ app_begin ] --END-- [ RunTime:0.001757s ]
NOTIC: [8192] mysql_connect(): The mysql extension is deprecated and will be removed in the future: use mysqli or PDO instead D:\wamp\www\gold\ThinkPHP\Library\Think\Db\Driver\Mysql.class.php 第 52 行.
SQL: SHOW COLUMNS FROM `my_category` [ RunTime:0.014149s ]
SQL: SELECT `id`,`title` FROM `my_category` ORDER BY `sort` asc,`id` asc LIMIT 12   [ RunTime:0.000415s ]
NOTIC: [8] Undefined variable: cid D:\wamp\www\gold\Application\Home\Controller\CommonController.class.php 第 29 行.
SQL: SELECT `id`,`pid`,`title` FROM `my_category` WHERE ( `id` = null ) LIMIT 1   [ RunTime:0.000255s ]
NOTIC: [8] Undefined variable: cid D:\wamp\www\gold\Application\Home\Controller\CommonController.class.php 第 34 行.
SQL: SELECT `id`,`title`,`pid`,`sort` FROM `my_category` WHERE ( `pid` = null ) ORDER BY `sort` asc  [ RunTime:0.000295s ]
NOTIC: [8] Undefined index: upfile D:\wamp\www\gold\Application\Home\Controller\IndexController.class.php 第 187 行.
NOTIC: [8] Undefined index: tmp_name D:\wamp\www\gold\ThinkPHP\Library\Think\Upload.class.php 第 151 行.
NOTIC: [2] finfo_file(): Empty filename or path D:\wamp\www\gold\ThinkPHP\Library\Think\Upload.class.php 第 151 行.
NOTIC: [8] Undefined index: name D:\wamp\www\gold\ThinkPHP\Library\Think\Upload.class.php 第 155 行.
NOTIC: [8] Undefined index: error D:\wamp\www\gold\ThinkPHP\Library\Think\Upload.class.php 第 268 行.
NOTIC: [8] Undefined index: tmp_name D:\wamp\www\gold\ThinkPHP\Library\Think\Upload.class.php 第 279 行.
INFO: [ app_end ] --START--
INFO: Run Behavior\ShowPageTraceBehavior [ RunTime:0.000927s ]
INFO: [ app_end ] --END-- [ RunTime:0.001090s ]

[ 2015-12-17T18:35:34+08:00 ] ::1 /gold/index.php/Home/Index/upload_pic.html
INFO: [ app_init ] --START--
INFO: Run Behavior\BuildLiteBehavior [ RunTime:0.000077s ]
INFO: [ app_init ] --END-- [ RunTime:0.001031s ]
INFO: [ app_begin ] --START--
INFO: Run Behavior\ReadHtmlCacheBehavior [ RunTime:0.000892s ]
INFO: [ app_begin ] --END-- [ RunTime:0.001062s ]
NOTIC: [8192] mysql_connect(): The mysql extension is deprecated and will be removed in the future: use mysqli or PDO instead D:\wamp\www\gold\ThinkPHP\Library\Think\Db\Driver\Mysql.class.php 第 52 行.
SQL: SHOW COLUMNS FROM `my_category` [ RunTime:0.013139s ]
SQL: SELECT `id`,`title` FROM `my_category` ORDER BY `sort` asc,`id` asc LIMIT 12   [ RunTime:0.000458s ]
NOTIC: [8] Undefined variable: cid D:\wamp\www\gold\Application\Home\Controller\CommonController.class.php 第 29 行.
SQL: SELECT `id`,`pid`,`title` FROM `my_category` WHERE ( `id` = null ) LIMIT 1   [ RunTime:0.000299s ]
NOTIC: [8] Undefined variable: cid D:\wamp\www\gold\Application\Home\Controller\CommonController.class.php 第 34 行.
SQL: SELECT `id`,`title`,`pid`,`sort` FROM `my_category` WHERE ( `pid` = null ) ORDER BY `sort` asc  [ RunTime:0.000274s ]
NOTIC: [8] Undefined index: upfile D:\wamp\www\gold\Application\Home\Controller\IndexController.class.php 第 187 行.
NOTIC: [8] Undefined index: tmp_name D:\wamp\www\gold\ThinkPHP\Library\Think\Upload.class.php 第 151 行.
NOTIC: [2] finfo_file(): Empty filename or path D:\wamp\www\gold\ThinkPHP\Library\Think\Upload.class.php 第 151 行.
NOTIC: [8] Undefined index: name D:\wamp\www\gold\ThinkPHP\Library\Think\Upload.class.php 第 155 行.
NOTIC: [8] Undefined index: error D:\wamp\www\gold\ThinkPHP\Library\Think\Upload.class.php 第 268 行.
NOTIC: [8] Undefined index: tmp_name D:\wamp\www\gold\ThinkPHP\Library\Think\Upload.class.php 第 279 行.
INFO: [ app_end ] --START--
INFO: Run Behavior\ShowPageTraceBehavior [ RunTime:0.000867s ]
INFO: [ app_end ] --END-- [ RunTime:0.001026s ]

[ 2015-12-17T18:36:37+08:00 ] ::1 /gold/index.php/Home/Index/upload_pic.html
INFO: [ app_init ] --START--
INFO: Run Behavior\BuildLiteBehavior [ RunTime:0.000067s ]
INFO: [ app_init ] --END-- [ RunTime:0.000846s ]
INFO: [ app_begin ] --START--
INFO: Run Behavior\ReadHtmlCacheBehavior [ RunTime:0.001357s ]
INFO: [ app_begin ] --END-- [ RunTime:0.001647s ]
NOTIC: [8192] mysql_connect(): The mysql extension is deprecated and will be removed in the future: use mysqli or PDO instead D:\wamp\www\gold\ThinkPHP\Library\Think\Db\Driver\Mysql.class.php 第 52 行.
SQL: SHOW COLUMNS FROM `my_category` [ RunTime:0.010101s ]
SQL: SELECT `id`,`title` FROM `my_category` ORDER BY `sort` asc,`id` asc LIMIT 12   [ RunTime:0.000415s ]
NOTIC: [8] Undefined variable: cid D:\wamp\www\gold\Application\Home\Controller\CommonController.class.php 第 29 行.
SQL: SELECT `id`,`pid`,`title` FROM `my_category` WHERE ( `id` = null ) LIMIT 1   [ RunTime:0.000330s ]
NOTIC: [8] Undefined variable: cid D:\wamp\www\gold\Application\Home\Controller\CommonController.class.php 第 34 行.
SQL: SELECT `id`,`title`,`pid`,`sort` FROM `my_category` WHERE ( `pid` = null ) ORDER BY `sort` asc  [ RunTime:0.000352s ]
NOTIC: [8] Undefined index: upfile D:\wamp\www\gold\Application\Home\Controller\IndexController.class.php 第 187 行.
NOTIC: [8] Undefined index: tmp_name D:\wamp\www\gold\ThinkPHP\Library\Think\Upload.class.php 第 151 行.
NOTIC: [2] finfo_file(): Empty filename or path D:\wamp\www\gold\ThinkPHP\Library\Think\Upload.class.php 第 151 行.
NOTIC: [8] Undefined index: name D:\wamp\www\gold\ThinkPHP\Library\Think\Upload.class.php 第 155 行.
NOTIC: [8] Undefined index: error D:\wamp\www\gold\ThinkPHP\Library\Think\Upload.class.php 第 268 行.
NOTIC: [8] Undefined index: tmp_name D:\wamp\www\gold\ThinkPHP\Library\Think\Upload.class.php 第 279 行.

[ 2015-12-17T19:54:48+08:00 ] ::1 /gold/index.php/Home/Index/upload_pic.html
INFO: [ app_init ] --START--
INFO: Run Behavior\BuildLiteBehavior [ RunTime:0.000071s ]
INFO: [ app_init ] --END-- [ RunTime:0.015750s ]
INFO: [ app_begin ] --START--
INFO: Run Behavior\ReadHtmlCacheBehavior [ RunTime:0.001819s ]
INFO: [ app_begin ] --END-- [ RunTime:0.002025s ]
NOTIC: [8192] mysql_connect(): The mysql extension is deprecated and will be removed in the future: use mysqli or PDO instead D:\wamp\www\gold\ThinkPHP\Library\Think\Db\Driver\Mysql.class.php 第 52 行.
SQL: SHOW COLUMNS FROM `my_category` [ RunTime:0.015751s ]
SQL: SELECT `id`,`title` FROM `my_category` ORDER BY `sort` asc,`id` asc LIMIT 12   [ RunTime:0.000490s ]
NOTIC: [8] Undefined variable: cid D:\wamp\www\gold\Application\Home\Controller\CommonController.class.php 第 29 行.
SQL: SELECT `id`,`pid`,`title` FROM `my_category` WHERE ( `id` = null ) LIMIT 1   [ RunTime:0.000287s ]
NOTIC: [8] Undefined variable: cid D:\wamp\www\gold\Application\Home\Controller\CommonController.class.php 第 34 行.
SQL: SELECT `id`,`title`,`pid`,`sort` FROM `my_category` WHERE ( `pid` = null ) ORDER BY `sort` asc  [ RunTime:0.000658s ]
NOTIC: [8] Undefined index: upfile D:\wamp\www\gold\Application\Home\Controller\IndexController.class.php 第 187 行.
NOTIC: [8] Undefined index: tmp_name D:\wamp\www\gold\ThinkPHP\Library\Think\Upload.class.php 第 151 行.
NOTIC: [2] finfo_file(): Empty filename or path D:\wamp\www\gold\ThinkPHP\Library\Think\Upload.class.php 第 151 行.
NOTIC: [8] Undefined index: name D:\wamp\www\gold\ThinkPHP\Library\Think\Upload.class.php 第 155 行.
NOTIC: [8] Undefined index: error D:\wamp\www\gold\ThinkPHP\Library\Think\Upload.class.php 第 268 行.
NOTIC: [8] Undefined index: tmp_name D:\wamp\www\gold\ThinkPHP\Library\Think\Upload.class.php 第 279 行.

[ 2015-12-17T19:55:33+08:00 ] ::1 /gold/index.php/home/index/sign
INFO: [ app_init ] --START--
INFO: Run Behavior\BuildLiteBehavior [ RunTime:0.000041s ]
INFO: [ app_init ] --END-- [ RunTime:0.000641s ]
INFO: [ app_begin ] --START--
INFO: Run Behavior\ReadHtmlCacheBehavior [ RunTime:0.000870s ]
INFO: [ app_begin ] --END-- [ RunTime:0.001065s ]
NOTIC: [8192] mysql_connect(): The mysql extension is deprecated and will be removed in the future: use mysqli or PDO instead D:\wamp\www\gold\ThinkPHP\Library\Think\Db\Driver\Mysql.class.php 第 52 行.
SQL: SHOW COLUMNS FROM `my_category` [ RunTime:0.009784s ]
SQL: SELECT `id`,`title` FROM `my_category` ORDER BY `sort` asc,`id` asc LIMIT 12   [ RunTime:0.000404s ]
NOTIC: [8] Undefined variable: cid D:\wamp\www\gold\Application\Home\Controller\CommonController.class.php 第 29 行.
SQL: SELECT `id`,`pid`,`title` FROM `my_category` WHERE ( `id` = null ) LIMIT 1   [ RunTime:0.000263s ]
NOTIC: [8] Undefined variable: cid D:\wamp\www\gold\Application\Home\Controller\CommonController.class.php 第 34 行.
SQL: SELECT `id`,`title`,`pid`,`sort` FROM `my_category` WHERE ( `pid` = null ) ORDER BY `sort` asc  [ RunTime:0.000304s ]
INFO: [ view_parse ] --START--
INFO: [ template_filter ] --START--
INFO: Run Behavior\ContentReplaceBehavior [ RunTime:0.000110s ]
INFO: [ template_filter ] --END-- [ RunTime:0.000306s ]
INFO: Run Behavior\ParseTemplateBehavior [ RunTime:0.174690s ]
INFO: [ view_parse ] --END-- [ RunTime:0.174883s ]
INFO: [ view_filter ] --START--
INFO: Run Behavior\WriteHtmlCacheBehavior [ RunTime:0.007116s ]
INFO: [ view_filter ] --END-- [ RunTime:0.007312s ]
INFO: [ app_end ] --START--
INFO: Run Behavior\ShowPageTraceBehavior [ RunTime:0.004764s ]
INFO: [ app_end ] --END-- [ RunTime:0.004959s ]

[ 2015-12-17T19:57:09+08:00 ] ::1 /gold/index.php/home/index/sign
INFO: [ app_init ] --START--
INFO: Run Behavior\BuildLiteBehavior [ RunTime:0.000039s ]
INFO: [ app_init ] --END-- [ RunTime:0.000623s ]
INFO: [ app_begin ] --START--
INFO: Run Behavior\ReadHtmlCacheBehavior [ RunTime:0.000861s ]
INFO: [ app_begin ] --END-- [ RunTime:0.001046s ]
NOTIC: [8192] mysql_connect(): The mysql extension is deprecated and will be removed in the future: use mysqli or PDO instead D:\wamp\www\gold\ThinkPHP\Library\Think\Db\Driver\Mysql.class.php 第 52 行.
SQL: SHOW COLUMNS FROM `my_category` [ RunTime:0.011628s ]
SQL: SELECT `id`,`title` FROM `my_category` ORDER BY `sort` asc,`id` asc LIMIT 12   [ RunTime:0.000467s ]
NOTIC: [8] Undefined variable: cid D:\wamp\www\gold\Application\Home\Controller\CommonController.class.php 第 29 行.
SQL: SELECT `id`,`pid`,`title` FROM `my_category` WHERE ( `id` = null ) LIMIT 1   [ RunTime:0.000441s ]
NOTIC: [8] Undefined variable: cid D:\wamp\www\gold\Application\Home\Controller\CommonController.class.php 第 34 行.
SQL: SELECT `id`,`title`,`pid`,`sort` FROM `my_category` WHERE ( `pid` = null ) ORDER BY `sort` asc  [ RunTime:0.000372s ]
INFO: [ view_parse ] --START--
INFO: [ template_filter ] --START--
INFO: Run Behavior\ContentReplaceBehavior [ RunTime:0.000109s ]
INFO: [ template_filter ] --END-- [ RunTime:0.000309s ]
INFO: Run Behavior\ParseTemplateBehavior [ RunTime:0.017464s ]
INFO: [ view_parse ] --END-- [ RunTime:0.017696s ]
INFO: [ view_filter ] --START--
INFO: Run Behavior\WriteHtmlCacheBehavior [ RunTime:0.000780s ]
INFO: [ view_filter ] --END-- [ RunTime:0.001016s ]
INFO: [ app_end ] --START--
INFO: Run Behavior\ShowPageTraceBehavior [ RunTime:0.000839s ]
INFO: [ app_end ] --END-- [ RunTime:0.001014s ]

[ 2015-12-17T19:57:12+08:00 ] ::1 /gold/index.php/home/index/sign
INFO: [ app_init ] --START--
INFO: Run Behavior\BuildLiteBehavior [ RunTime:0.000051s ]
INFO: [ app_init ] --END-- [ RunTime:0.001071s ]
INFO: [ app_begin ] --START--
INFO: Run Behavior\ReadHtmlCacheBehavior [ RunTime:0.001416s ]
INFO: [ app_begin ] --END-- [ RunTime:0.001802s ]
NOTIC: [8192] mysql_connect(): The mysql extension is deprecated and will be removed in the future: use mysqli or PDO instead D:\wamp\www\gold\ThinkPHP\Library\Think\Db\Driver\Mysql.class.php 第 52 行.
SQL: SHOW COLUMNS FROM `my_category` [ RunTime:0.009234s ]
SQL: SELECT `id`,`title` FROM `my_category` ORDER BY `sort` asc,`id` asc LIMIT 12   [ RunTime:0.000410s ]
NOTIC: [8] Undefined variable: cid D:\wamp\www\gold\Application\Home\Controller\CommonController.class.php 第 29 行.
SQL: SELECT `id`,`pid`,`title` FROM `my_category` WHERE ( `id` = null ) LIMIT 1   [ RunTime:0.000260s ]
NOTIC: [8] Undefined variable: cid D:\wamp\www\gold\Application\Home\Controller\CommonController.class.php 第 34 行.
SQL: SELECT `id`,`title`,`pid`,`sort` FROM `my_category` WHERE ( `pid` = null ) ORDER BY `sort` asc  [ RunTime:0.000288s ]
INFO: [ view_parse ] --START--
INFO: [ template_filter ] --START--
INFO: Run Behavior\ContentReplaceBehavior [ RunTime:0.000107s ]
INFO: [ template_filter ] --END-- [ RunTime:0.000297s ]
INFO: Run Behavior\ParseTemplateBehavior [ RunTime:0.011345s ]
INFO: [ view_parse ] --END-- [ RunTime:0.011576s ]
INFO: [ view_filter ] --START--
INFO: Run Behavior\WriteHtmlCacheBehavior [ RunTime:0.000615s ]
INFO: [ view_filter ] --END-- [ RunTime:0.000790s ]
INFO: [ app_end ] --START--
INFO: Run Behavior\ShowPageTraceBehavior [ RunTime:0.000829s ]
INFO: [ app_end ] --END-- [ RunTime:0.001003s ]

[ 2015-12-17T19:57:49+08:00 ] ::1 /gold/index.php/Home/Index/upload_pic.html
INFO: [ app_init ] --START--
INFO: Run Behavior\BuildLiteBehavior [ RunTime:0.000044s ]
INFO: [ app_init ] --END-- [ RunTime:0.000884s ]
INFO: [ app_begin ] --START--
INFO: Run Behavior\ReadHtmlCacheBehavior [ RunTime:0.000927s ]
INFO: [ app_begin ] --END-- [ RunTime:0.001107s ]
NOTIC: [8192] mysql_connect(): The mysql extension is deprecated and will be removed in the future: use mysqli or PDO instead D:\wamp\www\gold\ThinkPHP\Library\Think\Db\Driver\Mysql.class.php 第 52 行.
SQL: SHOW COLUMNS FROM `my_category` [ RunTime:0.011203s ]
SQL: SELECT `id`,`title` FROM `my_category` ORDER BY `sort` asc,`id` asc LIMIT 12   [ RunTime:0.000395s ]
NOTIC: [8] Undefined variable: cid D:\wamp\www\gold\Application\Home\Controller\CommonController.class.php 第 29 行.
SQL: SELECT `id`,`pid`,`title` FROM `my_category` WHERE ( `id` = null ) LIMIT 1   [ RunTime:0.000389s ]
NOTIC: [8] Undefined variable: cid D:\wamp\www\gold\Application\Home\Controller\CommonController.class.php 第 34 行.
SQL: SELECT `id`,`title`,`pid`,`sort` FROM `my_category` WHERE ( `pid` = null ) ORDER BY `sort` asc  [ RunTime:0.000368s ]

[ 2015-12-17T19:58:13+08:00 ] ::1 /gold/index.php/Home/Index/upload_pic.html
INFO: [ app_init ] --START--
INFO: Run Behavior\BuildLiteBehavior [ RunTime:0.000042s ]
INFO: [ app_init ] --END-- [ RunTime:0.000636s ]
INFO: [ app_begin ] --START--
INFO: Run Behavior\ReadHtmlCacheBehavior [ RunTime:0.000888s ]
INFO: [ app_begin ] --END-- [ RunTime:0.001052s ]
NOTIC: [8192] mysql_connect(): The mysql extension is deprecated and will be removed in the future: use mysqli or PDO instead D:\wamp\www\gold\ThinkPHP\Library\Think\Db\Driver\Mysql.class.php 第 52 行.
SQL: SHOW COLUMNS FROM `my_category` [ RunTime:0.011621s ]
SQL: SELECT `id`,`title` FROM `my_category` ORDER BY `sort` asc,`id` asc LIMIT 12   [ RunTime:0.000496s ]
NOTIC: [8] Undefined variable: cid D:\wamp\www\gold\Application\Home\Controller\CommonController.class.php 第 29 行.
SQL: SELECT `id`,`pid`,`title` FROM `my_category` WHERE ( `id` = null ) LIMIT 1   [ RunTime:0.000398s ]
NOTIC: [8] Undefined variable: cid D:\wamp\www\gold\Application\Home\Controller\CommonController.class.php 第 34 行.
SQL: SELECT `id`,`title`,`pid`,`sort` FROM `my_category` WHERE ( `pid` = null ) ORDER BY `sort` asc  [ RunTime:0.000413s ]

[ 2015-12-17T19:58:44+08:00 ] ::1 /gold/index.php/home/index/sign
INFO: [ app_init ] --START--
INFO: Run Behavior\BuildLiteBehavior [ RunTime:0.000070s ]
INFO: [ app_init ] --END-- [ RunTime:0.001015s ]
INFO: [ app_begin ] --START--
INFO: Run Behavior\ReadHtmlCacheBehavior [ RunTime:0.000933s ]
INFO: [ app_begin ] --END-- [ RunTime:0.001130s ]
NOTIC: [8192] mysql_connect(): The mysql extension is deprecated and will be removed in the future: use mysqli or PDO instead D:\wamp\www\gold\ThinkPHP\Library\Think\Db\Driver\Mysql.class.php 第 52 行.
SQL: SHOW COLUMNS FROM `my_category` [ RunTime:0.011879s ]
SQL: SELECT `id`,`title` FROM `my_category` ORDER BY `sort` asc,`id` asc LIMIT 12   [ RunTime:0.000451s ]
NOTIC: [8] Undefined variable: cid D:\wamp\www\gold\Application\Home\Controller\CommonController.class.php 第 29 行.
SQL: SELECT `id`,`pid`,`title` FROM `my_category` WHERE ( `id` = null ) LIMIT 1   [ RunTime:0.000296s ]
NOTIC: [8] Undefined variable: cid D:\wamp\www\gold\Application\Home\Controller\CommonController.class.php 第 34 行.
SQL: SELECT `id`,`title`,`pid`,`sort` FROM `my_category` WHERE ( `pid` = null ) ORDER BY `sort` asc  [ RunTime:0.000341s ]
INFO: [ view_parse ] --START--
INFO: [ template_filter ] --START--
INFO: Run Behavior\ContentReplaceBehavior [ RunTime:0.000112s ]
INFO: [ template_filter ] --END-- [ RunTime:0.000306s ]
INFO: Run Behavior\ParseTemplateBehavior [ RunTime:0.011821s ]
INFO: [ view_parse ] --END-- [ RunTime:0.012035s ]
INFO: [ view_filter ] --START--
INFO: Run Behavior\WriteHtmlCacheBehavior [ RunTime:0.000584s ]
INFO: [ view_filter ] --END-- [ RunTime:0.000753s ]
INFO: [ app_end ] --START--
INFO: Run Behavior\ShowPageTraceBehavior [ RunTime:0.000855s ]
INFO: [ app_end ] --END-- [ RunTime:0.001070s ]

[ 2015-12-17T19:58:47+08:00 ] ::1 /gold/index.php/Home/Index/upload_pic.html
INFO: [ app_init ] --START--
INFO: Run Behavior\BuildLiteBehavior [ RunTime:0.000040s ]
INFO: [ app_init ] --END-- [ RunTime:0.000599s ]
INFO: [ app_begin ] --START--
INFO: Run Behavior\ReadHtmlCacheBehavior [ RunTime:0.000859s ]
INFO: [ app_begin ] --END-- [ RunTime:0.001025s ]
NOTIC: [8192] mysql_connect(): The mysql extension is deprecated and will be removed in the future: use mysqli or PDO instead D:\wamp\www\gold\ThinkPHP\Library\Think\Db\Driver\Mysql.class.php 第 52 行.
SQL: SHOW COLUMNS FROM `my_category` [ RunTime:0.014210s ]
SQL: SELECT `id`,`title` FROM `my_category` ORDER BY `sort` asc,`id` asc LIMIT 12   [ RunTime:0.000403s ]
NOTIC: [8] Undefined variable: cid D:\wamp\www\gold\Application\Home\Controller\CommonController.class.php 第 29 行.
SQL: SELECT `id`,`pid`,`title` FROM `my_category` WHERE ( `id` = null ) LIMIT 1   [ RunTime:0.000303s ]
NOTIC: [8] Undefined variable: cid D:\wamp\www\gold\Application\Home\Controller\CommonController.class.php 第 34 行.
SQL: SELECT `id`,`title`,`pid`,`sort` FROM `my_category` WHERE ( `pid` = null ) ORDER BY `sort` asc  [ RunTime:0.000478s ]

[ 2015-12-17T19:59:56+08:00 ] ::1 /gold/index.php/home/index/sign
INFO: [ app_init ] --START--
INFO: Run Behavior\BuildLiteBehavior [ RunTime:0.000056s ]
INFO: [ app_init ] --END-- [ RunTime:0.000685s ]
INFO: [ app_begin ] --START--
INFO: Run Behavior\ReadHtmlCacheBehavior [ RunTime:0.000865s ]
INFO: [ app_begin ] --END-- [ RunTime:0.001060s ]
NOTIC: [8192] mysql_connect(): The mysql extension is deprecated and will be removed in the future: use mysqli or PDO instead D:\wamp\www\gold\ThinkPHP\Library\Think\Db\Driver\Mysql.class.php 第 52 行.
SQL: SHOW COLUMNS FROM `my_category` [ RunTime:0.013541s ]
SQL: SELECT `id`,`title` FROM `my_category` ORDER BY `sort` asc,`id` asc LIMIT 12   [ RunTime:0.000355s ]
NOTIC: [8] Undefined variable: cid D:\wamp\www\gold\Application\Home\Controller\CommonController.class.php 第 29 行.
SQL: SELECT `id`,`pid`,`title` FROM `my_category` WHERE ( `id` = null ) LIMIT 1   [ RunTime:0.000207s ]
NOTIC: [8] Undefined variable: cid D:\wamp\www\gold\Application\Home\Controller\CommonController.class.php 第 34 行.
SQL: SELECT `id`,`title`,`pid`,`sort` FROM `my_category` WHERE ( `pid` = null ) ORDER BY `sort` asc  [ RunTime:0.000232s ]
INFO: [ view_parse ] --START--
INFO: [ template_filter ] --START--
INFO: Run Behavior\ContentReplaceBehavior [ RunTime:0.000110s ]
INFO: [ template_filter ] --END-- [ RunTime:0.000317s ]
INFO: Run Behavior\ParseTemplateBehavior [ RunTime:0.010941s ]
INFO: [ view_parse ] --END-- [ RunTime:0.011195s ]
INFO: [ view_filter ] --START--
INFO: Run Behavior\WriteHtmlCacheBehavior [ RunTime:0.000622s ]
INFO: [ view_filter ] --END-- [ RunTime:0.000800s ]
INFO: [ app_end ] --START--
INFO: Run Behavior\ShowPageTraceBehavior [ RunTime:0.000853s ]
INFO: [ app_end ] --END-- [ RunTime:0.001034s ]

[ 2015-12-17T19:59:59+08:00 ] ::1 /gold/index.php/home/index/sign
INFO: [ app_init ] --START--
INFO: Run Behavior\BuildLiteBehavior [ RunTime:0.000040s ]
INFO: [ app_init ] --END-- [ RunTime:0.000608s ]
INFO: [ app_begin ] --START--
INFO: Run Behavior\ReadHtmlCacheBehavior [ RunTime:0.000830s ]
INFO: [ app_begin ] --END-- [ RunTime:0.001015s ]
NOTIC: [8192] mysql_connect(): The mysql extension is deprecated and will be removed in the future: use mysqli or PDO instead D:\wamp\www\gold\ThinkPHP\Library\Think\Db\Driver\Mysql.class.php 第 52 行.
SQL: SHOW COLUMNS FROM `my_category` [ RunTime:0.009970s ]
SQL: SELECT `id`,`title` FROM `my_category` ORDER BY `sort` asc,`id` asc LIMIT 12   [ RunTime:0.000351s ]
NOTIC: [8] Undefined variable: cid D:\wamp\www\gold\Application\Home\Controller\CommonController.class.php 第 29 行.
SQL: SELECT `id`,`pid`,`title` FROM `my_category` WHERE ( `id` = null ) LIMIT 1   [ RunTime:0.000211s ]
NOTIC: [8] Undefined variable: cid D:\wamp\www\gold\Application\Home\Controller\CommonController.class.php 第 34 行.
SQL: SELECT `id`,`title`,`pid`,`sort` FROM `my_category` WHERE ( `pid` = null ) ORDER BY `sort` asc  [ RunTime:0.000269s ]
INFO: [ view_parse ] --START--
INFO: [ template_filter ] --START--
INFO: Run Behavior\ContentReplaceBehavior [ RunTime:0.000155s ]
INFO: [ template_filter ] --END-- [ RunTime:0.000398s ]
INFO: Run Behavior\ParseTemplateBehavior [ RunTime:0.011139s ]
INFO: [ view_parse ] --END-- [ RunTime:0.011335s ]
INFO: [ view_filter ] --START--
INFO: Run Behavior\WriteHtmlCacheBehavior [ RunTime:0.000588s ]
INFO: [ view_filter ] --END-- [ RunTime:0.000757s ]
INFO: [ app_end ] --START--
INFO: Run Behavior\ShowPageTraceBehavior [ RunTime:0.000821s ]
INFO: [ app_end ] --END-- [ RunTime:0.000990s ]

[ 2015-12-17T20:00:13+08:00 ] ::1 /gold/index.php/Home/Index/upload_pic.html
INFO: [ app_init ] --START--
INFO: Run Behavior\BuildLiteBehavior [ RunTime:0.000040s ]
INFO: [ app_init ] --END-- [ RunTime:0.000598s ]
INFO: [ app_begin ] --START--
INFO: Run Behavior\ReadHtmlCacheBehavior [ RunTime:0.000860s ]
INFO: [ app_begin ] --END-- [ RunTime:0.001018s ]
NOTIC: [8192] mysql_connect(): The mysql extension is deprecated and will be removed in the future: use mysqli or PDO instead D:\wamp\www\gold\ThinkPHP\Library\Think\Db\Driver\Mysql.class.php 第 52 行.
SQL: SHOW COLUMNS FROM `my_category` [ RunTime:0.009572s ]
SQL: SELECT `id`,`title` FROM `my_category` ORDER BY `sort` asc,`id` asc LIMIT 12   [ RunTime:0.000450s ]
NOTIC: [8] Undefined variable: cid D:\wamp\www\gold\Application\Home\Controller\CommonController.class.php 第 29 行.
SQL: SELECT `id`,`pid`,`title` FROM `my_category` WHERE ( `id` = null ) LIMIT 1   [ RunTime:0.000424s ]
NOTIC: [8] Undefined variable: cid D:\wamp\www\gold\Application\Home\Controller\CommonController.class.php 第 34 行.
SQL: SELECT `id`,`title`,`pid`,`sort` FROM `my_category` WHERE ( `pid` = null ) ORDER BY `sort` asc  [ RunTime:0.000383s ]
NOTIC: [8] Undefined index: upfile D:\wamp\www\gold\Application\Home\Controller\IndexController.class.php 第 188 行.
NOTIC: [8] Undefined index: tmp_name D:\wamp\www\gold\ThinkPHP\Library\Think\Upload.class.php 第 151 行.
NOTIC: [2] finfo_file(): Empty filename or path D:\wamp\www\gold\ThinkPHP\Library\Think\Upload.class.php 第 151 行.
NOTIC: [8] Undefined index: name D:\wamp\www\gold\ThinkPHP\Library\Think\Upload.class.php 第 155 行.
NOTIC: [8] Undefined index: error D:\wamp\www\gold\ThinkPHP\Library\Think\Upload.class.php 第 268 行.
NOTIC: [8] Undefined index: tmp_name D:\wamp\www\gold\ThinkPHP\Library\Think\Upload.class.php 第 279 行.

[ 2015-12-17T20:01:20+08:00 ] ::1 /gold/index.php/home/index/sign
INFO: [ app_init ] --START--
INFO: Run Behavior\BuildLiteBehavior [ RunTime:0.000041s ]
INFO: [ app_init ] --END-- [ RunTime:0.000640s ]
INFO: [ app_begin ] --START--
INFO: Run Behavior\ReadHtmlCacheBehavior [ RunTime:0.001497s ]
INFO: [ app_begin ] --END-- [ RunTime:0.001890s ]
NOTIC: [8192] mysql_connect(): The mysql extension is deprecated and will be removed in the future: use mysqli or PDO instead D:\wamp\www\gold\ThinkPHP\Library\Think\Db\Driver\Mysql.class.php 第 52 行.
SQL: SHOW COLUMNS FROM `my_category` [ RunTime:0.013913s ]
SQL: SELECT `id`,`title` FROM `my_category` ORDER BY `sort` asc,`id` asc LIMIT 12   [ RunTime:0.000450s ]
NOTIC: [8] Undefined variable: cid D:\wamp\www\gold\Application\Home\Controller\CommonController.class.php 第 29 行.
SQL: SELECT `id`,`pid`,`title` FROM `my_category` WHERE ( `id` = null ) LIMIT 1   [ RunTime:0.000288s ]
NOTIC: [8] Undefined variable: cid D:\wamp\www\gold\Application\Home\Controller\CommonController.class.php 第 34 行.
SQL: SELECT `id`,`title`,`pid`,`sort` FROM `my_category` WHERE ( `pid` = null ) ORDER BY `sort` asc  [ RunTime:0.000369s ]
INFO: [ view_parse ] --START--
INFO: [ template_filter ] --START--
INFO: Run Behavior\ContentReplaceBehavior [ RunTime:0.000113s ]
INFO: [ template_filter ] --END-- [ RunTime:0.000311s ]
INFO: Run Behavior\ParseTemplateBehavior [ RunTime:0.019775s ]
INFO: [ view_parse ] --END-- [ RunTime:0.020167s ]
INFO: [ view_filter ] --START--
INFO: Run Behavior\WriteHtmlCacheBehavior [ RunTime:0.001108s ]
INFO: [ view_filter ] --END-- [ RunTime:0.001474s ]
INFO: [ app_end ] --START--
INFO: Run Behavior\ShowPageTraceBehavior [ RunTime:0.001510s ]
INFO: [ app_end ] --END-- [ RunTime:0.001871s ]

[ 2015-12-17T20:01:42+08:00 ] ::1 /gold/index.php/Home/Index/upload_pic.html
INFO: [ app_init ] --START--
INFO: Run Behavior\BuildLiteBehavior [ RunTime:0.000040s ]
INFO: [ app_init ] --END-- [ RunTime:0.000625s ]
INFO: [ app_begin ] --START--
INFO: Run Behavior\ReadHtmlCacheBehavior [ RunTime:0.000882s ]
INFO: [ app_begin ] --END-- [ RunTime:0.001050s ]
NOTIC: [8192] mysql_connect(): The mysql extension is deprecated and will be removed in the future: use mysqli or PDO instead D:\wamp\www\gold\ThinkPHP\Library\Think\Db\Driver\Mysql.class.php 第 52 行.
SQL: SHOW COLUMNS FROM `my_category` [ RunTime:0.012507s ]
SQL: SELECT `id`,`title` FROM `my_category` ORDER BY `sort` asc,`id` asc LIMIT 12   [ RunTime:0.000378s ]
NOTIC: [8] Undefined variable: cid D:\wamp\www\gold\Application\Home\Controller\CommonController.class.php 第 29 行.
SQL: SELECT `id`,`pid`,`title` FROM `my_category` WHERE ( `id` = null ) LIMIT 1   [ RunTime:0.000337s ]
NOTIC: [8] Undefined variable: cid D:\wamp\www\gold\Application\Home\Controller\CommonController.class.php 第 34 行.
SQL: SELECT `id`,`title`,`pid`,`sort` FROM `my_category` WHERE ( `pid` = null ) ORDER BY `sort` asc  [ RunTime:0.000395s ]

[ 2015-12-17T20:03:11+08:00 ] ::1 /gold/index.php/home/index/sign
INFO: [ app_init ] --START--
INFO: Run Behavior\BuildLiteBehavior [ RunTime:0.000041s ]
INFO: [ app_init ] --END-- [ RunTime:0.000618s ]
INFO: [ app_begin ] --START--
INFO: Run Behavior\ReadHtmlCacheBehavior [ RunTime:0.000893s ]
INFO: [ app_begin ] --END-- [ RunTime:0.001082s ]
NOTIC: [8192] mysql_connect(): The mysql extension is deprecated and will be removed in the future: use mysqli or PDO instead D:\wamp\www\gold\ThinkPHP\Library\Think\Db\Driver\Mysql.class.php 第 52 行.
SQL: SHOW COLUMNS FROM `my_category` [ RunTime:0.010468s ]
SQL: SELECT `id`,`title` FROM `my_category` ORDER BY `sort` asc,`id` asc LIMIT 12   [ RunTime:0.000367s ]
NOTIC: [8] Undefined variable: cid D:\wamp\www\gold\Application\Home\Controller\CommonController.class.php 第 29 行.
SQL: SELECT `id`,`pid`,`title` FROM `my_category` WHERE ( `id` = null ) LIMIT 1   [ RunTime:0.000235s ]
NOTIC: [8] Undefined variable: cid D:\wamp\www\gold\Application\Home\Controller\CommonController.class.php 第 34 行.
SQL: SELECT `id`,`title`,`pid`,`sort` FROM `my_category` WHERE ( `pid` = null ) ORDER BY `sort` asc  [ RunTime:0.000308s ]
INFO: [ view_parse ] --START--
INFO: [ template_filter ] --START--
INFO: Run Behavior\ContentReplaceBehavior [ RunTime:0.000154s ]
INFO: [ template_filter ] --END-- [ RunTime:0.000388s ]
INFO: Run Behavior\ParseTemplateBehavior [ RunTime:0.019013s ]
INFO: [ view_parse ] --END-- [ RunTime:0.019209s ]
INFO: [ view_filter ] --START--
INFO: Run Behavior\WriteHtmlCacheBehavior [ RunTime:0.000596s ]
INFO: [ view_filter ] --END-- [ RunTime:0.000786s ]
INFO: [ app_end ] --START--
INFO: Run Behavior\ShowPageTraceBehavior [ RunTime:0.000849s ]
INFO: [ app_end ] --END-- [ RunTime:0.001027s ]

[ 2015-12-17T20:03:14+08:00 ] ::1 /gold/index.php/Home/Index/upload_pic.html
INFO: [ app_init ] --START--
INFO: Run Behavior\BuildLiteBehavior [ RunTime:0.000040s ]
INFO: [ app_init ] --END-- [ RunTime:0.000601s ]
INFO: [ app_begin ] --START--
INFO: Run Behavior\ReadHtmlCacheBehavior [ RunTime:0.000805s ]
INFO: [ app_begin ] --END-- [ RunTime:0.000988s ]
NOTIC: [8192] mysql_connect(): The mysql extension is deprecated and will be removed in the future: use mysqli or PDO instead D:\wamp\www\gold\ThinkPHP\Library\Think\Db\Driver\Mysql.class.php 第 52 行.
SQL: SHOW COLUMNS FROM `my_category` [ RunTime:0.010694s ]
SQL: SELECT `id`,`title` FROM `my_category` ORDER BY `sort` asc,`id` asc LIMIT 12   [ RunTime:0.000358s ]
NOTIC: [8] Undefined variable: cid D:\wamp\www\gold\Application\Home\Controller\CommonController.class.php 第 29 行.
SQL: SELECT `id`,`pid`,`title` FROM `my_category` WHERE ( `id` = null ) LIMIT 1   [ RunTime:0.000393s ]
NOTIC: [8] Undefined variable: cid D:\wamp\www\gold\Application\Home\Controller\CommonController.class.php 第 34 行.
SQL: SELECT `id`,`title`,`pid`,`sort` FROM `my_category` WHERE ( `pid` = null ) ORDER BY `sort` asc  [ RunTime:0.000446s ]
INFO: [ view_parse ] --START--
INFO: [ template_filter ] --START--
INFO: Run Behavior\ContentReplaceBehavior [ RunTime:0.000110s ]
INFO: [ template_filter ] --END-- [ RunTime:0.000359s ]
INFO: Run Behavior\ParseTemplateBehavior [ RunTime:0.038846s ]
INFO: [ view_parse ] --END-- [ RunTime:0.039058s ]
INFO: [ view_filter ] --START--
INFO: Run Behavior\WriteHtmlCacheBehavior [ RunTime:0.000581s ]
INFO: [ view_filter ] --END-- [ RunTime:0.000749s ]

[ 2015-12-17T20:03:36+08:00 ] ::1 /gold/index.php/Home/Index/upload_pic.html
INFO: [ app_init ] --START--
INFO: Run Behavior\BuildLiteBehavior [ RunTime:0.000042s ]
INFO: [ app_init ] --END-- [ RunTime:0.000654s ]
INFO: [ app_begin ] --START--
INFO: Run Behavior\ReadHtmlCacheBehavior [ RunTime:0.000867s ]
INFO: [ app_begin ] --END-- [ RunTime:0.001069s ]
NOTIC: [8192] mysql_connect(): The mysql extension is deprecated and will be removed in the future: use mysqli or PDO instead D:\wamp\www\gold\ThinkPHP\Library\Think\Db\Driver\Mysql.class.php 第 52 行.
SQL: SHOW COLUMNS FROM `my_category` [ RunTime:0.009725s ]
SQL: SELECT `id`,`title` FROM `my_category` ORDER BY `sort` asc,`id` asc LIMIT 12   [ RunTime:0.000422s ]
NOTIC: [8] Undefined variable: cid D:\wamp\www\gold\Application\Home\Controller\CommonController.class.php 第 29 行.
SQL: SELECT `id`,`pid`,`title` FROM `my_category` WHERE ( `id` = null ) LIMIT 1   [ RunTime:0.000290s ]
NOTIC: [8] Undefined variable: cid D:\wamp\www\gold\Application\Home\Controller\CommonController.class.php 第 34 行.
SQL: SELECT `id`,`title`,`pid`,`sort` FROM `my_category` WHERE ( `pid` = null ) ORDER BY `sort` asc  [ RunTime:0.000276s ]
NOTIC: [2] call_user_func() expects parameter 1 to be a valid callback, no array or string given D:\wamp\www\gold\ThinkPHP\Library\Think\Upload.class.php 第 169 行.
SQL: SHOW COLUMNS FROM `my_sign` [ RunTime:0.007541s ]
SQL: INSERT INTO `my_sign` (`title`,`declaration`,`uname`,`edu`,`contact`,`community`,`photo`) VALUES ('meng','meng','abc','博士','联系方式','所在社区','/Public/uploads/Pic/5672a498b29aa.png') [ RunTime:0.000545s ]
INFO: [ view_parse ] --START--
INFO: [ template_filter ] --START--
INFO: Run Behavior\ContentReplaceBehavior [ RunTime:0.000093s ]
INFO: [ template_filter ] --END-- [ RunTime:0.000285s ]
INFO: Run Behavior\ParseTemplateBehavior [ RunTime:0.023872s ]
INFO: [ view_parse ] --END-- [ RunTime:0.024160s ]
INFO: [ view_filter ] --START--
INFO: Run Behavior\WriteHtmlCacheBehavior [ RunTime:0.001082s ]
INFO: [ view_filter ] --END-- [ RunTime:0.001468s ]
INFO: [ app_end ] --START--
INFO: Run Behavior\ShowPageTraceBehavior [ RunTime:0.001026s ]
INFO: [ app_end ] --END-- [ RunTime:0.001228s ]

[ 2015-12-17T20:09:46+08:00 ] ::1 /gold/index.php/home/index/sign
INFO: [ app_init ] --START--
INFO: Run Behavior\BuildLiteBehavior [ RunTime:0.000039s ]
INFO: [ app_init ] --END-- [ RunTime:0.000612s ]
INFO: [ app_begin ] --START--
INFO: Run Behavior\ReadHtmlCacheBehavior [ RunTime:0.000906s ]
INFO: [ app_begin ] --END-- [ RunTime:0.001148s ]
NOTIC: [8192] mysql_connect(): The mysql extension is deprecated and will be removed in the future: use mysqli or PDO instead D:\wamp\www\gold\ThinkPHP\Library\Think\Db\Driver\Mysql.class.php 第 52 行.
SQL: SHOW COLUMNS FROM `my_category` [ RunTime:0.012132s ]
SQL: SELECT `id`,`title` FROM `my_category` ORDER BY `sort` asc,`id` asc LIMIT 12   [ RunTime:0.000404s ]
NOTIC: [8] Undefined variable: cid D:\wamp\www\gold\Application\Home\Controller\CommonController.class.php 第 29 行.
SQL: SELECT `id`,`pid`,`title` FROM `my_category` WHERE ( `id` = null ) LIMIT 1   [ RunTime:0.000331s ]
NOTIC: [8] Undefined variable: cid D:\wamp\www\gold\Application\Home\Controller\CommonController.class.php 第 34 行.
SQL: SELECT `id`,`title`,`pid`,`sort` FROM `my_category` WHERE ( `pid` = null ) ORDER BY `sort` asc  [ RunTime:0.000415s ]
INFO: [ view_parse ] --START--
INFO: [ template_filter ] --START--
INFO: Run Behavior\ContentReplaceBehavior [ RunTime:0.000110s ]
INFO: [ template_filter ] --END-- [ RunTime:0.000307s ]
INFO: Run Behavior\ParseTemplateBehavior [ RunTime:0.018987s ]
INFO: [ view_parse ] --END-- [ RunTime:0.019267s ]
INFO: [ view_filter ] --START--
INFO: Run Behavior\WriteHtmlCacheBehavior [ RunTime:0.000593s ]
INFO: [ view_filter ] --END-- [ RunTime:0.000764s ]
INFO: [ app_end ] --START--
INFO: Run Behavior\ShowPageTraceBehavior [ RunTime:0.000828s ]
INFO: [ app_end ] --END-- [ RunTime:0.001002s ]

[ 2015-12-17T20:09:59+08:00 ] ::1 /gold/index.php/home/index/sign
INFO: [ app_init ] --START--
INFO: Run Behavior\BuildLiteBehavior [ RunTime:0.000039s ]
INFO: [ app_init ] --END-- [ RunTime:0.000604s ]
INFO: [ app_begin ] --START--
INFO: Run Behavior\ReadHtmlCacheBehavior [ RunTime:0.000737s ]
INFO: [ app_begin ] --END-- [ RunTime:0.000918s ]
NOTIC: [8192] mysql_connect(): The mysql extension is deprecated and will be removed in the future: use mysqli or PDO instead D:\wamp\www\gold\ThinkPHP\Library\Think\Db\Driver\Mysql.class.php 第 52 行.
SQL: SHOW COLUMNS FROM `my_category` [ RunTime:0.011310s ]
SQL: SELECT `id`,`title` FROM `my_category` ORDER BY `sort` asc,`id` asc LIMIT 12   [ RunTime:0.000480s ]
NOTIC: [8] Undefined variable: cid D:\wamp\www\gold\Application\Home\Controller\CommonController.class.php 第 29 行.
SQL: SELECT `id`,`pid`,`title` FROM `my_category` WHERE ( `id` = null ) LIMIT 1   [ RunTime:0.000331s ]
NOTIC: [8] Undefined variable: cid D:\wamp\www\gold\Application\Home\Controller\CommonController.class.php 第 34 行.
SQL: SELECT `id`,`title`,`pid`,`sort` FROM `my_category` WHERE ( `pid` = null ) ORDER BY `sort` asc  [ RunTime:0.000393s ]
INFO: [ view_parse ] --START--
INFO: [ template_filter ] --START--
INFO: Run Behavior\ContentReplaceBehavior [ RunTime:0.000112s ]
INFO: [ template_filter ] --END-- [ RunTime:0.000336s ]
INFO: Run Behavior\ParseTemplateBehavior [ RunTime:0.011497s ]
INFO: [ view_parse ] --END-- [ RunTime:0.011747s ]
INFO: [ view_filter ] --START--
INFO: Run Behavior\WriteHtmlCacheBehavior [ RunTime:0.000504s ]
INFO: [ view_filter ] --END-- [ RunTime:0.000671s ]
INFO: [ app_end ] --START--
INFO: Run Behavior\ShowPageTraceBehavior [ RunTime:0.000774s ]
INFO: [ app_end ] --END-- [ RunTime:0.000945s ]

[ 2015-12-17T20:10:01+08:00 ] ::1 /gold/index.php/Home/Index/upload_pic.html
INFO: [ app_init ] --START--
INFO: Run Behavior\BuildLiteBehavior [ RunTime:0.000072s ]
INFO: [ app_init ] --END-- [ RunTime:0.000901s ]
INFO: [ app_begin ] --START--
INFO: Run Behavior\ReadHtmlCacheBehavior [ RunTime:0.001161s ]
INFO: [ app_begin ] --END-- [ RunTime:0.001454s ]
NOTIC: [8192] mysql_connect(): The mysql extension is deprecated and will be removed in the future: use mysqli or PDO instead D:\wamp\www\gold\ThinkPHP\Library\Think\Db\Driver\Mysql.class.php 第 52 行.
SQL: SHOW COLUMNS FROM `my_category` [ RunTime:0.010597s ]
SQL: SELECT `id`,`title` FROM `my_category` ORDER BY `sort` asc,`id` asc LIMIT 12   [ RunTime:0.000530s ]
NOTIC: [8] Undefined variable: cid D:\wamp\www\gold\Application\Home\Controller\CommonController.class.php 第 29 行.
SQL: SELECT `id`,`pid`,`title` FROM `my_category` WHERE ( `id` = null ) LIMIT 1   [ RunTime:0.000325s ]
NOTIC: [8] Undefined variable: cid D:\wamp\www\gold\Application\Home\Controller\CommonController.class.php 第 34 行.
SQL: SELECT `id`,`title`,`pid`,`sort` FROM `my_category` WHERE ( `pid` = null ) ORDER BY `sort` asc  [ RunTime:0.000291s ]
INFO: [ view_parse ] --START--
INFO: [ template_filter ] --START--
INFO: Run Behavior\ContentReplaceBehavior [ RunTime:0.000109s ]
INFO: [ template_filter ] --END-- [ RunTime:0.000311s ]
INFO: Run Behavior\ParseTemplateBehavior [ RunTime:0.019549s ]
INFO: [ view_parse ] --END-- [ RunTime:0.019854s ]
INFO: [ view_filter ] --START--
INFO: Run Behavior\WriteHtmlCacheBehavior [ RunTime:0.000836s ]
INFO: [ view_filter ] --END-- [ RunTime:0.001155s ]

[ 2015-12-17T20:45:42+08:00 ] ::1 /gold/index.php/Home/Index/upload_pic.html
INFO: [ app_init ] --START--
INFO: Run Behavior\BuildLiteBehavior [ RunTime:0.000044s ]
INFO: [ app_init ] --END-- [ RunTime:0.010157s ]
INFO: [ app_begin ] --START--
INFO: Run Behavior\ReadHtmlCacheBehavior [ RunTime:0.008611s ]
INFO: [ app_begin ] --END-- [ RunTime:0.008823s ]

[ 2015-12-17T20:46:23+08:00 ] ::1 /gold/index.php/Home/Index/upload_pic.html
INFO: [ app_init ] --START--
INFO: Run Behavior\BuildLiteBehavior [ RunTime:0.000057s ]
INFO: [ app_init ] --END-- [ RunTime:0.000939s ]
INFO: [ app_begin ] --START--
INFO: Run Behavior\ReadHtmlCacheBehavior [ RunTime:0.001401s ]
INFO: [ app_begin ] --END-- [ RunTime:0.001674s ]
NOTIC: [8192] mysql_connect(): The mysql extension is deprecated and will be removed in the future: use mysqli or PDO instead D:\wamp\www\gold\ThinkPHP\Library\Think\Db\Driver\Mysql.class.php 第 52 行.
SQL: SHOW COLUMNS FROM `my_category` [ RunTime:0.011061s ]
SQL: SELECT `id`,`title` FROM `my_category` ORDER BY `sort` asc,`id` asc LIMIT 12   [ RunTime:0.000518s ]
NOTIC: [8] Undefined variable: cid D:\wamp\www\gold\Application\Home\Controller\CommonController.class.php 第 29 行.
SQL: SELECT `id`,`pid`,`title` FROM `my_category` WHERE ( `id` = null ) LIMIT 1   [ RunTime:0.000372s ]
NOTIC: [8] Undefined variable: cid D:\wamp\www\gold\Application\Home\Controller\CommonController.class.php 第 34 行.
SQL: SELECT `id`,`title`,`pid`,`sort` FROM `my_category` WHERE ( `pid` = null ) ORDER BY `sort` asc  [ RunTime:0.000403s ]
INFO: [ view_parse ] --START--
INFO: [ template_filter ] --START--
INFO: Run Behavior\ContentReplaceBehavior [ RunTime:0.000106s ]
INFO: [ template_filter ] --END-- [ RunTime:0.000308s ]
INFO: Run Behavior\ParseTemplateBehavior [ RunTime:0.082214s ]
INFO: [ view_parse ] --END-- [ RunTime:0.082547s ]
INFO: [ view_filter ] --START--
INFO: Run Behavior\WriteHtmlCacheBehavior [ RunTime:0.010539s ]
INFO: [ view_filter ] --END-- [ RunTime:0.010874s ]

[ 2015-12-17T20:46:29+08:00 ] ::1 /gold/index.php/home/index/sign
INFO: [ app_init ] --START--
INFO: Run Behavior\BuildLiteBehavior [ RunTime:0.000067s ]
INFO: [ app_init ] --END-- [ RunTime:0.001037s ]
INFO: [ app_begin ] --START--
INFO: Run Behavior\ReadHtmlCacheBehavior [ RunTime:0.000930s ]
INFO: [ app_begin ] --END-- [ RunTime:0.001129s ]
NOTIC: [8192] mysql_connect(): The mysql extension is deprecated and will be removed in the future: use mysqli or PDO instead D:\wamp\www\gold\ThinkPHP\Library\Think\Db\Driver\Mysql.class.php 第 52 行.
SQL: SHOW COLUMNS FROM `my_category` [ RunTime:0.011069s ]
SQL: SELECT `id`,`title` FROM `my_category` ORDER BY `sort` asc,`id` asc LIMIT 12   [ RunTime:0.000445s ]
NOTIC: [8] Undefined variable: cid D:\wamp\www\gold\Application\Home\Controller\CommonController.class.php 第 29 行.
SQL: SELECT `id`,`pid`,`title` FROM `my_category` WHERE ( `id` = null ) LIMIT 1   [ RunTime:0.000303s ]
NOTIC: [8] Undefined variable: cid D:\wamp\www\gold\Application\Home\Controller\CommonController.class.php 第 34 行.
SQL: SELECT `id`,`title`,`pid`,`sort` FROM `my_category` WHERE ( `pid` = null ) ORDER BY `sort` asc  [ RunTime:0.000487s ]
INFO: [ view_parse ] --START--
INFO: [ template_filter ] --START--
INFO: Run Behavior\ContentReplaceBehavior [ RunTime:0.000183s ]
INFO: [ template_filter ] --END-- [ RunTime:0.000516s ]
INFO: Run Behavior\ParseTemplateBehavior [ RunTime:0.015206s ]
INFO: [ view_parse ] --END-- [ RunTime:0.015445s ]
INFO: [ view_filter ] --START--
INFO: Run Behavior\WriteHtmlCacheBehavior [ RunTime:0.000669s ]
INFO: [ view_filter ] --END-- [ RunTime:0.000893s ]
INFO: [ app_end ] --START--
INFO: Run Behavior\ShowPageTraceBehavior [ RunTime:0.086075s ]
INFO: [ app_end ] --END-- [ RunTime:0.086267s ]

[ 2015-12-17T20:46:33+08:00 ] ::1 /gold/index.php/Home/Index/upload_pic.html
INFO: [ app_init ] --START--
INFO: Run Behavior\BuildLiteBehavior [ RunTime:0.000040s ]
INFO: [ app_init ] --END-- [ RunTime:0.000641s ]
INFO: [ app_begin ] --START--
INFO: Run Behavior\ReadHtmlCacheBehavior [ RunTime:0.001439s ]
INFO: [ app_begin ] --END-- [ RunTime:0.001811s ]
NOTIC: [8192] mysql_connect(): The mysql extension is deprecated and will be removed in the future: use mysqli or PDO instead D:\wamp\www\gold\ThinkPHP\Library\Think\Db\Driver\Mysql.class.php 第 52 行.
SQL: SHOW COLUMNS FROM `my_category` [ RunTime:0.013091s ]
SQL: SELECT `id`,`title` FROM `my_category` ORDER BY `sort` asc,`id` asc LIMIT 12   [ RunTime:0.000387s ]
NOTIC: [8] Undefined variable: cid D:\wamp\www\gold\Application\Home\Controller\CommonController.class.php 第 29 行.
SQL: SELECT `id`,`pid`,`title` FROM `my_category` WHERE ( `id` = null ) LIMIT 1   [ RunTime:0.000321s ]
NOTIC: [8] Undefined variable: cid D:\wamp\www\gold\Application\Home\Controller\CommonController.class.php 第 34 行.
SQL: SELECT `id`,`title`,`pid`,`sort` FROM `my_category` WHERE ( `pid` = null ) ORDER BY `sort` asc  [ RunTime:0.000392s ]
INFO: [ view_parse ] --START--
INFO: [ template_filter ] --START--
INFO: Run Behavior\ContentReplaceBehavior [ RunTime:0.000105s ]
INFO: [ template_filter ] --END-- [ RunTime:0.000295s ]
INFO: Run Behavior\ParseTemplateBehavior [ RunTime:0.010090s ]
INFO: [ view_parse ] --END-- [ RunTime:0.010290s ]
INFO: [ view_filter ] --START--
INFO: Run Behavior\WriteHtmlCacheBehavior [ RunTime:0.000641s ]
INFO: [ view_filter ] --END-- [ RunTime:0.000902s ]

[ 2015-12-17T20:46:47+08:00 ] ::1 /gold/index.php/Home/Index/upload_pic.html
INFO: [ app_init ] --START--
INFO: Run Behavior\BuildLiteBehavior [ RunTime:0.000039s ]
INFO: [ app_init ] --END-- [ RunTime:0.000641s ]
INFO: [ app_begin ] --START--
INFO: Run Behavior\ReadHtmlCacheBehavior [ RunTime:0.000801s ]
INFO: [ app_begin ] --END-- [ RunTime:0.000983s ]
NOTIC: [8192] mysql_connect(): The mysql extension is deprecated and will be removed in the future: use mysqli or PDO instead D:\wamp\www\gold\ThinkPHP\Library\Think\Db\Driver\Mysql.class.php 第 52 行.
SQL: SHOW COLUMNS FROM `my_category` [ RunTime:0.010705s ]
SQL: SELECT `id`,`title` FROM `my_category` ORDER BY `sort` asc,`id` asc LIMIT 12   [ RunTime:0.000370s ]
NOTIC: [8] Undefined variable: cid D:\wamp\www\gold\Application\Home\Controller\CommonController.class.php 第 29 行.
SQL: SELECT `id`,`pid`,`title` FROM `my_category` WHERE ( `id` = null ) LIMIT 1   [ RunTime:0.000231s ]
NOTIC: [8] Undefined variable: cid D:\wamp\www\gold\Application\Home\Controller\CommonController.class.php 第 34 行.
SQL: SELECT `id`,`title`,`pid`,`sort` FROM `my_category` WHERE ( `pid` = null ) ORDER BY `sort` asc  [ RunTime:0.000357s ]
INFO: [ view_parse ] --START--
INFO: [ template_filter ] --START--
INFO: Run Behavior\ContentReplaceBehavior [ RunTime:0.000105s ]
INFO: [ template_filter ] --END-- [ RunTime:0.000307s ]
INFO: Run Behavior\ParseTemplateBehavior [ RunTime:0.010302s ]
INFO: [ view_parse ] --END-- [ RunTime:0.010509s ]
INFO: [ view_filter ] --START--
INFO: Run Behavior\WriteHtmlCacheBehavior [ RunTime:0.000582s ]
INFO: [ view_filter ] --END-- [ RunTime:0.000752s ]

[ 2015-12-17T20:47:10+08:00 ] ::1 /gold/index.php/home/index/sign
INFO: [ app_init ] --START--
INFO: Run Behavior\BuildLiteBehavior [ RunTime:0.000040s ]
INFO: [ app_init ] --END-- [ RunTime:0.000665s ]
INFO: [ app_begin ] --START--
INFO: Run Behavior\ReadHtmlCacheBehavior [ RunTime:0.000913s ]
INFO: [ app_begin ] --END-- [ RunTime:0.001113s ]
NOTIC: [8192] mysql_connect(): The mysql extension is deprecated and will be removed in the future: use mysqli or PDO instead D:\wamp\www\gold\ThinkPHP\Library\Think\Db\Driver\Mysql.class.php 第 52 行.
SQL: SHOW COLUMNS FROM `my_category` [ RunTime:0.010073s ]
SQL: SELECT `id`,`title` FROM `my_category` ORDER BY `sort` asc,`id` asc LIMIT 12   [ RunTime:0.000459s ]
NOTIC: [8] Undefined variable: cid D:\wamp\www\gold\Application\Home\Controller\CommonController.class.php 第 29 行.
SQL: SELECT `id`,`pid`,`title` FROM `my_category` WHERE ( `id` = null ) LIMIT 1   [ RunTime:0.000430s ]
NOTIC: [8] Undefined variable: cid D:\wamp\www\gold\Application\Home\Controller\CommonController.class.php 第 34 行.
SQL: SELECT `id`,`title`,`pid`,`sort` FROM `my_category` WHERE ( `pid` = null ) ORDER BY `sort` asc  [ RunTime:0.000348s ]
INFO: [ view_parse ] --START--
INFO: [ template_filter ] --START--
INFO: Run Behavior\ContentReplaceBehavior [ RunTime:0.000107s ]
INFO: [ template_filter ] --END-- [ RunTime:0.000299s ]
INFO: Run Behavior\ParseTemplateBehavior [ RunTime:0.010277s ]
INFO: [ view_parse ] --END-- [ RunTime:0.010470s ]
INFO: [ view_filter ] --START--
INFO: Run Behavior\WriteHtmlCacheBehavior [ RunTime:0.000575s ]
INFO: [ view_filter ] --END-- [ RunTime:0.000743s ]
INFO: [ app_end ] --START--
INFO: Run Behavior\ShowPageTraceBehavior [ RunTime:0.000823s ]
INFO: [ app_end ] --END-- [ RunTime:0.000996s ]

[ 2015-12-17T20:47:14+08:00 ] ::1 /gold/index.php/Home/Index/upload_pic.html
INFO: [ app_init ] --START--
INFO: Run Behavior\BuildLiteBehavior [ RunTime:0.000045s ]
INFO: [ app_init ] --END-- [ RunTime:0.000648s ]
INFO: [ app_begin ] --START--
INFO: Run Behavior\ReadHtmlCacheBehavior [ RunTime:0.000908s ]
INFO: [ app_begin ] --END-- [ RunTime:0.001092s ]
NOTIC: [8192] mysql_connect(): The mysql extension is deprecated and will be removed in the future: use mysqli or PDO instead D:\wamp\www\gold\ThinkPHP\Library\Think\Db\Driver\Mysql.class.php 第 52 行.
SQL: SHOW COLUMNS FROM `my_category` [ RunTime:0.010628s ]
SQL: SELECT `id`,`title` FROM `my_category` ORDER BY `sort` asc,`id` asc LIMIT 12   [ RunTime:0.000509s ]
NOTIC: [8] Undefined variable: cid D:\wamp\www\gold\Application\Home\Controller\CommonController.class.php 第 29 行.
SQL: SELECT `id`,`pid`,`title` FROM `my_category` WHERE ( `id` = null ) LIMIT 1   [ RunTime:0.000330s ]
NOTIC: [8] Undefined variable: cid D:\wamp\www\gold\Application\Home\Controller\CommonController.class.php 第 34 行.
SQL: SELECT `id`,`title`,`pid`,`sort` FROM `my_category` WHERE ( `pid` = null ) ORDER BY `sort` asc  [ RunTime:0.000384s ]
INFO: [ view_parse ] --START--
INFO: [ template_filter ] --START--
INFO: Run Behavior\ContentReplaceBehavior [ RunTime:0.000109s ]
INFO: [ template_filter ] --END-- [ RunTime:0.000319s ]
INFO: Run Behavior\ParseTemplateBehavior [ RunTime:0.011725s ]
INFO: [ view_parse ] --END-- [ RunTime:0.012057s ]
INFO: [ view_filter ] --START--
INFO: Run Behavior\WriteHtmlCacheBehavior [ RunTime:0.001057s ]
INFO: [ view_filter ] --END-- [ RunTime:0.001402s ]

[ 2015-12-17T20:47:48+08:00 ] ::1 /gold/index.php/home/index/sign
INFO: [ app_init ] --START--
INFO: Run Behavior\BuildLiteBehavior [ RunTime:0.000040s ]
INFO: [ app_init ] --END-- [ RunTime:0.000654s ]
INFO: [ app_begin ] --START--
INFO: Run Behavior\ReadHtmlCacheBehavior [ RunTime:0.000840s ]
INFO: [ app_begin ] --END-- [ RunTime:0.001029s ]
NOTIC: [8192] mysql_connect(): The mysql extension is deprecated and will be removed in the future: use mysqli or PDO instead D:\wamp\www\gold\ThinkPHP\Library\Think\Db\Driver\Mysql.class.php 第 52 行.
SQL: SHOW COLUMNS FROM `my_category` [ RunTime:0.015197s ]
SQL: SELECT `id`,`title` FROM `my_category` ORDER BY `sort` asc,`id` asc LIMIT 12   [ RunTime:0.000598s ]
NOTIC: [8] Undefined variable: cid D:\wamp\www\gold\Application\Home\Controller\CommonController.class.php 第 29 行.
SQL: SELECT `id`,`pid`,`title` FROM `my_category` WHERE ( `id` = null ) LIMIT 1   [ RunTime:0.000385s ]
NOTIC: [8] Undefined variable: cid D:\wamp\www\gold\Application\Home\Controller\CommonController.class.php 第 34 行.
SQL: SELECT `id`,`title`,`pid`,`sort` FROM `my_category` WHERE ( `pid` = null ) ORDER BY `sort` asc  [ RunTime:0.000401s ]
INFO: [ view_parse ] --START--
INFO: [ template_filter ] --START--
INFO: Run Behavior\ContentReplaceBehavior [ RunTime:0.000106s ]
INFO: [ template_filter ] --END-- [ RunTime:0.000303s ]
INFO: Run Behavior\ParseTemplateBehavior [ RunTime:0.010793s ]
INFO: [ view_parse ] --END-- [ RunTime:0.011082s ]
INFO: [ view_filter ] --START--
INFO: Run Behavior\WriteHtmlCacheBehavior [ RunTime:0.000592s ]
INFO: [ view_filter ] --END-- [ RunTime:0.000763s ]
INFO: [ app_end ] --START--
INFO: Run Behavior\ShowPageTraceBehavior [ RunTime:0.000829s ]
INFO: [ app_end ] --END-- [ RunTime:0.001016s ]

[ 2015-12-17T20:47:51+08:00 ] ::1 /gold/index.php/Home/Index/upload_pic.html
INFO: [ app_init ] --START--
INFO: Run Behavior\BuildLiteBehavior [ RunTime:0.000053s ]
INFO: [ app_init ] --END-- [ RunTime:0.000863s ]
INFO: [ app_begin ] --START--
INFO: Run Behavior\ReadHtmlCacheBehavior [ RunTime:0.001133s ]
INFO: [ app_begin ] --END-- [ RunTime:0.001387s ]
NOTIC: [8192] mysql_connect(): The mysql extension is deprecated and will be removed in the future: use mysqli or PDO instead D:\wamp\www\gold\ThinkPHP\Library\Think\Db\Driver\Mysql.class.php 第 52 行.
SQL: SHOW COLUMNS FROM `my_category` [ RunTime:0.014490s ]
SQL: SELECT `id`,`title` FROM `my_category` ORDER BY `sort` asc,`id` asc LIMIT 12   [ RunTime:0.000532s ]
NOTIC: [8] Undefined variable: cid D:\wamp\www\gold\Application\Home\Controller\CommonController.class.php 第 29 行.
SQL: SELECT `id`,`pid`,`title` FROM `my_category` WHERE ( `id` = null ) LIMIT 1   [ RunTime:0.000397s ]
NOTIC: [8] Undefined variable: cid D:\wamp\www\gold\Application\Home\Controller\CommonController.class.php 第 34 行.
SQL: SELECT `id`,`title`,`pid`,`sort` FROM `my_category` WHERE ( `pid` = null ) ORDER BY `sort` asc  [ RunTime:0.000365s ]

[ 2015-12-17T20:48:24+08:00 ] ::1 /gold/index.php/home/index/sign
INFO: [ app_init ] --START--
INFO: Run Behavior\BuildLiteBehavior [ RunTime:0.000076s ]
INFO: [ app_init ] --END-- [ RunTime:0.001047s ]
INFO: [ app_begin ] --START--
INFO: Run Behavior\ReadHtmlCacheBehavior [ RunTime:0.001364s ]
INFO: [ app_begin ] --END-- [ RunTime:0.001711s ]
NOTIC: [8192] mysql_connect(): The mysql extension is deprecated and will be removed in the future: use mysqli or PDO instead D:\wamp\www\gold\ThinkPHP\Library\Think\Db\Driver\Mysql.class.php 第 52 行.
SQL: SHOW COLUMNS FROM `my_category` [ RunTime:0.009138s ]
SQL: SELECT `id`,`title` FROM `my_category` ORDER BY `sort` asc,`id` asc LIMIT 12   [ RunTime:0.000353s ]
NOTIC: [8] Undefined variable: cid D:\wamp\www\gold\Application\Home\Controller\CommonController.class.php 第 29 行.
SQL: SELECT `id`,`pid`,`title` FROM `my_category` WHERE ( `id` = null ) LIMIT 1   [ RunTime:0.000250s ]
NOTIC: [8] Undefined variable: cid D:\wamp\www\gold\Application\Home\Controller\CommonController.class.php 第 34 行.
SQL: SELECT `id`,`title`,`pid`,`sort` FROM `my_category` WHERE ( `pid` = null ) ORDER BY `sort` asc  [ RunTime:0.000430s ]
INFO: [ view_parse ] --START--
INFO: [ template_filter ] --START--
INFO: Run Behavior\ContentReplaceBehavior [ RunTime:0.000105s ]
INFO: [ template_filter ] --END-- [ RunTime:0.000307s ]
INFO: Run Behavior\ParseTemplateBehavior [ RunTime:0.010171s ]
INFO: [ view_parse ] --END-- [ RunTime:0.010363s ]
INFO: [ view_filter ] --START--
INFO: Run Behavior\WriteHtmlCacheBehavior [ RunTime:0.000618s ]
INFO: [ view_filter ] --END-- [ RunTime:0.000790s ]
INFO: [ app_end ] --START--
INFO: Run Behavior\ShowPageTraceBehavior [ RunTime:0.000839s ]
INFO: [ app_end ] --END-- [ RunTime:0.001011s ]

[ 2015-12-17T20:48:31+08:00 ] ::1 /gold/index.php/Home/Index/upload_pic.html
INFO: [ app_init ] --START--
INFO: Run Behavior\BuildLiteBehavior [ RunTime:0.000040s ]
INFO: [ app_init ] --END-- [ RunTime:0.000647s ]
INFO: [ app_begin ] --START--
INFO: Run Behavior\ReadHtmlCacheBehavior [ RunTime:0.000835s ]
INFO: [ app_begin ] --END-- [ RunTime:0.001023s ]
NOTIC: [8192] mysql_connect(): The mysql extension is deprecated and will be removed in the future: use mysqli or PDO instead D:\wamp\www\gold\ThinkPHP\Library\Think\Db\Driver\Mysql.class.php 第 52 行.
SQL: SHOW COLUMNS FROM `my_category` [ RunTime:0.009233s ]
SQL: SELECT `id`,`title` FROM `my_category` ORDER BY `sort` asc,`id` asc LIMIT 12   [ RunTime:0.000356s ]
NOTIC: [8] Undefined variable: cid D:\wamp\www\gold\Application\Home\Controller\CommonController.class.php 第 29 行.
SQL: SELECT `id`,`pid`,`title` FROM `my_category` WHERE ( `id` = null ) LIMIT 1   [ RunTime:0.000318s ]
NOTIC: [8] Undefined variable: cid D:\wamp\www\gold\Application\Home\Controller\CommonController.class.php 第 34 行.
SQL: SELECT `id`,`title`,`pid`,`sort` FROM `my_category` WHERE ( `pid` = null ) ORDER BY `sort` asc  [ RunTime:0.000552s ]

[ 2015-12-17T20:48:47+08:00 ] ::1 /gold/index.php/Home/Index/upload_pic.html
INFO: [ app_init ] --START--
INFO: Run Behavior\BuildLiteBehavior [ RunTime:0.000039s ]
INFO: [ app_init ] --END-- [ RunTime:0.000596s ]
INFO: [ app_begin ] --START--
INFO: Run Behavior\ReadHtmlCacheBehavior [ RunTime:0.000806s ]
INFO: [ app_begin ] --END-- [ RunTime:0.000990s ]
NOTIC: [8192] mysql_connect(): The mysql extension is deprecated and will be removed in the future: use mysqli or PDO instead D:\wamp\www\gold\ThinkPHP\Library\Think\Db\Driver\Mysql.class.php 第 52 行.
SQL: SHOW COLUMNS FROM `my_category` [ RunTime:0.009747s ]
SQL: SELECT `id`,`title` FROM `my_category` ORDER BY `sort` asc,`id` asc LIMIT 12   [ RunTime:0.000358s ]
NOTIC: [8] Undefined variable: cid D:\wamp\www\gold\Application\Home\Controller\CommonController.class.php 第 29 行.
SQL: SELECT `id`,`pid`,`title` FROM `my_category` WHERE ( `id` = null ) LIMIT 1   [ RunTime:0.000204s ]
NOTIC: [8] Undefined variable: cid D:\wamp\www\gold\Application\Home\Controller\CommonController.class.php 第 34 行.
SQL: SELECT `id`,`title`,`pid`,`sort` FROM `my_category` WHERE ( `pid` = null ) ORDER BY `sort` asc  [ RunTime:0.000231s ]
NOTIC: [2] call_user_func() expects parameter 1 to be a valid callback, no array or string given D:\wamp\www\gold\ThinkPHP\Library\Think\Upload.class.php 第 169 行.
SQL: SHOW COLUMNS FROM `my_sign` [ RunTime:0.009634s ]
SQL: INSERT INTO `my_sign` (`title`,`declaration`,`uname`,`edu`,`contact`,`community`,`photo`) VALUES ('abc','meng','abc','博士','方式','所在社区','/Public/uploads/Pic/small/5672af2f371ba.jpg') [ RunTime:0.000512s ]
INFO: [ view_parse ] --START--
INFO: [ template_filter ] --START--
INFO: Run Behavior\ContentReplaceBehavior [ RunTime:0.000093s ]
INFO: [ template_filter ] --END-- [ RunTime:0.000281s ]
INFO: Run Behavior\ParseTemplateBehavior [ RunTime:0.010001s ]
INFO: [ view_parse ] --END-- [ RunTime:0.010282s ]
INFO: [ view_filter ] --START--
INFO: Run Behavior\WriteHtmlCacheBehavior [ RunTime:0.000691s ]
INFO: [ view_filter ] --END-- [ RunTime:0.000930s ]
INFO: [ app_end ] --START--
INFO: Run Behavior\ShowPageTraceBehavior [ RunTime:0.000863s ]
INFO: [ app_end ] --END-- [ RunTime:0.001044s ]

